woundwait
Starting KVS server on :8080
commits/s 0.00
aborts/s 0.00
ops/s 0.00

commits/s 0.00
aborts/s 0.00
ops/s 0.00

commits/s 0.00
aborts/s 0.00
ops/s 0.00

commits/s 0.00
aborts/s 0.00
ops/s 0.00

commits/s 1004.89
aborts/s 0.00
ops/s 1004.89

commits/s 4384.39
aborts/s 0.00
ops/s 4384.39

commits/s 4324.04
aborts/s 0.00
ops/s 4324.04

commits/s 4279.43
aborts/s 0.00
ops/s 4279.43

commits/s 4306.37
aborts/s 0.00
ops/s 4306.37

commits/s 4319.43
aborts/s 0.00
ops/s 4319.43

commits/s 4291.37
aborts/s 0.00
ops/s 4291.37

commits/s 4359.43
aborts/s 0.00
ops/s 4359.43

commits/s 4392.52
aborts/s 0.00
ops/s 4392.52

commits/s 4294.51
aborts/s 0.00
ops/s 4294.51

commits/s 4412.35
aborts/s 0.00
ops/s 4412.35

commits/s 4415.53
aborts/s 0.00
ops/s 4415.53

commits/s 4276.43
aborts/s 0.00
ops/s 4276.43

commits/s 4319.35
aborts/s 0.00
ops/s 4319.35

commits/s 4316.29
aborts/s 0.00
ops/s 4316.29

commits/s 4290.34
aborts/s 0.00
ops/s 4290.34

commits/s 4402.29
aborts/s 0.00
ops/s 4402.29

commits/s 4281.48
aborts/s 0.00
ops/s 4281.48

commits/s 4261.39
aborts/s 0.00
ops/s 4261.39

commits/s 4269.54
aborts/s 0.00
ops/s 4269.54

commits/s 4376.37
aborts/s 0.00
ops/s 4376.37

commits/s 4268.63
aborts/s 0.00
ops/s 4268.63

commits/s 4390.36
aborts/s 0.00
ops/s 4390.36

commits/s 4387.60
aborts/s 0.00
ops/s 4387.60

commits/s 4361.52
aborts/s 0.00
ops/s 4361.52

commits/s 4259.79
aborts/s 0.00
ops/s 4259.79

commits/s 4336.27
aborts/s 0.00
ops/s 4336.27

commits/s 4470.39
aborts/s 0.00
ops/s 4470.39

commits/s 4285.45
aborts/s 0.00
ops/s 4285.45

commits/s 4336.59
aborts/s 0.00
ops/s 4336.59

commits/s 2713.63
aborts/s 0.00
ops/s 2713.63

commits/s 0.00
aborts/s 0.00
ops/s 0.00

