woundwait
Starting KVS server on :8080
commits/s 0.00
aborts/s 0.00
ops/s 0.00

commits/s 0.00
aborts/s 0.00
ops/s 0.00

commits/s 0.00
aborts/s 0.00
ops/s 0.00

commits/s 0.00
aborts/s 0.00
ops/s 0.00

commits/s 830.89
aborts/s 0.00
ops/s 830.89

commits/s 4245.36
aborts/s 0.00
ops/s 4245.36

commits/s 4284.44
aborts/s 0.00
ops/s 4284.44

commits/s 4360.34
aborts/s 0.00
ops/s 4360.34

commits/s 4297.32
aborts/s 0.00
ops/s 4297.32

commits/s 4329.37
aborts/s 0.00
ops/s 4329.37

commits/s 4289.71
aborts/s 0.00
ops/s 4289.71

commits/s 4344.16
aborts/s 0.00
ops/s 4344.16

commits/s 4322.43
aborts/s 0.00
ops/s 4322.43

commits/s 4295.52
aborts/s 0.00
ops/s 4295.52

commits/s 4380.35
aborts/s 0.00
ops/s 4380.35

commits/s 4331.43
aborts/s 0.00
ops/s 4331.43

commits/s 4366.12
aborts/s 0.00
ops/s 4366.12

commits/s 4221.36
aborts/s 0.00
ops/s 4221.36

commits/s 4347.40
aborts/s 0.00
ops/s 4347.40

commits/s 4327.69
aborts/s 0.00
ops/s 4327.69

commits/s 4305.53
aborts/s 0.00
ops/s 4305.53

commits/s 4323.30
aborts/s 0.00
ops/s 4323.30

commits/s 4338.57
aborts/s 0.00
ops/s 4338.57

commits/s 4334.08
aborts/s 0.00
ops/s 4334.08

commits/s 4346.30
aborts/s 0.00
ops/s 4346.30

commits/s 4440.58
aborts/s 0.00
ops/s 4440.58

commits/s 4382.42
aborts/s 0.00
ops/s 4382.42

commits/s 4298.65
aborts/s 0.00
ops/s 4298.65

commits/s 4348.37
aborts/s 0.00
ops/s 4348.37

commits/s 4349.41
aborts/s 0.00
ops/s 4349.41

commits/s 4352.60
aborts/s 0.00
ops/s 4352.60

commits/s 4438.12
aborts/s 0.00
ops/s 4438.12

commits/s 4317.57
aborts/s 0.00
ops/s 4317.57

commits/s 4252.39
aborts/s 0.00
ops/s 4252.39

commits/s 2978.73
aborts/s 0.00
ops/s 2978.73

