woundwait
Starting KVS server on :8080
commits/s 0.00
aborts/s 0.00
ops/s 0.00

commits/s 0.00
aborts/s 0.00
ops/s 0.00

commits/s 0.00
aborts/s 0.00
ops/s 0.00

commits/s 0.00
aborts/s 0.00
ops/s 0.00

commits/s 0.00
aborts/s 0.00
ops/s 0.00

commits/s 4408.66
aborts/s 0.00
ops/s 4408.66

commits/s 4314.50
aborts/s 0.00
ops/s 4314.50

commits/s 4292.35
aborts/s 0.00
ops/s 4292.35

commits/s 4243.12
aborts/s 0.00
ops/s 4243.12

commits/s 4255.18
aborts/s 0.00
ops/s 4255.18

commits/s 4253.61
aborts/s 0.00
ops/s 4253.61

commits/s 4353.46
aborts/s 0.00
ops/s 4353.46

commits/s 4346.50
aborts/s 0.00
ops/s 4346.50

commits/s 4401.42
aborts/s 0.00
ops/s 4401.42

commits/s 4293.70
aborts/s 0.00
ops/s 4293.70

commits/s 4358.53
aborts/s 0.00
ops/s 4358.53

commits/s 4312.61
aborts/s 0.00
ops/s 4312.61

commits/s 4308.15
aborts/s 0.00
ops/s 4308.15

commits/s 4425.65
aborts/s 0.00
ops/s 4425.65

commits/s 4377.65
aborts/s 0.00
ops/s 4377.65

commits/s 4263.24
aborts/s 0.00
ops/s 4263.24

commits/s 4440.58
aborts/s 0.00
ops/s 4440.58

commits/s 4359.33
aborts/s 0.00
ops/s 4359.33

commits/s 4314.39
aborts/s 0.00
ops/s 4314.39

commits/s 4349.34
aborts/s 0.00
ops/s 4349.34

commits/s 4238.47
aborts/s 0.00
ops/s 4238.47

commits/s 4407.21
aborts/s 0.00
ops/s 4407.21

commits/s 4283.69
aborts/s 0.00
ops/s 4283.69

commits/s 4277.77
aborts/s 0.00
ops/s 4277.77

commits/s 4266.68
aborts/s 0.00
ops/s 4266.68

commits/s 4297.90
aborts/s 0.00
ops/s 4297.90

commits/s 4369.75
aborts/s 0.00
ops/s 4369.75

commits/s 4299.39
aborts/s 0.00
ops/s 4299.39

commits/s 4414.52
aborts/s 0.00
ops/s 4414.52

commits/s 3714.87
aborts/s 0.00
ops/s 3714.87

