waitdie
Starting KVS server on :8080
commits/s 0.00
aborts/s 0.00
ops/s 0.00

commits/s 0.00
aborts/s 0.00
ops/s 0.00

commits/s 0.00
aborts/s 0.00
ops/s 0.00

commits/s 0.00
aborts/s 0.00
ops/s 0.00

commits/s 841.94
aborts/s 0.00
ops/s 841.94

commits/s 5407.48
aborts/s 0.00
ops/s 5407.48

commits/s 5388.27
aborts/s 0.00
ops/s 5388.27

commits/s 5488.16
aborts/s 0.00
ops/s 5488.16

commits/s 5277.99
aborts/s 0.00
ops/s 5277.99

commits/s 5472.96
aborts/s 0.00
ops/s 5472.96

commits/s 5505.37
aborts/s 0.00
ops/s 5505.37

commits/s 5517.97
aborts/s 0.00
ops/s 5517.97

commits/s 5213.52
aborts/s 0.00
ops/s 5213.52

commits/s 5471.00
aborts/s 0.00
ops/s 5471.00

commits/s 5579.41
aborts/s 0.00
ops/s 5579.41

commits/s 5471.15
aborts/s 0.00
ops/s 5471.15

commits/s 5512.29
aborts/s 0.00
ops/s 5512.29

commits/s 5405.37
aborts/s 0.00
ops/s 5405.37

commits/s 5478.43
aborts/s 0.00
ops/s 5478.43

commits/s 5265.13
aborts/s 0.00
ops/s 5265.13

commits/s 5096.41
aborts/s 0.00
ops/s 5096.41

commits/s 5315.21
aborts/s 0.00
ops/s 5315.21

commits/s 5407.57
aborts/s 0.00
ops/s 5407.57

commits/s 5490.14
aborts/s 0.00
ops/s 5490.14

commits/s 5556.41
aborts/s 0.00
ops/s 5556.41

commits/s 5433.79
aborts/s 0.00
ops/s 5433.79

commits/s 5484.12
aborts/s 0.00
ops/s 5484.12

commits/s 5547.21
aborts/s 0.00
ops/s 5547.21

commits/s 5464.30
aborts/s 0.00
ops/s 5464.30

commits/s 5395.61
aborts/s 0.00
ops/s 5395.61

commits/s 5520.59
aborts/s 0.00
ops/s 5520.59

commits/s 5416.30
aborts/s 0.00
ops/s 5416.30

commits/s 5519.49
aborts/s 0.00
ops/s 5519.49

commits/s 5435.47
aborts/s 0.00
ops/s 5435.47

commits/s 4747.29
aborts/s 0.00
ops/s 4747.29

commits/s 0.00
aborts/s 0.00
ops/s 0.00

