waitdie
Starting KVS server on :8080
commits/s 0.00
aborts/s 0.00
ops/s 0.00

commits/s 0.00
aborts/s 0.00
ops/s 0.00

commits/s 0.00
aborts/s 0.00
ops/s 0.00

commits/s 0.00
aborts/s 0.00
ops/s 0.00

commits/s 769.95
aborts/s 0.00
ops/s 769.95

commits/s 5438.23
aborts/s 0.00
ops/s 5438.23

commits/s 5332.32
aborts/s 0.00
ops/s 5332.32

commits/s 5497.25
aborts/s 0.00
ops/s 5497.25

commits/s 5363.48
aborts/s 0.00
ops/s 5363.48

commits/s 5517.22
aborts/s 1.00
ops/s 5518.22

commits/s 5547.48
aborts/s 0.00
ops/s 5547.48

commits/s 5435.52
aborts/s 0.00
ops/s 5435.52

commits/s 5114.93
aborts/s 0.00
ops/s 5114.93

commits/s 5487.55
aborts/s 0.00
ops/s 5487.55

commits/s 5393.22
aborts/s 0.00
ops/s 5393.22

commits/s 5494.09
aborts/s 1.00
ops/s 5495.09

commits/s 5370.57
aborts/s 0.00
ops/s 5370.57

commits/s 5442.58
aborts/s 0.00
ops/s 5442.58

commits/s 5463.95
aborts/s 0.00
ops/s 5463.95

commits/s 5324.13
aborts/s 0.00
ops/s 5324.13

commits/s 5103.51
aborts/s 0.00
ops/s 5103.51

commits/s 5391.21
aborts/s 0.00
ops/s 5391.21

commits/s 5370.28
aborts/s 0.00
ops/s 5370.28

commits/s 5314.65
aborts/s 0.00
ops/s 5314.65

commits/s 5471.36
aborts/s 0.00
ops/s 5471.36

commits/s 5613.38
aborts/s 0.00
ops/s 5613.38

commits/s 5508.07
aborts/s 0.00
ops/s 5508.07

commits/s 5470.58
aborts/s 0.00
ops/s 5470.58

commits/s 5371.69
aborts/s 0.00
ops/s 5371.69

commits/s 5540.42
aborts/s 0.00
ops/s 5540.42

commits/s 5479.05
aborts/s 0.00
ops/s 5479.05

commits/s 5572.54
aborts/s 0.00
ops/s 5572.54

commits/s 5603.61
aborts/s 0.00
ops/s 5603.61

commits/s 5507.00
aborts/s 0.00
ops/s 5507.00

commits/s 4610.01
aborts/s 0.00
ops/s 4610.01

