waitdie
Starting KVS server on :8080
commits/s 0.00
aborts/s 0.00
ops/s 0.00

commits/s 0.00
aborts/s 0.00
ops/s 0.00

commits/s 0.00
aborts/s 0.00
ops/s 0.00

commits/s 0.00
aborts/s 0.00
ops/s 0.00

commits/s 551.84
aborts/s 0.00
ops/s 551.84

commits/s 5429.28
aborts/s 1.00
ops/s 5430.28

commits/s 5320.25
aborts/s 0.00
ops/s 5320.25

commits/s 5393.06
aborts/s 0.00
ops/s 5393.06

commits/s 5335.23
aborts/s 0.00
ops/s 5335.23

commits/s 5401.10
aborts/s 0.00
ops/s 5401.10

commits/s 5461.20
aborts/s 0.00
ops/s 5461.20

commits/s 5415.76
aborts/s 0.00
ops/s 5415.76

commits/s 5082.58
aborts/s 0.00
ops/s 5082.58

commits/s 5427.20
aborts/s 0.00
ops/s 5427.20

commits/s 5525.39
aborts/s 0.00
ops/s 5525.39

commits/s 5377.20
aborts/s 0.00
ops/s 5377.20

commits/s 5538.19
aborts/s 0.00
ops/s 5538.19

commits/s 5491.66
aborts/s 0.00
ops/s 5491.66

commits/s 5447.57
aborts/s 0.00
ops/s 5447.57

commits/s 5306.00
aborts/s 0.00
ops/s 5306.00

commits/s 5065.92
aborts/s 1.00
ops/s 5066.92

commits/s 5281.02
aborts/s 0.00
ops/s 5281.02

commits/s 5477.69
aborts/s 0.00
ops/s 5477.69

commits/s 5480.29
aborts/s 0.00
ops/s 5480.29

commits/s 5431.00
aborts/s 0.00
ops/s 5431.00

commits/s 5404.56
aborts/s 0.00
ops/s 5404.56

commits/s 5499.52
aborts/s 0.00
ops/s 5499.52

commits/s 5508.59
aborts/s 0.00
ops/s 5508.59

commits/s 5610.00
aborts/s 0.00
ops/s 5610.00

commits/s 5431.48
aborts/s 0.00
ops/s 5431.48

commits/s 5370.45
aborts/s 0.00
ops/s 5370.45

commits/s 5497.07
aborts/s 0.00
ops/s 5497.07

commits/s 5454.98
aborts/s 0.00
ops/s 5454.98

commits/s 5488.25
aborts/s 0.00
ops/s 5488.25

commits/s 4939.60
aborts/s 0.00
ops/s 4939.60

commits/s 0.00
aborts/s 0.00
ops/s 0.00

