nowait
Starting KVS server on :8080
commits/s 0.00
aborts/s 0.00
ops/s 0.00

commits/s 0.00
aborts/s 0.00
ops/s 0.00

commits/s 0.00
aborts/s 0.00
ops/s 0.00

commits/s 0.00
aborts/s 0.00
ops/s 0.00

commits/s 2163.82
aborts/s 227.98
ops/s 2391.80

commits/s 10255.56
aborts/s 1017.86
ops/s 11273.42

commits/s 10178.74
aborts/s 1101.86
ops/s 11280.60

commits/s 10404.96
aborts/s 959.81
ops/s 11364.77

commits/s 10228.43
aborts/s 1017.84
ops/s 11246.27

commits/s 10478.05
aborts/s 862.84
ops/s 11340.89

commits/s 10427.39
aborts/s 1001.85
ops/s 11429.24

commits/s 10294.41
aborts/s 1014.84
ops/s 11309.26

commits/s 10397.56
aborts/s 979.86
ops/s 11377.42

commits/s 10286.72
aborts/s 1047.87
ops/s 11334.59

commits/s 10430.69
aborts/s 969.41
ops/s 11400.10

commits/s 10304.51
aborts/s 1039.75
ops/s 11344.26

commits/s 10294.88
aborts/s 995.89
ops/s 11290.78

commits/s 10388.61
aborts/s 1142.85
ops/s 11531.46

commits/s 10425.58
aborts/s 928.87
ops/s 11354.45

commits/s 10525.38
aborts/s 1014.84
ops/s 11540.22

commits/s 10475.30
aborts/s 963.84
ops/s 11439.15

commits/s 10632.53
aborts/s 889.88
ops/s 11522.41

commits/s 10633.22
aborts/s 1006.93
ops/s 11640.15

commits/s 10411.27
aborts/s 749.88
ops/s 11161.14

commits/s 10502.82
aborts/s 951.89
ops/s 11454.71

commits/s 10384.00
aborts/s 1020.90
ops/s 11404.90

commits/s 10604.79
aborts/s 1006.89
ops/s 11611.67

commits/s 10319.79
aborts/s 933.89
ops/s 11253.68

commits/s 10453.33
aborts/s 1014.93
ops/s 11468.26

commits/s 10526.19
aborts/s 993.92
ops/s 11520.11

commits/s 10475.58
aborts/s 1129.85
ops/s 11605.43

commits/s 10415.67
aborts/s 1005.87
ops/s 11421.54

commits/s 10575.81
aborts/s 1115.87
ops/s 11691.68

commits/s 10544.18
aborts/s 1007.83
ops/s 11552.01

commits/s 6754.97
aborts/s 730.13
ops/s 7485.11

commits/s 0.00
aborts/s 0.00
ops/s 0.00

