nowait
Starting KVS server on :8080
commits/s 0.00
aborts/s 0.00
ops/s 0.00

commits/s 0.00
aborts/s 0.00
ops/s 0.00

commits/s 0.00
aborts/s 0.00
ops/s 0.00

commits/s 0.00
aborts/s 0.00
ops/s 0.00

commits/s 192.99
aborts/s 7.00
ops/s 199.99

commits/s 10682.92
aborts/s 973.81
ops/s 11656.73

commits/s 10261.76
aborts/s 1155.86
ops/s 11417.62

commits/s 10417.38
aborts/s 876.86
ops/s 11294.24

commits/s 10333.77
aborts/s 1047.88
ops/s 11381.65

commits/s 10418.34
aborts/s 949.85
ops/s 11368.18

commits/s 10439.25
aborts/s 1028.83
ops/s 11468.08

commits/s 10399.46
aborts/s 888.78
ops/s 11288.24

commits/s 10452.51
aborts/s 1151.84
ops/s 11604.34

commits/s 10305.67
aborts/s 1028.87
ops/s 11334.54

commits/s 10350.64
aborts/s 1058.86
ops/s 11409.50

commits/s 10518.65
aborts/s 973.78
ops/s 11492.43

commits/s 10548.47
aborts/s 940.86
ops/s 11489.34

commits/s 10482.95
aborts/s 854.91
ops/s 11337.86

commits/s 10088.84
aborts/s 991.89
ops/s 11080.72

commits/s 10551.83
aborts/s 942.81
ops/s 11494.64

commits/s 10595.33
aborts/s 777.73
ops/s 11373.07

commits/s 10454.26
aborts/s 1066.41
ops/s 11520.68

commits/s 10610.13
aborts/s 930.92
ops/s 11541.06

commits/s 10476.70
aborts/s 1014.87
ops/s 11491.57

commits/s 10785.55
aborts/s 960.87
ops/s 11746.42

commits/s 10028.85
aborts/s 1045.67
ops/s 11074.52

commits/s 10618.47
aborts/s 831.88
ops/s 11450.35

commits/s 10034.57
aborts/s 1063.85
ops/s 11098.42

commits/s 10513.16
aborts/s 933.93
ops/s 11447.08

commits/s 10634.94
aborts/s 907.82
ops/s 11542.77

commits/s 10396.18
aborts/s 855.93
ops/s 11252.11

commits/s 10550.04
aborts/s 993.82
ops/s 11543.85

commits/s 10274.09
aborts/s 996.91
ops/s 11271.00

commits/s 10580.01
aborts/s 1001.81
ops/s 11581.82

commits/s 9035.97
aborts/s 867.33
ops/s 9903.30

commits/s 0.00
aborts/s 0.00
ops/s 0.00

