nowait
Starting KVS server on :8080
commits/s 0.00
aborts/s 0.00
ops/s 0.00

commits/s 0.00
aborts/s 0.00
ops/s 0.00

commits/s 0.00
aborts/s 0.00
ops/s 0.00

commits/s 0.00
aborts/s 0.00
ops/s 0.00

commits/s 2068.89
aborts/s 207.99
ops/s 2276.88

commits/s 10335.39
aborts/s 989.85
ops/s 11325.24

commits/s 10415.38
aborts/s 992.85
ops/s 11408.23

commits/s 10305.81
aborts/s 957.89
ops/s 11263.69

commits/s 10459.00
aborts/s 841.92
ops/s 11300.92

commits/s 10303.90
aborts/s 1012.89
ops/s 11316.79

commits/s 10249.99
aborts/s 1069.89
ops/s 11319.88

commits/s 10347.50
aborts/s 899.87
ops/s 11247.37

commits/s 10356.45
aborts/s 1003.85
ops/s 11360.30

commits/s 10423.52
aborts/s 1042.85
ops/s 11466.38

commits/s 10150.94
aborts/s 1110.88
ops/s 11261.83

commits/s 10671.81
aborts/s 875.90
ops/s 11547.72

commits/s 10258.06
aborts/s 1039.80
ops/s 11297.86

commits/s 10323.71
aborts/s 981.88
ops/s 11305.58

commits/s 10180.59
aborts/s 972.87
ops/s 11153.46

commits/s 10541.93
aborts/s 830.92
ops/s 11372.85

commits/s 10684.67
aborts/s 968.88
ops/s 11653.55

commits/s 10392.07
aborts/s 1026.91
ops/s 11418.98

commits/s 10185.70
aborts/s 910.88
ops/s 11096.58

commits/s 10054.94
aborts/s 1047.89
ops/s 11102.83

commits/s 10465.54
aborts/s 889.88
ops/s 11355.41

commits/s 10644.76
aborts/s 1017.88
ops/s 11662.64

commits/s 10279.54
aborts/s 991.86
ops/s 11271.40

commits/s 10490.11
aborts/s 828.93
ops/s 11319.04

commits/s 10505.23
aborts/s 915.85
ops/s 11421.08

commits/s 10432.93
aborts/s 971.90
ops/s 11404.84

commits/s 10532.21
aborts/s 963.93
ops/s 11496.14

commits/s 10453.48
aborts/s 1090.84
ops/s 11544.33

commits/s 10588.04
aborts/s 964.82
ops/s 11552.86

commits/s 10222.45
aborts/s 1009.85
ops/s 11232.30

commits/s 6644.50
aborts/s 592.87
ops/s 7237.37

