woundwait
Starting KVS server on :8080
commits/s 0.00
aborts/s 0.00
ops/s 0.00

commits/s 0.00
aborts/s 0.00
ops/s 0.00

commits/s 0.00
aborts/s 0.00
ops/s 0.00

commits/s 0.00
aborts/s 0.00
ops/s 0.00

commits/s 0.00
aborts/s 0.00
ops/s 0.00

commits/s 3544.64
aborts/s 82.99
ops/s 3627.63

commits/s 3864.37
aborts/s 128.98
ops/s 3993.35

commits/s 3808.62
aborts/s 115.99
ops/s 3924.61

commits/s 3884.40
aborts/s 114.98
ops/s 3999.39

commits/s 3819.42
aborts/s 117.98
ops/s 3937.41

commits/s 3869.05
aborts/s 120.97
ops/s 3990.02

commits/s 3913.40
aborts/s 129.98
ops/s 4043.38

commits/s 3908.46
aborts/s 126.98
ops/s 4035.44

commits/s 3881.17
aborts/s 123.97
ops/s 4005.15

commits/s 3895.24
aborts/s 115.98
ops/s 4011.22

commits/s 3832.53
aborts/s 107.99
ops/s 3940.51

commits/s 3826.59
aborts/s 121.99
ops/s 3948.58

commits/s 3892.56
aborts/s 96.99
ops/s 3989.55

commits/s 3916.94
aborts/s 89.98
ops/s 4006.91

commits/s 3846.39
aborts/s 109.98
ops/s 3956.37

commits/s 3853.62
aborts/s 113.99
ops/s 3967.61

commits/s 3873.61
aborts/s 120.99
ops/s 3994.60

commits/s 3873.23
aborts/s 112.98
ops/s 3986.21

commits/s 3941.71
aborts/s 110.99
ops/s 4052.70

commits/s 3868.97
aborts/s 115.97
ops/s 3984.94

commits/s 3957.51
aborts/s 144.98
ops/s 4102.50

commits/s 3774.62
aborts/s 110.99
ops/s 3885.61

commits/s 3808.44
aborts/s 120.98
ops/s 3929.42

commits/s 3817.69
aborts/s 126.99
ops/s 3944.68

commits/s 3944.43
aborts/s 103.98
ops/s 4048.41

commits/s 3868.42
aborts/s 111.98
ops/s 3980.41

commits/s 3871.51
aborts/s 113.99
ops/s 3985.49

commits/s 3946.63
aborts/s 115.99
ops/s 4062.62

commits/s 3805.49
aborts/s 120.98
ops/s 3926.47

commits/s 3765.27
aborts/s 112.89
ops/s 3878.15

commits/s 0.00
aborts/s 0.00
ops/s 0.00

