woundwait
Starting KVS server on :8080
commits/s 0.00
aborts/s 0.00
ops/s 0.00

commits/s 0.00
aborts/s 0.00
ops/s 0.00

commits/s 0.00
aborts/s 0.00
ops/s 0.00

commits/s 0.00
aborts/s 0.00
ops/s 0.00

commits/s 0.00
aborts/s 0.00
ops/s 0.00

commits/s 3657.80
aborts/s 80.00
ops/s 3737.80

commits/s 3919.53
aborts/s 123.99
ops/s 4043.51

commits/s 3871.54
aborts/s 140.98
ops/s 4012.52

commits/s 3920.47
aborts/s 126.98
ops/s 4047.45

commits/s 3854.54
aborts/s 115.99
ops/s 3970.52

commits/s 3901.36
aborts/s 111.98
ops/s 4013.34

commits/s 3806.60
aborts/s 121.99
ops/s 3928.59

commits/s 3788.72
aborts/s 151.95
ops/s 3940.67

commits/s 3840.67
aborts/s 131.95
ops/s 3972.62

commits/s 3868.47
aborts/s 113.98
ops/s 3982.45

commits/s 3948.60
aborts/s 117.99
ops/s 4066.58

commits/s 3874.34
aborts/s 114.98
ops/s 3989.32

commits/s 3848.53
aborts/s 122.99
ops/s 3971.52

commits/s 3846.25
aborts/s 91.98
ops/s 3938.24

commits/s 3880.52
aborts/s 113.99
ops/s 3994.51

commits/s 3778.11
aborts/s 146.97
ops/s 3925.08

commits/s 3853.33
aborts/s 112.98
ops/s 3966.31

commits/s 3897.49
aborts/s 115.98
ops/s 4013.48

commits/s 3920.34
aborts/s 140.98
ops/s 4061.32

commits/s 4082.55
aborts/s 120.99
ops/s 4203.54

commits/s 3825.41
aborts/s 112.98
ops/s 3938.39

commits/s 3830.19
aborts/s 109.98
ops/s 3940.17

commits/s 3984.10
aborts/s 129.97
ops/s 4114.07

commits/s 3938.55
aborts/s 106.99
ops/s 4045.53

commits/s 3886.16
aborts/s 98.98
ops/s 3985.14

commits/s 3923.41
aborts/s 89.99
ops/s 4013.39

commits/s 3915.54
aborts/s 133.98
ops/s 4049.52

commits/s 3861.67
aborts/s 124.99
ops/s 3986.66

commits/s 3948.51
aborts/s 140.98
ops/s 4089.49

commits/s 3690.50
aborts/s 123.95
ops/s 3814.45

commits/s 0.00
aborts/s 0.00
ops/s 0.00

