woundwait
Starting KVS server on :8080
commits/s 0.00
aborts/s 0.00
ops/s 0.00

commits/s 0.00
aborts/s 0.00
ops/s 0.00

commits/s 0.00
aborts/s 0.00
ops/s 0.00

commits/s 0.00
aborts/s 0.00
ops/s 0.00

commits/s 0.00
aborts/s 0.00
ops/s 0.00

commits/s 3124.65
aborts/s 90.99
ops/s 3215.64

commits/s 3886.23
aborts/s 113.98
ops/s 4000.21

commits/s 3829.50
aborts/s 127.98
ops/s 3957.48

commits/s 3829.34
aborts/s 114.98
ops/s 3944.32

commits/s 3916.50
aborts/s 109.99
ops/s 4026.49

commits/s 3870.41
aborts/s 107.98
ops/s 3978.40

commits/s 3822.53
aborts/s 140.98
ops/s 3963.51

commits/s 3874.46
aborts/s 132.98
ops/s 4007.44

commits/s 3879.38
aborts/s 123.98
ops/s 4003.36

commits/s 3863.42
aborts/s 120.98
ops/s 3984.41

commits/s 3960.46
aborts/s 115.98
ops/s 4076.45

commits/s 3844.25
aborts/s 111.98
ops/s 3956.23

commits/s 3867.47
aborts/s 108.99
ops/s 3976.46

commits/s 4004.10
aborts/s 91.98
ops/s 4096.08

commits/s 3799.34
aborts/s 132.98
ops/s 3932.31

commits/s 3805.38
aborts/s 125.98
ops/s 3931.36

commits/s 3919.42
aborts/s 126.98
ops/s 4046.40

commits/s 3920.58
aborts/s 131.99
ops/s 4052.57

commits/s 3864.66
aborts/s 115.99
ops/s 3980.65

commits/s 3915.52
aborts/s 125.98
ops/s 4041.50

commits/s 3933.54
aborts/s 134.98
ops/s 4068.52

commits/s 3880.70
aborts/s 122.99
ops/s 4003.69

commits/s 3902.54
aborts/s 132.98
ops/s 4035.52

commits/s 3873.50
aborts/s 100.99
ops/s 3974.49

commits/s 3939.91
aborts/s 134.96
ops/s 4074.87

commits/s 3888.49
aborts/s 108.99
ops/s 3997.48

commits/s 3901.42
aborts/s 120.98
ops/s 4022.41

commits/s 3787.15
aborts/s 124.97
ops/s 3912.12

commits/s 3831.24
aborts/s 115.98
ops/s 3947.21

commits/s 3846.43
aborts/s 115.98
ops/s 3962.42

commits/s 317.85
aborts/s 5.00
ops/s 322.85

