nowait
Starting KVS server on :8080
commits/s 0.00
aborts/s 0.00
ops/s 0.00

commits/s 0.00
aborts/s 0.00
ops/s 0.00

commits/s 0.00
aborts/s 0.00
ops/s 0.00

commits/s 0.00
aborts/s 0.00
ops/s 0.00

commits/s 81.99
aborts/s 0.00
ops/s 81.99

commits/s 5641.66
aborts/s 0.00
ops/s 5641.66

commits/s 5628.30
aborts/s 0.00
ops/s 5628.30

commits/s 5554.31
aborts/s 0.00
ops/s 5554.31

commits/s 5765.05
aborts/s 0.00
ops/s 5765.05

commits/s 5715.72
aborts/s 0.00
ops/s 5715.72

commits/s 5586.25
aborts/s 0.00
ops/s 5586.25

commits/s 5741.43
aborts/s 0.00
ops/s 5741.43

commits/s 5711.36
aborts/s 0.00
ops/s 5711.36

commits/s 5671.06
aborts/s 0.00
ops/s 5671.06

commits/s 5606.38
aborts/s 0.00
ops/s 5606.38

commits/s 5701.11
aborts/s 0.00
ops/s 5701.11

commits/s 5614.35
aborts/s 0.00
ops/s 5614.35

commits/s 5636.58
aborts/s 0.00
ops/s 5636.58

commits/s 5635.49
aborts/s 0.00
ops/s 5635.49

commits/s 5728.09
aborts/s 0.00
ops/s 5728.09

commits/s 5595.09
aborts/s 0.00
ops/s 5595.09

commits/s 5652.94
aborts/s 0.00
ops/s 5652.94

commits/s 5752.61
aborts/s 0.00
ops/s 5752.61

commits/s 5678.85
aborts/s 0.00
ops/s 5678.85

commits/s 5545.42
aborts/s 0.00
ops/s 5545.42

commits/s 5668.28
aborts/s 0.00
ops/s 5668.28

commits/s 5592.64
aborts/s 0.00
ops/s 5592.64

commits/s 5577.40
aborts/s 0.00
ops/s 5577.40

commits/s 5511.73
aborts/s 0.00
ops/s 5511.73

commits/s 5636.64
aborts/s 0.00
ops/s 5636.64

commits/s 5683.43
aborts/s 0.00
ops/s 5683.43

commits/s 5523.47
aborts/s 0.00
ops/s 5523.47

commits/s 5581.61
aborts/s 0.00
ops/s 5581.61

commits/s 5593.29
aborts/s 0.00
ops/s 5593.29

commits/s 4827.67
aborts/s 0.00
ops/s 4827.67

commits/s 0.00
aborts/s 0.00
ops/s 0.00

