nowait
Starting KVS server on :8080
commits/s 0.00
aborts/s 0.00
ops/s 0.00

commits/s 0.00
aborts/s 0.00
ops/s 0.00

commits/s 0.00
aborts/s 0.00
ops/s 0.00

commits/s 0.00
aborts/s 0.00
ops/s 0.00

commits/s 486.98
aborts/s 0.00
ops/s 486.98

commits/s 5671.71
aborts/s 0.00
ops/s 5671.71

commits/s 5502.39
aborts/s 0.00
ops/s 5502.39

commits/s 5673.70
aborts/s 0.00
ops/s 5673.70

commits/s 5642.42
aborts/s 0.00
ops/s 5642.42

commits/s 5578.61
aborts/s 0.00
ops/s 5578.61

commits/s 5621.15
aborts/s 0.00
ops/s 5621.15

commits/s 5617.43
aborts/s 0.00
ops/s 5617.43

commits/s 5576.34
aborts/s 0.00
ops/s 5576.34

commits/s 5530.35
aborts/s 0.00
ops/s 5530.35

commits/s 5512.23
aborts/s 0.00
ops/s 5512.23

commits/s 5593.02
aborts/s 0.00
ops/s 5593.02

commits/s 5621.08
aborts/s 0.00
ops/s 5621.08

commits/s 5570.11
aborts/s 0.00
ops/s 5570.11

commits/s 5616.81
aborts/s 0.00
ops/s 5616.81

commits/s 5648.60
aborts/s 0.00
ops/s 5648.60

commits/s 5561.19
aborts/s 0.00
ops/s 5561.19

commits/s 5672.73
aborts/s 0.00
ops/s 5672.73

commits/s 5571.91
aborts/s 0.00
ops/s 5571.91

commits/s 5616.43
aborts/s 0.00
ops/s 5616.43

commits/s 5585.49
aborts/s 0.00
ops/s 5585.49

commits/s 5597.30
aborts/s 0.00
ops/s 5597.30

commits/s 5621.39
aborts/s 0.00
ops/s 5621.39

commits/s 5667.42
aborts/s 0.00
ops/s 5667.42

commits/s 5654.29
aborts/s 0.00
ops/s 5654.29

commits/s 5625.34
aborts/s 0.00
ops/s 5625.34

commits/s 5633.36
aborts/s 0.00
ops/s 5633.36

commits/s 5639.34
aborts/s 0.00
ops/s 5639.34

commits/s 5639.45
aborts/s 0.00
ops/s 5639.45

commits/s 5701.56
aborts/s 0.00
ops/s 5701.56

commits/s 4457.04
aborts/s 0.00
ops/s 4457.04

