nowait
Starting KVS server on :8080
commits/s 0.00
aborts/s 0.00
ops/s 0.00

commits/s 0.00
aborts/s 0.00
ops/s 0.00

commits/s 0.00
aborts/s 0.00
ops/s 0.00

commits/s 0.00
aborts/s 0.00
ops/s 0.00

commits/s 983.86
aborts/s 0.00
ops/s 983.86

commits/s 5787.28
aborts/s 0.00
ops/s 5787.28

commits/s 5552.00
aborts/s 0.00
ops/s 5552.00

commits/s 5629.10
aborts/s 0.00
ops/s 5629.10

commits/s 5550.22
aborts/s 0.00
ops/s 5550.22

commits/s 5516.91
aborts/s 0.00
ops/s 5516.91

commits/s 5679.81
aborts/s 0.00
ops/s 5679.81

commits/s 5619.14
aborts/s 0.00
ops/s 5619.14

commits/s 5697.12
aborts/s 0.00
ops/s 5697.12

commits/s 5613.22
aborts/s 0.00
ops/s 5613.22

commits/s 5487.30
aborts/s 0.00
ops/s 5487.30

commits/s 5498.20
aborts/s 0.00
ops/s 5498.20

commits/s 5621.36
aborts/s 0.00
ops/s 5621.36

commits/s 5579.09
aborts/s 0.00
ops/s 5579.09

commits/s 5548.71
aborts/s 0.00
ops/s 5548.71

commits/s 5595.03
aborts/s 0.00
ops/s 5595.03

commits/s 5712.30
aborts/s 0.00
ops/s 5712.30

commits/s 5586.58
aborts/s 0.00
ops/s 5586.58

commits/s 5695.41
aborts/s 0.00
ops/s 5695.41

commits/s 5605.39
aborts/s 0.00
ops/s 5605.39

commits/s 5708.52
aborts/s 0.00
ops/s 5708.52

commits/s 5617.17
aborts/s 0.00
ops/s 5617.17

commits/s 5677.77
aborts/s 0.00
ops/s 5677.77

commits/s 5536.19
aborts/s 0.00
ops/s 5536.19

commits/s 5500.62
aborts/s 0.00
ops/s 5500.62

commits/s 5605.19
aborts/s 0.00
ops/s 5605.19

commits/s 5711.42
aborts/s 0.00
ops/s 5711.42

commits/s 5519.39
aborts/s 0.00
ops/s 5519.39

commits/s 5567.65
aborts/s 0.00
ops/s 5567.65

commits/s 5540.03
aborts/s 0.00
ops/s 5540.03

commits/s 4111.43
aborts/s 0.00
ops/s 4111.43

