waitdie
Starting KVS server on :8080
commits/s 0.00
aborts/s 0.00
ops/s 0.00

commits/s 0.00
aborts/s 0.00
ops/s 0.00

commits/s 0.00
aborts/s 0.00
ops/s 0.00

commits/s 0.00
aborts/s 0.00
ops/s 0.00

commits/s 0.00
aborts/s 0.00
ops/s 0.00

commits/s 4984.61
aborts/s 0.00
ops/s 4984.61

commits/s 5435.85
aborts/s 0.00
ops/s 5435.85

commits/s 5530.04
aborts/s 0.00
ops/s 5530.04

commits/s 5443.94
aborts/s 0.00
ops/s 5443.94

commits/s 5482.40
aborts/s 0.00
ops/s 5482.40

commits/s 5516.18
aborts/s 0.00
ops/s 5516.18

commits/s 5368.32
aborts/s 0.00
ops/s 5368.32

commits/s 5566.49
aborts/s 0.00
ops/s 5566.49

commits/s 5329.53
aborts/s 0.00
ops/s 5329.53

commits/s 5647.99
aborts/s 0.00
ops/s 5647.99

commits/s 5438.29
aborts/s 0.00
ops/s 5438.29

commits/s 5620.29
aborts/s 0.00
ops/s 5620.29

commits/s 5607.60
aborts/s 0.00
ops/s 5607.60

commits/s 5421.33
aborts/s 0.00
ops/s 5421.33

commits/s 5591.12
aborts/s 0.00
ops/s 5591.12

commits/s 5661.59
aborts/s 0.00
ops/s 5661.59

commits/s 5520.68
aborts/s 0.00
ops/s 5520.68

commits/s 5402.31
aborts/s 0.00
ops/s 5402.31

commits/s 5443.41
aborts/s 0.00
ops/s 5443.41

commits/s 5333.50
aborts/s 0.00
ops/s 5333.50

commits/s 5505.50
aborts/s 0.00
ops/s 5505.50

commits/s 5466.24
aborts/s 0.00
ops/s 5466.24

commits/s 5460.20
aborts/s 0.00
ops/s 5460.20

commits/s 5577.47
aborts/s 0.00
ops/s 5577.47

commits/s 5590.37
aborts/s 0.00
ops/s 5590.37

commits/s 5533.00
aborts/s 0.00
ops/s 5533.00

commits/s 5498.38
aborts/s 0.00
ops/s 5498.38

commits/s 5352.61
aborts/s 0.00
ops/s 5352.61

commits/s 5507.52
aborts/s 0.00
ops/s 5507.52

commits/s 5472.97
aborts/s 0.00
ops/s 5472.97

commits/s 0.00
aborts/s 0.00
ops/s 0.00

