waitdie
Starting KVS server on :8080
commits/s 0.00
aborts/s 0.00
ops/s 0.00

commits/s 0.00
aborts/s 0.00
ops/s 0.00

commits/s 0.00
aborts/s 0.00
ops/s 0.00

commits/s 0.00
aborts/s 0.00
ops/s 0.00

commits/s 1193.80
aborts/s 0.00
ops/s 1193.80

commits/s 5517.07
aborts/s 0.00
ops/s 5517.07

commits/s 5381.27
aborts/s 0.00
ops/s 5381.27

commits/s 5508.37
aborts/s 0.00
ops/s 5508.37

commits/s 5349.28
aborts/s 0.00
ops/s 5349.28

commits/s 5570.13
aborts/s 0.00
ops/s 5570.13

commits/s 5573.46
aborts/s 0.00
ops/s 5573.46

commits/s 5579.32
aborts/s 0.00
ops/s 5579.32

commits/s 5557.42
aborts/s 0.00
ops/s 5557.42

commits/s 5323.42
aborts/s 0.00
ops/s 5323.42

commits/s 5528.37
aborts/s 0.00
ops/s 5528.37

commits/s 5389.38
aborts/s 0.00
ops/s 5389.38

commits/s 5683.90
aborts/s 0.00
ops/s 5683.90

commits/s 5533.45
aborts/s 0.00
ops/s 5533.45

commits/s 5397.45
aborts/s 0.00
ops/s 5397.45

commits/s 5627.89
aborts/s 0.00
ops/s 5627.89

commits/s 5590.28
aborts/s 0.00
ops/s 5590.28

commits/s 5514.46
aborts/s 0.00
ops/s 5514.46

commits/s 5464.90
aborts/s 0.00
ops/s 5464.90

commits/s 5474.47
aborts/s 0.00
ops/s 5474.47

commits/s 5494.31
aborts/s 0.00
ops/s 5494.31

commits/s 5454.99
aborts/s 0.00
ops/s 5454.99

commits/s 5375.49
aborts/s 0.00
ops/s 5375.49

commits/s 5518.23
aborts/s 0.00
ops/s 5518.23

commits/s 5631.57
aborts/s 0.00
ops/s 5631.57

commits/s 5612.26
aborts/s 0.00
ops/s 5612.26

commits/s 5578.63
aborts/s 0.00
ops/s 5578.63

commits/s 5597.15
aborts/s 0.00
ops/s 5597.15

commits/s 5476.01
aborts/s 0.00
ops/s 5476.01

commits/s 5474.55
aborts/s 0.00
ops/s 5474.55

commits/s 3815.35
aborts/s 0.00
ops/s 3815.35

