waitdie
Starting KVS server on :8080
commits/s 0.00
aborts/s 0.00
ops/s 0.00

commits/s 0.00
aborts/s 0.00
ops/s 0.00

commits/s 0.00
aborts/s 0.00
ops/s 0.00

commits/s 0.00
aborts/s 0.00
ops/s 0.00

commits/s 817.94
aborts/s 0.00
ops/s 817.94

commits/s 5430.49
aborts/s 0.00
ops/s 5430.49

commits/s 5407.42
aborts/s 0.00
ops/s 5407.42

commits/s 5524.28
aborts/s 0.00
ops/s 5524.28

commits/s 5398.44
aborts/s 0.00
ops/s 5398.44

commits/s 5475.68
aborts/s 0.00
ops/s 5475.68

commits/s 5485.14
aborts/s 0.00
ops/s 5485.14

commits/s 5541.33
aborts/s 0.00
ops/s 5541.33

commits/s 5572.34
aborts/s 0.00
ops/s 5572.34

commits/s 5337.65
aborts/s 0.00
ops/s 5337.65

commits/s 5596.28
aborts/s 0.00
ops/s 5596.28

commits/s 5525.25
aborts/s 0.00
ops/s 5525.25

commits/s 5480.21
aborts/s 0.00
ops/s 5480.21

commits/s 5531.38
aborts/s 0.00
ops/s 5531.38

commits/s 5537.63
aborts/s 0.00
ops/s 5537.63

commits/s 5387.45
aborts/s 0.00
ops/s 5387.45

commits/s 5543.14
aborts/s 0.00
ops/s 5543.14

commits/s 5621.30
aborts/s 0.00
ops/s 5621.30

commits/s 5565.45
aborts/s 0.00
ops/s 5565.45

commits/s 5233.77
aborts/s 0.00
ops/s 5233.77

commits/s 5408.02
aborts/s 0.00
ops/s 5408.02

commits/s 5508.29
aborts/s 0.00
ops/s 5508.29

commits/s 5462.57
aborts/s 0.00
ops/s 5462.57

commits/s 5490.31
aborts/s 0.00
ops/s 5490.31

commits/s 5289.66
aborts/s 0.00
ops/s 5289.66

commits/s 5638.36
aborts/s 0.00
ops/s 5638.36

commits/s 5661.12
aborts/s 0.00
ops/s 5661.12

commits/s 5586.45
aborts/s 0.00
ops/s 5586.45

commits/s 5501.46
aborts/s 0.00
ops/s 5501.46

commits/s 5483.17
aborts/s 0.00
ops/s 5483.17

commits/s 3906.12
aborts/s 0.00
ops/s 3906.12

commits/s 0.00
aborts/s 0.00
ops/s 0.00

