woundwait
Starting KVS server on :8080
commits/s 0.00
aborts/s 0.00
ops/s 0.00

commits/s 0.00
aborts/s 0.00
ops/s 0.00

commits/s 0.00
aborts/s 0.00
ops/s 0.00

commits/s 0.00
aborts/s 0.00
ops/s 0.00

commits/s 984.94
aborts/s 0.00
ops/s 984.94

commits/s 4211.56
aborts/s 0.00
ops/s 4211.56

commits/s 4296.30
aborts/s 0.00
ops/s 4296.30

commits/s 4182.40
aborts/s 0.00
ops/s 4182.40

commits/s 4316.58
aborts/s 0.00
ops/s 4316.58

commits/s 4240.60
aborts/s 0.00
ops/s 4240.60

commits/s 4244.46
aborts/s 1.00
ops/s 4245.46

commits/s 4290.36
aborts/s 0.00
ops/s 4290.36

commits/s 4280.66
aborts/s 0.00
ops/s 4280.66

commits/s 4310.49
aborts/s 0.00
ops/s 4310.49

commits/s 4212.41
aborts/s 0.00
ops/s 4212.41

commits/s 4260.70
aborts/s 0.00
ops/s 4260.70

commits/s 4312.50
aborts/s 0.00
ops/s 4312.50

commits/s 4281.50
aborts/s 0.00
ops/s 4281.50

commits/s 4289.48
aborts/s 0.00
ops/s 4289.48

commits/s 4363.62
aborts/s 0.00
ops/s 4363.62

commits/s 4350.47
aborts/s 0.00
ops/s 4350.47

commits/s 4321.46
aborts/s 0.00
ops/s 4321.46

commits/s 4437.63
aborts/s 0.00
ops/s 4437.63

commits/s 4320.21
aborts/s 0.00
ops/s 4320.21

commits/s 4154.60
aborts/s 0.00
ops/s 4154.60

commits/s 4082.11
aborts/s 0.00
ops/s 4082.11

commits/s 4196.69
aborts/s 0.00
ops/s 4196.69

commits/s 4221.68
aborts/s 0.00
ops/s 4221.68

commits/s 4172.51
aborts/s 0.00
ops/s 4172.51

commits/s 4237.51
aborts/s 0.00
ops/s 4237.51

commits/s 4336.43
aborts/s 0.00
ops/s 4336.43

commits/s 4317.48
aborts/s 0.00
ops/s 4317.48

commits/s 4275.44
aborts/s 0.00
ops/s 4275.44

commits/s 4239.47
aborts/s 0.00
ops/s 4239.47

commits/s 2821.78
aborts/s 0.00
ops/s 2821.78

commits/s 0.00
aborts/s 0.00
ops/s 0.00

