woundwait
Starting KVS server on :8080
commits/s 0.00
aborts/s 0.00
ops/s 0.00

commits/s 0.00
aborts/s 0.00
ops/s 0.00

commits/s 0.00
aborts/s 0.00
ops/s 0.00

commits/s 0.00
aborts/s 0.00
ops/s 0.00

commits/s 254.98
aborts/s 0.00
ops/s 254.98

commits/s 4328.04
aborts/s 0.00
ops/s 4328.04

commits/s 4256.45
aborts/s 0.00
ops/s 4256.45

commits/s 4207.35
aborts/s 0.00
ops/s 4207.35

commits/s 4261.43
aborts/s 0.00
ops/s 4261.43

commits/s 4208.24
aborts/s 0.00
ops/s 4208.24

commits/s 4344.37
aborts/s 0.00
ops/s 4344.37

commits/s 4248.36
aborts/s 0.00
ops/s 4248.36

commits/s 4320.41
aborts/s 0.00
ops/s 4320.41

commits/s 4212.52
aborts/s 0.00
ops/s 4212.52

commits/s 4193.22
aborts/s 0.00
ops/s 4193.22

commits/s 4374.55
aborts/s 0.00
ops/s 4374.55

commits/s 4300.26
aborts/s 0.00
ops/s 4300.26

commits/s 4308.72
aborts/s 0.00
ops/s 4308.72

commits/s 4312.54
aborts/s 0.00
ops/s 4312.54

commits/s 4231.27
aborts/s 0.00
ops/s 4231.27

commits/s 4354.38
aborts/s 0.00
ops/s 4354.38

commits/s 4355.63
aborts/s 0.00
ops/s 4355.63

commits/s 4267.60
aborts/s 0.00
ops/s 4267.60

commits/s 4362.38
aborts/s 0.00
ops/s 4362.38

commits/s 4308.23
aborts/s 0.00
ops/s 4308.23

commits/s 4255.42
aborts/s 0.00
ops/s 4255.42

commits/s 4033.69
aborts/s 0.00
ops/s 4033.69

commits/s 4248.39
aborts/s 0.00
ops/s 4248.39

commits/s 4356.61
aborts/s 0.00
ops/s 4356.61

commits/s 4328.72
aborts/s 0.00
ops/s 4328.72

commits/s 4209.97
aborts/s 0.00
ops/s 4209.97

commits/s 4236.52
aborts/s 0.00
ops/s 4236.52

commits/s 4366.36
aborts/s 0.00
ops/s 4366.36

commits/s 4414.34
aborts/s 0.00
ops/s 4414.34

commits/s 3522.01
aborts/s 0.00
ops/s 3522.01

