woundwait
Starting KVS server on :8080
commits/s 0.00
aborts/s 0.00
ops/s 0.00

commits/s 0.00
aborts/s 0.00
ops/s 0.00

commits/s 0.00
aborts/s 0.00
ops/s 0.00

commits/s 0.00
aborts/s 0.00
ops/s 0.00

commits/s 0.00
aborts/s 0.00
ops/s 0.00

commits/s 4138.66
aborts/s 0.00
ops/s 4138.66

commits/s 4259.77
aborts/s 0.00
ops/s 4259.77

commits/s 4347.48
aborts/s 0.00
ops/s 4347.48

commits/s 4273.19
aborts/s 0.00
ops/s 4273.19

commits/s 4292.26
aborts/s 0.00
ops/s 4292.26

commits/s 4268.41
aborts/s 0.00
ops/s 4268.41

commits/s 4200.15
aborts/s 0.00
ops/s 4200.15

commits/s 4352.91
aborts/s 0.00
ops/s 4352.91

commits/s 4261.57
aborts/s 0.00
ops/s 4261.57

commits/s 4186.93
aborts/s 0.00
ops/s 4186.93

commits/s 4291.43
aborts/s 0.00
ops/s 4291.43

commits/s 4261.45
aborts/s 0.00
ops/s 4261.45

commits/s 4423.49
aborts/s 0.00
ops/s 4423.49

commits/s 4344.25
aborts/s 0.00
ops/s 4344.25

commits/s 4230.40
aborts/s 0.00
ops/s 4230.40

commits/s 4363.53
aborts/s 0.00
ops/s 4363.53

commits/s 4336.64
aborts/s 0.00
ops/s 4336.64

commits/s 4194.55
aborts/s 0.00
ops/s 4194.55

commits/s 4282.29
aborts/s 0.00
ops/s 4282.29

commits/s 4326.56
aborts/s 0.00
ops/s 4326.56

commits/s 4281.51
aborts/s 0.00
ops/s 4281.51

commits/s 4050.69
aborts/s 0.00
ops/s 4050.69

commits/s 4268.48
aborts/s 0.00
ops/s 4268.48

commits/s 4371.50
aborts/s 0.00
ops/s 4371.50

commits/s 4341.45
aborts/s 0.00
ops/s 4341.45

commits/s 4212.51
aborts/s 0.00
ops/s 4212.51

commits/s 4288.28
aborts/s 0.00
ops/s 4288.28

commits/s 4373.50
aborts/s 0.00
ops/s 4373.50

commits/s 4284.53
aborts/s 0.00
ops/s 4284.53

commits/s 4069.61
aborts/s 0.00
ops/s 4069.61

commits/s 0.00
aborts/s 0.00
ops/s 0.00

