woundwait
Starting KVS server on :8080
commits/s 0.00
aborts/s 0.00
ops/s 0.00

commits/s 0.00
aborts/s 0.00
ops/s 0.00

commits/s 0.00
aborts/s 0.00
ops/s 0.00

commits/s 0.00
aborts/s 0.00
ops/s 0.00

commits/s 860.86
aborts/s 0.00
ops/s 860.86

commits/s 4278.58
aborts/s 0.00
ops/s 4278.58

commits/s 4242.57
aborts/s 0.00
ops/s 4242.57

commits/s 4290.24
aborts/s 0.00
ops/s 4290.24

commits/s 4380.86
aborts/s 0.00
ops/s 4380.86

commits/s 4295.33
aborts/s 0.00
ops/s 4295.33

commits/s 4419.43
aborts/s 0.00
ops/s 4419.43

commits/s 4293.94
aborts/s 0.00
ops/s 4293.94

commits/s 4352.31
aborts/s 0.00
ops/s 4352.31

commits/s 4333.23
aborts/s 0.00
ops/s 4333.23

commits/s 4288.21
aborts/s 0.00
ops/s 4288.21

commits/s 4208.32
aborts/s 0.00
ops/s 4208.32

commits/s 4295.66
aborts/s 0.00
ops/s 4295.66

commits/s 4369.26
aborts/s 0.00
ops/s 4369.26

commits/s 4323.64
aborts/s 0.00
ops/s 4323.64

commits/s 4312.66
aborts/s 0.00
ops/s 4312.66

commits/s 4372.48
aborts/s 0.00
ops/s 4372.48

commits/s 4391.66
aborts/s 0.00
ops/s 4391.66

commits/s 4268.60
aborts/s 0.00
ops/s 4268.60

commits/s 4427.41
aborts/s 0.00
ops/s 4427.41

commits/s 4349.40
aborts/s 0.00
ops/s 4349.40

commits/s 4264.27
aborts/s 0.00
ops/s 4264.27

commits/s 4298.04
aborts/s 0.00
ops/s 4298.04

commits/s 4304.68
aborts/s 0.00
ops/s 4304.68

commits/s 4286.38
aborts/s 0.00
ops/s 4286.38

commits/s 4182.66
aborts/s 0.00
ops/s 4182.66

commits/s 4177.62
aborts/s 0.00
ops/s 4177.62

commits/s 4387.69
aborts/s 0.00
ops/s 4387.69

commits/s 4427.55
aborts/s 0.00
ops/s 4427.55

commits/s 4369.60
aborts/s 0.00
ops/s 4369.60

commits/s 2891.68
aborts/s 0.00
ops/s 2891.68

