woundwait
Starting KVS server on :8080
commits/s 0.00
aborts/s 0.00
ops/s 0.00

commits/s 0.00
aborts/s 0.00
ops/s 0.00

commits/s 0.00
aborts/s 0.00
ops/s 0.00

commits/s 0.00
aborts/s 0.00
ops/s 0.00

commits/s 171.94
aborts/s 0.00
ops/s 171.94

commits/s 4370.53
aborts/s 0.00
ops/s 4370.53

commits/s 4251.46
aborts/s 0.00
ops/s 4251.46

commits/s 4220.28
aborts/s 0.00
ops/s 4220.28

commits/s 4353.36
aborts/s 0.00
ops/s 4353.36

commits/s 4316.52
aborts/s 0.00
ops/s 4316.52

commits/s 4253.23
aborts/s 0.00
ops/s 4253.23

commits/s 4280.28
aborts/s 0.00
ops/s 4280.28

commits/s 4330.30
aborts/s 0.00
ops/s 4330.30

commits/s 4296.38
aborts/s 0.00
ops/s 4296.38

commits/s 4248.59
aborts/s 0.00
ops/s 4248.59

commits/s 4276.52
aborts/s 0.00
ops/s 4276.52

commits/s 4178.07
aborts/s 0.00
ops/s 4178.07

commits/s 4375.43
aborts/s 0.00
ops/s 4375.43

commits/s 4287.55
aborts/s 0.00
ops/s 4287.55

commits/s 4280.52
aborts/s 0.00
ops/s 4280.52

commits/s 4315.12
aborts/s 0.00
ops/s 4315.12

commits/s 4391.14
aborts/s 0.00
ops/s 4391.14

commits/s 4356.14
aborts/s 0.00
ops/s 4356.14

commits/s 4264.42
aborts/s 0.00
ops/s 4264.42

commits/s 4245.66
aborts/s 0.00
ops/s 4245.66

commits/s 4240.13
aborts/s 0.00
ops/s 4240.13

commits/s 4432.61
aborts/s 0.00
ops/s 4432.61

commits/s 4331.02
aborts/s 0.00
ops/s 4331.02

commits/s 4285.73
aborts/s 0.00
ops/s 4285.73

commits/s 4153.53
aborts/s 0.00
ops/s 4153.53

commits/s 4176.01
aborts/s 0.00
ops/s 4176.01

commits/s 4292.55
aborts/s 0.00
ops/s 4292.55

commits/s 4210.51
aborts/s 0.00
ops/s 4210.51

commits/s 4339.88
aborts/s 0.00
ops/s 4339.88

commits/s 3451.14
aborts/s 0.00
ops/s 3451.14

