woundwait
Starting KVS server on :8080
commits/s 0.00
aborts/s 0.00
ops/s 0.00

commits/s 0.00
aborts/s 0.00
ops/s 0.00

commits/s 0.00
aborts/s 0.00
ops/s 0.00

commits/s 0.00
aborts/s 0.00
ops/s 0.00

commits/s 804.75
aborts/s 0.00
ops/s 804.75

commits/s 4275.60
aborts/s 0.00
ops/s 4275.60

commits/s 4289.50
aborts/s 0.00
ops/s 4289.50

commits/s 4261.26
aborts/s 0.00
ops/s 4261.26

commits/s 4260.12
aborts/s 0.00
ops/s 4260.12

commits/s 4184.40
aborts/s 0.00
ops/s 4184.40

commits/s 4306.29
aborts/s 0.00
ops/s 4306.29

commits/s 4268.28
aborts/s 0.00
ops/s 4268.28

commits/s 4304.50
aborts/s 0.00
ops/s 4304.50

commits/s 4269.50
aborts/s 0.00
ops/s 4269.50

commits/s 4281.33
aborts/s 0.00
ops/s 4281.33

commits/s 4173.40
aborts/s 0.00
ops/s 4173.40

commits/s 4263.63
aborts/s 0.00
ops/s 4263.63

commits/s 4291.55
aborts/s 0.00
ops/s 4291.55

commits/s 4299.59
aborts/s 0.00
ops/s 4299.59

commits/s 4292.41
aborts/s 0.00
ops/s 4292.41

commits/s 4390.44
aborts/s 0.00
ops/s 4390.44

commits/s 4297.58
aborts/s 0.00
ops/s 4297.58

commits/s 4262.27
aborts/s 0.00
ops/s 4262.27

commits/s 4248.73
aborts/s 0.00
ops/s 4248.73

commits/s 4328.75
aborts/s 0.00
ops/s 4328.75

commits/s 4238.51
aborts/s 0.00
ops/s 4238.51

commits/s 4163.14
aborts/s 0.00
ops/s 4163.14

commits/s 4333.63
aborts/s 0.00
ops/s 4333.63

commits/s 4251.37
aborts/s 0.00
ops/s 4251.37

commits/s 4204.25
aborts/s 0.00
ops/s 4204.25

commits/s 4177.22
aborts/s 0.00
ops/s 4177.22

commits/s 4324.54
aborts/s 0.00
ops/s 4324.54

commits/s 4282.97
aborts/s 0.00
ops/s 4282.97

commits/s 4205.66
aborts/s 0.00
ops/s 4205.66

commits/s 2938.42
aborts/s 0.00
ops/s 2938.42

commits/s 0.00
aborts/s 0.00
ops/s 0.00

