nowait
Starting KVS server on :8080
commits/s 0.00
aborts/s 0.00
ops/s 0.00

commits/s 0.00
aborts/s 0.00
ops/s 0.00

commits/s 0.00
aborts/s 0.00
ops/s 0.00

commits/s 0.00
aborts/s 0.00
ops/s 0.00

commits/s 333.95
aborts/s 2.00
ops/s 335.95

commits/s 5445.45
aborts/s 75.99
ops/s 5521.44

commits/s 5499.06
aborts/s 62.99
ops/s 5562.05

commits/s 5458.18
aborts/s 58.99
ops/s 5517.18

commits/s 5461.32
aborts/s 56.99
ops/s 5518.31

commits/s 5431.05
aborts/s 42.99
ops/s 5474.05

commits/s 5434.27
aborts/s 51.99
ops/s 5486.26

commits/s 5518.04
aborts/s 72.99
ops/s 5591.03

commits/s 5478.21
aborts/s 54.99
ops/s 5533.21

commits/s 5470.72
aborts/s 42.99
ops/s 5513.71

commits/s 5542.52
aborts/s 43.98
ops/s 5586.50

commits/s 5471.34
aborts/s 51.99
ops/s 5523.33

commits/s 5342.60
aborts/s 51.00
ops/s 5393.60

commits/s 5400.41
aborts/s 60.99
ops/s 5461.41

commits/s 5457.36
aborts/s 63.99
ops/s 5521.35

commits/s 5321.59
aborts/s 62.00
ops/s 5383.59

commits/s 5429.25
aborts/s 59.99
ops/s 5489.24

commits/s 5479.43
aborts/s 55.99
ops/s 5535.43

commits/s 5517.02
aborts/s 49.99
ops/s 5567.01

commits/s 5454.09
aborts/s 59.99
ops/s 5514.08

commits/s 5406.57
aborts/s 39.00
ops/s 5445.57

commits/s 5468.42
aborts/s 45.00
ops/s 5513.42

commits/s 5390.33
aborts/s 45.99
ops/s 5436.32

commits/s 5499.52
aborts/s 59.98
ops/s 5559.51

commits/s 5399.56
aborts/s 38.00
ops/s 5437.56

commits/s 5415.52
aborts/s 56.00
ops/s 5471.52

commits/s 5495.34
aborts/s 34.00
ops/s 5529.34

commits/s 5443.46
aborts/s 43.00
ops/s 5486.45

commits/s 5263.37
aborts/s 70.99
ops/s 5334.37

commits/s 5394.35
aborts/s 54.99
ops/s 5449.35

commits/s 4229.91
aborts/s 30.98
ops/s 4260.90

commits/s 0.00
aborts/s 0.00
ops/s 0.00

