nowait
Starting KVS server on :8080
commits/s 0.00
aborts/s 0.00
ops/s 0.00

commits/s 0.00
aborts/s 0.00
ops/s 0.00

commits/s 0.00
aborts/s 0.00
ops/s 0.00

commits/s 0.00
aborts/s 0.00
ops/s 0.00

commits/s 74.99
aborts/s 0.00
ops/s 74.99

commits/s 5528.59
aborts/s 51.00
ops/s 5579.59

commits/s 5587.21
aborts/s 50.99
ops/s 5638.21

commits/s 5351.20
aborts/s 56.99
ops/s 5408.19

commits/s 5510.27
aborts/s 36.00
ops/s 5546.27

commits/s 5406.12
aborts/s 49.97
ops/s 5456.09

commits/s 5407.77
aborts/s 66.98
ops/s 5474.75

commits/s 5570.27
aborts/s 48.99
ops/s 5619.26

commits/s 5444.30
aborts/s 53.99
ops/s 5498.29

commits/s 5550.37
aborts/s 44.99
ops/s 5595.37

commits/s 5473.01
aborts/s 52.99
ops/s 5526.00

commits/s 5428.39
aborts/s 53.99
ops/s 5482.39

commits/s 5378.99
aborts/s 54.99
ops/s 5433.98

commits/s 5460.31
aborts/s 56.97
ops/s 5517.28

commits/s 5533.60
aborts/s 65.00
ops/s 5598.59

commits/s 5503.84
aborts/s 47.99
ops/s 5551.83

commits/s 5306.13
aborts/s 60.99
ops/s 5367.12

commits/s 5526.20
aborts/s 61.99
ops/s 5588.20

commits/s 5366.59
aborts/s 49.00
ops/s 5415.58

commits/s 5494.07
aborts/s 50.99
ops/s 5545.06

commits/s 5521.11
aborts/s 65.97
ops/s 5587.07

commits/s 5504.03
aborts/s 53.99
ops/s 5558.02

commits/s 5455.55
aborts/s 67.99
ops/s 5523.54

commits/s 5438.50
aborts/s 60.99
ops/s 5499.49

commits/s 5289.72
aborts/s 30.99
ops/s 5320.72

commits/s 5416.52
aborts/s 37.00
ops/s 5453.52

commits/s 5403.50
aborts/s 46.00
ops/s 5449.50

commits/s 5498.32
aborts/s 38.00
ops/s 5536.32

commits/s 5447.44
aborts/s 41.00
ops/s 5488.43

commits/s 5356.52
aborts/s 54.00
ops/s 5410.51

commits/s 4612.49
aborts/s 45.95
ops/s 4658.44

commits/s 0.00
aborts/s 0.00
ops/s 0.00

