nowait
Starting KVS server on :8080
commits/s 0.00
aborts/s 0.00
ops/s 0.00

commits/s 0.00
aborts/s 0.00
ops/s 0.00

commits/s 0.00
aborts/s 0.00
ops/s 0.00

commits/s 0.00
aborts/s 0.00
ops/s 0.00

commits/s 269.91
aborts/s 4.00
ops/s 273.91

commits/s 5535.46
aborts/s 49.00
ops/s 5584.45

commits/s 5461.98
aborts/s 43.99
ops/s 5505.97

commits/s 5385.46
aborts/s 41.00
ops/s 5426.45

commits/s 5563.88
aborts/s 50.99
ops/s 5614.87

commits/s 5472.91
aborts/s 38.99
ops/s 5511.91

commits/s 5442.28
aborts/s 48.99
ops/s 5491.27

commits/s 5543.18
aborts/s 35.99
ops/s 5579.17

commits/s 5412.15
aborts/s 49.99
ops/s 5462.15

commits/s 5552.40
aborts/s 58.99
ops/s 5611.39

commits/s 5555.50
aborts/s 57.99
ops/s 5613.50

commits/s 5399.93
aborts/s 62.99
ops/s 5462.91

commits/s 5392.40
aborts/s 42.00
ops/s 5434.39

commits/s 5595.45
aborts/s 70.99
ops/s 5666.44

commits/s 5397.95
aborts/s 71.99
ops/s 5469.94

commits/s 5597.37
aborts/s 51.99
ops/s 5649.37

commits/s 5504.62
aborts/s 56.00
ops/s 5560.61

commits/s 5615.30
aborts/s 50.99
ops/s 5666.29

commits/s 5479.21
aborts/s 42.99
ops/s 5522.20

commits/s 5564.95
aborts/s 56.99
ops/s 5621.94

commits/s 5553.91
aborts/s 44.99
ops/s 5598.90

commits/s 5474.44
aborts/s 48.00
ops/s 5522.43

commits/s 5522.37
aborts/s 59.99
ops/s 5582.36

commits/s 5433.91
aborts/s 50.99
ops/s 5484.90

commits/s 5382.06
aborts/s 59.99
ops/s 5442.05

commits/s 5477.59
aborts/s 44.00
ops/s 5521.59

commits/s 5358.35
aborts/s 50.99
ops/s 5409.35

commits/s 5519.53
aborts/s 37.99
ops/s 5557.52

commits/s 5446.42
aborts/s 60.99
ops/s 5507.41

commits/s 5311.53
aborts/s 60.99
ops/s 5372.53

commits/s 4488.55
aborts/s 37.96
ops/s 4526.52

