woundwait
Starting KVS server on :8080
commits/s 0.00
aborts/s 0.00
ops/s 0.00

commits/s 0.00
aborts/s 0.00
ops/s 0.00

commits/s 0.00
aborts/s 0.00
ops/s 0.00

commits/s 0.00
aborts/s 0.00
ops/s 0.00

commits/s 1008.76
aborts/s 59.99
ops/s 1068.75

commits/s 5331.22
aborts/s 385.94
ops/s 5717.17

commits/s 5253.76
aborts/s 315.93
ops/s 5569.68

commits/s 5437.08
aborts/s 365.94
ops/s 5803.02

commits/s 5332.40
aborts/s 370.96
ops/s 5703.36

commits/s 5436.24
aborts/s 308.96
ops/s 5745.20

commits/s 5263.87
aborts/s 358.92
ops/s 5622.79

commits/s 5369.32
aborts/s 435.94
ops/s 5805.26

commits/s 5247.32
aborts/s 339.96
ops/s 5587.27

commits/s 5235.08
aborts/s 326.94
ops/s 5562.02

commits/s 5303.30
aborts/s 380.95
ops/s 5684.25

commits/s 5372.41
aborts/s 327.96
ops/s 5700.38

commits/s 5191.27
aborts/s 326.95
ops/s 5518.22

commits/s 5256.25
aborts/s 308.96
ops/s 5565.21

commits/s 5230.46
aborts/s 319.97
ops/s 5550.43

commits/s 5451.05
aborts/s 372.94
ops/s 5823.99

commits/s 5132.26
aborts/s 348.95
ops/s 5481.21

commits/s 5249.46
aborts/s 318.97
ops/s 5568.43

commits/s 5409.44
aborts/s 381.96
ops/s 5791.40

commits/s 5454.23
aborts/s 333.95
ops/s 5788.18

commits/s 5369.52
aborts/s 391.97
ops/s 5761.49

commits/s 5027.26
aborts/s 357.95
ops/s 5385.21

commits/s 5287.43
aborts/s 355.96
ops/s 5643.40

commits/s 5190.51
aborts/s 334.97
ops/s 5525.48

commits/s 5366.37
aborts/s 388.95
ops/s 5755.33

commits/s 5315.23
aborts/s 327.95
ops/s 5643.18

commits/s 5412.72
aborts/s 336.98
ops/s 5749.71

commits/s 5487.40
aborts/s 386.96
ops/s 5874.36

commits/s 5274.62
aborts/s 343.98
ops/s 5618.60

commits/s 5238.43
aborts/s 363.96
ops/s 5602.39

commits/s 3720.18
aborts/s 257.87
ops/s 3978.06

commits/s 0.00
aborts/s 0.00
ops/s 0.00

