woundwait
Starting KVS server on :8080
commits/s 0.00
aborts/s 0.00
ops/s 0.00

commits/s 0.00
aborts/s 0.00
ops/s 0.00

commits/s 0.00
aborts/s 0.00
ops/s 0.00

commits/s 0.00
aborts/s 0.00
ops/s 0.00

commits/s 1742.88
aborts/s 93.99
ops/s 1836.87

commits/s 5244.94
aborts/s 373.92
ops/s 5618.86

commits/s 5247.38
aborts/s 390.95
ops/s 5638.34

commits/s 5031.40
aborts/s 352.96
ops/s 5384.35

commits/s 5094.14
aborts/s 350.94
ops/s 5445.08

commits/s 5270.51
aborts/s 360.97
ops/s 5631.48

commits/s 5103.43
aborts/s 309.97
ops/s 5413.39

commits/s 5277.49
aborts/s 408.96
ops/s 5686.45

commits/s 5431.29
aborts/s 355.95
ops/s 5787.24

commits/s 5270.15
aborts/s 346.94
ops/s 5617.09

commits/s 5158.12
aborts/s 319.95
ops/s 5478.06

commits/s 5396.37
aborts/s 380.96
ops/s 5777.32

commits/s 5275.05
aborts/s 421.92
ops/s 5696.97

commits/s 5093.32
aborts/s 413.94
ops/s 5507.26

commits/s 5284.31
aborts/s 327.96
ops/s 5612.27

commits/s 5409.41
aborts/s 384.96
ops/s 5794.37

commits/s 5071.27
aborts/s 345.95
ops/s 5417.22

commits/s 5215.09
aborts/s 318.94
ops/s 5534.04

commits/s 5250.46
aborts/s 375.96
ops/s 5626.43

commits/s 5290.03
aborts/s 365.93
ops/s 5655.96

commits/s 5312.25
aborts/s 368.95
ops/s 5681.19

commits/s 5213.61
aborts/s 375.97
ops/s 5589.58

commits/s 5373.40
aborts/s 371.96
ops/s 5745.35

commits/s 5492.25
aborts/s 331.95
ops/s 5824.21

commits/s 5322.40
aborts/s 345.96
ops/s 5668.36

commits/s 4962.41
aborts/s 370.96
ops/s 5333.36

commits/s 5336.13
aborts/s 362.94
ops/s 5699.07

commits/s 5227.27
aborts/s 384.95
ops/s 5612.22

commits/s 5159.43
aborts/s 335.96
ops/s 5495.39

commits/s 5185.42
aborts/s 374.96
ops/s 5560.38

commits/s 3074.73
aborts/s 198.85
ops/s 3273.58

commits/s 0.00
aborts/s 0.00
ops/s 0.00

