woundwait
Starting KVS server on :8080
commits/s 0.00
aborts/s 0.00
ops/s 0.00

commits/s 0.00
aborts/s 0.00
ops/s 0.00

commits/s 0.00
aborts/s 0.00
ops/s 0.00

commits/s 0.00
aborts/s 0.00
ops/s 0.00

commits/s 1583.51
aborts/s 78.98
ops/s 1662.48

commits/s 5221.29
aborts/s 358.95
ops/s 5580.24

commits/s 5167.35
aborts/s 412.95
ops/s 5580.30

commits/s 5353.88
aborts/s 358.86
ops/s 5712.74

commits/s 5196.00
aborts/s 300.94
ops/s 5496.94

commits/s 5323.27
aborts/s 330.95
ops/s 5654.23

commits/s 5344.46
aborts/s 374.96
ops/s 5719.43

commits/s 5300.49
aborts/s 362.97
ops/s 5663.45

commits/s 5364.49
aborts/s 318.97
ops/s 5683.46

commits/s 5150.46
aborts/s 381.96
ops/s 5532.42

commits/s 5089.10
aborts/s 378.93
ops/s 5468.04

commits/s 5335.07
aborts/s 364.94
ops/s 5700.01

commits/s 5362.44
aborts/s 306.97
ops/s 5669.41

commits/s 5326.34
aborts/s 359.96
ops/s 5686.30

commits/s 5507.37
aborts/s 414.95
ops/s 5922.33

commits/s 5575.78
aborts/s 386.92
ops/s 5962.69

commits/s 5580.13
aborts/s 300.95
ops/s 5881.09

commits/s 5255.22
aborts/s 346.95
ops/s 5602.17

commits/s 5387.53
aborts/s 348.97
ops/s 5736.50

commits/s 5125.12
aborts/s 329.94
ops/s 5455.07

commits/s 5366.11
aborts/s 340.94
ops/s 5707.05

commits/s 5194.27
aborts/s 372.95
ops/s 5567.22

commits/s 5196.50
aborts/s 362.97
ops/s 5559.46

commits/s 5331.42
aborts/s 439.95
ops/s 5771.37

commits/s 5292.23
aborts/s 356.95
ops/s 5649.18

commits/s 5246.32
aborts/s 366.95
ops/s 5613.27

commits/s 5274.38
aborts/s 371.96
ops/s 5646.34

commits/s 5340.45
aborts/s 303.97
ops/s 5644.42

commits/s 5142.70
aborts/s 376.90
ops/s 5519.61

commits/s 5247.16
aborts/s 371.94
ops/s 5619.10

commits/s 3321.55
aborts/s 222.90
ops/s 3544.45

