woundwait
Starting KVS server on :8080
commits/s 0.00
aborts/s 0.00
ops/s 0.00

commits/s 0.00
aborts/s 0.00
ops/s 0.00

commits/s 0.00
aborts/s 0.00
ops/s 0.00

commits/s 0.00
aborts/s 0.00
ops/s 0.00

commits/s 643.73
aborts/s 0.00
ops/s 643.73

commits/s 4241.12
aborts/s 0.00
ops/s 4241.12

commits/s 4263.52
aborts/s 0.00
ops/s 4263.52

commits/s 4241.55
aborts/s 0.00
ops/s 4241.55

commits/s 4242.55
aborts/s 0.00
ops/s 4242.55

commits/s 4139.30
aborts/s 0.00
ops/s 4139.30

commits/s 4295.36
aborts/s 0.00
ops/s 4295.36

commits/s 4308.35
aborts/s 0.00
ops/s 4308.35

commits/s 4200.44
aborts/s 0.00
ops/s 4200.44

commits/s 4282.45
aborts/s 0.00
ops/s 4282.45

commits/s 4109.21
aborts/s 0.00
ops/s 4109.21

commits/s 4227.37
aborts/s 0.00
ops/s 4227.37

commits/s 4315.33
aborts/s 0.00
ops/s 4315.33

commits/s 4238.63
aborts/s 0.00
ops/s 4238.63

commits/s 4335.16
aborts/s 0.00
ops/s 4335.16

commits/s 4368.64
aborts/s 0.00
ops/s 4368.64

commits/s 4169.39
aborts/s 1.00
ops/s 4170.39

commits/s 4382.15
aborts/s 0.00
ops/s 4382.15

commits/s 4255.21
aborts/s 0.00
ops/s 4255.21

commits/s 4109.60
aborts/s 0.00
ops/s 4109.60

commits/s 4169.05
aborts/s 0.00
ops/s 4169.05

commits/s 4041.59
aborts/s 0.00
ops/s 4041.59

commits/s 4040.71
aborts/s 0.00
ops/s 4040.71

commits/s 4157.35
aborts/s 0.00
ops/s 4157.35

commits/s 4256.34
aborts/s 0.00
ops/s 4256.34

commits/s 4261.66
aborts/s 0.00
ops/s 4261.66

commits/s 4260.44
aborts/s 0.00
ops/s 4260.44

commits/s 4245.15
aborts/s 0.00
ops/s 4245.15

commits/s 4232.43
aborts/s 0.00
ops/s 4232.43

commits/s 4331.36
aborts/s 0.00
ops/s 4331.36

commits/s 3172.10
aborts/s 0.00
ops/s 3172.10

