woundwait
Starting KVS server on :8080
commits/s 0.00
aborts/s 0.00
ops/s 0.00

commits/s 0.00
aborts/s 0.00
ops/s 0.00

commits/s 0.00
aborts/s 0.00
ops/s 0.00

commits/s 0.00
aborts/s 0.00
ops/s 0.00

commits/s 54.99
aborts/s 0.00
ops/s 54.99

commits/s 4441.68
aborts/s 0.00
ops/s 4441.68

commits/s 4231.52
aborts/s 0.00
ops/s 4231.52

commits/s 4231.45
aborts/s 0.00
ops/s 4231.45

commits/s 4238.36
aborts/s 0.00
ops/s 4238.36

commits/s 4207.49
aborts/s 0.00
ops/s 4207.49

commits/s 4306.35
aborts/s 0.00
ops/s 4306.35

commits/s 4233.56
aborts/s 0.00
ops/s 4233.56

commits/s 4227.52
aborts/s 0.00
ops/s 4227.52

commits/s 4375.23
aborts/s 0.00
ops/s 4375.23

commits/s 4144.71
aborts/s 0.00
ops/s 4144.71

commits/s 4235.37
aborts/s 0.00
ops/s 4235.37

commits/s 4306.45
aborts/s 1.00
ops/s 4307.45

commits/s 4230.66
aborts/s 0.00
ops/s 4230.66

commits/s 4290.52
aborts/s 0.00
ops/s 4290.52

commits/s 4282.68
aborts/s 0.00
ops/s 4282.68

commits/s 4194.70
aborts/s 0.00
ops/s 4194.70

commits/s 4294.46
aborts/s 0.00
ops/s 4294.46

commits/s 4343.63
aborts/s 0.00
ops/s 4343.63

commits/s 4204.67
aborts/s 0.00
ops/s 4204.67

commits/s 4242.70
aborts/s 0.00
ops/s 4242.70

commits/s 4214.63
aborts/s 0.00
ops/s 4214.63

commits/s 4058.64
aborts/s 0.00
ops/s 4058.64

commits/s 4202.57
aborts/s 0.00
ops/s 4202.57

commits/s 4388.35
aborts/s 0.00
ops/s 4388.35

commits/s 4297.59
aborts/s 0.00
ops/s 4297.59

commits/s 4159.63
aborts/s 0.00
ops/s 4159.63

commits/s 4261.44
aborts/s 0.00
ops/s 4261.44

commits/s 4361.67
aborts/s 0.00
ops/s 4361.67

commits/s 4253.58
aborts/s 0.00
ops/s 4253.58

commits/s 3732.40
aborts/s 0.00
ops/s 3732.40

commits/s 0.00
aborts/s 0.00
ops/s 0.00

