woundwait
Starting KVS server on :8080
commits/s 0.00
aborts/s 0.00
ops/s 0.00

commits/s 0.00
aborts/s 0.00
ops/s 0.00

commits/s 0.00
aborts/s 0.00
ops/s 0.00

commits/s 0.00
aborts/s 0.00
ops/s 0.00

commits/s 0.00
aborts/s 0.00
ops/s 0.00

commits/s 4167.46
aborts/s 0.00
ops/s 4167.46

commits/s 4367.45
aborts/s 0.00
ops/s 4367.45

commits/s 4282.12
aborts/s 0.00
ops/s 4282.12

commits/s 4285.46
aborts/s 0.00
ops/s 4285.46

commits/s 4218.13
aborts/s 0.00
ops/s 4218.13

commits/s 4306.41
aborts/s 0.00
ops/s 4306.41

commits/s 4358.49
aborts/s 0.00
ops/s 4358.49

commits/s 4351.37
aborts/s 0.00
ops/s 4351.37

commits/s 4272.41
aborts/s 0.00
ops/s 4272.41

commits/s 4076.98
aborts/s 0.00
ops/s 4076.98

commits/s 4280.73
aborts/s 0.00
ops/s 4280.73

commits/s 4332.22
aborts/s 0.00
ops/s 4332.22

commits/s 4239.45
aborts/s 0.00
ops/s 4239.45

commits/s 4338.39
aborts/s 0.00
ops/s 4338.39

commits/s 4344.34
aborts/s 0.00
ops/s 4344.34

commits/s 4334.96
aborts/s 0.00
ops/s 4334.96

commits/s 4373.24
aborts/s 0.00
ops/s 4373.24

commits/s 4397.68
aborts/s 0.00
ops/s 4397.68

commits/s 4300.53
aborts/s 0.00
ops/s 4300.53

commits/s 4177.31
aborts/s 0.00
ops/s 4177.31

commits/s 4166.23
aborts/s 0.00
ops/s 4166.23

commits/s 4159.67
aborts/s 0.00
ops/s 4159.67

commits/s 4187.39
aborts/s 0.00
ops/s 4187.39

commits/s 4312.66
aborts/s 0.00
ops/s 4312.66

commits/s 4241.67
aborts/s 0.00
ops/s 4241.67

commits/s 4223.63
aborts/s 0.00
ops/s 4223.63

commits/s 4278.56
aborts/s 0.00
ops/s 4278.56

commits/s 4321.36
aborts/s 0.00
ops/s 4321.36

commits/s 4219.57
aborts/s 0.00
ops/s 4219.57

commits/s 3975.22
aborts/s 1.00
ops/s 3976.22

commits/s 0.00
aborts/s 0.00
ops/s 0.00

