nowait
Starting KVS server on :8080
commits/s 0.00
aborts/s 0.00
ops/s 0.00

commits/s 0.00
aborts/s 0.00
ops/s 0.00

commits/s 0.00
aborts/s 0.00
ops/s 0.00

commits/s 0.00
aborts/s 0.00
ops/s 0.00

commits/s 1132.86
aborts/s 0.00
ops/s 1132.86

commits/s 5521.79
aborts/s 0.00
ops/s 5521.79

commits/s 5539.60
aborts/s 0.00
ops/s 5539.60

commits/s 5583.70
aborts/s 0.00
ops/s 5583.70

commits/s 5533.36
aborts/s 0.00
ops/s 5533.36

commits/s 5667.74
aborts/s 0.00
ops/s 5667.74

commits/s 5637.46
aborts/s 0.00
ops/s 5637.46

commits/s 5600.55
aborts/s 0.00
ops/s 5600.55

commits/s 5485.17
aborts/s 0.00
ops/s 5485.17

commits/s 5656.24
aborts/s 0.00
ops/s 5656.24

commits/s 5539.93
aborts/s 0.00
ops/s 5539.93

commits/s 5610.27
aborts/s 0.00
ops/s 5610.27

commits/s 5635.27
aborts/s 0.00
ops/s 5635.27

commits/s 5708.00
aborts/s 0.00
ops/s 5708.00

commits/s 5648.40
aborts/s 0.00
ops/s 5648.40

commits/s 5605.09
aborts/s 0.00
ops/s 5605.09

commits/s 5697.73
aborts/s 0.00
ops/s 5697.73

commits/s 5691.51
aborts/s 0.00
ops/s 5691.51

commits/s 5673.86
aborts/s 0.00
ops/s 5673.86

commits/s 5613.02
aborts/s 0.00
ops/s 5613.02

commits/s 5620.57
aborts/s 0.00
ops/s 5620.57

commits/s 5650.70
aborts/s 0.00
ops/s 5650.70

commits/s 5505.75
aborts/s 0.00
ops/s 5505.75

commits/s 5474.20
aborts/s 0.00
ops/s 5474.20

commits/s 5487.21
aborts/s 0.00
ops/s 5487.21

commits/s 5625.71
aborts/s 0.00
ops/s 5625.71

commits/s 5581.60
aborts/s 0.00
ops/s 5581.60

commits/s 5766.36
aborts/s 0.00
ops/s 5766.36

commits/s 5632.03
aborts/s 0.00
ops/s 5632.03

commits/s 5668.40
aborts/s 0.00
ops/s 5668.40

commits/s 3802.93
aborts/s 0.00
ops/s 3802.93

