nowait
Starting KVS server on :8080
commits/s 0.00
aborts/s 0.00
ops/s 0.00

commits/s 0.00
aborts/s 0.00
ops/s 0.00

commits/s 0.00
aborts/s 0.00
ops/s 0.00

commits/s 0.00
aborts/s 0.00
ops/s 0.00

commits/s 0.00
aborts/s 0.00
ops/s 0.00

commits/s 4987.24
aborts/s 0.00
ops/s 4987.24

commits/s 5567.07
aborts/s 0.00
ops/s 5567.07

commits/s 5647.31
aborts/s 0.00
ops/s 5647.31

commits/s 5702.12
aborts/s 0.00
ops/s 5702.12

commits/s 5632.35
aborts/s 0.00
ops/s 5632.35

commits/s 5707.20
aborts/s 0.00
ops/s 5707.20

commits/s 5657.11
aborts/s 0.00
ops/s 5657.11

commits/s 5671.11
aborts/s 0.00
ops/s 5671.11

commits/s 5572.05
aborts/s 0.00
ops/s 5572.05

commits/s 5596.80
aborts/s 0.00
ops/s 5596.80

commits/s 5679.25
aborts/s 0.00
ops/s 5679.25

commits/s 5576.38
aborts/s 0.00
ops/s 5576.38

commits/s 5626.43
aborts/s 0.00
ops/s 5626.43

commits/s 5633.12
aborts/s 0.00
ops/s 5633.12

commits/s 5588.42
aborts/s 0.00
ops/s 5588.42

commits/s 5537.69
aborts/s 0.00
ops/s 5537.69

commits/s 5502.17
aborts/s 0.00
ops/s 5502.17

commits/s 5684.44
aborts/s 0.00
ops/s 5684.44

commits/s 5626.31
aborts/s 0.00
ops/s 5626.31

commits/s 5683.42
aborts/s 0.00
ops/s 5683.42

commits/s 5664.42
aborts/s 0.00
ops/s 5664.42

commits/s 5706.31
aborts/s 0.00
ops/s 5706.31

commits/s 5609.08
aborts/s 0.00
ops/s 5609.08

commits/s 5601.35
aborts/s 0.00
ops/s 5601.35

commits/s 5517.34
aborts/s 0.00
ops/s 5517.34

commits/s 5660.21
aborts/s 0.00
ops/s 5660.21

commits/s 5675.53
aborts/s 0.00
ops/s 5675.53

commits/s 5586.14
aborts/s 0.00
ops/s 5586.14

commits/s 5638.45
aborts/s 0.00
ops/s 5638.45

commits/s 5620.20
aborts/s 0.00
ops/s 5620.20

commits/s 19.99
aborts/s 0.00
ops/s 19.99

