nowait
Starting KVS server on :8080
commits/s 0.00
aborts/s 0.00
ops/s 0.00

commits/s 0.00
aborts/s 0.00
ops/s 0.00

commits/s 0.00
aborts/s 0.00
ops/s 0.00

commits/s 0.00
aborts/s 0.00
ops/s 0.00

commits/s 1213.64
aborts/s 0.00
ops/s 1213.64

commits/s 5581.30
aborts/s 0.00
ops/s 5581.30

commits/s 5675.30
aborts/s 0.00
ops/s 5675.30

commits/s 5641.22
aborts/s 0.00
ops/s 5641.22

commits/s 5555.58
aborts/s 0.00
ops/s 5555.58

commits/s 5523.13
aborts/s 0.00
ops/s 5523.13

commits/s 5743.34
aborts/s 0.00
ops/s 5743.34

commits/s 5583.98
aborts/s 0.00
ops/s 5583.98

commits/s 5692.80
aborts/s 0.00
ops/s 5692.80

commits/s 5675.19
aborts/s 0.00
ops/s 5675.19

commits/s 5645.46
aborts/s 0.00
ops/s 5645.46

commits/s 5557.38
aborts/s 0.00
ops/s 5557.38

commits/s 5613.36
aborts/s 0.00
ops/s 5613.36

commits/s 5648.54
aborts/s 0.00
ops/s 5648.54

commits/s 5563.27
aborts/s 0.00
ops/s 5563.27

commits/s 5656.18
aborts/s 0.00
ops/s 5656.18

commits/s 5728.25
aborts/s 0.00
ops/s 5728.25

commits/s 5802.46
aborts/s 0.00
ops/s 5802.46

commits/s 5600.21
aborts/s 0.00
ops/s 5600.21

commits/s 5638.38
aborts/s 0.00
ops/s 5638.38

commits/s 5573.38
aborts/s 0.00
ops/s 5573.38

commits/s 5674.27
aborts/s 0.00
ops/s 5674.27

commits/s 5485.12
aborts/s 0.00
ops/s 5485.12

commits/s 5622.37
aborts/s 0.00
ops/s 5622.37

commits/s 5494.36
aborts/s 0.00
ops/s 5494.36

commits/s 5421.22
aborts/s 0.00
ops/s 5421.22

commits/s 5495.46
aborts/s 0.00
ops/s 5495.46

commits/s 5592.29
aborts/s 0.00
ops/s 5592.29

commits/s 5693.57
aborts/s 0.00
ops/s 5693.57

commits/s 5650.32
aborts/s 0.00
ops/s 5650.32

commits/s 3725.06
aborts/s 0.00
ops/s 3725.06

