nowait
Starting KVS server on :8080
commits/s 0.00
aborts/s 0.00
ops/s 0.00

commits/s 0.00
aborts/s 0.00
ops/s 0.00

commits/s 0.00
aborts/s 0.00
ops/s 0.00

commits/s 0.00
aborts/s 0.00
ops/s 0.00

commits/s 0.00
aborts/s 0.00
ops/s 0.00

commits/s 8280.49
aborts/s 442.97
ops/s 8723.46

commits/s 8662.04
aborts/s 507.94
ops/s 9169.98

commits/s 8805.74
aborts/s 480.93
ops/s 9286.67

commits/s 8774.76
aborts/s 434.94
ops/s 9209.70

commits/s 8990.38
aborts/s 454.92
ops/s 9445.30

commits/s 9020.51
aborts/s 433.93
ops/s 9454.44

commits/s 8722.86
aborts/s 507.93
ops/s 9230.79

commits/s 9020.36
aborts/s 435.92
ops/s 9456.28

commits/s 8985.07
aborts/s 431.96
ops/s 9417.03

commits/s 8821.08
aborts/s 448.95
ops/s 9270.04

commits/s 8859.54
aborts/s 478.92
ops/s 9338.47

commits/s 8808.62
aborts/s 532.92
ops/s 9341.54

commits/s 8664.75
aborts/s 543.92
ops/s 9208.67

commits/s 9026.40
aborts/s 464.92
ops/s 9491.32

commits/s 8995.09
aborts/s 495.95
ops/s 9491.04

commits/s 8632.22
aborts/s 497.95
ops/s 9130.17

commits/s 8630.85
aborts/s 513.93
ops/s 9144.78

commits/s 8889.11
aborts/s 484.95
ops/s 9374.07

commits/s 8807.31
aborts/s 488.85
ops/s 9296.16

commits/s 8822.62
aborts/s 564.91
ops/s 9387.53

commits/s 8705.83
aborts/s 492.93
ops/s 9198.77

commits/s 9065.97
aborts/s 485.94
ops/s 9551.91

commits/s 8925.37
aborts/s 454.97
ops/s 9380.34

commits/s 8701.51
aborts/s 527.91
ops/s 9229.42

commits/s 8842.58
aborts/s 477.92
ops/s 9320.50

commits/s 8881.95
aborts/s 480.94
ops/s 9362.89

commits/s 8866.84
aborts/s 497.93
ops/s 9364.78

commits/s 8893.72
aborts/s 566.92
ops/s 9460.64

commits/s 8680.08
aborts/s 478.95
ops/s 9159.03

commits/s 8576.94
aborts/s 465.62
ops/s 9042.55

commits/s 0.00
aborts/s 0.00
ops/s 0.00

