nowait
Starting KVS server on :8080
commits/s 0.00
aborts/s 0.00
ops/s 0.00

commits/s 0.00
aborts/s 0.00
ops/s 0.00

commits/s 0.00
aborts/s 0.00
ops/s 0.00

commits/s 0.00
aborts/s 0.00
ops/s 0.00

commits/s 2052.55
aborts/s 152.97
ops/s 2205.52

commits/s 8875.68
aborts/s 457.93
ops/s 9333.62

commits/s 8795.98
aborts/s 467.95
ops/s 9263.93

commits/s 8976.01
aborts/s 438.95
ops/s 9414.96

commits/s 8839.01
aborts/s 431.95
ops/s 9270.96

commits/s 9069.98
aborts/s 425.95
ops/s 9495.93

commits/s 8817.19
aborts/s 466.90
ops/s 9284.09

commits/s 8814.66
aborts/s 405.94
ops/s 9220.60

commits/s 8921.99
aborts/s 501.94
ops/s 9423.94

commits/s 8961.75
aborts/s 546.92
ops/s 9508.68

commits/s 8804.79
aborts/s 440.94
ops/s 9245.73

commits/s 8830.70
aborts/s 486.93
ops/s 9317.62

commits/s 8920.28
aborts/s 527.96
ops/s 9448.24

commits/s 8846.83
aborts/s 423.94
ops/s 9270.78

commits/s 8836.47
aborts/s 468.97
ops/s 9305.44

commits/s 8746.26
aborts/s 477.91
ops/s 9224.17

commits/s 8745.03
aborts/s 451.95
ops/s 9196.97

commits/s 8991.69
aborts/s 442.94
ops/s 9434.63

commits/s 8903.15
aborts/s 485.90
ops/s 9389.04

commits/s 8701.46
aborts/s 477.92
ops/s 9179.38

commits/s 9187.00
aborts/s 475.95
ops/s 9662.95

commits/s 8990.93
aborts/s 357.96
ops/s 9348.89

commits/s 8889.90
aborts/s 545.93
ops/s 9435.83

commits/s 8810.89
aborts/s 477.94
ops/s 9288.83

commits/s 8874.99
aborts/s 540.94
ops/s 9415.93

commits/s 8817.86
aborts/s 536.87
ops/s 9354.73

commits/s 8956.66
aborts/s 430.94
ops/s 9387.59

commits/s 8732.11
aborts/s 461.95
ops/s 9194.06

commits/s 8971.10
aborts/s 409.96
ops/s 9381.06

commits/s 9115.82
aborts/s 452.94
ops/s 9568.76

commits/s 6191.38
aborts/s 314.92
ops/s 6506.30

commits/s 0.00
aborts/s 0.00
ops/s 0.00

