nowait
Starting KVS server on :8080
commits/s 0.00
aborts/s 0.00
ops/s 0.00

commits/s 0.00
aborts/s 0.00
ops/s 0.00

commits/s 0.00
aborts/s 0.00
ops/s 0.00

commits/s 0.00
aborts/s 0.00
ops/s 0.00

commits/s 1798.81
aborts/s 79.99
ops/s 1878.80

commits/s 8784.56
aborts/s 439.93
ops/s 9224.48

commits/s 8882.36
aborts/s 539.90
ops/s 9422.26

commits/s 8874.00
aborts/s 447.95
ops/s 9321.95

commits/s 9004.36
aborts/s 399.93
ops/s 9404.28

commits/s 8887.92
aborts/s 412.95
ops/s 9300.87

commits/s 8816.69
aborts/s 433.94
ops/s 9250.63

commits/s 9032.00
aborts/s 470.95
ops/s 9502.95

commits/s 9149.95
aborts/s 396.95
ops/s 9546.90

commits/s 8923.70
aborts/s 410.94
ops/s 9334.64

commits/s 8839.77
aborts/s 456.94
ops/s 9296.71

commits/s 8846.01
aborts/s 499.94
ops/s 9345.95

commits/s 8835.04
aborts/s 404.96
ops/s 9239.99

commits/s 8819.87
aborts/s 490.94
ops/s 9310.81

commits/s 9036.63
aborts/s 469.93
ops/s 9506.56

commits/s 8572.19
aborts/s 485.90
ops/s 9058.09

commits/s 8962.94
aborts/s 469.94
ops/s 9432.88

commits/s 8852.91
aborts/s 469.94
ops/s 9322.85

commits/s 8793.69
aborts/s 517.92
ops/s 9311.61

commits/s 9002.09
aborts/s 462.95
ops/s 9465.04

commits/s 8951.20
aborts/s 465.96
ops/s 9417.16

commits/s 8917.01
aborts/s 480.95
ops/s 9397.96

commits/s 9052.15
aborts/s 500.95
ops/s 9553.10

commits/s 8924.19
aborts/s 501.90
ops/s 9426.09

commits/s 9127.89
aborts/s 519.88
ops/s 9647.77

commits/s 8696.98
aborts/s 534.94
ops/s 9231.92

commits/s 8873.97
aborts/s 407.95
ops/s 9281.92

commits/s 8874.97
aborts/s 478.94
ops/s 9353.91

commits/s 8908.10
aborts/s 527.95
ops/s 9436.05

commits/s 8746.14
aborts/s 534.95
ops/s 9281.09

commits/s 6335.46
aborts/s 318.72
ops/s 6654.18

