waitdie
Starting KVS server on :8080
commits/s 0.00
aborts/s 0.00
ops/s 0.00

commits/s 0.00
aborts/s 0.00
ops/s 0.00

commits/s 0.00
aborts/s 0.00
ops/s 0.00

commits/s 0.00
aborts/s 0.00
ops/s 0.00

commits/s 10.00
aborts/s 0.00
ops/s 10.00

commits/s 5573.58
aborts/s 0.00
ops/s 5573.58

commits/s 5451.16
aborts/s 0.00
ops/s 5451.16

commits/s 5469.33
aborts/s 0.00
ops/s 5469.33

commits/s 5395.02
aborts/s 0.00
ops/s 5395.02

commits/s 5589.31
aborts/s 0.00
ops/s 5589.31

commits/s 5464.39
aborts/s 0.00
ops/s 5464.39

commits/s 5389.36
aborts/s 0.00
ops/s 5389.36

commits/s 5343.21
aborts/s 0.00
ops/s 5343.21

commits/s 5476.52
aborts/s 0.00
ops/s 5476.52

commits/s 5454.36
aborts/s 0.00
ops/s 5454.36

commits/s 5476.23
aborts/s 0.00
ops/s 5476.23

commits/s 5419.43
aborts/s 0.00
ops/s 5419.43

commits/s 5491.30
aborts/s 0.00
ops/s 5491.30

commits/s 5633.46
aborts/s 0.00
ops/s 5633.46

commits/s 5388.40
aborts/s 0.00
ops/s 5388.40

commits/s 5620.87
aborts/s 0.00
ops/s 5620.87

commits/s 5290.56
aborts/s 0.00
ops/s 5290.56

commits/s 5371.27
aborts/s 0.00
ops/s 5371.27

commits/s 5425.35
aborts/s 0.00
ops/s 5425.35

commits/s 5504.75
aborts/s 0.00
ops/s 5504.75

commits/s 5610.80
aborts/s 0.00
ops/s 5610.80

commits/s 5517.49
aborts/s 0.00
ops/s 5517.49

commits/s 5486.30
aborts/s 0.00
ops/s 5486.30

commits/s 5375.47
aborts/s 0.00
ops/s 5375.47

commits/s 5483.27
aborts/s 0.00
ops/s 5483.27

commits/s 5484.55
aborts/s 0.00
ops/s 5484.55

commits/s 5445.48
aborts/s 0.00
ops/s 5445.48

commits/s 5588.53
aborts/s 0.00
ops/s 5588.53

commits/s 5579.04
aborts/s 0.00
ops/s 5579.04

commits/s 4684.65
aborts/s 0.00
ops/s 4684.65

commits/s 0.00
aborts/s 0.00
ops/s 0.00

