waitdie
Starting KVS server on :8080
commits/s 0.00
aborts/s 0.00
ops/s 0.00

commits/s 0.00
aborts/s 0.00
ops/s 0.00

commits/s 0.00
aborts/s 0.00
ops/s 0.00

commits/s 0.00
aborts/s 0.00
ops/s 0.00

commits/s 1117.93
aborts/s 0.00
ops/s 1117.93

commits/s 5447.37
aborts/s 0.00
ops/s 5447.37

commits/s 5508.10
aborts/s 0.00
ops/s 5508.10

commits/s 5501.10
aborts/s 0.00
ops/s 5501.10

commits/s 5304.17
aborts/s 0.00
ops/s 5304.17

commits/s 5500.42
aborts/s 0.00
ops/s 5500.42

commits/s 5506.46
aborts/s 0.00
ops/s 5506.46

commits/s 5507.25
aborts/s 0.00
ops/s 5507.25

commits/s 5189.47
aborts/s 0.00
ops/s 5189.47

commits/s 5624.00
aborts/s 0.00
ops/s 5624.00

commits/s 5460.58
aborts/s 0.00
ops/s 5460.58

commits/s 5507.37
aborts/s 0.00
ops/s 5507.37

commits/s 5547.58
aborts/s 0.00
ops/s 5547.58

commits/s 5472.15
aborts/s 0.00
ops/s 5472.15

commits/s 5457.68
aborts/s 0.00
ops/s 5457.68

commits/s 5568.18
aborts/s 0.00
ops/s 5568.18

commits/s 5443.02
aborts/s 0.00
ops/s 5443.02

commits/s 5153.64
aborts/s 0.00
ops/s 5153.64

commits/s 5443.28
aborts/s 0.00
ops/s 5443.28

commits/s 5653.55
aborts/s 0.00
ops/s 5653.55

commits/s 5506.27
aborts/s 0.00
ops/s 5506.27

commits/s 5534.37
aborts/s 0.00
ops/s 5534.37

commits/s 5392.02
aborts/s 0.00
ops/s 5392.02

commits/s 5608.80
aborts/s 0.00
ops/s 5608.80

commits/s 5580.80
aborts/s 0.00
ops/s 5580.80

commits/s 5551.24
aborts/s 0.00
ops/s 5551.24

commits/s 5566.07
aborts/s 0.00
ops/s 5566.07

commits/s 5562.57
aborts/s 0.00
ops/s 5562.57

commits/s 5374.69
aborts/s 0.00
ops/s 5374.69

commits/s 5370.51
aborts/s 0.00
ops/s 5370.51

commits/s 3923.41
aborts/s 0.00
ops/s 3923.41

