waitdie
Starting KVS server on :8080
commits/s 0.00
aborts/s 0.00
ops/s 0.00

commits/s 0.00
aborts/s 0.00
ops/s 0.00

commits/s 0.00
aborts/s 0.00
ops/s 0.00

commits/s 0.00
aborts/s 0.00
ops/s 0.00

commits/s 0.00
aborts/s 0.00
ops/s 0.00

commits/s 5294.36
aborts/s 0.00
ops/s 5294.36

commits/s 5488.28
aborts/s 0.00
ops/s 5488.28

commits/s 5488.25
aborts/s 0.00
ops/s 5488.25

commits/s 5450.17
aborts/s 0.00
ops/s 5450.17

commits/s 5539.35
aborts/s 0.00
ops/s 5539.35

commits/s 5492.42
aborts/s 0.00
ops/s 5492.42

commits/s 5471.38
aborts/s 0.00
ops/s 5471.38

commits/s 5304.97
aborts/s 0.00
ops/s 5304.97

commits/s 5484.57
aborts/s 0.00
ops/s 5484.57

commits/s 5578.26
aborts/s 0.00
ops/s 5578.26

commits/s 5458.44
aborts/s 0.00
ops/s 5458.44

commits/s 5443.20
aborts/s 0.00
ops/s 5443.20

commits/s 5590.39
aborts/s 0.00
ops/s 5590.39

commits/s 5653.47
aborts/s 0.00
ops/s 5653.47

commits/s 5515.92
aborts/s 0.00
ops/s 5515.92

commits/s 5455.32
aborts/s 0.00
ops/s 5455.32

commits/s 5281.62
aborts/s 0.00
ops/s 5281.62

commits/s 5368.45
aborts/s 0.00
ops/s 5368.45

commits/s 5357.48
aborts/s 0.00
ops/s 5357.48

commits/s 5437.37
aborts/s 0.00
ops/s 5437.37

commits/s 5739.29
aborts/s 0.00
ops/s 5739.29

commits/s 5555.40
aborts/s 0.00
ops/s 5555.40

commits/s 5609.45
aborts/s 0.00
ops/s 5609.45

commits/s 5475.18
aborts/s 0.00
ops/s 5475.18

commits/s 5444.23
aborts/s 0.00
ops/s 5444.23

commits/s 5559.41
aborts/s 0.00
ops/s 5559.41

commits/s 5539.41
aborts/s 0.00
ops/s 5539.41

commits/s 5723.41
aborts/s 0.00
ops/s 5723.41

commits/s 5627.49
aborts/s 0.00
ops/s 5627.49

commits/s 5284.99
aborts/s 0.00
ops/s 5284.99

commits/s 0.00
aborts/s 0.00
ops/s 0.00

