nowait
Starting KVS server on :8080
commits/s 0.00
aborts/s 0.00
ops/s 0.00

commits/s 0.00
aborts/s 0.00
ops/s 0.00

commits/s 0.00
aborts/s 0.00
ops/s 0.00

commits/s 0.00
aborts/s 0.00
ops/s 0.00

commits/s 45.00
aborts/s 0.00
ops/s 45.00

commits/s 5617.20
aborts/s 0.00
ops/s 5617.20

commits/s 5500.37
aborts/s 0.00
ops/s 5500.37

commits/s 5621.30
aborts/s 0.00
ops/s 5621.30

commits/s 5450.61
aborts/s 0.00
ops/s 5450.61

commits/s 5592.04
aborts/s 0.00
ops/s 5592.04

commits/s 5605.25
aborts/s 0.00
ops/s 5605.25

commits/s 5571.02
aborts/s 0.00
ops/s 5571.02

commits/s 5430.46
aborts/s 0.00
ops/s 5430.46

commits/s 5553.40
aborts/s 0.00
ops/s 5553.40

commits/s 5518.63
aborts/s 0.00
ops/s 5518.63

commits/s 5576.91
aborts/s 0.00
ops/s 5576.91

commits/s 5449.25
aborts/s 0.00
ops/s 5449.25

commits/s 5670.53
aborts/s 0.00
ops/s 5670.53

commits/s 5533.46
aborts/s 0.00
ops/s 5533.46

commits/s 5403.25
aborts/s 0.00
ops/s 5403.25

commits/s 5170.42
aborts/s 0.00
ops/s 5170.42

commits/s 5530.27
aborts/s 0.00
ops/s 5530.27

commits/s 5672.46
aborts/s 0.00
ops/s 5672.46

commits/s 5431.51
aborts/s 0.00
ops/s 5431.51

commits/s 5480.45
aborts/s 0.00
ops/s 5480.45

commits/s 5595.41
aborts/s 0.00
ops/s 5595.41

commits/s 5520.10
aborts/s 0.00
ops/s 5520.10

commits/s 5451.32
aborts/s 0.00
ops/s 5451.32

commits/s 5495.46
aborts/s 0.00
ops/s 5495.46

commits/s 5552.28
aborts/s 1.00
ops/s 5553.28

commits/s 5621.39
aborts/s 0.00
ops/s 5621.39

commits/s 5624.39
aborts/s 0.00
ops/s 5624.39

commits/s 5526.28
aborts/s 0.00
ops/s 5526.28

commits/s 5512.93
aborts/s 0.00
ops/s 5512.93

commits/s 5390.06
aborts/s 0.00
ops/s 5390.06

commits/s 0.00
aborts/s 0.00
ops/s 0.00

