nowait
Starting KVS server on :8080
commits/s 0.00
aborts/s 0.00
ops/s 0.00

commits/s 0.00
aborts/s 0.00
ops/s 0.00

commits/s 0.00
aborts/s 0.00
ops/s 0.00

commits/s 0.00
aborts/s 0.00
ops/s 0.00

commits/s 0.00
aborts/s 0.00
ops/s 0.00

commits/s 5474.58
aborts/s 0.00
ops/s 5474.58

commits/s 5551.56
aborts/s 0.00
ops/s 5551.56

commits/s 5581.32
aborts/s 0.00
ops/s 5581.32

commits/s 5493.46
aborts/s 0.00
ops/s 5493.46

commits/s 5699.25
aborts/s 0.00
ops/s 5699.25

commits/s 5649.38
aborts/s 1.00
ops/s 5650.38

commits/s 5638.41
aborts/s 0.00
ops/s 5638.41

commits/s 5233.93
aborts/s 0.00
ops/s 5233.93

commits/s 5593.13
aborts/s 0.00
ops/s 5593.13

commits/s 5538.54
aborts/s 1.00
ops/s 5539.54

commits/s 5677.33
aborts/s 0.00
ops/s 5677.33

commits/s 5542.36
aborts/s 0.00
ops/s 5542.36

commits/s 5573.46
aborts/s 0.00
ops/s 5573.46

commits/s 5395.54
aborts/s 0.00
ops/s 5395.54

commits/s 5408.57
aborts/s 0.00
ops/s 5408.57

commits/s 5329.47
aborts/s 0.00
ops/s 5329.47

commits/s 5499.32
aborts/s 0.00
ops/s 5499.32

commits/s 5626.57
aborts/s 0.00
ops/s 5626.57

commits/s 5552.96
aborts/s 0.00
ops/s 5552.96

commits/s 5516.28
aborts/s 0.00
ops/s 5516.28

commits/s 5714.36
aborts/s 0.00
ops/s 5714.36

commits/s 5685.44
aborts/s 0.00
ops/s 5685.44

commits/s 5570.20
aborts/s 1.00
ops/s 5571.20

commits/s 5428.24
aborts/s 0.00
ops/s 5428.24

commits/s 5496.77
aborts/s 0.00
ops/s 5496.77

commits/s 5577.50
aborts/s 0.00
ops/s 5577.50

commits/s 5475.47
aborts/s 2.00
ops/s 5477.47

commits/s 5526.34
aborts/s 0.00
ops/s 5526.34

commits/s 5486.08
aborts/s 0.00
ops/s 5486.08

commits/s 5551.30
aborts/s 1.00
ops/s 5552.30

commits/s 118.97
aborts/s 0.00
ops/s 118.97

