nowait
Starting KVS server on :8080
commits/s 0.00
aborts/s 0.00
ops/s 0.00

commits/s 0.00
aborts/s 0.00
ops/s 0.00

commits/s 0.00
aborts/s 0.00
ops/s 0.00

commits/s 0.00
aborts/s 0.00
ops/s 0.00

commits/s 2120.46
aborts/s 0.00
ops/s 2120.46

commits/s 5565.56
aborts/s 0.00
ops/s 5565.56

commits/s 5543.28
aborts/s 0.00
ops/s 5543.28

commits/s 5612.43
aborts/s 0.00
ops/s 5612.43

commits/s 5493.24
aborts/s 0.00
ops/s 5493.24

commits/s 5597.31
aborts/s 1.00
ops/s 5598.31

commits/s 5480.36
aborts/s 0.00
ops/s 5480.36

commits/s 5434.57
aborts/s 0.00
ops/s 5434.57

commits/s 5569.38
aborts/s 0.00
ops/s 5569.38

commits/s 5599.15
aborts/s 1.00
ops/s 5600.15

commits/s 5612.55
aborts/s 0.00
ops/s 5612.55

commits/s 5557.28
aborts/s 0.00
ops/s 5557.28

commits/s 5586.78
aborts/s 0.00
ops/s 5586.78

commits/s 5496.33
aborts/s 0.00
ops/s 5496.33

commits/s 5446.48
aborts/s 0.00
ops/s 5446.48

commits/s 5269.20
aborts/s 0.00
ops/s 5269.20

commits/s 5292.03
aborts/s 0.00
ops/s 5292.03

commits/s 5445.40
aborts/s 0.00
ops/s 5445.40

commits/s 5568.59
aborts/s 0.00
ops/s 5568.59

commits/s 5617.14
aborts/s 0.00
ops/s 5617.14

commits/s 5509.47
aborts/s 0.00
ops/s 5509.47

commits/s 5478.18
aborts/s 0.00
ops/s 5478.18

commits/s 5566.46
aborts/s 0.00
ops/s 5566.46

commits/s 5583.62
aborts/s 0.00
ops/s 5583.62

commits/s 5473.37
aborts/s 0.00
ops/s 5473.37

commits/s 5504.16
aborts/s 0.00
ops/s 5504.16

commits/s 5512.16
aborts/s 0.00
ops/s 5512.16

commits/s 5599.57
aborts/s 1.00
ops/s 5600.57

commits/s 5659.02
aborts/s 1.00
ops/s 5660.02

commits/s 5436.39
aborts/s 0.00
ops/s 5436.39

commits/s 3371.90
aborts/s 0.00
ops/s 3371.90

commits/s 0.00
aborts/s 0.00
ops/s 0.00

