nowait
Starting KVS server on :8080
commits/s 0.00
aborts/s 0.00
ops/s 0.00

commits/s 0.00
aborts/s 0.00
ops/s 0.00

commits/s 0.00
aborts/s 0.00
ops/s 0.00

commits/s 0.00
aborts/s 0.00
ops/s 0.00

commits/s 110.99
aborts/s 0.00
ops/s 110.99

commits/s 5635.66
aborts/s 0.00
ops/s 5635.66

commits/s 5476.23
aborts/s 0.00
ops/s 5476.23

commits/s 5612.16
aborts/s 0.00
ops/s 5612.16

commits/s 5683.28
aborts/s 0.00
ops/s 5683.28

commits/s 5498.22
aborts/s 0.00
ops/s 5498.22

commits/s 5617.62
aborts/s 0.00
ops/s 5617.62

commits/s 5751.05
aborts/s 0.00
ops/s 5751.05

commits/s 5590.22
aborts/s 0.00
ops/s 5590.22

commits/s 5651.05
aborts/s 0.00
ops/s 5651.05

commits/s 5552.30
aborts/s 0.00
ops/s 5552.30

commits/s 5606.17
aborts/s 0.00
ops/s 5606.17

commits/s 5506.23
aborts/s 0.00
ops/s 5506.23

commits/s 5646.25
aborts/s 0.00
ops/s 5646.25

commits/s 5590.40
aborts/s 0.00
ops/s 5590.40

commits/s 5530.34
aborts/s 0.00
ops/s 5530.34

commits/s 5571.98
aborts/s 0.00
ops/s 5571.98

commits/s 5653.85
aborts/s 0.00
ops/s 5653.85

commits/s 5615.54
aborts/s 0.00
ops/s 5615.54

commits/s 5635.34
aborts/s 0.00
ops/s 5635.34

commits/s 5585.49
aborts/s 0.00
ops/s 5585.49

commits/s 5723.16
aborts/s 0.00
ops/s 5723.16

commits/s 5672.13
aborts/s 0.00
ops/s 5672.13

commits/s 5553.48
aborts/s 0.00
ops/s 5553.48

commits/s 5554.29
aborts/s 0.00
ops/s 5554.29

commits/s 5626.97
aborts/s 0.00
ops/s 5626.97

commits/s 5695.42
aborts/s 0.00
ops/s 5695.42

commits/s 5655.33
aborts/s 0.00
ops/s 5655.33

commits/s 5660.25
aborts/s 0.00
ops/s 5660.25

commits/s 5604.52
aborts/s 0.00
ops/s 5604.52

commits/s 4589.89
aborts/s 0.00
ops/s 4589.89

commits/s 0.00
aborts/s 0.00
ops/s 0.00

