nowait
Starting KVS server on :8080
commits/s 0.00
aborts/s 0.00
ops/s 0.00

commits/s 0.00
aborts/s 0.00
ops/s 0.00

commits/s 0.00
aborts/s 0.00
ops/s 0.00

commits/s 0.00
aborts/s 0.00
ops/s 0.00

commits/s 265.96
aborts/s 0.00
ops/s 265.96

commits/s 5619.29
aborts/s 0.00
ops/s 5619.29

commits/s 5696.17
aborts/s 0.00
ops/s 5696.17

commits/s 5567.18
aborts/s 0.00
ops/s 5567.18

commits/s 5616.13
aborts/s 0.00
ops/s 5616.13

commits/s 5641.30
aborts/s 0.00
ops/s 5641.30

commits/s 5612.73
aborts/s 0.00
ops/s 5612.73

commits/s 5656.20
aborts/s 0.00
ops/s 5656.20

commits/s 5724.30
aborts/s 0.00
ops/s 5724.30

commits/s 5587.58
aborts/s 0.00
ops/s 5587.58

commits/s 5556.06
aborts/s 0.00
ops/s 5556.06

commits/s 5647.01
aborts/s 0.00
ops/s 5647.01

commits/s 5664.27
aborts/s 0.00
ops/s 5664.27

commits/s 5708.82
aborts/s 0.00
ops/s 5708.82

commits/s 5627.42
aborts/s 0.00
ops/s 5627.42

commits/s 5699.41
aborts/s 0.00
ops/s 5699.41

commits/s 5630.39
aborts/s 0.00
ops/s 5630.39

commits/s 5716.44
aborts/s 0.00
ops/s 5716.44

commits/s 5690.31
aborts/s 0.00
ops/s 5690.31

commits/s 5713.26
aborts/s 0.00
ops/s 5713.26

commits/s 5741.27
aborts/s 0.00
ops/s 5741.27

commits/s 5657.48
aborts/s 0.00
ops/s 5657.48

commits/s 5634.75
aborts/s 0.00
ops/s 5634.75

commits/s 5570.38
aborts/s 0.00
ops/s 5570.38

commits/s 5490.22
aborts/s 0.00
ops/s 5490.22

commits/s 5649.31
aborts/s 0.00
ops/s 5649.31

commits/s 5570.46
aborts/s 0.00
ops/s 5570.46

commits/s 5629.20
aborts/s 0.00
ops/s 5629.20

commits/s 5618.68
aborts/s 0.00
ops/s 5618.68

commits/s 5555.88
aborts/s 0.00
ops/s 5555.88

commits/s 4506.26
aborts/s 0.00
ops/s 4506.26

