nowait
Starting KVS server on :8080
commits/s 0.00
aborts/s 0.00
ops/s 0.00

commits/s 0.00
aborts/s 0.00
ops/s 0.00

commits/s 0.00
aborts/s 0.00
ops/s 0.00

commits/s 0.00
aborts/s 0.00
ops/s 0.00

commits/s 55.99
aborts/s 0.00
ops/s 55.99

commits/s 5741.34
aborts/s 0.00
ops/s 5741.34

commits/s 5674.08
aborts/s 0.00
ops/s 5674.08

commits/s 5670.00
aborts/s 0.00
ops/s 5670.00

commits/s 5647.20
aborts/s 0.00
ops/s 5647.20

commits/s 5700.77
aborts/s 0.00
ops/s 5700.77

commits/s 5616.91
aborts/s 0.00
ops/s 5616.91

commits/s 5629.37
aborts/s 0.00
ops/s 5629.37

commits/s 5647.30
aborts/s 0.00
ops/s 5647.30

commits/s 5597.38
aborts/s 0.00
ops/s 5597.38

commits/s 5636.36
aborts/s 0.00
ops/s 5636.36

commits/s 5705.39
aborts/s 0.00
ops/s 5705.39

commits/s 5648.23
aborts/s 0.00
ops/s 5648.23

commits/s 5574.16
aborts/s 0.00
ops/s 5574.16

commits/s 5706.65
aborts/s 0.00
ops/s 5706.65

commits/s 5701.85
aborts/s 0.00
ops/s 5701.85

commits/s 5750.50
aborts/s 0.00
ops/s 5750.50

commits/s 5623.38
aborts/s 0.00
ops/s 5623.38

commits/s 5699.98
aborts/s 0.00
ops/s 5699.98

commits/s 5682.35
aborts/s 0.00
ops/s 5682.35

commits/s 5789.02
aborts/s 0.00
ops/s 5789.02

commits/s 5704.13
aborts/s 0.00
ops/s 5704.13

commits/s 5616.64
aborts/s 0.00
ops/s 5616.64

commits/s 5616.31
aborts/s 0.00
ops/s 5616.31

commits/s 5578.59
aborts/s 0.00
ops/s 5578.59

commits/s 5577.40
aborts/s 0.00
ops/s 5577.40

commits/s 5591.61
aborts/s 0.00
ops/s 5591.61

commits/s 5694.34
aborts/s 0.00
ops/s 5694.34

commits/s 5703.43
aborts/s 0.00
ops/s 5703.43

commits/s 5705.17
aborts/s 0.00
ops/s 5705.17

commits/s 4846.75
aborts/s 0.00
ops/s 4846.75

commits/s 0.00
aborts/s 0.00
ops/s 0.00

