woundwait
Starting KVS server on :8080
commits/s 0.00
aborts/s 0.00
ops/s 0.00

commits/s 0.00
aborts/s 0.00
ops/s 0.00

commits/s 0.00
aborts/s 0.00
ops/s 0.00

commits/s 0.00
aborts/s 0.00
ops/s 0.00

commits/s 0.00
aborts/s 0.00
ops/s 0.00

commits/s 4233.81
aborts/s 0.00
ops/s 4233.81

commits/s 4320.27
aborts/s 0.00
ops/s 4320.27

commits/s 4246.58
aborts/s 0.00
ops/s 4246.58

commits/s 4352.43
aborts/s 0.00
ops/s 4352.43

commits/s 4181.59
aborts/s 0.00
ops/s 4181.59

commits/s 4324.34
aborts/s 0.00
ops/s 4324.34

commits/s 4249.50
aborts/s 0.00
ops/s 4249.50

commits/s 4196.53
aborts/s 0.00
ops/s 4196.53

commits/s 4203.23
aborts/s 0.00
ops/s 4203.23

commits/s 4030.67
aborts/s 0.00
ops/s 4030.67

commits/s 4306.26
aborts/s 0.00
ops/s 4306.26

commits/s 4288.56
aborts/s 0.00
ops/s 4288.56

commits/s 4262.67
aborts/s 0.00
ops/s 4262.67

commits/s 4383.33
aborts/s 0.00
ops/s 4383.33

commits/s 4286.60
aborts/s 0.00
ops/s 4286.60

commits/s 4367.62
aborts/s 0.00
ops/s 4367.62

commits/s 4287.50
aborts/s 0.00
ops/s 4287.50

commits/s 4271.58
aborts/s 0.00
ops/s 4271.58

commits/s 4130.69
aborts/s 0.00
ops/s 4130.69

commits/s 4176.77
aborts/s 0.00
ops/s 4176.77

commits/s 4084.54
aborts/s 0.00
ops/s 4084.54

commits/s 4198.54
aborts/s 0.00
ops/s 4198.54

commits/s 4365.21
aborts/s 0.00
ops/s 4365.21

commits/s 4396.59
aborts/s 0.00
ops/s 4396.59

commits/s 4299.35
aborts/s 0.00
ops/s 4299.35

commits/s 4175.51
aborts/s 0.00
ops/s 4175.51

commits/s 4279.49
aborts/s 0.00
ops/s 4279.49

commits/s 4355.55
aborts/s 0.00
ops/s 4355.55

commits/s 4325.63
aborts/s 0.00
ops/s 4325.63

commits/s 3940.05
aborts/s 0.00
ops/s 3940.05

commits/s 0.00
aborts/s 0.00
ops/s 0.00

