woundwait
Starting KVS server on :8080
commits/s 0.00
aborts/s 0.00
ops/s 0.00

commits/s 0.00
aborts/s 0.00
ops/s 0.00

commits/s 0.00
aborts/s 0.00
ops/s 0.00

commits/s 0.00
aborts/s 0.00
ops/s 0.00

commits/s 0.00
aborts/s 0.00
ops/s 0.00

commits/s 4032.68
aborts/s 0.00
ops/s 4032.68

commits/s 4318.22
aborts/s 0.00
ops/s 4318.22

commits/s 4186.46
aborts/s 0.00
ops/s 4186.46

commits/s 4300.34
aborts/s 0.00
ops/s 4300.34

commits/s 4177.51
aborts/s 0.00
ops/s 4177.51

commits/s 4312.57
aborts/s 0.00
ops/s 4312.57

commits/s 4282.17
aborts/s 0.00
ops/s 4282.17

commits/s 4286.29
aborts/s 1.00
ops/s 4287.29

commits/s 4343.22
aborts/s 0.00
ops/s 4343.22

commits/s 4019.47
aborts/s 0.00
ops/s 4019.47

commits/s 4222.48
aborts/s 0.00
ops/s 4222.48

commits/s 4331.18
aborts/s 0.00
ops/s 4331.18

commits/s 4273.65
aborts/s 0.00
ops/s 4273.65

commits/s 4309.73
aborts/s 0.00
ops/s 4309.73

commits/s 4396.17
aborts/s 0.00
ops/s 4396.17

commits/s 4250.58
aborts/s 0.00
ops/s 4250.58

commits/s 4323.90
aborts/s 0.00
ops/s 4323.90

commits/s 4278.41
aborts/s 0.00
ops/s 4278.41

commits/s 4069.69
aborts/s 0.00
ops/s 4069.69

commits/s 4026.64
aborts/s 0.00
ops/s 4026.64

commits/s 4138.15
aborts/s 0.00
ops/s 4138.15

commits/s 4118.53
aborts/s 0.00
ops/s 4118.53

commits/s 4115.34
aborts/s 0.00
ops/s 4115.34

commits/s 4309.52
aborts/s 0.00
ops/s 4309.52

commits/s 4354.60
aborts/s 1.00
ops/s 4355.60

commits/s 4376.66
aborts/s 0.00
ops/s 4376.66

commits/s 4190.67
aborts/s 0.00
ops/s 4190.67

commits/s 4229.35
aborts/s 0.00
ops/s 4229.35

commits/s 4276.50
aborts/s 0.00
ops/s 4276.50

commits/s 3987.51
aborts/s 0.00
ops/s 3987.51

commits/s 0.00
aborts/s 0.00
ops/s 0.00

