woundwait
Starting KVS server on :8080
commits/s 0.00
aborts/s 0.00
ops/s 0.00

commits/s 0.00
aborts/s 0.00
ops/s 0.00

commits/s 0.00
aborts/s 0.00
ops/s 0.00

commits/s 0.00
aborts/s 0.00
ops/s 0.00

commits/s 288.94
aborts/s 0.00
ops/s 288.94

commits/s 4240.67
aborts/s 0.00
ops/s 4240.67

commits/s 4205.46
aborts/s 0.00
ops/s 4205.46

commits/s 4208.94
aborts/s 0.00
ops/s 4208.94

commits/s 4331.27
aborts/s 0.00
ops/s 4331.27

commits/s 4172.30
aborts/s 0.00
ops/s 4172.30

commits/s 4302.47
aborts/s 0.00
ops/s 4302.47

commits/s 4286.54
aborts/s 0.00
ops/s 4286.54

commits/s 4310.32
aborts/s 0.00
ops/s 4310.32

commits/s 4241.47
aborts/s 0.00
ops/s 4241.47

commits/s 4022.32
aborts/s 0.00
ops/s 4022.32

commits/s 4309.54
aborts/s 0.00
ops/s 4309.54

commits/s 4225.61
aborts/s 0.00
ops/s 4225.61

commits/s 4306.68
aborts/s 0.00
ops/s 4306.68

commits/s 4379.72
aborts/s 0.00
ops/s 4379.72

commits/s 4266.62
aborts/s 0.00
ops/s 4266.62

commits/s 4300.47
aborts/s 0.00
ops/s 4300.47

commits/s 4316.57
aborts/s 0.00
ops/s 4316.57

commits/s 4260.61
aborts/s 0.00
ops/s 4260.61

commits/s 4146.65
aborts/s 0.00
ops/s 4146.65

commits/s 4133.63
aborts/s 0.00
ops/s 4133.63

commits/s 4078.40
aborts/s 0.00
ops/s 4078.40

commits/s 4118.33
aborts/s 0.00
ops/s 4118.33

commits/s 4332.61
aborts/s 0.00
ops/s 4332.61

commits/s 4326.45
aborts/s 0.00
ops/s 4326.45

commits/s 4210.63
aborts/s 0.00
ops/s 4210.63

commits/s 4243.22
aborts/s 0.00
ops/s 4243.22

commits/s 4261.53
aborts/s 0.00
ops/s 4261.53

commits/s 4370.07
aborts/s 0.00
ops/s 4370.07

commits/s 4282.46
aborts/s 0.00
ops/s 4282.46

commits/s 3378.69
aborts/s 0.00
ops/s 3378.69

