waitdie
Starting KVS server on :8080
commits/s 0.00
aborts/s 0.00
ops/s 0.00

commits/s 0.00
aborts/s 0.00
ops/s 0.00

commits/s 0.00
aborts/s 0.00
ops/s 0.00

commits/s 0.00
aborts/s 0.00
ops/s 0.00

commits/s 1501.70
aborts/s 66.99
ops/s 1568.68

commits/s 8720.71
aborts/s 348.95
ops/s 9069.66

commits/s 8926.84
aborts/s 351.95
ops/s 9278.80

commits/s 8911.68
aborts/s 323.95
ops/s 9235.63

commits/s 8958.38
aborts/s 322.98
ops/s 9281.36

commits/s 8882.95
aborts/s 346.92
ops/s 9229.87

commits/s 8782.98
aborts/s 274.97
ops/s 9057.95

commits/s 8944.09
aborts/s 307.97
ops/s 9252.05

commits/s 8933.83
aborts/s 359.95
ops/s 9293.79

commits/s 8793.47
aborts/s 341.94
ops/s 9135.42

commits/s 8838.15
aborts/s 330.93
ops/s 9169.08

commits/s 8851.25
aborts/s 314.97
ops/s 9166.23

commits/s 8883.76
aborts/s 284.96
ops/s 9168.72

commits/s 9029.26
aborts/s 343.93
ops/s 9373.20

commits/s 8738.55
aborts/s 297.95
ops/s 9036.50

commits/s 8663.86
aborts/s 306.92
ops/s 8970.78

commits/s 8879.85
aborts/s 368.95
ops/s 9248.80

commits/s 8717.58
aborts/s 268.99
ops/s 8986.57

commits/s 8889.06
aborts/s 334.93
ops/s 9223.99

commits/s 8797.72
aborts/s 313.95
ops/s 9111.67

commits/s 9010.81
aborts/s 269.96
ops/s 9280.78

commits/s 8943.21
aborts/s 329.97
ops/s 9273.19

commits/s 8825.89
aborts/s 305.96
ops/s 9131.85

commits/s 8971.00
aborts/s 339.96
ops/s 9310.96

commits/s 8780.45
aborts/s 292.98
ops/s 9073.43

commits/s 8956.98
aborts/s 412.95
ops/s 9369.94

commits/s 8901.07
aborts/s 375.96
ops/s 9277.03

commits/s 8767.65
aborts/s 320.95
ops/s 9088.60

commits/s 9070.26
aborts/s 315.97
ops/s 9386.23

commits/s 8918.21
aborts/s 291.97
ops/s 9210.19

commits/s 6422.81
aborts/s 207.74
ops/s 6630.54

