waitdie
Starting KVS server on :8080
commits/s 0.00
aborts/s 0.00
ops/s 0.00

commits/s 0.00
aborts/s 0.00
ops/s 0.00

commits/s 0.00
aborts/s 0.00
ops/s 0.00

commits/s 0.00
aborts/s 0.00
ops/s 0.00

commits/s 173.99
aborts/s 5.00
ops/s 178.99

commits/s 9069.51
aborts/s 361.98
ops/s 9431.49

commits/s 8920.88
aborts/s 314.96
ops/s 9235.84

commits/s 8797.33
aborts/s 287.95
ops/s 9085.28

commits/s 8959.83
aborts/s 289.96
ops/s 9249.80

commits/s 8891.11
aborts/s 281.91
ops/s 9173.02

commits/s 8790.23
aborts/s 332.97
ops/s 9123.20

commits/s 8856.07
aborts/s 328.97
ops/s 9185.04

commits/s 8896.69
aborts/s 322.95
ops/s 9219.64

commits/s 9039.72
aborts/s 300.96
ops/s 9340.68

commits/s 8993.00
aborts/s 303.97
ops/s 9296.97

commits/s 8666.45
aborts/s 407.93
ops/s 9074.38

commits/s 8980.80
aborts/s 272.96
ops/s 9253.76

commits/s 8958.96
aborts/s 342.96
ops/s 9301.92

commits/s 8861.81
aborts/s 343.95
ops/s 9205.77

commits/s 8652.12
aborts/s 313.97
ops/s 8966.09

commits/s 8749.13
aborts/s 341.97
ops/s 9091.10

commits/s 8942.82
aborts/s 280.96
ops/s 9223.79

commits/s 8938.96
aborts/s 301.96
ops/s 9240.92

commits/s 8881.59
aborts/s 266.96
ops/s 9148.55

commits/s 8901.90
aborts/s 294.96
ops/s 9196.87

commits/s 8870.00
aborts/s 375.96
ops/s 9245.96

commits/s 8957.98
aborts/s 280.97
ops/s 9238.95

commits/s 8932.29
aborts/s 252.98
ops/s 9185.27

commits/s 8962.80
aborts/s 316.96
ops/s 9279.75

commits/s 8839.43
aborts/s 272.98
ops/s 9112.42

commits/s 8845.76
aborts/s 340.95
ops/s 9186.71

commits/s 8786.84
aborts/s 302.96
ops/s 9089.80

commits/s 8837.07
aborts/s 369.96
ops/s 9207.03

commits/s 8910.00
aborts/s 355.96
ops/s 9265.96

commits/s 7637.31
aborts/s 283.86
ops/s 7921.17

commits/s 0.00
aborts/s 0.00
ops/s 0.00

