waitdie
Starting KVS server on :8080
commits/s 0.00
aborts/s 0.00
ops/s 0.00

commits/s 0.00
aborts/s 0.00
ops/s 0.00

commits/s 0.00
aborts/s 0.00
ops/s 0.00

commits/s 0.00
aborts/s 0.00
ops/s 0.00

commits/s 1945.80
aborts/s 62.99
ops/s 2008.80

commits/s 8856.78
aborts/s 327.95
ops/s 9184.74

commits/s 8851.61
aborts/s 334.95
ops/s 9186.55

commits/s 8836.79
aborts/s 341.95
ops/s 9178.75

commits/s 9087.72
aborts/s 326.95
ops/s 9414.67

commits/s 8914.90
aborts/s 271.97
ops/s 9186.86

commits/s 8842.89
aborts/s 314.96
ops/s 9157.85

commits/s 8966.53
aborts/s 260.96
ops/s 9227.49

commits/s 8941.22
aborts/s 269.95
ops/s 9211.17

commits/s 8986.66
aborts/s 301.95
ops/s 9288.61

commits/s 9076.02
aborts/s 277.97
ops/s 9353.99

commits/s 8626.44
aborts/s 434.97
ops/s 9061.41

commits/s 8978.08
aborts/s 307.97
ops/s 9286.05

commits/s 8874.37
aborts/s 335.94
ops/s 9210.30

commits/s 9051.21
aborts/s 313.94
ops/s 9365.14

commits/s 8819.25
aborts/s 303.97
ops/s 9123.22

commits/s 8807.17
aborts/s 285.94
ops/s 9093.11

commits/s 8944.96
aborts/s 308.93
ops/s 9253.89

commits/s 8841.30
aborts/s 368.93
ops/s 9210.23

commits/s 8987.45
aborts/s 309.95
ops/s 9297.39

commits/s 8703.16
aborts/s 280.97
ops/s 8984.13

commits/s 8742.23
aborts/s 374.97
ops/s 9117.20

commits/s 8958.74
aborts/s 319.96
ops/s 9278.70

commits/s 8921.36
aborts/s 358.97
ops/s 9280.34

commits/s 9014.02
aborts/s 321.97
ops/s 9335.99

commits/s 8950.34
aborts/s 308.98
ops/s 9259.31

commits/s 8999.29
aborts/s 337.97
ops/s 9337.26

commits/s 9083.73
aborts/s 306.96
ops/s 9390.68

commits/s 8854.45
aborts/s 291.98
ops/s 9146.43

commits/s 9101.16
aborts/s 330.97
ops/s 9432.13

commits/s 6198.90
aborts/s 205.76
ops/s 6404.66

commits/s 0.00
aborts/s 0.00
ops/s 0.00

