woundwait
Starting KVS server on :8080
commits/s 0.00
aborts/s 0.00
ops/s 0.00

commits/s 0.00
aborts/s 0.00
ops/s 0.00

commits/s 0.00
aborts/s 0.00
ops/s 0.00

commits/s 0.00
aborts/s 0.00
ops/s 0.00

commits/s 0.00
aborts/s 0.00
ops/s 0.00

commits/s 3392.74
aborts/s 94.99
ops/s 3487.73

commits/s 3862.89
aborts/s 147.96
ops/s 4010.85

commits/s 3790.44
aborts/s 117.98
ops/s 3908.42

commits/s 3901.29
aborts/s 133.98
ops/s 4035.27

commits/s 3845.49
aborts/s 111.99
ops/s 3957.47

commits/s 3905.47
aborts/s 100.99
ops/s 4006.45

commits/s 3894.33
aborts/s 115.98
ops/s 4010.31

commits/s 3902.46
aborts/s 128.98
ops/s 4031.44

commits/s 3901.06
aborts/s 104.97
ops/s 4006.03

commits/s 3920.22
aborts/s 109.98
ops/s 4030.19

commits/s 3939.58
aborts/s 90.99
ops/s 4030.57

commits/s 3888.51
aborts/s 129.98
ops/s 4018.49

commits/s 3803.39
aborts/s 116.98
ops/s 3920.37

commits/s 3927.54
aborts/s 109.99
ops/s 4037.52

commits/s 3895.53
aborts/s 110.99
ops/s 4006.51

commits/s 3984.35
aborts/s 102.98
ops/s 4087.33

commits/s 3908.38
aborts/s 117.98
ops/s 4026.36

commits/s 3885.18
aborts/s 133.97
ops/s 4019.15

commits/s 3915.68
aborts/s 118.99
ops/s 4034.67

commits/s 3928.55
aborts/s 113.99
ops/s 4042.54

commits/s 3905.97
aborts/s 111.97
ops/s 4017.94

commits/s 3899.22
aborts/s 111.98
ops/s 4011.20

commits/s 3901.44
aborts/s 106.98
ops/s 4008.42

commits/s 3895.66
aborts/s 108.99
ops/s 4004.65

commits/s 3892.59
aborts/s 108.99
ops/s 4001.58

commits/s 3840.71
aborts/s 114.99
ops/s 3955.70

commits/s 3839.17
aborts/s 138.97
ops/s 3978.14

commits/s 3741.36
aborts/s 115.95
ops/s 3857.31

commits/s 3878.45
aborts/s 110.98
ops/s 3989.43

commits/s 3913.68
aborts/s 113.99
ops/s 4027.67

commits/s 129.90
aborts/s 6.00
ops/s 135.90

