woundwait
Starting KVS server on :8080
commits/s 0.00
aborts/s 0.00
ops/s 0.00

commits/s 0.00
aborts/s 0.00
ops/s 0.00

commits/s 0.00
aborts/s 0.00
ops/s 0.00

commits/s 0.00
aborts/s 0.00
ops/s 0.00

commits/s 587.92
aborts/s 6.00
ops/s 593.92

commits/s 3915.55
aborts/s 127.99
ops/s 4043.54

commits/s 3933.22
aborts/s 111.98
ops/s 4045.20

commits/s 3876.35
aborts/s 127.98
ops/s 4004.33

commits/s 3863.01
aborts/s 100.97
ops/s 3963.98

commits/s 3918.49
aborts/s 109.99
ops/s 4028.47

commits/s 3833.40
aborts/s 134.98
ops/s 3968.38

commits/s 3972.49
aborts/s 104.99
ops/s 4077.47

commits/s 3878.25
aborts/s 136.97
ops/s 4015.22

commits/s 3926.41
aborts/s 151.98
ops/s 4078.38

commits/s 3871.41
aborts/s 123.98
ops/s 3995.39

commits/s 3874.33
aborts/s 119.98
ops/s 3994.31

commits/s 3881.58
aborts/s 133.99
ops/s 4015.57

commits/s 3859.61
aborts/s 111.99
ops/s 3971.60

commits/s 3934.44
aborts/s 100.99
ops/s 4035.43

commits/s 3892.53
aborts/s 110.99
ops/s 4003.52

commits/s 3840.47
aborts/s 104.99
ops/s 3945.46

commits/s 3910.58
aborts/s 115.99
ops/s 4026.57

commits/s 3925.44
aborts/s 119.98
ops/s 4045.42

commits/s 3922.70
aborts/s 124.99
ops/s 4047.69

commits/s 3896.45
aborts/s 120.98
ops/s 4017.44

commits/s 4004.92
aborts/s 120.97
ops/s 4125.88

commits/s 3896.33
aborts/s 117.98
ops/s 4014.31

commits/s 3939.21
aborts/s 112.98
ops/s 4052.19

commits/s 3837.67
aborts/s 133.99
ops/s 3971.65

commits/s 4027.59
aborts/s 119.99
ops/s 4147.58

commits/s 3875.45
aborts/s 129.98
ops/s 4005.43

commits/s 3847.52
aborts/s 93.99
ops/s 3941.51

commits/s 3889.42
aborts/s 132.98
ops/s 4022.40

commits/s 3783.63
aborts/s 100.99
ops/s 3884.62

commits/s 2981.74
aborts/s 89.93
ops/s 3071.67

