woundwait
Starting KVS server on :8080
commits/s 0.00
aborts/s 0.00
ops/s 0.00

commits/s 0.00
aborts/s 0.00
ops/s 0.00

commits/s 0.00
aborts/s 0.00
ops/s 0.00

commits/s 0.00
aborts/s 0.00
ops/s 0.00

commits/s 0.00
aborts/s 0.00
ops/s 0.00

commits/s 3725.21
aborts/s 116.98
ops/s 3842.18

commits/s 3889.47
aborts/s 119.98
ops/s 4009.45

commits/s 3830.34
aborts/s 106.98
ops/s 3937.32

commits/s 3909.59
aborts/s 106.99
ops/s 4016.58

commits/s 3819.42
aborts/s 136.98
ops/s 3956.40

commits/s 3930.56
aborts/s 95.99
ops/s 4026.55

commits/s 3824.46
aborts/s 145.98
ops/s 3970.44

commits/s 3894.51
aborts/s 108.99
ops/s 4003.50

commits/s 3906.28
aborts/s 131.98
ops/s 4038.26

commits/s 3777.17
aborts/s 142.97
ops/s 3920.14

commits/s 3903.44
aborts/s 108.98
ops/s 4012.42

commits/s 3918.35
aborts/s 117.98
ops/s 4036.33

commits/s 3956.56
aborts/s 104.99
ops/s 4061.55

commits/s 3862.53
aborts/s 121.99
ops/s 3984.52

commits/s 3839.34
aborts/s 107.98
ops/s 3947.32

commits/s 3878.23
aborts/s 107.98
ops/s 3986.21

commits/s 3937.51
aborts/s 115.99
ops/s 4053.50

commits/s 3904.19
aborts/s 110.98
ops/s 4015.17

commits/s 3907.58
aborts/s 103.99
ops/s 4011.56

commits/s 3856.53
aborts/s 125.98
ops/s 3982.51

commits/s 3942.66
aborts/s 107.99
ops/s 4050.65

commits/s 3850.56
aborts/s 106.99
ops/s 3957.54

commits/s 3875.36
aborts/s 112.98
ops/s 3988.34

commits/s 3884.69
aborts/s 130.99
ops/s 4015.67

commits/s 3861.48
aborts/s 108.99
ops/s 3970.46

commits/s 3833.56
aborts/s 138.98
ops/s 3972.54

commits/s 3903.46
aborts/s 114.98
ops/s 4018.45

commits/s 3871.70
aborts/s 95.99
ops/s 3967.69

commits/s 3856.61
aborts/s 110.93
ops/s 3967.54

commits/s 3676.00
aborts/s 121.87
ops/s 3797.87

commits/s 0.00
aborts/s 0.00
ops/s 0.00

