waitdie
Starting KVS server on :8080
commits/s 0.00
aborts/s 0.00
ops/s 0.00

commits/s 0.00
aborts/s 0.00
ops/s 0.00

commits/s 0.00
aborts/s 0.00
ops/s 0.00

commits/s 0.00
aborts/s 0.00
ops/s 0.00

commits/s 0.00
aborts/s 0.00
ops/s 0.00

commits/s 5651.47
aborts/s 0.00
ops/s 5651.47

commits/s 5522.28
aborts/s 0.00
ops/s 5522.28

commits/s 5537.22
aborts/s 0.00
ops/s 5537.22

commits/s 5543.79
aborts/s 0.00
ops/s 5543.79

commits/s 5520.01
aborts/s 0.00
ops/s 5520.01

commits/s 5521.65
aborts/s 0.00
ops/s 5521.65

commits/s 5606.09
aborts/s 0.00
ops/s 5606.09

commits/s 5492.24
aborts/s 0.00
ops/s 5492.24

commits/s 5529.45
aborts/s 0.00
ops/s 5529.45

commits/s 5579.06
aborts/s 0.00
ops/s 5579.06

commits/s 5534.59
aborts/s 0.00
ops/s 5534.59

commits/s 5319.71
aborts/s 0.00
ops/s 5319.71

commits/s 5580.30
aborts/s 0.00
ops/s 5580.30

commits/s 5502.42
aborts/s 0.00
ops/s 5502.42

commits/s 5530.48
aborts/s 0.00
ops/s 5530.48

commits/s 5687.12
aborts/s 0.00
ops/s 5687.12

commits/s 5616.54
aborts/s 0.00
ops/s 5616.54

commits/s 5611.52
aborts/s 0.00
ops/s 5611.52

commits/s 5516.08
aborts/s 0.00
ops/s 5516.08

commits/s 5532.77
aborts/s 0.00
ops/s 5532.77

commits/s 5643.36
aborts/s 0.00
ops/s 5643.36

commits/s 5578.43
aborts/s 0.00
ops/s 5578.43

commits/s 5542.85
aborts/s 0.00
ops/s 5542.85

commits/s 5674.01
aborts/s 0.00
ops/s 5674.01

commits/s 5581.48
aborts/s 0.00
ops/s 5581.48

commits/s 5435.64
aborts/s 0.00
ops/s 5435.64

commits/s 5496.34
aborts/s 0.00
ops/s 5496.34

commits/s 5471.13
aborts/s 0.00
ops/s 5471.13

commits/s 5378.57
aborts/s 0.00
ops/s 5378.57

commits/s 4864.13
aborts/s 0.00
ops/s 4864.13

commits/s 0.00
aborts/s 0.00
ops/s 0.00

