waitdie
Starting KVS server on :8080
commits/s 0.00
aborts/s 0.00
ops/s 0.00

commits/s 0.00
aborts/s 0.00
ops/s 0.00

commits/s 0.00
aborts/s 0.00
ops/s 0.00

commits/s 0.00
aborts/s 0.00
ops/s 0.00

commits/s 0.00
aborts/s 0.00
ops/s 0.00

commits/s 5076.58
aborts/s 0.00
ops/s 5076.58

commits/s 5526.14
aborts/s 0.00
ops/s 5526.14

commits/s 5466.94
aborts/s 0.00
ops/s 5466.94

commits/s 5523.95
aborts/s 0.00
ops/s 5523.95

commits/s 5580.20
aborts/s 0.00
ops/s 5580.20

commits/s 5483.44
aborts/s 0.00
ops/s 5483.44

commits/s 5680.20
aborts/s 0.00
ops/s 5680.20

commits/s 5621.43
aborts/s 0.00
ops/s 5621.43

commits/s 5547.20
aborts/s 0.00
ops/s 5547.20

commits/s 5463.76
aborts/s 0.00
ops/s 5463.76

commits/s 5580.21
aborts/s 0.00
ops/s 5580.21

commits/s 5374.97
aborts/s 0.00
ops/s 5374.97

commits/s 5440.27
aborts/s 0.00
ops/s 5440.27

commits/s 5588.92
aborts/s 0.00
ops/s 5588.92

commits/s 5627.20
aborts/s 0.00
ops/s 5627.20

commits/s 5446.97
aborts/s 0.00
ops/s 5446.97

commits/s 5622.40
aborts/s 0.00
ops/s 5622.40

commits/s 5557.30
aborts/s 0.00
ops/s 5557.30

commits/s 5597.22
aborts/s 0.00
ops/s 5597.22

commits/s 5508.21
aborts/s 0.00
ops/s 5508.21

commits/s 5639.57
aborts/s 0.00
ops/s 5639.57

commits/s 5579.11
aborts/s 0.00
ops/s 5579.11

commits/s 5463.08
aborts/s 0.00
ops/s 5463.08

commits/s 5555.49
aborts/s 0.00
ops/s 5555.49

commits/s 5544.45
aborts/s 0.00
ops/s 5544.45

commits/s 5514.12
aborts/s 0.00
ops/s 5514.12

commits/s 5460.83
aborts/s 0.00
ops/s 5460.83

commits/s 5485.59
aborts/s 0.00
ops/s 5485.59

commits/s 5296.43
aborts/s 0.00
ops/s 5296.43

commits/s 5218.83
aborts/s 0.00
ops/s 5218.83

commits/s 0.00
aborts/s 0.00
ops/s 0.00

