waitdie
Starting KVS server on :8080
commits/s 0.00
aborts/s 0.00
ops/s 0.00

commits/s 0.00
aborts/s 0.00
ops/s 0.00

commits/s 0.00
aborts/s 0.00
ops/s 0.00

commits/s 0.00
aborts/s 0.00
ops/s 0.00

commits/s 285.97
aborts/s 0.00
ops/s 285.97

commits/s 5743.50
aborts/s 0.00
ops/s 5743.50

commits/s 5645.03
aborts/s 0.00
ops/s 5645.03

commits/s 5629.70
aborts/s 0.00
ops/s 5629.70

commits/s 5641.33
aborts/s 0.00
ops/s 5641.33

commits/s 5622.17
aborts/s 0.00
ops/s 5622.17

commits/s 5493.27
aborts/s 0.00
ops/s 5493.27

commits/s 5461.68
aborts/s 0.00
ops/s 5461.68

commits/s 5679.95
aborts/s 0.00
ops/s 5679.95

commits/s 5526.79
aborts/s 0.00
ops/s 5526.79

commits/s 5697.39
aborts/s 0.00
ops/s 5697.39

commits/s 5499.55
aborts/s 0.00
ops/s 5499.55

commits/s 5358.27
aborts/s 0.00
ops/s 5358.27

commits/s 5663.47
aborts/s 0.00
ops/s 5663.47

commits/s 5554.12
aborts/s 0.00
ops/s 5554.12

commits/s 5651.36
aborts/s 0.00
ops/s 5651.36

commits/s 5554.49
aborts/s 0.00
ops/s 5554.49

commits/s 5581.16
aborts/s 0.00
ops/s 5581.16

commits/s 5600.39
aborts/s 0.00
ops/s 5600.39

commits/s 5517.23
aborts/s 0.00
ops/s 5517.23

commits/s 5431.33
aborts/s 0.00
ops/s 5431.33

commits/s 5694.33
aborts/s 0.00
ops/s 5694.33

commits/s 5748.44
aborts/s 0.00
ops/s 5748.44

commits/s 5728.45
aborts/s 0.00
ops/s 5728.45

commits/s 5439.42
aborts/s 0.00
ops/s 5439.42

commits/s 5660.41
aborts/s 0.00
ops/s 5660.41

commits/s 5557.31
aborts/s 0.00
ops/s 5557.31

commits/s 5453.46
aborts/s 0.00
ops/s 5453.46

commits/s 5503.43
aborts/s 0.00
ops/s 5503.43

commits/s 5477.45
aborts/s 0.00
ops/s 5477.45

commits/s 4462.20
aborts/s 0.00
ops/s 4462.20

commits/s 0.00
aborts/s 0.00
ops/s 0.00

