nowait
Starting KVS server on :8080
commits/s 0.00
aborts/s 0.00
ops/s 0.00

commits/s 0.00
aborts/s 0.00
ops/s 0.00

commits/s 0.00
aborts/s 0.00
ops/s 0.00

commits/s 0.00
aborts/s 0.00
ops/s 0.00

commits/s 508.98
aborts/s 0.00
ops/s 508.98

commits/s 5677.02
aborts/s 2.00
ops/s 5679.02

commits/s 5569.12
aborts/s 0.00
ops/s 5569.12

commits/s 5523.20
aborts/s 0.00
ops/s 5523.20

commits/s 5513.33
aborts/s 0.00
ops/s 5513.33

commits/s 5630.23
aborts/s 0.00
ops/s 5630.23

commits/s 5582.43
aborts/s 0.00
ops/s 5582.43

commits/s 5538.47
aborts/s 0.00
ops/s 5538.47

commits/s 5548.27
aborts/s 0.00
ops/s 5548.27

commits/s 5433.36
aborts/s 0.00
ops/s 5433.36

commits/s 5525.54
aborts/s 0.00
ops/s 5525.54

commits/s 5558.88
aborts/s 0.00
ops/s 5558.88

commits/s 5534.15
aborts/s 0.00
ops/s 5534.15

commits/s 5585.27
aborts/s 0.00
ops/s 5585.27

commits/s 5705.45
aborts/s 0.00
ops/s 5705.45

commits/s 5658.16
aborts/s 0.00
ops/s 5658.16

commits/s 5663.59
aborts/s 0.00
ops/s 5663.59

commits/s 5541.15
aborts/s 0.00
ops/s 5541.15

commits/s 5570.98
aborts/s 1.00
ops/s 5571.98

commits/s 5442.18
aborts/s 0.00
ops/s 5442.18

commits/s 5367.25
aborts/s 0.00
ops/s 5367.25

commits/s 5523.37
aborts/s 0.00
ops/s 5523.37

commits/s 5521.36
aborts/s 3.00
ops/s 5524.36

commits/s 5572.34
aborts/s 0.00
ops/s 5572.34

commits/s 5544.37
aborts/s 0.00
ops/s 5544.37

commits/s 5560.38
aborts/s 0.00
ops/s 5560.38

commits/s 5518.38
aborts/s 0.00
ops/s 5518.38

commits/s 5476.46
aborts/s 1.00
ops/s 5477.46

commits/s 5585.64
aborts/s 0.00
ops/s 5585.64

commits/s 5553.34
aborts/s 0.00
ops/s 5553.34

commits/s 4445.15
aborts/s 0.00
ops/s 4445.15

commits/s 0.00
aborts/s 0.00
ops/s 0.00

