nowait
Starting KVS server on :8080
commits/s 0.00
aborts/s 0.00
ops/s 0.00

commits/s 0.00
aborts/s 0.00
ops/s 0.00

commits/s 0.00
aborts/s 0.00
ops/s 0.00

commits/s 0.00
aborts/s 0.00
ops/s 0.00

commits/s 1028.83
aborts/s 0.00
ops/s 1028.83

commits/s 5612.50
aborts/s 1.00
ops/s 5613.50

commits/s 5491.23
aborts/s 0.00
ops/s 5491.23

commits/s 5542.20
aborts/s 1.00
ops/s 5543.20

commits/s 5473.07
aborts/s 0.00
ops/s 5473.07

commits/s 5598.00
aborts/s 0.00
ops/s 5598.00

commits/s 5620.18
aborts/s 0.00
ops/s 5620.18

commits/s 5551.91
aborts/s 1.00
ops/s 5552.91

commits/s 5531.44
aborts/s 0.00
ops/s 5531.44

commits/s 5530.16
aborts/s 1.00
ops/s 5531.16

commits/s 5569.63
aborts/s 0.00
ops/s 5569.63

commits/s 5668.08
aborts/s 3.00
ops/s 5671.07

commits/s 5559.19
aborts/s 0.00
ops/s 5559.19

commits/s 5645.20
aborts/s 0.00
ops/s 5645.20

commits/s 5500.39
aborts/s 0.00
ops/s 5500.39

commits/s 5549.96
aborts/s 1.00
ops/s 5550.96

commits/s 5557.15
aborts/s 0.00
ops/s 5557.15

commits/s 5505.48
aborts/s 0.00
ops/s 5505.48

commits/s 5565.84
aborts/s 0.00
ops/s 5565.84

commits/s 5403.62
aborts/s 0.00
ops/s 5403.62

commits/s 5255.26
aborts/s 0.00
ops/s 5255.26

commits/s 5586.30
aborts/s 0.00
ops/s 5586.30

commits/s 5667.24
aborts/s 0.00
ops/s 5667.24

commits/s 5639.60
aborts/s 0.00
ops/s 5639.60

commits/s 5502.14
aborts/s 1.00
ops/s 5503.14

commits/s 5566.34
aborts/s 0.00
ops/s 5566.34

commits/s 5799.48
aborts/s 0.00
ops/s 5799.48

commits/s 5735.43
aborts/s 1.00
ops/s 5736.43

commits/s 5713.54
aborts/s 0.00
ops/s 5713.54

commits/s 5422.48
aborts/s 0.00
ops/s 5422.48

commits/s 3889.14
aborts/s 0.00
ops/s 3889.14

commits/s 0.00
aborts/s 0.00
ops/s 0.00

