nowait
Starting KVS server on :8080
commits/s 0.00
aborts/s 0.00
ops/s 0.00

commits/s 0.00
aborts/s 0.00
ops/s 0.00

commits/s 0.00
aborts/s 0.00
ops/s 0.00

commits/s 0.00
aborts/s 0.00
ops/s 0.00

commits/s 1045.91
aborts/s 0.00
ops/s 1045.91

commits/s 5610.81
aborts/s 0.00
ops/s 5610.81

commits/s 5560.48
aborts/s 0.00
ops/s 5560.48

commits/s 5573.32
aborts/s 0.00
ops/s 5573.32

commits/s 5476.95
aborts/s 0.00
ops/s 5476.95

commits/s 5618.72
aborts/s 1.00
ops/s 5619.72

commits/s 5553.08
aborts/s 0.00
ops/s 5553.08

commits/s 5514.25
aborts/s 0.00
ops/s 5514.25

commits/s 5443.96
aborts/s 0.00
ops/s 5443.96

commits/s 5326.06
aborts/s 0.00
ops/s 5326.06

commits/s 5537.29
aborts/s 0.00
ops/s 5537.29

commits/s 5541.44
aborts/s 0.00
ops/s 5541.44

commits/s 5452.20
aborts/s 0.00
ops/s 5452.20

commits/s 5481.38
aborts/s 0.00
ops/s 5481.38

commits/s 5582.37
aborts/s 0.00
ops/s 5582.37

commits/s 5614.31
aborts/s 0.00
ops/s 5614.31

commits/s 5449.47
aborts/s 0.00
ops/s 5449.47

commits/s 5489.39
aborts/s 0.00
ops/s 5489.39

commits/s 5475.04
aborts/s 0.00
ops/s 5475.04

commits/s 5486.70
aborts/s 0.00
ops/s 5486.70

commits/s 5310.55
aborts/s 0.00
ops/s 5310.55

commits/s 5600.22
aborts/s 1.00
ops/s 5601.22

commits/s 5570.52
aborts/s 1.00
ops/s 5571.52

commits/s 5480.40
aborts/s 0.00
ops/s 5480.40

commits/s 5677.59
aborts/s 0.00
ops/s 5677.59

commits/s 5579.49
aborts/s 0.00
ops/s 5579.49

commits/s 5423.60
aborts/s 0.00
ops/s 5423.60

commits/s 5631.21
aborts/s 0.00
ops/s 5631.21

commits/s 5515.95
aborts/s 0.00
ops/s 5515.95

commits/s 5542.49
aborts/s 0.00
ops/s 5542.49

commits/s 3915.69
aborts/s 0.00
ops/s 3915.69

