nowait
Starting KVS server on :8080
commits/s 0.00
aborts/s 0.00
ops/s 0.00

commits/s 0.00
aborts/s 0.00
ops/s 0.00

commits/s 0.00
aborts/s 0.00
ops/s 0.00

commits/s 0.00
aborts/s 0.00
ops/s 0.00

commits/s 0.00
aborts/s 0.00
ops/s 0.00

commits/s 4100.59
aborts/s 811.92
ops/s 4912.50

commits/s 4748.28
aborts/s 954.86
ops/s 5703.14

commits/s 4655.09
aborts/s 1050.79
ops/s 5705.88

commits/s 4682.38
aborts/s 964.87
ops/s 5647.25

commits/s 4687.46
aborts/s 848.90
ops/s 5536.36

commits/s 4839.24
aborts/s 939.85
ops/s 5779.10

commits/s 4714.44
aborts/s 882.90
ops/s 5597.34

commits/s 4867.16
aborts/s 870.85
ops/s 5738.01

commits/s 4703.12
aborts/s 929.83
ops/s 5632.95

commits/s 4543.52
aborts/s 1047.89
ops/s 5591.41

commits/s 4766.30
aborts/s 884.87
ops/s 5651.16

commits/s 4625.28
aborts/s 996.85
ops/s 5622.13

commits/s 4744.51
aborts/s 852.91
ops/s 5597.42

commits/s 4640.07
aborts/s 895.82
ops/s 5535.89

commits/s 4724.40
aborts/s 951.88
ops/s 5676.28

commits/s 4720.34
aborts/s 961.87
ops/s 5682.21

commits/s 4771.24
aborts/s 912.85
ops/s 5684.09

commits/s 4766.59
aborts/s 844.93
ops/s 5611.51

commits/s 4709.14
aborts/s 980.82
ops/s 5689.96

commits/s 4649.53
aborts/s 909.91
ops/s 5559.44

commits/s 4791.43
aborts/s 791.91
ops/s 5583.34

commits/s 4737.45
aborts/s 919.89
ops/s 5657.34

commits/s 4703.10
aborts/s 971.81
ops/s 5674.92

commits/s 4727.14
aborts/s 892.84
ops/s 5619.98

commits/s 4651.63
aborts/s 913.93
ops/s 5565.56

commits/s 4611.26
aborts/s 957.85
ops/s 5569.10

commits/s 4697.17
aborts/s 878.84
ops/s 5576.01

commits/s 4698.29
aborts/s 840.69
ops/s 5538.98

commits/s 4707.86
aborts/s 935.77
ops/s 5643.63

commits/s 4632.59
aborts/s 847.92
ops/s 5480.51

commits/s 164.88
aborts/s 27.98
ops/s 192.86

