nowait
Starting KVS server on :8080
commits/s 0.00
aborts/s 0.00
ops/s 0.00

commits/s 0.00
aborts/s 0.00
ops/s 0.00

commits/s 0.00
aborts/s 0.00
ops/s 0.00

commits/s 0.00
aborts/s 0.00
ops/s 0.00

commits/s 1066.93
aborts/s 194.99
ops/s 1261.91

commits/s 4741.37
aborts/s 945.88
ops/s 5687.25

commits/s 4830.45
aborts/s 872.90
ops/s 5703.35

commits/s 4775.24
aborts/s 889.86
ops/s 5665.10

commits/s 4702.25
aborts/s 925.85
ops/s 5628.11

commits/s 4723.53
aborts/s 915.91
ops/s 5639.44

commits/s 4809.47
aborts/s 937.90
ops/s 5747.36

commits/s 4713.87
aborts/s 898.59
ops/s 5612.47

commits/s 4717.53
aborts/s 1017.90
ops/s 5735.43

commits/s 4675.85
aborts/s 947.77
ops/s 5623.62

commits/s 4616.06
aborts/s 995.80
ops/s 5611.86

commits/s 4706.77
aborts/s 913.76
ops/s 5620.53

commits/s 4617.06
aborts/s 979.80
ops/s 5596.86

commits/s 4727.45
aborts/s 862.90
ops/s 5590.35

commits/s 4588.24
aborts/s 948.84
ops/s 5537.09

commits/s 4737.46
aborts/s 903.90
ops/s 5641.36

commits/s 4790.26
aborts/s 953.85
ops/s 5744.11

commits/s 4688.43
aborts/s 1050.87
ops/s 5739.30

commits/s 4587.24
aborts/s 1037.83
ops/s 5625.07

commits/s 4688.53
aborts/s 986.90
ops/s 5675.43

commits/s 4733.98
aborts/s 871.81
ops/s 5605.79

commits/s 4761.00
aborts/s 1003.79
ops/s 5764.79

commits/s 4871.24
aborts/s 870.86
ops/s 5742.11

commits/s 4822.04
aborts/s 854.83
ops/s 5676.87

commits/s 4728.39
aborts/s 920.88
ops/s 5649.27

commits/s 4751.93
aborts/s 994.77
ops/s 5746.70

commits/s 4675.73
aborts/s 899.95
ops/s 5575.68

commits/s 4743.20
aborts/s 816.86
ops/s 5560.06

commits/s 4799.45
aborts/s 892.90
ops/s 5692.35

commits/s 4633.92
aborts/s 1000.77
ops/s 5634.69

commits/s 3103.55
aborts/s 570.92
ops/s 3674.46

commits/s 0.00
aborts/s 0.00
ops/s 0.00

