nowait
Starting KVS server on :8080
commits/s 0.00
aborts/s 0.00
ops/s 0.00

commits/s 0.00
aborts/s 0.00
ops/s 0.00

commits/s 0.00
aborts/s 0.00
ops/s 0.00

commits/s 0.00
aborts/s 0.00
ops/s 0.00

commits/s 958.73
aborts/s 220.94
ops/s 1179.67

commits/s 4768.02
aborts/s 850.83
ops/s 5618.85

commits/s 4646.92
aborts/s 1007.77
ops/s 5654.68

commits/s 4665.26
aborts/s 997.84
ops/s 5663.10

commits/s 4743.27
aborts/s 881.86
ops/s 5625.13

commits/s 4596.81
aborts/s 1075.72
ops/s 5672.53

commits/s 4606.46
aborts/s 989.88
ops/s 5596.35

commits/s 4786.23
aborts/s 908.85
ops/s 5695.08

commits/s 4777.17
aborts/s 931.84
ops/s 5709.01

commits/s 4751.46
aborts/s 898.90
ops/s 5650.35

commits/s 4655.30
aborts/s 980.85
ops/s 5636.16

commits/s 4694.24
aborts/s 984.84
ops/s 5679.08

commits/s 4799.18
aborts/s 846.86
ops/s 5646.04

commits/s 4594.44
aborts/s 968.88
ops/s 5563.33

commits/s 4591.32
aborts/s 1037.85
ops/s 5629.17

commits/s 4750.77
aborts/s 993.74
ops/s 5744.51

commits/s 4762.38
aborts/s 912.88
ops/s 5675.27

commits/s 4732.39
aborts/s 950.88
ops/s 5683.27

commits/s 4783.39
aborts/s 808.90
ops/s 5592.28

commits/s 4772.23
aborts/s 908.85
ops/s 5681.08

commits/s 4837.56
aborts/s 870.92
ops/s 5708.48

commits/s 4687.30
aborts/s 963.86
ops/s 5651.15

commits/s 4678.19
aborts/s 926.84
ops/s 5605.03

commits/s 4652.37
aborts/s 958.87
ops/s 5611.24

commits/s 4741.15
aborts/s 965.83
ops/s 5706.98

commits/s 4777.40
aborts/s 913.88
ops/s 5691.28

commits/s 4726.62
aborts/s 822.93
ops/s 5549.56

commits/s 4765.47
aborts/s 919.90
ops/s 5685.37

commits/s 4696.47
aborts/s 945.89
ops/s 5642.36

commits/s 4603.60
aborts/s 1014.91
ops/s 5618.51

commits/s 3059.10
aborts/s 698.80
ops/s 3757.90

commits/s 0.00
aborts/s 0.00
ops/s 0.00

