nowait
Starting KVS server on :8080
commits/s 0.00
aborts/s 0.00
ops/s 0.00

commits/s 0.00
aborts/s 0.00
ops/s 0.00

commits/s 0.00
aborts/s 0.00
ops/s 0.00

commits/s 0.00
aborts/s 0.00
ops/s 0.00

commits/s 0.00
aborts/s 0.00
ops/s 0.00

commits/s 5305.01
aborts/s 0.00
ops/s 5305.01

commits/s 5479.60
aborts/s 0.00
ops/s 5479.60

commits/s 5555.22
aborts/s 0.00
ops/s 5555.22

commits/s 5459.48
aborts/s 0.00
ops/s 5459.48

commits/s 5516.41
aborts/s 0.00
ops/s 5516.41

commits/s 5587.21
aborts/s 0.00
ops/s 5587.21

commits/s 5371.30
aborts/s 1.00
ops/s 5372.30

commits/s 5190.43
aborts/s 1.00
ops/s 5191.43

commits/s 5490.07
aborts/s 0.00
ops/s 5490.07

commits/s 5496.37
aborts/s 0.00
ops/s 5496.37

commits/s 5452.45
aborts/s 0.00
ops/s 5452.45

commits/s 5606.10
aborts/s 0.00
ops/s 5606.10

commits/s 5370.63
aborts/s 0.00
ops/s 5370.63

commits/s 5464.08
aborts/s 0.00
ops/s 5464.08

commits/s 5343.71
aborts/s 0.00
ops/s 5343.71

commits/s 5228.47
aborts/s 0.00
ops/s 5228.47

commits/s 5308.61
aborts/s 0.00
ops/s 5308.61

commits/s 5424.45
aborts/s 0.00
ops/s 5424.45

commits/s 5687.24
aborts/s 0.00
ops/s 5687.24

commits/s 5601.53
aborts/s 0.00
ops/s 5601.53

commits/s 5478.44
aborts/s 0.00
ops/s 5478.44

commits/s 5474.43
aborts/s 0.00
ops/s 5474.43

commits/s 5580.27
aborts/s 0.00
ops/s 5580.27

commits/s 5533.50
aborts/s 0.00
ops/s 5533.50

commits/s 5591.65
aborts/s 0.00
ops/s 5591.65

commits/s 5347.18
aborts/s 0.00
ops/s 5347.18

commits/s 5533.36
aborts/s 0.00
ops/s 5533.36

commits/s 5617.02
aborts/s 0.00
ops/s 5617.02

commits/s 5663.44
aborts/s 0.00
ops/s 5663.44

commits/s 5043.25
aborts/s 1.00
ops/s 5044.25

