nowait
Starting KVS server on :8080
commits/s 0.00
aborts/s 0.00
ops/s 0.00

commits/s 0.00
aborts/s 0.00
ops/s 0.00

commits/s 0.00
aborts/s 0.00
ops/s 0.00

commits/s 0.00
aborts/s 0.00
ops/s 0.00

commits/s 1580.90
aborts/s 0.00
ops/s 1580.90

commits/s 5621.28
aborts/s 1.00
ops/s 5622.28

commits/s 5503.02
aborts/s 0.00
ops/s 5503.02

commits/s 5488.19
aborts/s 0.00
ops/s 5488.19

commits/s 5446.74
aborts/s 1.00
ops/s 5447.74

commits/s 5554.10
aborts/s 0.00
ops/s 5554.10

commits/s 5553.16
aborts/s 1.00
ops/s 5554.16

commits/s 5376.09
aborts/s 0.00
ops/s 5376.09

commits/s 5324.12
aborts/s 0.00
ops/s 5324.12

commits/s 5510.25
aborts/s 0.00
ops/s 5510.25

commits/s 5577.09
aborts/s 0.00
ops/s 5577.09

commits/s 5503.44
aborts/s 0.00
ops/s 5503.44

commits/s 5440.43
aborts/s 0.00
ops/s 5440.43

commits/s 5480.08
aborts/s 0.00
ops/s 5480.08

commits/s 5594.68
aborts/s 0.00
ops/s 5594.68

commits/s 5244.57
aborts/s 0.00
ops/s 5244.57

commits/s 5246.84
aborts/s 0.00
ops/s 5246.84

commits/s 5428.65
aborts/s 0.00
ops/s 5428.65

commits/s 5525.34
aborts/s 1.00
ops/s 5526.34

commits/s 5646.61
aborts/s 0.00
ops/s 5646.61

commits/s 5512.45
aborts/s 0.00
ops/s 5512.45

commits/s 5338.44
aborts/s 0.00
ops/s 5338.44

commits/s 5507.23
aborts/s 0.00
ops/s 5507.23

commits/s 5522.56
aborts/s 0.00
ops/s 5522.56

commits/s 5633.17
aborts/s 0.00
ops/s 5633.17

commits/s 5460.27
aborts/s 0.00
ops/s 5460.27

commits/s 5416.53
aborts/s 1.00
ops/s 5417.53

commits/s 5571.31
aborts/s 0.00
ops/s 5571.31

commits/s 5620.27
aborts/s 0.00
ops/s 5620.27

commits/s 5522.51
aborts/s 0.00
ops/s 5522.51

commits/s 3273.85
aborts/s 0.00
ops/s 3273.85

