nowait
Starting KVS server on :8080
commits/s 0.00
aborts/s 0.00
ops/s 0.00

commits/s 0.00
aborts/s 0.00
ops/s 0.00

commits/s 0.00
aborts/s 0.00
ops/s 0.00

commits/s 0.00
aborts/s 0.00
ops/s 0.00

commits/s 0.00
aborts/s 0.00
ops/s 0.00

commits/s 4850.66
aborts/s 1.00
ops/s 4851.66

commits/s 5522.11
aborts/s 0.00
ops/s 5522.11

commits/s 5467.27
aborts/s 0.00
ops/s 5467.27

commits/s 5458.76
aborts/s 0.00
ops/s 5458.76

commits/s 5505.40
aborts/s 0.00
ops/s 5505.40

commits/s 5564.26
aborts/s 0.00
ops/s 5564.26

commits/s 5620.16
aborts/s 0.00
ops/s 5620.16

commits/s 5336.87
aborts/s 0.00
ops/s 5336.87

commits/s 5549.25
aborts/s 0.00
ops/s 5549.25

commits/s 5574.37
aborts/s 0.00
ops/s 5574.37

commits/s 5489.44
aborts/s 0.00
ops/s 5489.44

commits/s 5673.36
aborts/s 0.00
ops/s 5673.36

commits/s 5334.15
aborts/s 0.00
ops/s 5334.15

commits/s 5593.42
aborts/s 0.00
ops/s 5593.42

commits/s 5432.49
aborts/s 0.00
ops/s 5432.49

commits/s 5281.36
aborts/s 0.00
ops/s 5281.36

commits/s 5223.55
aborts/s 0.00
ops/s 5223.55

commits/s 5447.18
aborts/s 0.00
ops/s 5447.18

commits/s 5569.44
aborts/s 0.00
ops/s 5569.44

commits/s 5526.33
aborts/s 0.00
ops/s 5526.33

commits/s 5452.39
aborts/s 1.00
ops/s 5453.38

commits/s 5625.35
aborts/s 0.00
ops/s 5625.35

commits/s 5520.18
aborts/s 0.00
ops/s 5520.18

commits/s 5548.75
aborts/s 0.00
ops/s 5548.75

commits/s 5453.44
aborts/s 0.00
ops/s 5453.44

commits/s 5529.17
aborts/s 0.00
ops/s 5529.17

commits/s 5529.79
aborts/s 0.00
ops/s 5529.79

commits/s 5542.35
aborts/s 1.00
ops/s 5543.35

commits/s 5546.54
aborts/s 1.00
ops/s 5547.54

commits/s 5521.36
aborts/s 0.00
ops/s 5521.36

commits/s 67.97
aborts/s 0.00
ops/s 67.97

