waitdie
Starting KVS server on :8080
commits/s 0.00
aborts/s 0.00
ops/s 0.00

commits/s 0.00
aborts/s 0.00
ops/s 0.00

commits/s 0.00
aborts/s 0.00
ops/s 0.00

commits/s 0.00
aborts/s 0.00
ops/s 0.00

commits/s 120.99
aborts/s 0.00
ops/s 120.99

commits/s 5454.38
aborts/s 0.00
ops/s 5454.38

commits/s 5455.32
aborts/s 0.00
ops/s 5455.32

commits/s 5463.39
aborts/s 0.00
ops/s 5463.39

commits/s 5280.28
aborts/s 0.00
ops/s 5280.28

commits/s 5472.29
aborts/s 0.00
ops/s 5472.29

commits/s 5551.27
aborts/s 0.00
ops/s 5551.27

commits/s 5562.26
aborts/s 0.00
ops/s 5562.26

commits/s 5304.47
aborts/s 0.00
ops/s 5304.47

commits/s 5545.30
aborts/s 0.00
ops/s 5545.30

commits/s 5463.44
aborts/s 0.00
ops/s 5463.44

commits/s 5561.28
aborts/s 0.00
ops/s 5561.28

commits/s 5533.67
aborts/s 0.00
ops/s 5533.67

commits/s 5627.89
aborts/s 0.00
ops/s 5627.89

commits/s 5679.41
aborts/s 0.00
ops/s 5679.41

commits/s 5496.03
aborts/s 0.00
ops/s 5496.03

commits/s 5253.61
aborts/s 0.00
ops/s 5253.61

commits/s 5393.39
aborts/s 0.00
ops/s 5393.39

commits/s 5386.56
aborts/s 0.00
ops/s 5386.56

commits/s 5516.45
aborts/s 0.00
ops/s 5516.45

commits/s 5559.19
aborts/s 0.00
ops/s 5559.19

commits/s 5657.60
aborts/s 0.00
ops/s 5657.60

commits/s 5551.45
aborts/s 0.00
ops/s 5551.45

commits/s 5519.60
aborts/s 0.00
ops/s 5519.60

commits/s 5555.45
aborts/s 1.00
ops/s 5556.45

commits/s 5403.52
aborts/s 0.00
ops/s 5403.52

commits/s 5439.40
aborts/s 0.00
ops/s 5439.40

commits/s 5549.38
aborts/s 0.00
ops/s 5549.38

commits/s 5557.63
aborts/s 0.00
ops/s 5557.63

commits/s 5530.55
aborts/s 0.00
ops/s 5530.55

commits/s 4670.63
aborts/s 0.00
ops/s 4670.63

commits/s 0.00
aborts/s 0.00
ops/s 0.00

