waitdie
Starting KVS server on :8080
commits/s 0.00
aborts/s 0.00
ops/s 0.00

commits/s 0.00
aborts/s 0.00
ops/s 0.00

commits/s 0.00
aborts/s 0.00
ops/s 0.00

commits/s 0.00
aborts/s 0.00
ops/s 0.00

commits/s 1406.85
aborts/s 0.00
ops/s 1406.85

commits/s 5508.23
aborts/s 0.00
ops/s 5508.23

commits/s 5359.35
aborts/s 0.00
ops/s 5359.35

commits/s 5533.22
aborts/s 0.00
ops/s 5533.22

commits/s 5351.72
aborts/s 0.00
ops/s 5351.72

commits/s 5534.06
aborts/s 0.00
ops/s 5534.06

commits/s 5467.12
aborts/s 0.00
ops/s 5467.12

commits/s 5368.25
aborts/s 0.00
ops/s 5368.25

commits/s 5295.10
aborts/s 0.00
ops/s 5295.10

commits/s 5514.34
aborts/s 0.00
ops/s 5514.34

commits/s 5509.31
aborts/s 0.00
ops/s 5509.31

commits/s 5381.41
aborts/s 0.00
ops/s 5381.41

commits/s 5513.98
aborts/s 1.00
ops/s 5514.98

commits/s 5593.20
aborts/s 0.00
ops/s 5593.20

commits/s 5401.40
aborts/s 0.00
ops/s 5401.40

commits/s 5326.57
aborts/s 0.00
ops/s 5326.57

commits/s 5529.22
aborts/s 0.00
ops/s 5529.22

commits/s 5397.62
aborts/s 0.00
ops/s 5397.62

commits/s 5382.88
aborts/s 0.00
ops/s 5382.88

commits/s 5567.31
aborts/s 0.00
ops/s 5567.31

commits/s 5516.16
aborts/s 0.00
ops/s 5516.16

commits/s 5645.13
aborts/s 0.00
ops/s 5645.13

commits/s 5468.50
aborts/s 0.00
ops/s 5468.50

commits/s 5508.59
aborts/s 0.00
ops/s 5508.59

commits/s 5466.19
aborts/s 0.00
ops/s 5466.19

commits/s 5587.36
aborts/s 0.00
ops/s 5587.36

commits/s 5516.41
aborts/s 0.00
ops/s 5516.41

commits/s 5507.83
aborts/s 0.00
ops/s 5507.83

commits/s 5567.20
aborts/s 0.00
ops/s 5567.20

commits/s 5539.06
aborts/s 0.00
ops/s 5539.06

commits/s 3527.88
aborts/s 0.00
ops/s 3527.88

