waitdie
Starting KVS server on :8080
commits/s 0.00
aborts/s 0.00
ops/s 0.00

commits/s 0.00
aborts/s 0.00
ops/s 0.00

commits/s 0.00
aborts/s 0.00
ops/s 0.00

commits/s 0.00
aborts/s 0.00
ops/s 0.00

commits/s 0.00
aborts/s 0.00
ops/s 0.00

commits/s 4558.63
aborts/s 0.00
ops/s 4558.63

commits/s 5382.54
aborts/s 0.00
ops/s 5382.54

commits/s 5579.16
aborts/s 0.00
ops/s 5579.16

commits/s 5470.36
aborts/s 0.00
ops/s 5470.36

commits/s 5434.37
aborts/s 0.00
ops/s 5434.37

commits/s 5415.35
aborts/s 0.00
ops/s 5415.35

commits/s 5604.35
aborts/s 0.00
ops/s 5604.35

commits/s 5440.39
aborts/s 0.00
ops/s 5440.39

commits/s 5409.85
aborts/s 0.00
ops/s 5409.85

commits/s 5471.55
aborts/s 0.00
ops/s 5471.55

commits/s 5490.25
aborts/s 0.00
ops/s 5490.25

commits/s 5582.51
aborts/s 0.00
ops/s 5582.51

commits/s 5635.48
aborts/s 0.00
ops/s 5635.48

commits/s 5521.62
aborts/s 0.00
ops/s 5521.62

commits/s 5456.53
aborts/s 0.00
ops/s 5456.53

commits/s 5483.28
aborts/s 0.00
ops/s 5483.28

commits/s 5397.04
aborts/s 0.00
ops/s 5397.04

commits/s 5270.41
aborts/s 0.00
ops/s 5270.41

commits/s 5552.57
aborts/s 0.00
ops/s 5552.57

commits/s 5486.10
aborts/s 0.00
ops/s 5486.10

commits/s 5488.42
aborts/s 0.00
ops/s 5488.42

commits/s 5436.52
aborts/s 0.00
ops/s 5436.52

commits/s 5522.60
aborts/s 0.00
ops/s 5522.60

commits/s 5538.46
aborts/s 0.00
ops/s 5538.46

commits/s 5452.46
aborts/s 0.00
ops/s 5452.46

commits/s 5343.22
aborts/s 0.00
ops/s 5343.22

commits/s 5638.43
aborts/s 0.00
ops/s 5638.43

commits/s 5667.69
aborts/s 0.00
ops/s 5667.69

commits/s 5550.55
aborts/s 0.00
ops/s 5550.55

commits/s 5658.55
aborts/s 0.00
ops/s 5658.55

commits/s 350.66
aborts/s 0.00
ops/s 350.66

