woundwait
Starting KVS server on :8080
commits/s 0.00
aborts/s 0.00
ops/s 0.00

commits/s 0.00
aborts/s 0.00
ops/s 0.00

commits/s 0.00
aborts/s 0.00
ops/s 0.00

commits/s 0.00
aborts/s 0.00
ops/s 0.00

commits/s 184.98
aborts/s 0.00
ops/s 184.98

commits/s 4312.63
aborts/s 0.00
ops/s 4312.63

commits/s 4396.88
aborts/s 0.00
ops/s 4396.88

commits/s 4222.29
aborts/s 0.00
ops/s 4222.29

commits/s 4272.36
aborts/s 0.00
ops/s 4272.36

commits/s 4215.23
aborts/s 0.00
ops/s 4215.23

commits/s 4203.44
aborts/s 0.00
ops/s 4203.44

commits/s 4331.57
aborts/s 0.00
ops/s 4331.57

commits/s 4308.53
aborts/s 0.00
ops/s 4308.53

commits/s 4214.50
aborts/s 0.00
ops/s 4214.50

commits/s 4122.42
aborts/s 0.00
ops/s 4122.42

commits/s 4252.55
aborts/s 0.00
ops/s 4252.55

commits/s 4266.45
aborts/s 0.00
ops/s 4266.45

commits/s 4298.53
aborts/s 0.00
ops/s 4298.53

commits/s 4192.46
aborts/s 0.00
ops/s 4192.46

commits/s 4369.90
aborts/s 0.00
ops/s 4369.90

commits/s 4245.60
aborts/s 0.00
ops/s 4245.60

commits/s 4197.69
aborts/s 0.00
ops/s 4197.69

commits/s 4238.22
aborts/s 0.00
ops/s 4238.22

commits/s 4307.23
aborts/s 0.00
ops/s 4307.23

commits/s 4228.14
aborts/s 0.00
ops/s 4228.14

commits/s 4128.34
aborts/s 0.00
ops/s 4128.34

commits/s 4214.47
aborts/s 0.00
ops/s 4214.47

commits/s 4255.36
aborts/s 0.00
ops/s 4255.36

commits/s 4237.49
aborts/s 0.00
ops/s 4237.49

commits/s 4312.21
aborts/s 0.00
ops/s 4312.21

commits/s 4240.69
aborts/s 0.00
ops/s 4240.69

commits/s 4432.57
aborts/s 0.00
ops/s 4432.57

commits/s 4359.59
aborts/s 0.00
ops/s 4359.59

commits/s 4370.44
aborts/s 0.00
ops/s 4370.44

commits/s 3512.03
aborts/s 0.00
ops/s 3512.03

commits/s 0.00
aborts/s 0.00
ops/s 0.00

