woundwait
Starting KVS server on :8080
commits/s 0.00
aborts/s 0.00
ops/s 0.00

commits/s 0.00
aborts/s 0.00
ops/s 0.00

commits/s 0.00
aborts/s 0.00
ops/s 0.00

commits/s 0.00
aborts/s 0.00
ops/s 0.00

commits/s 0.00
aborts/s 0.00
ops/s 0.00

commits/s 3833.61
aborts/s 0.00
ops/s 3833.61

commits/s 4317.03
aborts/s 0.00
ops/s 4317.03

commits/s 4270.44
aborts/s 0.00
ops/s 4270.44

commits/s 4263.43
aborts/s 0.00
ops/s 4263.43

commits/s 4219.37
aborts/s 0.00
ops/s 4219.37

commits/s 4250.36
aborts/s 0.00
ops/s 4250.36

commits/s 4374.96
aborts/s 0.00
ops/s 4374.96

commits/s 4452.40
aborts/s 0.00
ops/s 4452.40

commits/s 4310.03
aborts/s 0.00
ops/s 4310.03

commits/s 4131.37
aborts/s 0.00
ops/s 4131.37

commits/s 4339.36
aborts/s 0.00
ops/s 4339.36

commits/s 4431.28
aborts/s 0.00
ops/s 4431.28

commits/s 4259.55
aborts/s 0.00
ops/s 4259.55

commits/s 4403.41
aborts/s 0.00
ops/s 4403.41

commits/s 4323.39
aborts/s 0.00
ops/s 4323.39

commits/s 4222.70
aborts/s 0.00
ops/s 4222.70

commits/s 4308.92
aborts/s 0.00
ops/s 4308.92

commits/s 4368.50
aborts/s 0.00
ops/s 4368.50

commits/s 4250.52
aborts/s 0.00
ops/s 4250.52

commits/s 4215.68
aborts/s 0.00
ops/s 4215.68

commits/s 4234.31
aborts/s 0.00
ops/s 4234.31

commits/s 4265.63
aborts/s 0.00
ops/s 4265.63

commits/s 4215.49
aborts/s 0.00
ops/s 4215.49

commits/s 4364.29
aborts/s 0.00
ops/s 4364.29

commits/s 4374.77
aborts/s 0.00
ops/s 4374.77

commits/s 4300.53
aborts/s 0.00
ops/s 4300.53

commits/s 4304.51
aborts/s 0.00
ops/s 4304.51

commits/s 4270.47
aborts/s 0.00
ops/s 4270.47

commits/s 4313.62
aborts/s 0.00
ops/s 4313.62

commits/s 4320.52
aborts/s 0.00
ops/s 4320.52

commits/s 0.00
aborts/s 0.00
ops/s 0.00

