woundwait
Starting KVS server on :8080
commits/s 0.00
aborts/s 0.00
ops/s 0.00

commits/s 0.00
aborts/s 0.00
ops/s 0.00

commits/s 0.00
aborts/s 0.00
ops/s 0.00

commits/s 0.00
aborts/s 0.00
ops/s 0.00

commits/s 0.00
aborts/s 0.00
ops/s 0.00

commits/s 3996.32
aborts/s 0.00
ops/s 3996.32

commits/s 4342.47
aborts/s 0.00
ops/s 4342.47

commits/s 4255.41
aborts/s 0.00
ops/s 4255.41

commits/s 4295.36
aborts/s 0.00
ops/s 4295.36

commits/s 4247.45
aborts/s 0.00
ops/s 4247.45

commits/s 4325.28
aborts/s 0.00
ops/s 4325.28

commits/s 4379.38
aborts/s 0.00
ops/s 4379.38

commits/s 4365.52
aborts/s 0.00
ops/s 4365.52

commits/s 4300.44
aborts/s 0.00
ops/s 4300.44

commits/s 4053.56
aborts/s 0.00
ops/s 4053.56

commits/s 4295.95
aborts/s 0.00
ops/s 4295.95

commits/s 4252.22
aborts/s 0.00
ops/s 4252.22

commits/s 4278.54
aborts/s 0.00
ops/s 4278.54

commits/s 4375.31
aborts/s 0.00
ops/s 4375.31

commits/s 4274.22
aborts/s 0.00
ops/s 4274.22

commits/s 4295.27
aborts/s 0.00
ops/s 4295.27

commits/s 4339.67
aborts/s 0.00
ops/s 4339.67

commits/s 4282.71
aborts/s 0.00
ops/s 4282.71

commits/s 4170.54
aborts/s 0.00
ops/s 4170.54

commits/s 4199.16
aborts/s 0.00
ops/s 4199.16

commits/s 4127.17
aborts/s 0.00
ops/s 4127.17

commits/s 4150.19
aborts/s 0.00
ops/s 4150.19

commits/s 4351.33
aborts/s 0.00
ops/s 4351.33

commits/s 4397.68
aborts/s 0.00
ops/s 4397.68

commits/s 4372.66
aborts/s 0.00
ops/s 4372.66

commits/s 4293.56
aborts/s 0.00
ops/s 4293.56

commits/s 4272.69
aborts/s 0.00
ops/s 4272.69

commits/s 4215.41
aborts/s 0.00
ops/s 4215.41

commits/s 4372.59
aborts/s 0.00
ops/s 4372.59

commits/s 4170.67
aborts/s 0.00
ops/s 4170.67

commits/s 0.00
aborts/s 0.00
ops/s 0.00

