nowait
Starting KVS server on :8080
commits/s 0.00
aborts/s 0.00
ops/s 0.00

commits/s 0.00
aborts/s 0.00
ops/s 0.00

commits/s 0.00
aborts/s 0.00
ops/s 0.00

commits/s 0.00
aborts/s 0.00
ops/s 0.00

commits/s 0.00
aborts/s 0.00
ops/s 0.00

commits/s 0.00
aborts/s 0.00
ops/s 0.00

commits/s 3413.39
aborts/s 513.91
ops/s 3927.30

commits/s 3491.41
aborts/s 536.91
ops/s 4028.31

commits/s 3333.66
aborts/s 627.94
ops/s 3961.59

commits/s 3370.52
aborts/s 630.91
ops/s 4001.43

commits/s 3426.66
aborts/s 505.95
ops/s 3932.61

commits/s 3533.41
aborts/s 474.92
ops/s 4008.33

commits/s 3415.21
aborts/s 563.87
ops/s 3979.07

commits/s 3440.52
aborts/s 571.92
ops/s 4012.44

commits/s 3378.31
aborts/s 596.88
ops/s 3975.19

commits/s 3413.40
aborts/s 583.90
ops/s 3997.30

commits/s 3443.60
aborts/s 588.93
ops/s 4032.53

commits/s 3404.56
aborts/s 491.94
ops/s 3896.50

commits/s 3424.99
aborts/s 586.83
ops/s 4011.82

commits/s 3470.56
aborts/s 533.93
ops/s 4004.49

commits/s 3394.53
aborts/s 534.93
ops/s 3929.45

commits/s 3442.65
aborts/s 589.94
ops/s 4032.59

commits/s 3353.57
aborts/s 606.92
ops/s 3960.49

commits/s 3498.60
aborts/s 568.93
ops/s 4067.53

commits/s 3425.58
aborts/s 541.93
ops/s 3967.52

commits/s 3338.52
aborts/s 609.91
ops/s 3948.44

commits/s 3466.13
aborts/s 548.86
ops/s 4014.99

commits/s 3453.24
aborts/s 513.89
ops/s 3967.12

commits/s 3399.62
aborts/s 607.93
ops/s 4007.56

commits/s 3366.62
aborts/s 652.93
ops/s 4019.55

commits/s 3422.64
aborts/s 455.95
ops/s 3878.59

commits/s 3434.54
aborts/s 480.94
ops/s 3915.47

commits/s 3390.61
aborts/s 553.94
ops/s 3944.54

commits/s 3510.74
aborts/s 456.97
ops/s 3967.71

commits/s 3300.33
aborts/s 558.89
ops/s 3859.22

commits/s 3048.14
aborts/s 495.70
ops/s 3543.84

commits/s 0.00
aborts/s 0.00
ops/s 0.00

