nowait
Starting KVS server on :8080
commits/s 0.00
aborts/s 0.00
ops/s 0.00

commits/s 0.00
aborts/s 0.00
ops/s 0.00

commits/s 0.00
aborts/s 0.00
ops/s 0.00

commits/s 0.00
aborts/s 0.00
ops/s 0.00

commits/s 0.00
aborts/s 0.00
ops/s 0.00

commits/s 239.95
aborts/s 58.99
ops/s 298.94

commits/s 3450.17
aborts/s 531.87
ops/s 3982.05

commits/s 3430.62
aborts/s 538.94
ops/s 3969.56

commits/s 3314.34
aborts/s 595.52
ops/s 3909.87

commits/s 3440.65
aborts/s 560.94
ops/s 4001.59

commits/s 3466.49
aborts/s 549.92
ops/s 4016.40

commits/s 3516.19
aborts/s 528.88
ops/s 4045.06

commits/s 3360.60
aborts/s 560.93
ops/s 3921.53

commits/s 3412.52
aborts/s 554.92
ops/s 3967.44

commits/s 3466.80
aborts/s 538.81
ops/s 4005.62

commits/s 3394.18
aborts/s 503.88
ops/s 3898.05

commits/s 3456.63
aborts/s 506.80
ops/s 3963.42

commits/s 3386.48
aborts/s 537.92
ops/s 3924.40

commits/s 3430.59
aborts/s 543.94
ops/s 3974.53

commits/s 3416.98
aborts/s 564.83
ops/s 3981.81

commits/s 3495.55
aborts/s 539.93
ops/s 4035.48

commits/s 3509.32
aborts/s 510.90
ops/s 4020.23

commits/s 3440.34
aborts/s 569.89
ops/s 4010.23

commits/s 3375.43
aborts/s 638.89
ops/s 4014.32

commits/s 3386.31
aborts/s 569.88
ops/s 3956.19

commits/s 3366.63
aborts/s 571.94
ops/s 3938.57

commits/s 3478.61
aborts/s 558.94
ops/s 4037.54

commits/s 3398.48
aborts/s 554.92
ops/s 3953.39

commits/s 3546.94
aborts/s 488.85
ops/s 4035.79

commits/s 3431.43
aborts/s 486.92
ops/s 3918.35

commits/s 3417.80
aborts/s 577.80
ops/s 3995.60

commits/s 3511.49
aborts/s 488.93
ops/s 4000.42

commits/s 3458.53
aborts/s 526.93
ops/s 3985.45

commits/s 3442.27
aborts/s 548.88
ops/s 3991.15

commits/s 3359.51
aborts/s 612.91
ops/s 3972.43

commits/s 2660.67
aborts/s 398.65
ops/s 3059.32

