nowait
Starting KVS server on :8080
commits/s 0.00
aborts/s 0.00
ops/s 0.00

commits/s 0.00
aborts/s 0.00
ops/s 0.00

commits/s 0.00
aborts/s 0.00
ops/s 0.00

commits/s 0.00
aborts/s 0.00
ops/s 0.00

commits/s 0.00
aborts/s 0.00
ops/s 0.00

commits/s 290.89
aborts/s 43.98
ops/s 334.87

commits/s 3413.65
aborts/s 550.94
ops/s 3964.59

commits/s 3389.51
aborts/s 619.91
ops/s 4009.42

commits/s 3357.69
aborts/s 660.94
ops/s 4018.63

commits/s 3397.39
aborts/s 556.90
ops/s 3954.29

commits/s 3381.58
aborts/s 578.93
ops/s 3960.50

commits/s 3426.29
aborts/s 545.89
ops/s 3972.17

commits/s 3442.59
aborts/s 577.93
ops/s 4020.52

commits/s 3424.39
aborts/s 545.90
ops/s 3970.29

commits/s 3378.43
aborts/s 573.90
ops/s 3952.33

commits/s 3478.45
aborts/s 528.92
ops/s 4007.37

commits/s 3345.61
aborts/s 574.93
ops/s 3920.54

commits/s 3504.58
aborts/s 470.94
ops/s 3975.53

commits/s 3463.56
aborts/s 509.93
ops/s 3973.49

commits/s 3461.48
aborts/s 544.92
ops/s 4006.39

commits/s 3480.28
aborts/s 487.90
ops/s 3968.18

commits/s 3448.54
aborts/s 514.93
ops/s 3963.48

commits/s 3507.21
aborts/s 501.89
ops/s 4009.10

commits/s 3448.64
aborts/s 541.94
ops/s 3990.59

commits/s 3494.44
aborts/s 582.91
ops/s 4077.35

commits/s 3536.59
aborts/s 432.95
ops/s 3969.54

commits/s 3486.33
aborts/s 510.90
ops/s 3997.23

commits/s 3443.74
aborts/s 486.96
ops/s 3930.70

commits/s 3420.64
aborts/s 557.94
ops/s 3978.58

commits/s 3366.08
aborts/s 586.84
ops/s 3952.92

commits/s 3424.38
aborts/s 536.90
ops/s 3961.28

commits/s 3383.71
aborts/s 572.95
ops/s 3956.66

commits/s 3402.45
aborts/s 527.91
ops/s 3930.36

commits/s 3215.96
aborts/s 639.79
ops/s 3855.75

commits/s 3414.65
aborts/s 550.94
ops/s 3965.59

commits/s 2830.64
aborts/s 435.64
ops/s 3266.28

commits/s 0.00
aborts/s 0.00
ops/s 0.00

