nowait
Starting KVS server on :8080
commits/s 0.00
aborts/s 0.00
ops/s 0.00

commits/s 0.00
aborts/s 0.00
ops/s 0.00

commits/s 0.00
aborts/s 0.00
ops/s 0.00

commits/s 0.00
aborts/s 0.00
ops/s 0.00

commits/s 970.87
aborts/s 12.00
ops/s 982.87

commits/s 5424.64
aborts/s 124.99
ops/s 5549.63

commits/s 5484.26
aborts/s 80.99
ops/s 5565.25

commits/s 5407.19
aborts/s 133.98
ops/s 5541.17

commits/s 5488.18
aborts/s 119.98
ops/s 5608.17

commits/s 5362.50
aborts/s 99.97
ops/s 5462.47

commits/s 5489.27
aborts/s 118.98
ops/s 5608.25

commits/s 5512.44
aborts/s 130.99
ops/s 5643.42

commits/s 5560.38
aborts/s 90.99
ops/s 5651.37

commits/s 5508.04
aborts/s 114.98
ops/s 5623.02

commits/s 5399.39
aborts/s 171.98
ops/s 5571.37

commits/s 5470.35
aborts/s 100.99
ops/s 5571.34

commits/s 5529.97
aborts/s 110.98
ops/s 5640.95

commits/s 5589.17
aborts/s 104.98
ops/s 5694.15

commits/s 5631.36
aborts/s 123.99
ops/s 5755.35

commits/s 5492.11
aborts/s 137.98
ops/s 5630.09

commits/s 5374.59
aborts/s 123.99
ops/s 5498.58

commits/s 5417.88
aborts/s 118.98
ops/s 5536.85

commits/s 5527.50
aborts/s 94.99
ops/s 5622.49

commits/s 5465.57
aborts/s 108.99
ops/s 5574.56

commits/s 5473.41
aborts/s 125.99
ops/s 5599.40

commits/s 5521.35
aborts/s 123.99
ops/s 5645.34

commits/s 5469.28
aborts/s 133.98
ops/s 5603.27

commits/s 5461.37
aborts/s 93.99
ops/s 5555.36

commits/s 5490.21
aborts/s 123.98
ops/s 5614.19

commits/s 5398.11
aborts/s 111.98
ops/s 5510.09

commits/s 5407.33
aborts/s 116.99
ops/s 5524.32

commits/s 5369.37
aborts/s 128.98
ops/s 5498.36

commits/s 5485.63
aborts/s 119.99
ops/s 5605.62

commits/s 5416.00
aborts/s 132.98
ops/s 5548.98

commits/s 3712.79
aborts/s 81.95
ops/s 3794.74

