nowait
Starting KVS server on :8080
commits/s 0.00
aborts/s 0.00
ops/s 0.00

commits/s 0.00
aborts/s 0.00
ops/s 0.00

commits/s 0.00
aborts/s 0.00
ops/s 0.00

commits/s 0.00
aborts/s 0.00
ops/s 0.00

commits/s 0.00
aborts/s 0.00
ops/s 0.00

commits/s 5522.31
aborts/s 103.99
ops/s 5626.30

commits/s 5464.32
aborts/s 139.98
ops/s 5604.30

commits/s 5429.17
aborts/s 144.98
ops/s 5574.15

commits/s 5455.28
aborts/s 140.98
ops/s 5596.26

commits/s 5422.19
aborts/s 111.98
ops/s 5534.17

commits/s 5336.30
aborts/s 133.98
ops/s 5470.28

commits/s 5464.16
aborts/s 109.98
ops/s 5574.14

commits/s 5460.85
aborts/s 100.98
ops/s 5561.83

commits/s 5443.24
aborts/s 121.98
ops/s 5565.23

commits/s 5413.22
aborts/s 120.98
ops/s 5534.21

commits/s 5441.27
aborts/s 125.98
ops/s 5567.25

commits/s 5488.37
aborts/s 83.99
ops/s 5572.36

commits/s 5453.22
aborts/s 116.98
ops/s 5570.21

commits/s 5541.69
aborts/s 111.97
ops/s 5653.66

commits/s 5381.12
aborts/s 102.98
ops/s 5484.10

commits/s 5428.31
aborts/s 118.98
ops/s 5547.29

commits/s 5402.88
aborts/s 119.98
ops/s 5522.86

commits/s 5378.15
aborts/s 94.98
ops/s 5473.13

commits/s 5458.74
aborts/s 123.97
ops/s 5582.72

commits/s 5502.93
aborts/s 110.98
ops/s 5613.91

commits/s 5423.22
aborts/s 125.96
ops/s 5549.18

commits/s 5533.12
aborts/s 110.98
ops/s 5644.10

commits/s 5517.34
aborts/s 99.99
ops/s 5617.33

commits/s 5313.51
aborts/s 115.99
ops/s 5429.50

commits/s 5423.14
aborts/s 113.98
ops/s 5537.12

commits/s 5438.59
aborts/s 100.99
ops/s 5539.59

commits/s 5435.37
aborts/s 127.99
ops/s 5563.36

commits/s 5449.58
aborts/s 119.99
ops/s 5569.57

commits/s 5473.43
aborts/s 145.98
ops/s 5619.42

commits/s 4822.53
aborts/s 69.92
ops/s 4892.45

