nowait
Starting KVS server on :8080
commits/s 0.00
aborts/s 0.00
ops/s 0.00

commits/s 0.00
aborts/s 0.00
ops/s 0.00

commits/s 0.00
aborts/s 0.00
ops/s 0.00

commits/s 0.00
aborts/s 0.00
ops/s 0.00

commits/s 919.97
aborts/s 15.00
ops/s 934.97

commits/s 5477.40
aborts/s 113.99
ops/s 5591.39

commits/s 5419.37
aborts/s 131.98
ops/s 5551.35

commits/s 5477.28
aborts/s 101.99
ops/s 5579.27

commits/s 5490.31
aborts/s 91.99
ops/s 5582.30

commits/s 5390.82
aborts/s 125.97
ops/s 5516.80

commits/s 5418.95
aborts/s 131.97
ops/s 5550.93

commits/s 5341.24
aborts/s 139.98
ops/s 5481.22

commits/s 5413.39
aborts/s 94.99
ops/s 5508.38

commits/s 5418.38
aborts/s 113.99
ops/s 5532.37

commits/s 5383.01
aborts/s 111.98
ops/s 5494.99

commits/s 5465.32
aborts/s 99.99
ops/s 5565.30

commits/s 5442.40
aborts/s 119.99
ops/s 5562.39

commits/s 5475.09
aborts/s 120.98
ops/s 5596.07

commits/s 5501.27
aborts/s 154.98
ops/s 5656.25

commits/s 5451.58
aborts/s 110.97
ops/s 5562.55

commits/s 5503.34
aborts/s 105.99
ops/s 5609.33

commits/s 5394.45
aborts/s 113.99
ops/s 5508.44

commits/s 5485.22
aborts/s 103.99
ops/s 5589.21

commits/s 5409.16
aborts/s 141.90
ops/s 5551.06

commits/s 5503.68
aborts/s 116.99
ops/s 5620.67

commits/s 5501.17
aborts/s 94.99
ops/s 5596.16

commits/s 5452.24
aborts/s 97.99
ops/s 5550.22

commits/s 5445.43
aborts/s 114.99
ops/s 5560.42

commits/s 5345.20
aborts/s 114.98
ops/s 5460.18

commits/s 5388.94
aborts/s 128.97
ops/s 5517.91

commits/s 5346.38
aborts/s 117.99
ops/s 5464.37

commits/s 5447.53
aborts/s 146.99
ops/s 5594.52

commits/s 5407.54
aborts/s 94.99
ops/s 5502.53

commits/s 5418.80
aborts/s 123.97
ops/s 5542.77

commits/s 3796.42
aborts/s 85.99
ops/s 3882.41

commits/s 0.00
aborts/s 0.00
ops/s 0.00

