nowait
Starting KVS server on :8080
commits/s 0.00
aborts/s 0.00
ops/s 0.00

commits/s 0.00
aborts/s 0.00
ops/s 0.00

commits/s 0.00
aborts/s 0.00
ops/s 0.00

commits/s 0.00
aborts/s 0.00
ops/s 0.00

commits/s 340.95
aborts/s 0.00
ops/s 340.95

commits/s 1643.72
aborts/s 0.00
ops/s 1643.72

commits/s 1641.79
aborts/s 0.00
ops/s 1641.79

commits/s 1698.68
aborts/s 0.00
ops/s 1698.68

commits/s 1669.77
aborts/s 0.00
ops/s 1669.77

commits/s 1655.79
aborts/s 0.00
ops/s 1655.79

commits/s 1652.47
aborts/s 0.00
ops/s 1652.47

commits/s 1669.81
aborts/s 0.00
ops/s 1669.81

commits/s 1661.75
aborts/s 0.00
ops/s 1661.75

commits/s 1682.72
aborts/s 0.00
ops/s 1682.72

commits/s 1674.58
aborts/s 0.00
ops/s 1674.58

commits/s 1646.88
aborts/s 0.00
ops/s 1646.88

commits/s 1647.81
aborts/s 0.00
ops/s 1647.81

commits/s 1677.79
aborts/s 0.00
ops/s 1677.79

commits/s 1708.85
aborts/s 0.00
ops/s 1708.85

commits/s 1657.76
aborts/s 0.00
ops/s 1657.76

commits/s 1708.81
aborts/s 0.00
ops/s 1708.81

commits/s 1678.70
aborts/s 0.00
ops/s 1678.70

commits/s 1677.51
aborts/s 0.00
ops/s 1677.51

commits/s 1661.78
aborts/s 0.00
ops/s 1661.78

commits/s 1663.78
aborts/s 0.00
ops/s 1663.78

commits/s 1678.86
aborts/s 0.00
ops/s 1678.86

commits/s 1673.89
aborts/s 0.00
ops/s 1673.89

commits/s 1665.71
aborts/s 0.00
ops/s 1665.71

commits/s 1670.79
aborts/s 0.00
ops/s 1670.79

commits/s 1657.88
aborts/s 0.00
ops/s 1657.88

commits/s 1690.79
aborts/s 0.00
ops/s 1690.79

commits/s 1688.77
aborts/s 0.00
ops/s 1688.77

commits/s 1669.86
aborts/s 0.00
ops/s 1669.86

commits/s 1661.05
aborts/s 0.00
ops/s 1661.05

commits/s 1112.78
aborts/s 0.00
ops/s 1112.78

