nowait
Starting KVS server on :8080
commits/s 0.00
aborts/s 0.00
ops/s 0.00

commits/s 0.00
aborts/s 0.00
ops/s 0.00

commits/s 0.00
aborts/s 0.00
ops/s 0.00

commits/s 0.00
aborts/s 0.00
ops/s 0.00

commits/s 224.98
aborts/s 0.00
ops/s 224.98

commits/s 1680.88
aborts/s 0.00
ops/s 1680.88

commits/s 1659.72
aborts/s 0.00
ops/s 1659.72

commits/s 1671.73
aborts/s 0.00
ops/s 1671.73

commits/s 1664.78
aborts/s 0.00
ops/s 1664.78

commits/s 1669.76
aborts/s 0.00
ops/s 1669.76

commits/s 1666.84
aborts/s 0.00
ops/s 1666.84

commits/s 1678.74
aborts/s 0.00
ops/s 1678.74

commits/s 1667.80
aborts/s 0.00
ops/s 1667.80

commits/s 1675.83
aborts/s 0.00
ops/s 1675.83

commits/s 1670.79
aborts/s 0.00
ops/s 1670.79

commits/s 1662.69
aborts/s 0.00
ops/s 1662.69

commits/s 1642.77
aborts/s 0.00
ops/s 1642.77

commits/s 1668.84
aborts/s 0.00
ops/s 1668.84

commits/s 1696.80
aborts/s 0.00
ops/s 1696.80

commits/s 1669.76
aborts/s 0.00
ops/s 1669.76

commits/s 1660.73
aborts/s 0.00
ops/s 1660.73

commits/s 1666.79
aborts/s 0.00
ops/s 1666.79

commits/s 1655.64
aborts/s 0.00
ops/s 1655.64

commits/s 1663.86
aborts/s 0.00
ops/s 1663.86

commits/s 1696.77
aborts/s 0.00
ops/s 1696.77

commits/s 1669.40
aborts/s 0.00
ops/s 1669.40

commits/s 1678.60
aborts/s 0.00
ops/s 1678.60

commits/s 1713.75
aborts/s 0.00
ops/s 1713.75

commits/s 1688.85
aborts/s 0.00
ops/s 1688.85

commits/s 1690.85
aborts/s 0.00
ops/s 1690.85

commits/s 1678.77
aborts/s 0.00
ops/s 1678.77

commits/s 1661.84
aborts/s 0.00
ops/s 1661.84

commits/s 1671.80
aborts/s 0.00
ops/s 1671.80

commits/s 1669.69
aborts/s 0.00
ops/s 1669.69

commits/s 1242.91
aborts/s 0.00
ops/s 1242.91

