nowait
Starting KVS server on :8080
commits/s 0.00
aborts/s 0.00
ops/s 0.00

commits/s 0.00
aborts/s 0.00
ops/s 0.00

commits/s 0.00
aborts/s 0.00
ops/s 0.00

commits/s 0.00
aborts/s 0.00
ops/s 0.00

commits/s 241.98
aborts/s 0.00
ops/s 241.98

commits/s 1672.79
aborts/s 0.00
ops/s 1672.79

commits/s 1682.75
aborts/s 0.00
ops/s 1682.75

commits/s 1675.81
aborts/s 0.00
ops/s 1675.81

commits/s 1670.03
aborts/s 0.00
ops/s 1670.03

commits/s 1673.68
aborts/s 0.00
ops/s 1673.68

commits/s 1689.80
aborts/s 0.00
ops/s 1689.80

commits/s 1698.79
aborts/s 0.00
ops/s 1698.79

commits/s 1702.82
aborts/s 0.00
ops/s 1702.82

commits/s 1653.75
aborts/s 0.00
ops/s 1653.75

commits/s 1680.78
aborts/s 0.00
ops/s 1680.78

commits/s 1674.83
aborts/s 0.00
ops/s 1674.83

commits/s 1668.52
aborts/s 0.00
ops/s 1668.52

commits/s 1681.77
aborts/s 0.00
ops/s 1681.77

commits/s 1710.61
aborts/s 0.00
ops/s 1710.61

commits/s 1675.85
aborts/s 0.00
ops/s 1675.85

commits/s 1671.82
aborts/s 0.00
ops/s 1671.82

commits/s 1668.89
aborts/s 0.00
ops/s 1668.89

commits/s 1699.83
aborts/s 0.00
ops/s 1699.83

commits/s 1668.85
aborts/s 0.00
ops/s 1668.85

commits/s 1700.85
aborts/s 0.00
ops/s 1700.85

commits/s 1699.81
aborts/s 0.00
ops/s 1699.81

commits/s 1710.87
aborts/s 0.00
ops/s 1710.87

commits/s 1651.83
aborts/s 0.00
ops/s 1651.83

commits/s 1690.84
aborts/s 0.00
ops/s 1690.84

commits/s 1688.76
aborts/s 0.00
ops/s 1688.76

commits/s 1669.86
aborts/s 0.00
ops/s 1669.86

commits/s 1647.75
aborts/s 0.00
ops/s 1647.75

commits/s 1696.83
aborts/s 0.00
ops/s 1696.83

commits/s 1660.84
aborts/s 0.00
ops/s 1660.84

commits/s 1165.47
aborts/s 0.00
ops/s 1165.47

commits/s 0.00
aborts/s 0.00
ops/s 0.00

