nowait
Starting KVS server on :8080
commits/s 0.00
aborts/s 0.00
ops/s 0.00

commits/s 0.00
aborts/s 0.00
ops/s 0.00

commits/s 0.00
aborts/s 0.00
ops/s 0.00

commits/s 0.00
aborts/s 0.00
ops/s 0.00

commits/s 195.99
aborts/s 0.00
ops/s 195.99

commits/s 5740.63
aborts/s 0.00
ops/s 5740.63

commits/s 5466.19
aborts/s 0.00
ops/s 5466.19

commits/s 5589.57
aborts/s 0.00
ops/s 5589.57

commits/s 5436.23
aborts/s 0.00
ops/s 5436.23

commits/s 5622.36
aborts/s 0.00
ops/s 5622.36

commits/s 5596.60
aborts/s 0.00
ops/s 5596.60

commits/s 5588.14
aborts/s 0.00
ops/s 5588.14

commits/s 5505.37
aborts/s 0.00
ops/s 5505.37

commits/s 5589.27
aborts/s 0.00
ops/s 5589.27

commits/s 5655.64
aborts/s 0.00
ops/s 5655.64

commits/s 5640.92
aborts/s 0.00
ops/s 5640.92

commits/s 5588.12
aborts/s 0.00
ops/s 5588.12

commits/s 5378.37
aborts/s 0.00
ops/s 5378.37

commits/s 5652.33
aborts/s 0.00
ops/s 5652.33

commits/s 5469.60
aborts/s 0.00
ops/s 5469.60

commits/s 5365.44
aborts/s 0.00
ops/s 5365.44

commits/s 5426.62
aborts/s 0.00
ops/s 5426.62

commits/s 5613.35
aborts/s 0.00
ops/s 5613.35

commits/s 5718.21
aborts/s 0.00
ops/s 5718.21

commits/s 5592.58
aborts/s 0.00
ops/s 5592.58

commits/s 5459.89
aborts/s 0.00
ops/s 5459.89

commits/s 5387.39
aborts/s 0.00
ops/s 5387.39

commits/s 5643.17
aborts/s 0.00
ops/s 5643.17

commits/s 5573.49
aborts/s 1.00
ops/s 5574.49

commits/s 5631.99
aborts/s 0.00
ops/s 5631.99

commits/s 5621.26
aborts/s 1.00
ops/s 5622.26

commits/s 5533.32
aborts/s 0.00
ops/s 5533.32

commits/s 5730.36
aborts/s 0.00
ops/s 5730.36

commits/s 5676.53
aborts/s 0.00
ops/s 5676.53

commits/s 4768.64
aborts/s 0.00
ops/s 4768.64

commits/s 0.00
aborts/s 0.00
ops/s 0.00

