nowait
Starting KVS server on :8080
commits/s 0.00
aborts/s 0.00
ops/s 0.00

commits/s 0.00
aborts/s 0.00
ops/s 0.00

commits/s 0.00
aborts/s 0.00
ops/s 0.00

commits/s 0.00
aborts/s 0.00
ops/s 0.00

commits/s 0.00
aborts/s 0.00
ops/s 0.00

commits/s 5683.54
aborts/s 1.00
ops/s 5684.54

commits/s 5548.01
aborts/s 0.00
ops/s 5548.01

commits/s 5563.31
aborts/s 0.00
ops/s 5563.31

commits/s 5509.56
aborts/s 0.00
ops/s 5509.56

commits/s 5553.25
aborts/s 0.00
ops/s 5553.25

commits/s 5589.44
aborts/s 0.00
ops/s 5589.44

commits/s 5560.62
aborts/s 0.00
ops/s 5560.62

commits/s 5421.22
aborts/s 0.00
ops/s 5421.22

commits/s 5647.24
aborts/s 0.00
ops/s 5647.24

commits/s 5466.46
aborts/s 0.00
ops/s 5466.46

commits/s 5562.28
aborts/s 0.00
ops/s 5562.28

commits/s 5652.15
aborts/s 0.00
ops/s 5652.15

commits/s 5611.91
aborts/s 0.00
ops/s 5611.91

commits/s 5534.05
aborts/s 0.00
ops/s 5534.05

commits/s 5591.24
aborts/s 0.00
ops/s 5591.24

commits/s 5257.27
aborts/s 0.00
ops/s 5257.27

commits/s 5441.35
aborts/s 0.00
ops/s 5441.35

commits/s 5711.16
aborts/s 0.00
ops/s 5711.16

commits/s 5472.60
aborts/s 0.00
ops/s 5472.60

commits/s 5524.24
aborts/s 0.00
ops/s 5524.24

commits/s 5500.13
aborts/s 0.00
ops/s 5500.13

commits/s 5616.14
aborts/s 0.00
ops/s 5616.14

commits/s 5463.53
aborts/s 0.00
ops/s 5463.53

commits/s 5660.81
aborts/s 0.00
ops/s 5660.81

commits/s 5635.46
aborts/s 0.00
ops/s 5635.46

commits/s 5467.46
aborts/s 0.00
ops/s 5467.46

commits/s 5612.41
aborts/s 0.00
ops/s 5612.41

commits/s 5605.90
aborts/s 0.00
ops/s 5605.90

commits/s 5788.56
aborts/s 0.00
ops/s 5788.56

commits/s 4921.12
aborts/s 0.00
ops/s 4921.12

commits/s 0.00
aborts/s 0.00
ops/s 0.00

