nowait
Starting KVS server on :8080
commits/s 0.00
aborts/s 0.00
ops/s 0.00

commits/s 0.00
aborts/s 0.00
ops/s 0.00

commits/s 0.00
aborts/s 0.00
ops/s 0.00

commits/s 0.00
aborts/s 0.00
ops/s 0.00

commits/s 0.00
aborts/s 0.00
ops/s 0.00

commits/s 4739.27
aborts/s 0.00
ops/s 4739.27

commits/s 5474.02
aborts/s 0.00
ops/s 5474.02

commits/s 5648.20
aborts/s 0.00
ops/s 5648.20

commits/s 5507.20
aborts/s 0.00
ops/s 5507.20

commits/s 5486.63
aborts/s 0.00
ops/s 5486.63

commits/s 5523.43
aborts/s 0.00
ops/s 5523.43

commits/s 5630.94
aborts/s 0.00
ops/s 5630.94

commits/s 5313.98
aborts/s 0.00
ops/s 5313.98

commits/s 5589.15
aborts/s 0.00
ops/s 5589.15

commits/s 5662.80
aborts/s 0.00
ops/s 5662.80

commits/s 5735.35
aborts/s 0.00
ops/s 5735.35

commits/s 5485.97
aborts/s 0.00
ops/s 5485.97

commits/s 5661.33
aborts/s 0.00
ops/s 5661.33

commits/s 5540.63
aborts/s 0.00
ops/s 5540.63

commits/s 5712.26
aborts/s 1.00
ops/s 5713.26

commits/s 5483.29
aborts/s 0.00
ops/s 5483.29

commits/s 5383.61
aborts/s 0.00
ops/s 5383.61

commits/s 5701.39
aborts/s 0.00
ops/s 5701.39

commits/s 5676.39
aborts/s 0.00
ops/s 5676.39

commits/s 5535.26
aborts/s 0.00
ops/s 5535.26

commits/s 5516.37
aborts/s 0.00
ops/s 5516.37

commits/s 5628.95
aborts/s 0.00
ops/s 5628.95

commits/s 5552.31
aborts/s 0.00
ops/s 5552.31

commits/s 5637.76
aborts/s 0.00
ops/s 5637.76

commits/s 5428.23
aborts/s 0.00
ops/s 5428.23

commits/s 5458.16
aborts/s 0.00
ops/s 5458.16

commits/s 5590.93
aborts/s 0.00
ops/s 5590.93

commits/s 5680.59
aborts/s 0.00
ops/s 5680.59

commits/s 5705.11
aborts/s 0.00
ops/s 5705.11

commits/s 5572.53
aborts/s 0.00
ops/s 5572.53

commits/s 243.76
aborts/s 0.00
ops/s 243.76

