nowait
Starting KVS server on :8080
commits/s 0.00
aborts/s 0.00
ops/s 0.00

commits/s 0.00
aborts/s 0.00
ops/s 0.00

commits/s 0.00
aborts/s 0.00
ops/s 0.00

commits/s 0.00
aborts/s 0.00
ops/s 0.00

commits/s 0.00
aborts/s 0.00
ops/s 0.00

commits/s 5543.68
aborts/s 0.00
ops/s 5543.68

commits/s 5562.20
aborts/s 0.00
ops/s 5562.20

commits/s 5587.36
aborts/s 0.00
ops/s 5587.36

commits/s 5533.00
aborts/s 0.00
ops/s 5533.00

commits/s 5590.25
aborts/s 0.00
ops/s 5590.25

commits/s 5594.83
aborts/s 0.00
ops/s 5594.83

commits/s 5647.23
aborts/s 0.00
ops/s 5647.23

commits/s 5545.30
aborts/s 0.00
ops/s 5545.30

commits/s 5754.20
aborts/s 0.00
ops/s 5754.20

commits/s 5539.27
aborts/s 0.00
ops/s 5539.27

commits/s 5659.65
aborts/s 0.00
ops/s 5659.65

commits/s 5551.54
aborts/s 0.00
ops/s 5551.54

commits/s 5572.24
aborts/s 0.00
ops/s 5572.24

commits/s 5536.86
aborts/s 0.00
ops/s 5536.86

commits/s 5611.17
aborts/s 0.00
ops/s 5611.17

commits/s 5555.60
aborts/s 0.00
ops/s 5555.60

commits/s 5315.38
aborts/s 0.00
ops/s 5315.38

commits/s 5550.25
aborts/s 0.00
ops/s 5550.25

commits/s 5642.61
aborts/s 0.00
ops/s 5642.61

commits/s 5653.49
aborts/s 0.00
ops/s 5653.49

commits/s 5460.53
aborts/s 0.00
ops/s 5460.53

commits/s 5632.35
aborts/s 0.00
ops/s 5632.35

commits/s 5673.58
aborts/s 0.00
ops/s 5673.58

commits/s 5533.44
aborts/s 0.00
ops/s 5533.44

commits/s 5488.57
aborts/s 0.00
ops/s 5488.57

commits/s 5583.36
aborts/s 0.00
ops/s 5583.36

commits/s 5503.55
aborts/s 0.00
ops/s 5503.55

commits/s 5607.19
aborts/s 0.00
ops/s 5607.19

commits/s 5612.52
aborts/s 0.00
ops/s 5612.52

commits/s 5112.03
aborts/s 0.00
ops/s 5112.03

commits/s 0.00
aborts/s 0.00
ops/s 0.00

