nowait
Starting KVS server on :8080
commits/s 0.00
aborts/s 0.00
ops/s 0.00

commits/s 0.00
aborts/s 0.00
ops/s 0.00

commits/s 0.00
aborts/s 0.00
ops/s 0.00

commits/s 0.00
aborts/s 0.00
ops/s 0.00

commits/s 1457.89
aborts/s 0.00
ops/s 1457.89

commits/s 5574.27
aborts/s 0.00
ops/s 5574.27

commits/s 5510.25
aborts/s 0.00
ops/s 5510.25

commits/s 5525.36
aborts/s 0.00
ops/s 5525.36

commits/s 5557.45
aborts/s 0.00
ops/s 5557.45

commits/s 5546.94
aborts/s 0.00
ops/s 5546.94

commits/s 5641.95
aborts/s 0.00
ops/s 5641.95

commits/s 5511.11
aborts/s 0.00
ops/s 5511.11

commits/s 5552.29
aborts/s 0.00
ops/s 5552.29

commits/s 5682.26
aborts/s 0.00
ops/s 5682.26

commits/s 5590.11
aborts/s 0.00
ops/s 5590.11

commits/s 5586.34
aborts/s 0.00
ops/s 5586.34

commits/s 5542.43
aborts/s 0.00
ops/s 5542.43

commits/s 5620.34
aborts/s 0.00
ops/s 5620.34

commits/s 5645.37
aborts/s 0.00
ops/s 5645.37

commits/s 5516.11
aborts/s 0.00
ops/s 5516.11

commits/s 5531.63
aborts/s 0.00
ops/s 5531.63

commits/s 5380.93
aborts/s 0.00
ops/s 5380.93

commits/s 5580.41
aborts/s 0.00
ops/s 5580.41

commits/s 5625.97
aborts/s 0.00
ops/s 5625.97

commits/s 5569.15
aborts/s 0.00
ops/s 5569.15

commits/s 5616.56
aborts/s 0.00
ops/s 5616.56

commits/s 5612.27
aborts/s 0.00
ops/s 5612.27

commits/s 5646.55
aborts/s 0.00
ops/s 5646.55

commits/s 5506.60
aborts/s 0.00
ops/s 5506.60

commits/s 5493.41
aborts/s 0.00
ops/s 5493.41

commits/s 5495.66
aborts/s 0.00
ops/s 5495.66

commits/s 5532.39
aborts/s 0.00
ops/s 5532.39

commits/s 5573.59
aborts/s 0.00
ops/s 5573.59

commits/s 5745.60
aborts/s 0.00
ops/s 5745.60

commits/s 3461.62
aborts/s 0.00
ops/s 3461.62

