nowait
Starting KVS server on :8080
commits/s 0.00
aborts/s 0.00
ops/s 0.00

commits/s 0.00
aborts/s 0.00
ops/s 0.00

commits/s 0.00
aborts/s 0.00
ops/s 0.00

commits/s 0.00
aborts/s 0.00
ops/s 0.00

commits/s 982.94
aborts/s 0.00
ops/s 982.94

commits/s 5573.27
aborts/s 0.00
ops/s 5573.27

commits/s 5638.22
aborts/s 0.00
ops/s 5638.22

commits/s 5691.36
aborts/s 0.00
ops/s 5691.36

commits/s 5439.00
aborts/s 0.00
ops/s 5439.00

commits/s 5595.08
aborts/s 0.00
ops/s 5595.08

commits/s 5578.27
aborts/s 0.00
ops/s 5578.27

commits/s 5520.99
aborts/s 0.00
ops/s 5520.99

commits/s 5448.28
aborts/s 0.00
ops/s 5448.28

commits/s 5644.36
aborts/s 0.00
ops/s 5644.36

commits/s 5728.39
aborts/s 0.00
ops/s 5728.39

commits/s 5596.40
aborts/s 0.00
ops/s 5596.40

commits/s 5642.38
aborts/s 0.00
ops/s 5642.38

commits/s 5673.37
aborts/s 0.00
ops/s 5673.37

commits/s 5514.66
aborts/s 0.00
ops/s 5514.66

commits/s 5713.21
aborts/s 0.00
ops/s 5713.21

commits/s 5464.37
aborts/s 0.00
ops/s 5464.37

commits/s 5310.26
aborts/s 0.00
ops/s 5310.26

commits/s 5583.38
aborts/s 0.00
ops/s 5583.38

commits/s 5754.60
aborts/s 0.00
ops/s 5754.60

commits/s 5607.54
aborts/s 0.00
ops/s 5607.54

commits/s 5656.02
aborts/s 0.00
ops/s 5656.02

commits/s 5679.65
aborts/s 0.00
ops/s 5679.65

commits/s 5539.34
aborts/s 0.00
ops/s 5539.34

commits/s 5588.43
aborts/s 0.00
ops/s 5588.43

commits/s 5419.06
aborts/s 0.00
ops/s 5419.06

commits/s 5686.83
aborts/s 0.00
ops/s 5686.83

commits/s 5616.39
aborts/s 0.00
ops/s 5616.39

commits/s 5707.64
aborts/s 0.00
ops/s 5707.64

commits/s 5572.34
aborts/s 0.00
ops/s 5572.34

commits/s 4034.41
aborts/s 0.00
ops/s 4034.41

commits/s 0.00
aborts/s 0.00
ops/s 0.00

