woundwait
Starting KVS server on :8080
commits/s 0.00
aborts/s 0.00
ops/s 0.00

commits/s 0.00
aborts/s 0.00
ops/s 0.00

commits/s 0.00
aborts/s 0.00
ops/s 0.00

commits/s 0.00
aborts/s 0.00
ops/s 0.00

commits/s 0.00
aborts/s 0.00
ops/s 0.00

commits/s 4090.68
aborts/s 0.00
ops/s 4090.68

commits/s 4283.25
aborts/s 0.00
ops/s 4283.25

commits/s 4270.16
aborts/s 0.00
ops/s 4270.16

commits/s 4275.57
aborts/s 0.00
ops/s 4275.57

commits/s 4222.62
aborts/s 0.00
ops/s 4222.62

commits/s 4318.23
aborts/s 0.00
ops/s 4318.23

commits/s 4336.03
aborts/s 0.00
ops/s 4336.03

commits/s 4410.45
aborts/s 0.00
ops/s 4410.45

commits/s 4164.65
aborts/s 0.00
ops/s 4164.65

commits/s 4166.49
aborts/s 0.00
ops/s 4166.49

commits/s 4320.41
aborts/s 0.00
ops/s 4320.41

commits/s 4318.51
aborts/s 0.00
ops/s 4318.51

commits/s 4296.47
aborts/s 0.00
ops/s 4296.47

commits/s 4252.52
aborts/s 0.00
ops/s 4252.52

commits/s 4160.48
aborts/s 0.00
ops/s 4160.48

commits/s 4276.54
aborts/s 0.00
ops/s 4276.54

commits/s 4297.69
aborts/s 0.00
ops/s 4297.69

commits/s 4322.66
aborts/s 0.00
ops/s 4322.66

commits/s 4248.39
aborts/s 0.00
ops/s 4248.39

commits/s 4212.55
aborts/s 0.00
ops/s 4212.55

commits/s 4187.62
aborts/s 0.00
ops/s 4187.62

commits/s 4227.40
aborts/s 0.00
ops/s 4227.40

commits/s 4286.52
aborts/s 0.00
ops/s 4286.52

commits/s 4398.55
aborts/s 0.00
ops/s 4398.55

commits/s 4386.60
aborts/s 0.00
ops/s 4386.60

commits/s 4310.55
aborts/s 0.00
ops/s 4310.55

commits/s 4295.58
aborts/s 0.00
ops/s 4295.58

commits/s 4264.35
aborts/s 0.00
ops/s 4264.35

commits/s 4297.81
aborts/s 0.00
ops/s 4297.81

commits/s 4275.72
aborts/s 0.00
ops/s 4275.72

commits/s 259.78
aborts/s 0.00
ops/s 259.78

