woundwait
Starting KVS server on :8080
commits/s 0.00
aborts/s 0.00
ops/s 0.00

commits/s 0.00
aborts/s 0.00
ops/s 0.00

commits/s 0.00
aborts/s 0.00
ops/s 0.00

commits/s 0.00
aborts/s 0.00
ops/s 0.00

commits/s 1434.77
aborts/s 0.00
ops/s 1434.77

commits/s 4328.66
aborts/s 0.00
ops/s 4328.66

commits/s 4306.51
aborts/s 0.00
ops/s 4306.51

commits/s 4300.38
aborts/s 0.00
ops/s 4300.38

commits/s 4361.15
aborts/s 0.00
ops/s 4361.15

commits/s 4274.59
aborts/s 0.00
ops/s 4274.59

commits/s 4305.37
aborts/s 0.00
ops/s 4305.37

commits/s 4302.12
aborts/s 0.00
ops/s 4302.12

commits/s 4241.60
aborts/s 0.00
ops/s 4241.60

commits/s 4245.29
aborts/s 0.00
ops/s 4245.29

commits/s 4212.21
aborts/s 0.00
ops/s 4212.21

commits/s 4298.66
aborts/s 0.00
ops/s 4298.66

commits/s 4353.52
aborts/s 0.00
ops/s 4353.52

commits/s 4383.55
aborts/s 0.00
ops/s 4383.55

commits/s 4242.29
aborts/s 0.00
ops/s 4242.29

commits/s 4303.37
aborts/s 0.00
ops/s 4303.37

commits/s 4331.48
aborts/s 0.00
ops/s 4331.48

commits/s 4355.56
aborts/s 0.00
ops/s 4355.56

commits/s 4351.57
aborts/s 0.00
ops/s 4351.57

commits/s 4333.89
aborts/s 0.00
ops/s 4333.89

commits/s 4260.31
aborts/s 0.00
ops/s 4260.31

commits/s 4194.54
aborts/s 0.00
ops/s 4194.54

commits/s 4303.50
aborts/s 0.00
ops/s 4303.50

commits/s 4271.58
aborts/s 0.00
ops/s 4271.58

commits/s 4279.72
aborts/s 0.00
ops/s 4279.72

commits/s 4346.41
aborts/s 0.00
ops/s 4346.41

commits/s 4355.33
aborts/s 0.00
ops/s 4355.33

commits/s 4264.25
aborts/s 0.00
ops/s 4264.25

commits/s 4329.57
aborts/s 0.00
ops/s 4329.57

commits/s 4382.67
aborts/s 0.00
ops/s 4382.67

commits/s 2847.26
aborts/s 0.00
ops/s 2847.26

commits/s 0.00
aborts/s 0.00
ops/s 0.00

