woundwait
Starting KVS server on :8080
commits/s 0.00
aborts/s 0.00
ops/s 0.00

commits/s 0.00
aborts/s 0.00
ops/s 0.00

commits/s 0.00
aborts/s 0.00
ops/s 0.00

commits/s 0.00
aborts/s 0.00
ops/s 0.00

commits/s 1071.91
aborts/s 0.00
ops/s 1071.91

commits/s 4303.50
aborts/s 0.00
ops/s 4303.50

commits/s 4282.27
aborts/s 0.00
ops/s 4282.27

commits/s 4368.53
aborts/s 0.00
ops/s 4368.53

commits/s 4322.48
aborts/s 0.00
ops/s 4322.48

commits/s 4228.66
aborts/s 0.00
ops/s 4228.66

commits/s 4348.47
aborts/s 0.00
ops/s 4348.47

commits/s 4342.08
aborts/s 0.00
ops/s 4342.08

commits/s 4351.42
aborts/s 0.00
ops/s 4351.42

commits/s 4266.56
aborts/s 0.00
ops/s 4266.56

commits/s 4097.71
aborts/s 0.00
ops/s 4097.71

commits/s 4390.52
aborts/s 0.00
ops/s 4390.52

commits/s 4214.62
aborts/s 0.00
ops/s 4214.62

commits/s 4390.16
aborts/s 0.00
ops/s 4390.16

commits/s 4369.50
aborts/s 0.00
ops/s 4369.50

commits/s 4257.13
aborts/s 0.00
ops/s 4257.13

commits/s 4391.26
aborts/s 0.00
ops/s 4391.26

commits/s 4449.51
aborts/s 0.00
ops/s 4449.51

commits/s 4257.72
aborts/s 0.00
ops/s 4257.72

commits/s 4219.58
aborts/s 0.00
ops/s 4219.58

commits/s 4211.19
aborts/s 0.00
ops/s 4211.19

commits/s 4193.48
aborts/s 0.00
ops/s 4193.48

commits/s 4242.53
aborts/s 0.00
ops/s 4242.53

commits/s 4300.56
aborts/s 0.00
ops/s 4300.56

commits/s 4448.12
aborts/s 0.00
ops/s 4448.12

commits/s 4404.39
aborts/s 0.00
ops/s 4404.39

commits/s 4286.74
aborts/s 0.00
ops/s 4286.74

commits/s 4303.69
aborts/s 0.00
ops/s 4303.69

commits/s 4297.37
aborts/s 0.00
ops/s 4297.37

commits/s 4412.72
aborts/s 0.00
ops/s 4412.72

commits/s 3282.58
aborts/s 0.00
ops/s 3282.58

