woundwait
Starting KVS server on :8080
commits/s 0.00
aborts/s 0.00
ops/s 0.00

commits/s 0.00
aborts/s 0.00
ops/s 0.00

commits/s 0.00
aborts/s 0.00
ops/s 0.00

commits/s 0.00
aborts/s 0.00
ops/s 0.00

commits/s 0.00
aborts/s 0.00
ops/s 0.00

commits/s 8690.32
aborts/s 0.00
ops/s 8690.32

commits/s 8750.90
aborts/s 0.00
ops/s 8750.90

commits/s 8914.23
aborts/s 0.00
ops/s 8914.23

commits/s 8993.93
aborts/s 0.00
ops/s 8993.93

commits/s 9062.45
aborts/s 0.00
ops/s 9062.45

commits/s 8918.93
aborts/s 0.00
ops/s 8918.93

commits/s 8820.73
aborts/s 0.00
ops/s 8820.73

commits/s 9121.72
aborts/s 0.00
ops/s 9121.72

commits/s 8995.86
aborts/s 0.00
ops/s 8995.86

commits/s 8904.03
aborts/s 0.00
ops/s 8904.03

commits/s 8980.83
aborts/s 0.00
ops/s 8980.83

commits/s 9156.78
aborts/s 0.00
ops/s 9156.78

commits/s 9020.63
aborts/s 0.00
ops/s 9020.63

commits/s 8752.78
aborts/s 0.00
ops/s 8752.78

commits/s 8846.55
aborts/s 0.00
ops/s 8846.55

commits/s 8778.90
aborts/s 0.00
ops/s 8778.90

commits/s 9127.74
aborts/s 0.00
ops/s 9127.74

commits/s 8648.19
aborts/s 0.00
ops/s 8648.19

commits/s 9079.31
aborts/s 0.00
ops/s 9079.31

commits/s 8922.05
aborts/s 0.00
ops/s 8922.05

commits/s 9128.83
aborts/s 0.00
ops/s 9128.83

commits/s 8957.73
aborts/s 0.00
ops/s 8957.73

commits/s 9073.07
aborts/s 0.00
ops/s 9073.07

commits/s 8738.50
aborts/s 0.00
ops/s 8738.50

commits/s 9013.71
aborts/s 0.00
ops/s 9013.71

commits/s 9039.76
aborts/s 0.00
ops/s 9039.76

commits/s 9037.79
aborts/s 0.00
ops/s 9037.79

commits/s 9099.78
aborts/s 0.00
ops/s 9099.78

commits/s 8921.96
aborts/s 0.00
ops/s 8921.96

commits/s 8554.10
aborts/s 0.00
ops/s 8554.10

commits/s 0.00
aborts/s 0.00
ops/s 0.00

