woundwait
Starting KVS server on :8080
commits/s 0.00
aborts/s 0.00
ops/s 0.00

commits/s 0.00
aborts/s 0.00
ops/s 0.00

commits/s 0.00
aborts/s 0.00
ops/s 0.00

commits/s 0.00
aborts/s 0.00
ops/s 0.00

commits/s 574.96
aborts/s 0.00
ops/s 574.96

commits/s 9077.97
aborts/s 0.00
ops/s 9077.97

commits/s 8807.00
aborts/s 0.00
ops/s 8807.00

commits/s 8856.16
aborts/s 0.00
ops/s 8856.16

commits/s 8876.00
aborts/s 0.00
ops/s 8876.00

commits/s 9096.36
aborts/s 0.00
ops/s 9096.36

commits/s 8847.93
aborts/s 0.00
ops/s 8847.93

commits/s 8923.62
aborts/s 0.00
ops/s 8923.62

commits/s 8855.20
aborts/s 0.00
ops/s 8855.20

commits/s 8961.91
aborts/s 0.00
ops/s 8961.91

commits/s 9026.72
aborts/s 0.00
ops/s 9026.72

commits/s 8846.92
aborts/s 0.00
ops/s 8846.92

commits/s 8852.31
aborts/s 0.00
ops/s 8852.31

commits/s 8879.43
aborts/s 0.00
ops/s 8879.43

commits/s 9066.26
aborts/s 0.00
ops/s 9066.26

commits/s 8820.96
aborts/s 0.00
ops/s 8820.96

commits/s 8934.83
aborts/s 0.00
ops/s 8934.83

commits/s 8912.95
aborts/s 0.00
ops/s 8912.95

commits/s 9047.06
aborts/s 0.00
ops/s 9047.06

commits/s 9078.81
aborts/s 0.00
ops/s 9078.81

commits/s 8658.03
aborts/s 0.00
ops/s 8658.03

commits/s 8998.25
aborts/s 0.00
ops/s 8998.25

commits/s 8882.37
aborts/s 0.00
ops/s 8882.37

commits/s 8991.69
aborts/s 0.00
ops/s 8991.69

commits/s 8898.24
aborts/s 0.00
ops/s 8898.24

commits/s 8990.85
aborts/s 0.00
ops/s 8990.85

commits/s 9013.92
aborts/s 0.00
ops/s 9013.92

commits/s 8898.78
aborts/s 0.00
ops/s 8898.78

commits/s 8767.15
aborts/s 0.00
ops/s 8767.15

commits/s 8976.66
aborts/s 0.00
ops/s 8976.66

commits/s 7069.11
aborts/s 0.00
ops/s 7069.11

commits/s 0.00
aborts/s 0.00
ops/s 0.00

