woundwait
Starting KVS server on :8080
commits/s 0.00
aborts/s 0.00
ops/s 0.00

commits/s 0.00
aborts/s 0.00
ops/s 0.00

commits/s 0.00
aborts/s 0.00
ops/s 0.00

commits/s 0.00
aborts/s 0.00
ops/s 0.00

commits/s 0.00
aborts/s 0.00
ops/s 0.00

commits/s 8985.53
aborts/s 0.00
ops/s 8985.53

commits/s 8847.46
aborts/s 0.00
ops/s 8847.46

commits/s 8966.18
aborts/s 0.00
ops/s 8966.18

commits/s 8939.04
aborts/s 0.00
ops/s 8939.04

commits/s 9049.73
aborts/s 0.00
ops/s 9049.73

commits/s 8740.00
aborts/s 0.00
ops/s 8740.00

commits/s 8760.76
aborts/s 0.00
ops/s 8760.76

commits/s 9005.06
aborts/s 0.00
ops/s 9005.06

commits/s 9016.60
aborts/s 0.00
ops/s 9016.60

commits/s 8926.97
aborts/s 0.00
ops/s 8926.97

commits/s 8949.04
aborts/s 0.00
ops/s 8949.04

commits/s 9173.68
aborts/s 0.00
ops/s 9173.68

commits/s 8990.11
aborts/s 0.00
ops/s 8990.11

commits/s 8871.73
aborts/s 0.00
ops/s 8871.73

commits/s 8799.87
aborts/s 0.00
ops/s 8799.87

commits/s 8853.00
aborts/s 0.00
ops/s 8853.00

commits/s 9077.74
aborts/s 0.00
ops/s 9077.74

commits/s 9031.30
aborts/s 0.00
ops/s 9031.30

commits/s 8967.99
aborts/s 0.00
ops/s 8967.99

commits/s 8979.75
aborts/s 0.00
ops/s 8979.75

commits/s 8966.51
aborts/s 0.00
ops/s 8966.51

commits/s 9010.55
aborts/s 0.00
ops/s 9010.55

commits/s 9189.35
aborts/s 0.00
ops/s 9189.35

commits/s 8939.13
aborts/s 0.00
ops/s 8939.13

commits/s 8972.25
aborts/s 0.00
ops/s 8972.25

commits/s 9094.78
aborts/s 0.00
ops/s 9094.78

commits/s 8971.73
aborts/s 0.00
ops/s 8971.73

commits/s 9097.35
aborts/s 0.00
ops/s 9097.35

commits/s 9080.94
aborts/s 0.00
ops/s 9080.94

commits/s 8257.68
aborts/s 0.00
ops/s 8257.68

