waitdie
Starting KVS server on :8080
commits/s 0.00
aborts/s 0.00
ops/s 0.00

commits/s 0.00
aborts/s 0.00
ops/s 0.00

commits/s 0.00
aborts/s 0.00
ops/s 0.00

commits/s 0.00
aborts/s 0.00
ops/s 0.00

commits/s 1049.04
aborts/s 0.00
ops/s 1049.04

commits/s 11468.60
aborts/s 0.00
ops/s 11468.60

commits/s 11288.65
aborts/s 0.00
ops/s 11288.65

commits/s 11301.60
aborts/s 0.00
ops/s 11301.60

commits/s 11517.76
aborts/s 0.00
ops/s 11517.76

commits/s 11513.33
aborts/s 0.00
ops/s 11513.33

commits/s 11380.05
aborts/s 0.00
ops/s 11380.05

commits/s 11296.72
aborts/s 0.00
ops/s 11296.72

commits/s 11389.61
aborts/s 0.00
ops/s 11389.61

commits/s 11425.65
aborts/s 0.00
ops/s 11425.65

commits/s 11454.76
aborts/s 0.00
ops/s 11454.76

commits/s 11463.23
aborts/s 0.00
ops/s 11463.23

commits/s 11089.65
aborts/s 0.00
ops/s 11089.65

commits/s 11468.89
aborts/s 0.00
ops/s 11468.89

commits/s 11482.23
aborts/s 0.00
ops/s 11482.23

commits/s 11572.19
aborts/s 0.00
ops/s 11572.19

commits/s 11927.62
aborts/s 0.00
ops/s 11927.62

commits/s 11506.90
aborts/s 0.00
ops/s 11506.90

commits/s 11469.28
aborts/s 0.00
ops/s 11469.28

commits/s 11598.95
aborts/s 0.00
ops/s 11598.95

commits/s 11426.21
aborts/s 0.00
ops/s 11426.21

commits/s 11544.24
aborts/s 0.00
ops/s 11544.24

commits/s 11457.25
aborts/s 0.00
ops/s 11457.25

commits/s 11561.48
aborts/s 0.00
ops/s 11561.48

commits/s 11439.55
aborts/s 0.00
ops/s 11439.55

commits/s 11086.05
aborts/s 0.00
ops/s 11086.05

commits/s 11746.24
aborts/s 0.00
ops/s 11746.24

commits/s 11512.22
aborts/s 0.00
ops/s 11512.22

commits/s 11397.21
aborts/s 0.00
ops/s 11397.21

commits/s 11303.78
aborts/s 0.00
ops/s 11303.78

commits/s 8767.78
aborts/s 0.00
ops/s 8767.78

commits/s 0.00
aborts/s 0.00
ops/s 0.00

