waitdie
Starting KVS server on :8080
commits/s 0.00
aborts/s 0.00
ops/s 0.00

commits/s 0.00
aborts/s 0.00
ops/s 0.00

commits/s 0.00
aborts/s 0.00
ops/s 0.00

commits/s 0.00
aborts/s 0.00
ops/s 0.00

commits/s 2882.15
aborts/s 0.00
ops/s 2882.15

commits/s 11305.15
aborts/s 0.00
ops/s 11305.15

commits/s 11270.73
aborts/s 0.00
ops/s 11270.73

commits/s 11442.35
aborts/s 0.00
ops/s 11442.35

commits/s 11496.18
aborts/s 0.00
ops/s 11496.18

commits/s 11249.88
aborts/s 0.00
ops/s 11249.88

commits/s 11467.88
aborts/s 0.00
ops/s 11467.88

commits/s 11239.21
aborts/s 0.00
ops/s 11239.21

commits/s 11484.14
aborts/s 0.00
ops/s 11484.14

commits/s 11331.47
aborts/s 0.00
ops/s 11331.47

commits/s 11459.40
aborts/s 0.00
ops/s 11459.40

commits/s 11557.79
aborts/s 0.00
ops/s 11557.79

commits/s 11261.46
aborts/s 0.00
ops/s 11261.46

commits/s 11573.66
aborts/s 0.00
ops/s 11573.66

commits/s 11389.65
aborts/s 0.00
ops/s 11389.65

commits/s 11677.38
aborts/s 0.00
ops/s 11677.38

commits/s 11565.81
aborts/s 0.00
ops/s 11565.81

commits/s 11463.73
aborts/s 0.00
ops/s 11463.73

commits/s 11478.53
aborts/s 0.00
ops/s 11478.53

commits/s 11364.77
aborts/s 0.00
ops/s 11364.77

commits/s 11666.89
aborts/s 0.00
ops/s 11666.89

commits/s 11695.95
aborts/s 0.00
ops/s 11695.95

commits/s 11364.84
aborts/s 0.00
ops/s 11364.84

commits/s 11701.43
aborts/s 0.00
ops/s 11701.43

commits/s 11334.18
aborts/s 0.00
ops/s 11334.18

commits/s 11481.76
aborts/s 0.00
ops/s 11481.76

commits/s 11841.12
aborts/s 0.00
ops/s 11841.12

commits/s 11600.48
aborts/s 0.00
ops/s 11600.48

commits/s 11808.06
aborts/s 0.00
ops/s 11808.06

commits/s 11537.89
aborts/s 0.00
ops/s 11537.89

commits/s 7204.65
aborts/s 0.00
ops/s 7204.65

