waitdie
Starting KVS server on :8080
commits/s 0.00
aborts/s 0.00
ops/s 0.00

commits/s 0.00
aborts/s 0.00
ops/s 0.00

commits/s 0.00
aborts/s 0.00
ops/s 0.00

commits/s 0.00
aborts/s 0.00
ops/s 0.00

commits/s 2173.88
aborts/s 0.00
ops/s 2173.88

commits/s 11409.11
aborts/s 0.00
ops/s 11409.11

commits/s 11300.74
aborts/s 0.00
ops/s 11300.74

commits/s 11540.89
aborts/s 0.00
ops/s 11540.89

commits/s 11382.76
aborts/s 0.00
ops/s 11382.76

commits/s 11293.36
aborts/s 0.00
ops/s 11293.36

commits/s 11619.02
aborts/s 0.00
ops/s 11619.02

commits/s 11511.26
aborts/s 0.00
ops/s 11511.26

commits/s 11525.11
aborts/s 0.00
ops/s 11525.11

commits/s 11459.51
aborts/s 0.00
ops/s 11459.51

commits/s 11550.74
aborts/s 0.00
ops/s 11550.74

commits/s 11339.15
aborts/s 0.00
ops/s 11339.15

commits/s 11365.18
aborts/s 0.00
ops/s 11365.18

commits/s 11339.75
aborts/s 0.00
ops/s 11339.75

commits/s 11279.61
aborts/s 0.00
ops/s 11279.61

commits/s 11267.29
aborts/s 0.00
ops/s 11267.29

commits/s 11519.15
aborts/s 0.00
ops/s 11519.15

commits/s 11554.19
aborts/s 0.00
ops/s 11554.19

commits/s 11550.69
aborts/s 0.00
ops/s 11550.69

commits/s 11606.89
aborts/s 0.00
ops/s 11606.89

commits/s 11557.71
aborts/s 0.00
ops/s 11557.71

commits/s 11373.06
aborts/s 0.00
ops/s 11373.06

commits/s 11557.01
aborts/s 0.00
ops/s 11557.01

commits/s 11821.26
aborts/s 0.00
ops/s 11821.26

commits/s 11536.11
aborts/s 0.00
ops/s 11536.11

commits/s 11594.00
aborts/s 0.00
ops/s 11594.00

commits/s 11826.02
aborts/s 0.00
ops/s 11826.02

commits/s 11609.09
aborts/s 0.00
ops/s 11609.09

commits/s 11588.19
aborts/s 0.00
ops/s 11588.19

commits/s 11451.85
aborts/s 0.00
ops/s 11451.85

commits/s 8246.42
aborts/s 0.00
ops/s 8246.42

commits/s 0.00
aborts/s 0.00
ops/s 0.00

