waitdie
Starting KVS server on :8080
commits/s 0.00
aborts/s 0.00
ops/s 0.00

commits/s 0.00
aborts/s 0.00
ops/s 0.00

commits/s 0.00
aborts/s 0.00
ops/s 0.00

commits/s 0.00
aborts/s 0.00
ops/s 0.00

commits/s 1075.93
aborts/s 125.99
ops/s 1201.92

commits/s 4975.12
aborts/s 630.89
ops/s 5606.01

commits/s 4930.29
aborts/s 602.91
ops/s 5533.20

commits/s 4995.28
aborts/s 620.91
ops/s 5616.19

commits/s 4933.32
aborts/s 582.92
ops/s 5516.24

commits/s 4946.39
aborts/s 618.92
ops/s 5565.32

commits/s 4973.66
aborts/s 547.85
ops/s 5521.52

commits/s 4940.46
aborts/s 618.93
ops/s 5559.40

commits/s 5028.35
aborts/s 588.92
ops/s 5617.28

commits/s 4935.37
aborts/s 579.93
ops/s 5515.30

commits/s 4930.36
aborts/s 621.79
ops/s 5552.15

commits/s 5011.27
aborts/s 638.91
ops/s 5650.18

commits/s 4951.23
aborts/s 576.68
ops/s 5527.91

commits/s 5081.25
aborts/s 610.91
ops/s 5692.16

commits/s 5109.90
aborts/s 584.87
ops/s 5694.78

commits/s 4794.28
aborts/s 626.91
ops/s 5421.19

commits/s 5043.13
aborts/s 620.89
ops/s 5664.03

commits/s 4960.57
aborts/s 590.95
ops/s 5551.52

commits/s 4989.87
aborts/s 628.86
ops/s 5618.73

commits/s 4978.25
aborts/s 625.91
ops/s 5604.16

commits/s 4975.72
aborts/s 630.84
ops/s 5606.56

commits/s 5020.99
aborts/s 574.88
ops/s 5595.88

commits/s 4890.49
aborts/s 632.93
ops/s 5523.42

commits/s 4986.40
aborts/s 650.92
ops/s 5637.33

commits/s 5029.47
aborts/s 550.94
ops/s 5580.41

commits/s 4979.16
aborts/s 624.89
ops/s 5604.05

commits/s 4907.41
aborts/s 627.92
ops/s 5535.34

commits/s 4885.65
aborts/s 617.96
ops/s 5503.61

commits/s 5083.15
aborts/s 635.89
ops/s 5719.04

commits/s 4867.45
aborts/s 593.81
ops/s 5461.26

commits/s 3341.16
aborts/s 377.57
ops/s 3718.72

commits/s 0.00
aborts/s 0.00
ops/s 0.00

