waitdie
Starting KVS server on :8080
commits/s 0.00
aborts/s 0.00
ops/s 0.00

commits/s 0.00
aborts/s 0.00
ops/s 0.00

commits/s 0.00
aborts/s 0.00
ops/s 0.00

commits/s 0.00
aborts/s 0.00
ops/s 0.00

commits/s 0.00
aborts/s 0.00
ops/s 0.00

commits/s 4582.74
aborts/s 599.97
ops/s 5182.71

commits/s 4854.82
aborts/s 584.86
ops/s 5439.68

commits/s 4908.43
aborts/s 546.94
ops/s 5455.37

commits/s 4868.33
aborts/s 639.91
ops/s 5508.24

commits/s 4814.07
aborts/s 623.88
ops/s 5437.95

commits/s 4996.40
aborts/s 622.93
ops/s 5619.33

commits/s 4989.43
aborts/s 610.93
ops/s 5600.36

commits/s 5040.71
aborts/s 522.87
ops/s 5563.57

commits/s 5015.34
aborts/s 613.92
ops/s 5629.25

commits/s 4935.30
aborts/s 595.91
ops/s 5531.21

commits/s 4916.46
aborts/s 632.93
ops/s 5549.40

commits/s 4885.29
aborts/s 566.92
ops/s 5452.21

commits/s 4780.26
aborts/s 661.90
ops/s 5442.16

commits/s 4914.44
aborts/s 543.94
ops/s 5458.38

commits/s 4977.29
aborts/s 565.92
ops/s 5543.20

commits/s 5014.33
aborts/s 553.93
ops/s 5568.26

commits/s 4990.52
aborts/s 680.93
ops/s 5671.46

commits/s 4969.47
aborts/s 648.93
ops/s 5618.40

commits/s 4876.48
aborts/s 592.82
ops/s 5469.30

commits/s 4901.13
aborts/s 635.89
ops/s 5537.02

commits/s 4985.56
aborts/s 606.95
ops/s 5592.51

commits/s 4909.64
aborts/s 620.95
ops/s 5530.59

commits/s 4907.54
aborts/s 612.94
ops/s 5520.48

commits/s 4924.74
aborts/s 580.85
ops/s 5505.59

commits/s 4986.31
aborts/s 578.92
ops/s 5565.23

commits/s 4967.07
aborts/s 559.90
ops/s 5526.97

commits/s 4767.66
aborts/s 624.96
ops/s 5392.61

commits/s 4875.36
aborts/s 650.91
ops/s 5526.28

commits/s 4829.39
aborts/s 625.92
ops/s 5455.31

commits/s 4599.43
aborts/s 553.93
ops/s 5153.36

commits/s 0.00
aborts/s 0.00
ops/s 0.00

