waitdie
Starting KVS server on :8080
commits/s 0.00
aborts/s 0.00
ops/s 0.00

commits/s 0.00
aborts/s 0.00
ops/s 0.00

commits/s 0.00
aborts/s 0.00
ops/s 0.00

commits/s 0.00
aborts/s 0.00
ops/s 0.00

commits/s 1330.88
aborts/s 153.99
ops/s 1484.87

commits/s 4761.45
aborts/s 618.80
ops/s 5380.25

commits/s 4919.21
aborts/s 559.91
ops/s 5479.12

commits/s 4919.18
aborts/s 528.91
ops/s 5448.10

commits/s 4770.44
aborts/s 721.91
ops/s 5492.35

commits/s 4827.31
aborts/s 550.92
ops/s 5378.24

commits/s 4964.35
aborts/s 648.92
ops/s 5613.27

commits/s 4978.22
aborts/s 586.91
ops/s 5565.13

commits/s 4985.27
aborts/s 586.91
ops/s 5572.19

commits/s 5010.35
aborts/s 605.92
ops/s 5616.27

commits/s 4902.03
aborts/s 562.89
ops/s 5464.92

commits/s 5001.40
aborts/s 562.93
ops/s 5564.33

commits/s 4872.40
aborts/s 634.66
ops/s 5507.06

commits/s 4940.74
aborts/s 636.97
ops/s 5577.70

commits/s 4919.45
aborts/s 624.93
ops/s 5544.38

commits/s 5060.15
aborts/s 589.90
ops/s 5650.05

commits/s 4909.45
aborts/s 618.93
ops/s 5528.38

commits/s 4906.45
aborts/s 610.93
ops/s 5517.38

commits/s 4885.44
aborts/s 629.80
ops/s 5515.24

commits/s 4930.52
aborts/s 603.94
ops/s 5534.46

commits/s 4991.21
aborts/s 611.90
ops/s 5603.11

commits/s 4963.40
aborts/s 653.92
ops/s 5617.32

commits/s 4858.47
aborts/s 658.93
ops/s 5517.40

commits/s 4935.17
aborts/s 642.89
ops/s 5578.06

commits/s 4844.24
aborts/s 607.90
ops/s 5452.14

commits/s 4970.58
aborts/s 629.95
ops/s 5600.53

commits/s 4929.66
aborts/s 642.83
ops/s 5572.49

commits/s 4847.41
aborts/s 696.91
ops/s 5544.32

commits/s 4811.15
aborts/s 631.89
ops/s 5443.04

commits/s 4959.12
aborts/s 586.90
ops/s 5546.02

commits/s 3005.38
aborts/s 361.92
ops/s 3367.30

