waitdie
Starting KVS server on :8080
commits/s 0.00
aborts/s 0.00
ops/s 0.00

commits/s 0.00
aborts/s 0.00
ops/s 0.00

commits/s 0.00
aborts/s 0.00
ops/s 0.00

commits/s 0.00
aborts/s 0.00
ops/s 0.00

commits/s 29.00
aborts/s 346.98
ops/s 375.98

commits/s 277.93
aborts/s 3251.14
ops/s 3529.07

commits/s 239.96
aborts/s 3216.46
ops/s 3456.42

commits/s 284.94
aborts/s 2980.42
ops/s 3265.37

commits/s 262.97
aborts/s 3303.58
ops/s 3566.54

commits/s 245.84
aborts/s 3291.89
ops/s 3537.73

commits/s 237.97
aborts/s 3390.55
ops/s 3628.52

commits/s 253.95
aborts/s 3224.41
ops/s 3478.36

commits/s 260.96
aborts/s 3165.55
ops/s 3426.51

commits/s 243.97
aborts/s 3243.64
ops/s 3487.61

commits/s 264.97
aborts/s 3200.59
ops/s 3465.56

commits/s 252.95
aborts/s 3271.39
ops/s 3524.35

commits/s 287.95
aborts/s 3195.47
ops/s 3483.42

commits/s 267.97
aborts/s 3134.70
ops/s 3402.68

commits/s 243.94
aborts/s 3224.21
ops/s 3468.15

commits/s 248.97
aborts/s 2923.68
ops/s 3172.65

commits/s 263.95
aborts/s 3136.46
ops/s 3400.41

commits/s 270.97
aborts/s 3091.61
ops/s 3362.58

commits/s 247.96
aborts/s 3086.54
ops/s 3334.51

commits/s 277.97
aborts/s 3142.62
ops/s 3420.59

commits/s 268.97
aborts/s 3136.66
ops/s 3405.63

commits/s 248.97
aborts/s 3313.57
ops/s 3562.54

commits/s 263.97
aborts/s 3069.68
ops/s 3333.65

commits/s 261.97
aborts/s 3033.68
ops/s 3295.65

commits/s 285.97
aborts/s 3055.65
ops/s 3341.61

commits/s 277.96
aborts/s 3074.57
ops/s 3352.53

commits/s 244.97
aborts/s 2994.66
ops/s 3239.63

commits/s 271.96
aborts/s 3017.58
ops/s 3289.54

commits/s 262.97
aborts/s 3146.65
ops/s 3409.62

commits/s 277.96
aborts/s 3132.56
ops/s 3410.52

commits/s 211.83
aborts/s 2588.92
ops/s 2800.75

