waitdie
Starting KVS server on :8080
commits/s 0.00
aborts/s 0.00
ops/s 0.00

commits/s 0.00
aborts/s 0.00
ops/s 0.00

commits/s 0.00
aborts/s 0.00
ops/s 0.00

commits/s 0.00
aborts/s 0.00
ops/s 0.00

commits/s 27.00
aborts/s 102.99
ops/s 129.99

commits/s 263.96
aborts/s 3217.46
ops/s 3481.41

commits/s 250.94
aborts/s 3206.26
ops/s 3457.21

commits/s 248.96
aborts/s 2969.49
ops/s 3218.45

commits/s 257.97
aborts/s 3027.60
ops/s 3285.57

commits/s 251.96
aborts/s 3203.48
ops/s 3455.44

commits/s 250.97
aborts/s 3092.66
ops/s 3343.63

commits/s 247.97
aborts/s 3137.63
ops/s 3385.60

commits/s 260.97
aborts/s 2990.68
ops/s 3251.66

commits/s 265.96
aborts/s 3147.53
ops/s 3413.49

commits/s 253.97
aborts/s 3308.64
ops/s 3562.61

commits/s 258.97
aborts/s 2908.68
ops/s 3167.65

commits/s 233.97
aborts/s 3193.64
ops/s 3427.62

commits/s 243.97
aborts/s 3193.66
ops/s 3437.64

commits/s 260.97
aborts/s 3205.68
ops/s 3466.65

commits/s 257.96
aborts/s 3326.52
ops/s 3584.48

commits/s 281.97
aborts/s 3120.71
ops/s 3402.68

commits/s 248.96
aborts/s 3216.51
ops/s 3465.47

commits/s 261.96
aborts/s 3092.58
ops/s 3354.55

commits/s 260.95
aborts/s 3088.40
ops/s 3349.35

commits/s 275.97
aborts/s 3025.63
ops/s 3301.60

commits/s 227.97
aborts/s 3206.63
ops/s 3434.61

commits/s 250.97
aborts/s 3179.58
ops/s 3430.54

commits/s 57.98
aborts/s 3359.07
ops/s 3417.06

commits/s 0.00
aborts/s 3497.31
ops/s 3497.31

commits/s 0.00
aborts/s 3530.43
ops/s 3530.43

commits/s 0.00
aborts/s 3531.59
ops/s 3531.59

commits/s 0.00
aborts/s 3523.59
ops/s 3523.59

commits/s 0.00
aborts/s 3521.56
ops/s 3521.56

commits/s 0.00
aborts/s 3530.79
ops/s 3530.79

commits/s 0.00
aborts/s 3010.38
ops/s 3010.38

commits/s 0.00
aborts/s 0.00
ops/s 0.00

