waitdie
Starting KVS server on :8080
commits/s 0.00
aborts/s 0.00
ops/s 0.00

commits/s 0.00
aborts/s 0.00
ops/s 0.00

commits/s 0.00
aborts/s 0.00
ops/s 0.00

commits/s 0.00
aborts/s 0.00
ops/s 0.00

commits/s 73.98
aborts/s 988.78
ops/s 1062.76

commits/s 271.96
aborts/s 3148.58
ops/s 3420.55

commits/s 198.89
aborts/s 3037.28
ops/s 3236.17

commits/s 0.00
aborts/s 3166.01
ops/s 3166.01

commits/s 0.00
aborts/s 3206.48
ops/s 3206.48

commits/s 0.00
aborts/s 3188.58
ops/s 3188.58

commits/s 0.00
aborts/s 3212.53
ops/s 3212.53

commits/s 0.00
aborts/s 3240.64
ops/s 3240.64

commits/s 0.00
aborts/s 3248.41
ops/s 3248.41

commits/s 0.00
aborts/s 3201.34
ops/s 3201.34

commits/s 0.00
aborts/s 3231.62
ops/s 3231.62

commits/s 0.00
aborts/s 3166.66
ops/s 3166.66

commits/s 0.00
aborts/s 3247.01
ops/s 3247.01

commits/s 0.00
aborts/s 3209.34
ops/s 3209.34

commits/s 0.00
aborts/s 3233.53
ops/s 3233.53

commits/s 0.00
aborts/s 3248.57
ops/s 3248.57

commits/s 0.00
aborts/s 3264.54
ops/s 3264.54

commits/s 0.00
aborts/s 3200.63
ops/s 3200.63

commits/s 0.00
aborts/s 3245.54
ops/s 3245.54

commits/s 0.00
aborts/s 3233.39
ops/s 3233.39

commits/s 0.00
aborts/s 3257.43
ops/s 3257.43

commits/s 0.00
aborts/s 3293.39
ops/s 3293.39

commits/s 0.00
aborts/s 3213.62
ops/s 3213.62

commits/s 0.00
aborts/s 3192.61
ops/s 3192.61

commits/s 0.00
aborts/s 3244.54
ops/s 3244.54

commits/s 0.00
aborts/s 3251.65
ops/s 3251.65

commits/s 0.00
aborts/s 3266.56
ops/s 3266.56

commits/s 0.00
aborts/s 3250.04
ops/s 3250.04

commits/s 0.00
aborts/s 3223.58
ops/s 3223.58

commits/s 0.00
aborts/s 3195.41
ops/s 3195.41

commits/s 0.00
aborts/s 2011.63
ops/s 2011.63

