nowait
Starting KVS server on :8080
commits/s 0.00
aborts/s 0.00
ops/s 0.00

commits/s 0.00
aborts/s 0.00
ops/s 0.00

commits/s 0.00
aborts/s 0.00
ops/s 0.00

commits/s 1568.88
aborts/s 51.00
ops/s 1619.88

commits/s 7700.55
aborts/s 202.96
ops/s 7903.52

commits/s 7644.07
aborts/s 227.94
ops/s 7872.02

commits/s 7520.69
aborts/s 227.96
ops/s 7748.65

commits/s 7551.45
aborts/s 241.95
ops/s 7793.41

commits/s 7606.53
aborts/s 210.96
ops/s 7817.49

commits/s 7688.90
aborts/s 185.97
ops/s 7874.87

commits/s 7459.97
aborts/s 185.97
ops/s 7645.94

commits/s 7375.54
aborts/s 201.96
ops/s 7577.50

commits/s 7735.26
aborts/s 226.95
ops/s 7962.21

commits/s 7561.54
aborts/s 251.95
ops/s 7813.49

commits/s 7515.08
aborts/s 320.96
ops/s 7836.04

commits/s 7502.48
aborts/s 213.96
ops/s 7716.44

commits/s 7690.90
aborts/s 184.97
ops/s 7875.88

commits/s 7509.33
aborts/s 185.98
ops/s 7695.31

commits/s 7724.55
aborts/s 178.97
ops/s 7903.51

commits/s 7599.12
aborts/s 216.97
ops/s 7816.09

commits/s 7555.12
aborts/s 232.94
ops/s 7788.06

commits/s 7387.07
aborts/s 190.98
ops/s 7578.05

commits/s 7575.10
aborts/s 197.98
ops/s 7773.07

commits/s 7674.84
aborts/s 205.97
ops/s 7880.81

commits/s 7754.24
aborts/s 226.95
ops/s 7981.18

commits/s 7499.31
aborts/s 203.98
ops/s 7703.29

commits/s 7533.56
aborts/s 260.95
ops/s 7794.51

commits/s 7764.23
aborts/s 194.98
ops/s 7959.21

commits/s 7533.11
aborts/s 222.97
ops/s 7756.09

commits/s 7553.08
aborts/s 217.97
ops/s 7771.05

commits/s 7561.07
aborts/s 202.97
ops/s 7764.04

commits/s 7411.33
aborts/s 213.98
ops/s 7625.31

commits/s 7621.48
aborts/s 233.95
ops/s 7855.43

commits/s 5220.04
aborts/s 151.94
ops/s 5371.99

