nowait
Starting KVS server on :8080
commits/s 0.00
aborts/s 0.00
ops/s 0.00

commits/s 0.00
aborts/s 0.00
ops/s 0.00

commits/s 0.00
aborts/s 0.00
ops/s 0.00

commits/s 0.00
aborts/s 0.00
ops/s 0.00

commits/s 7263.52
aborts/s 229.98
ops/s 7493.50

commits/s 7523.10
aborts/s 196.98
ops/s 7720.07

commits/s 7686.36
aborts/s 207.96
ops/s 7894.32

commits/s 7543.58
aborts/s 186.96
ops/s 7730.55

commits/s 7486.80
aborts/s 244.96
ops/s 7731.76

commits/s 7617.06
aborts/s 198.98
ops/s 7816.03

commits/s 7514.06
aborts/s 196.98
ops/s 7711.03

commits/s 7510.06
aborts/s 168.96
ops/s 7679.02

commits/s 7670.18
aborts/s 198.95
ops/s 7869.13

commits/s 7700.76
aborts/s 234.96
ops/s 7935.72

commits/s 7651.03
aborts/s 205.97
ops/s 7857.01

commits/s 7595.84
aborts/s 228.96
ops/s 7824.80

commits/s 7553.85
aborts/s 190.97
ops/s 7744.82

commits/s 7719.72
aborts/s 162.97
ops/s 7882.69

commits/s 7589.09
aborts/s 237.97
ops/s 7827.07

commits/s 7575.83
aborts/s 227.93
ops/s 7803.76

commits/s 7575.14
aborts/s 235.94
ops/s 7811.08

commits/s 7385.18
aborts/s 210.98
ops/s 7596.16

commits/s 7468.77
aborts/s 247.50
ops/s 7716.27

commits/s 7539.47
aborts/s 205.96
ops/s 7745.43

commits/s 7494.45
aborts/s 217.95
ops/s 7712.40

commits/s 7443.99
aborts/s 210.97
ops/s 7654.96

commits/s 7682.56
aborts/s 231.96
ops/s 7914.52

commits/s 7563.31
aborts/s 204.98
ops/s 7768.29

commits/s 7549.97
aborts/s 242.97
ops/s 7792.94

commits/s 7529.76
aborts/s 207.97
ops/s 7737.72

commits/s 7618.97
aborts/s 211.97
ops/s 7830.94

commits/s 7479.05
aborts/s 254.97
ops/s 7734.02

commits/s 7646.95
aborts/s 209.97
ops/s 7856.92

commits/s 7427.37
aborts/s 162.96
ops/s 7590.33

commits/s 0.00
aborts/s 0.00
ops/s 0.00

