nowait
Starting KVS server on :8080
commits/s 0.00
aborts/s 0.00
ops/s 0.00

commits/s 0.00
aborts/s 0.00
ops/s 0.00

commits/s 0.00
aborts/s 0.00
ops/s 0.00

commits/s 1756.82
aborts/s 64.99
ops/s 1821.81

commits/s 7715.94
aborts/s 230.97
ops/s 7946.91

commits/s 7571.24
aborts/s 166.96
ops/s 7738.20

commits/s 7485.67
aborts/s 215.96
ops/s 7701.63

commits/s 7577.18
aborts/s 247.94
ops/s 7825.12

commits/s 7564.98
aborts/s 242.93
ops/s 7807.91

commits/s 7489.74
aborts/s 205.97
ops/s 7695.70

commits/s 7418.87
aborts/s 227.97
ops/s 7646.83

commits/s 7512.07
aborts/s 214.97
ops/s 7727.04

commits/s 7615.80
aborts/s 175.95
ops/s 7791.74

commits/s 7524.80
aborts/s 188.97
ops/s 7713.77

commits/s 7658.14
aborts/s 200.98
ops/s 7859.12

commits/s 7572.58
aborts/s 255.95
ops/s 7828.53

commits/s 7735.60
aborts/s 194.96
ops/s 7930.56

commits/s 7625.27
aborts/s 191.98
ops/s 7817.25

commits/s 7609.52
aborts/s 226.96
ops/s 7836.47

commits/s 7612.20
aborts/s 187.98
ops/s 7800.18

commits/s 7510.32
aborts/s 235.98
ops/s 7746.30

commits/s 7248.03
aborts/s 173.98
ops/s 7422.01

commits/s 7480.03
aborts/s 194.95
ops/s 7674.98

commits/s 7492.34
aborts/s 337.93
ops/s 7830.26

commits/s 7713.01
aborts/s 166.98
ops/s 7879.99

commits/s 7501.11
aborts/s 235.97
ops/s 7737.08

commits/s 7551.61
aborts/s 235.96
ops/s 7787.56

commits/s 7643.83
aborts/s 199.97
ops/s 7843.80

commits/s 7588.11
aborts/s 192.98
ops/s 7781.09

commits/s 7511.97
aborts/s 222.97
ops/s 7734.94

commits/s 7540.20
aborts/s 190.98
ops/s 7731.18

commits/s 7564.19
aborts/s 199.95
ops/s 7764.14

commits/s 7531.75
aborts/s 211.96
ops/s 7743.71

commits/s 5099.80
aborts/s 148.96
ops/s 5248.76

