woundwait
Starting KVS server on :8080
commits/s 0.00
aborts/s 0.00
ops/s 0.00

commits/s 0.00
aborts/s 0.00
ops/s 0.00

commits/s 0.00
aborts/s 0.00
ops/s 0.00

commits/s 0.00
aborts/s 0.00
ops/s 0.00

commits/s 1051.73
aborts/s 0.00
ops/s 1051.73

commits/s 4352.42
aborts/s 0.00
ops/s 4352.42

commits/s 4301.45
aborts/s 0.00
ops/s 4301.45

commits/s 4331.29
aborts/s 0.00
ops/s 4331.29

commits/s 4328.93
aborts/s 0.00
ops/s 4328.93

commits/s 4355.21
aborts/s 0.00
ops/s 4355.21

commits/s 4325.47
aborts/s 0.00
ops/s 4325.47

commits/s 4324.36
aborts/s 0.00
ops/s 4324.36

commits/s 4329.51
aborts/s 0.00
ops/s 4329.51

commits/s 4347.49
aborts/s 0.00
ops/s 4347.49

commits/s 4252.13
aborts/s 0.00
ops/s 4252.13

commits/s 4332.96
aborts/s 0.00
ops/s 4332.96

commits/s 4266.47
aborts/s 0.00
ops/s 4266.47

commits/s 4286.56
aborts/s 0.00
ops/s 4286.56

commits/s 4309.51
aborts/s 0.00
ops/s 4309.51

commits/s 4318.02
aborts/s 0.00
ops/s 4318.02

commits/s 4384.66
aborts/s 0.00
ops/s 4384.66

commits/s 4328.46
aborts/s 0.00
ops/s 4328.46

commits/s 4367.53
aborts/s 0.00
ops/s 4367.53

commits/s 4289.63
aborts/s 0.00
ops/s 4289.63

commits/s 4298.99
aborts/s 0.00
ops/s 4298.99

commits/s 4266.22
aborts/s 0.00
ops/s 4266.22

commits/s 4291.83
aborts/s 0.00
ops/s 4291.83

commits/s 4392.38
aborts/s 0.00
ops/s 4392.38

commits/s 4266.11
aborts/s 0.00
ops/s 4266.11

commits/s 4303.27
aborts/s 0.00
ops/s 4303.27

commits/s 4311.48
aborts/s 0.00
ops/s 4311.48

commits/s 4357.66
aborts/s 0.00
ops/s 4357.66

commits/s 4409.44
aborts/s 0.00
ops/s 4409.44

commits/s 4326.56
aborts/s 0.00
ops/s 4326.56

commits/s 2633.65
aborts/s 0.00
ops/s 2633.65

commits/s 0.00
aborts/s 0.00
ops/s 0.00

