woundwait
Starting KVS server on :8080
commits/s 0.00
aborts/s 0.00
ops/s 0.00

commits/s 0.00
aborts/s 0.00
ops/s 0.00

commits/s 0.00
aborts/s 0.00
ops/s 0.00

commits/s 0.00
aborts/s 0.00
ops/s 0.00

commits/s 0.00
aborts/s 0.00
ops/s 0.00

commits/s 4075.68
aborts/s 0.00
ops/s 4075.68

commits/s 4349.31
aborts/s 0.00
ops/s 4349.31

commits/s 4297.50
aborts/s 0.00
ops/s 4297.50

commits/s 4303.32
aborts/s 0.00
ops/s 4303.32

commits/s 4307.24
aborts/s 0.00
ops/s 4307.24

commits/s 4354.50
aborts/s 0.00
ops/s 4354.50

commits/s 4413.31
aborts/s 0.00
ops/s 4413.31

commits/s 4353.15
aborts/s 0.00
ops/s 4353.15

commits/s 4399.13
aborts/s 0.00
ops/s 4399.13

commits/s 4420.09
aborts/s 0.00
ops/s 4420.09

commits/s 4411.42
aborts/s 0.00
ops/s 4411.42

commits/s 4387.48
aborts/s 0.00
ops/s 4387.48

commits/s 4362.52
aborts/s 0.00
ops/s 4362.52

commits/s 4353.85
aborts/s 0.00
ops/s 4353.85

commits/s 4317.37
aborts/s 0.00
ops/s 4317.37

commits/s 4283.65
aborts/s 0.00
ops/s 4283.65

commits/s 4371.41
aborts/s 0.00
ops/s 4371.41

commits/s 4334.60
aborts/s 0.00
ops/s 4334.60

commits/s 4363.94
aborts/s 0.00
ops/s 4363.94

commits/s 4350.43
aborts/s 0.00
ops/s 4350.43

commits/s 4317.55
aborts/s 0.00
ops/s 4317.55

commits/s 4364.39
aborts/s 0.00
ops/s 4364.39

commits/s 4434.62
aborts/s 0.00
ops/s 4434.62

commits/s 4395.45
aborts/s 0.00
ops/s 4395.45

commits/s 4280.64
aborts/s 0.00
ops/s 4280.64

commits/s 4331.02
aborts/s 0.00
ops/s 4331.02

commits/s 4384.66
aborts/s 0.00
ops/s 4384.66

commits/s 4416.47
aborts/s 0.00
ops/s 4416.47

commits/s 4413.65
aborts/s 0.00
ops/s 4413.65

commits/s 4221.27
aborts/s 0.00
ops/s 4221.27

commits/s 0.00
aborts/s 0.00
ops/s 0.00

