woundwait
Starting KVS server on :8080
commits/s 0.00
aborts/s 0.00
ops/s 0.00

commits/s 0.00
aborts/s 0.00
ops/s 0.00

commits/s 0.00
aborts/s 0.00
ops/s 0.00

commits/s 0.00
aborts/s 0.00
ops/s 0.00

commits/s 0.00
aborts/s 0.00
ops/s 0.00

commits/s 3927.28
aborts/s 0.00
ops/s 3927.28

commits/s 4444.39
aborts/s 0.00
ops/s 4444.39

commits/s 4429.80
aborts/s 0.00
ops/s 4429.80

commits/s 4349.15
aborts/s 0.00
ops/s 4349.15

commits/s 4402.50
aborts/s 0.00
ops/s 4402.50

commits/s 4367.33
aborts/s 0.00
ops/s 4367.33

commits/s 4412.33
aborts/s 0.00
ops/s 4412.33

commits/s 4357.45
aborts/s 0.00
ops/s 4357.45

commits/s 4371.85
aborts/s 0.00
ops/s 4371.85

commits/s 4361.48
aborts/s 0.00
ops/s 4361.48

commits/s 4368.43
aborts/s 0.00
ops/s 4368.43

commits/s 4357.25
aborts/s 0.00
ops/s 4357.25

commits/s 4272.82
aborts/s 0.00
ops/s 4272.82

commits/s 4376.32
aborts/s 0.00
ops/s 4376.32

commits/s 4309.49
aborts/s 0.00
ops/s 4309.49

commits/s 4411.16
aborts/s 0.00
ops/s 4411.16

commits/s 4373.19
aborts/s 0.00
ops/s 4373.19

commits/s 4409.38
aborts/s 0.00
ops/s 4409.38

commits/s 4367.10
aborts/s 0.00
ops/s 4367.10

commits/s 4302.74
aborts/s 0.00
ops/s 4302.74

commits/s 4355.36
aborts/s 0.00
ops/s 4355.36

commits/s 4375.61
aborts/s 0.00
ops/s 4375.61

commits/s 4341.32
aborts/s 0.00
ops/s 4341.32

commits/s 4385.67
aborts/s 0.00
ops/s 4385.67

commits/s 4381.44
aborts/s 0.00
ops/s 4381.44

commits/s 4387.64
aborts/s 0.00
ops/s 4387.64

commits/s 4392.10
aborts/s 0.00
ops/s 4392.10

commits/s 4335.61
aborts/s 0.00
ops/s 4335.61

commits/s 4318.50
aborts/s 0.00
ops/s 4318.50

commits/s 4152.91
aborts/s 0.00
ops/s 4152.91

commits/s 0.00
aborts/s 0.00
ops/s 0.00

