waitdie
Starting KVS server on :8080
commits/s 0.00
aborts/s 0.00
ops/s 0.00

commits/s 0.00
aborts/s 0.00
ops/s 0.00

commits/s 0.00
aborts/s 0.00
ops/s 0.00

commits/s 0.00
aborts/s 0.00
ops/s 0.00

commits/s 201.96
aborts/s 0.00
ops/s 201.96

commits/s 5557.61
aborts/s 0.00
ops/s 5557.61

commits/s 5604.47
aborts/s 0.00
ops/s 5604.47

commits/s 5506.38
aborts/s 0.00
ops/s 5506.38

commits/s 5508.74
aborts/s 0.00
ops/s 5508.74

commits/s 5576.27
aborts/s 0.00
ops/s 5576.27

commits/s 5506.11
aborts/s 0.00
ops/s 5506.11

commits/s 5586.45
aborts/s 0.00
ops/s 5586.45

commits/s 5262.56
aborts/s 0.00
ops/s 5262.56

commits/s 5570.15
aborts/s 0.00
ops/s 5570.15

commits/s 5452.68
aborts/s 0.00
ops/s 5452.68

commits/s 5533.27
aborts/s 0.00
ops/s 5533.27

commits/s 5430.32
aborts/s 0.00
ops/s 5430.32

commits/s 5424.61
aborts/s 0.00
ops/s 5424.61

commits/s 5513.97
aborts/s 0.00
ops/s 5513.97

commits/s 5486.07
aborts/s 0.00
ops/s 5486.07

commits/s 5148.55
aborts/s 0.00
ops/s 5148.55

commits/s 5476.46
aborts/s 0.00
ops/s 5476.46

commits/s 5627.62
aborts/s 0.00
ops/s 5627.62

commits/s 5534.68
aborts/s 0.00
ops/s 5534.68

commits/s 5562.53
aborts/s 0.00
ops/s 5562.53

commits/s 5391.33
aborts/s 0.00
ops/s 5391.33

commits/s 5475.43
aborts/s 0.00
ops/s 5475.43

commits/s 5666.56
aborts/s 0.00
ops/s 5666.56

commits/s 5643.54
aborts/s 0.00
ops/s 5643.54

commits/s 5565.53
aborts/s 0.00
ops/s 5565.53

commits/s 5553.14
aborts/s 0.00
ops/s 5553.14

commits/s 5336.37
aborts/s 0.00
ops/s 5336.37

commits/s 5563.61
aborts/s 0.00
ops/s 5563.61

commits/s 5541.43
aborts/s 0.00
ops/s 5541.43

commits/s 5420.26
aborts/s 0.00
ops/s 5420.26

commits/s 0.00
aborts/s 0.00
ops/s 0.00

