waitdie
Starting KVS server on :8080
commits/s 0.00
aborts/s 0.00
ops/s 0.00

commits/s 0.00
aborts/s 0.00
ops/s 0.00

commits/s 0.00
aborts/s 0.00
ops/s 0.00

commits/s 0.00
aborts/s 0.00
ops/s 0.00

commits/s 1190.81
aborts/s 0.00
ops/s 1190.81

commits/s 5560.18
aborts/s 0.00
ops/s 5560.18

commits/s 5464.35
aborts/s 0.00
ops/s 5464.35

commits/s 5605.83
aborts/s 0.00
ops/s 5605.83

commits/s 5412.20
aborts/s 0.00
ops/s 5412.20

commits/s 5589.29
aborts/s 0.00
ops/s 5589.29

commits/s 5435.29
aborts/s 0.00
ops/s 5435.29

commits/s 5373.25
aborts/s 0.00
ops/s 5373.25

commits/s 5479.31
aborts/s 0.00
ops/s 5479.31

commits/s 5546.55
aborts/s 0.00
ops/s 5546.55

commits/s 5550.34
aborts/s 0.00
ops/s 5550.34

commits/s 5469.40
aborts/s 0.00
ops/s 5469.40

commits/s 5330.36
aborts/s 0.00
ops/s 5330.36

commits/s 5408.29
aborts/s 0.00
ops/s 5408.29

commits/s 5624.24
aborts/s 0.00
ops/s 5624.24

commits/s 5393.80
aborts/s 0.00
ops/s 5393.80

commits/s 5273.25
aborts/s 0.00
ops/s 5273.25

commits/s 5475.78
aborts/s 0.00
ops/s 5475.78

commits/s 5631.49
aborts/s 0.00
ops/s 5631.49

commits/s 5524.60
aborts/s 0.00
ops/s 5524.60

commits/s 5359.21
aborts/s 0.00
ops/s 5359.21

commits/s 5555.24
aborts/s 0.00
ops/s 5555.24

commits/s 5551.15
aborts/s 0.00
ops/s 5551.15

commits/s 5555.07
aborts/s 0.00
ops/s 5555.07

commits/s 5653.43
aborts/s 0.00
ops/s 5653.43

commits/s 5473.52
aborts/s 0.00
ops/s 5473.52

commits/s 5427.36
aborts/s 0.00
ops/s 5427.36

commits/s 5405.97
aborts/s 0.00
ops/s 5405.97

commits/s 5603.47
aborts/s 0.00
ops/s 5603.47

commits/s 5607.17
aborts/s 0.00
ops/s 5607.17

commits/s 4294.54
aborts/s 0.00
ops/s 4294.54

commits/s 0.00
aborts/s 0.00
ops/s 0.00

