waitdie
Starting KVS server on :8080
commits/s 0.00
aborts/s 0.00
ops/s 0.00

commits/s 0.00
aborts/s 0.00
ops/s 0.00

commits/s 0.00
aborts/s 0.00
ops/s 0.00

commits/s 0.00
aborts/s 0.00
ops/s 0.00

commits/s 418.92
aborts/s 0.00
ops/s 418.92

commits/s 5563.68
aborts/s 0.00
ops/s 5563.68

commits/s 5437.45
aborts/s 0.00
ops/s 5437.45

commits/s 5627.12
aborts/s 0.00
ops/s 5627.12

commits/s 5491.33
aborts/s 0.00
ops/s 5491.33

commits/s 5498.75
aborts/s 0.00
ops/s 5498.75

commits/s 5459.36
aborts/s 0.00
ops/s 5459.36

commits/s 5546.18
aborts/s 0.00
ops/s 5546.18

commits/s 5351.11
aborts/s 0.00
ops/s 5351.11

commits/s 5487.82
aborts/s 0.00
ops/s 5487.82

commits/s 5626.97
aborts/s 0.00
ops/s 5626.97

commits/s 5506.37
aborts/s 0.00
ops/s 5506.37

commits/s 5512.58
aborts/s 0.00
ops/s 5512.58

commits/s 5571.62
aborts/s 0.00
ops/s 5571.62

commits/s 5539.38
aborts/s 0.00
ops/s 5539.38

commits/s 5344.14
aborts/s 0.00
ops/s 5344.14

commits/s 5199.19
aborts/s 0.00
ops/s 5199.19

commits/s 5526.33
aborts/s 0.00
ops/s 5526.33

commits/s 5603.29
aborts/s 0.00
ops/s 5603.29

commits/s 5470.16
aborts/s 0.00
ops/s 5470.16

commits/s 5364.59
aborts/s 0.00
ops/s 5364.59

commits/s 5582.98
aborts/s 0.00
ops/s 5582.98

commits/s 5610.48
aborts/s 0.00
ops/s 5610.48

commits/s 5691.55
aborts/s 0.00
ops/s 5691.55

commits/s 5453.30
aborts/s 0.00
ops/s 5453.30

commits/s 5464.13
aborts/s 0.00
ops/s 5464.13

commits/s 5319.31
aborts/s 0.00
ops/s 5319.31

commits/s 5542.02
aborts/s 0.00
ops/s 5542.02

commits/s 5536.32
aborts/s 0.00
ops/s 5536.32

commits/s 5583.27
aborts/s 0.00
ops/s 5583.27

commits/s 5017.71
aborts/s 0.00
ops/s 5017.71

commits/s 0.00
aborts/s 0.00
ops/s 0.00

