woundwait
Starting KVS server on :8080
commits/s 0.00
aborts/s 0.00
ops/s 0.00

commits/s 0.00
aborts/s 0.00
ops/s 0.00

commits/s 0.00
aborts/s 0.00
ops/s 0.00

commits/s 0.00
aborts/s 0.00
ops/s 0.00

commits/s 0.00
aborts/s 0.00
ops/s 0.00

commits/s 3610.07
aborts/s 6.00
ops/s 3616.07

commits/s 4172.45
aborts/s 6.00
ops/s 4178.45

commits/s 4193.25
aborts/s 6.00
ops/s 4199.25

commits/s 4194.54
aborts/s 8.00
ops/s 4202.54

commits/s 4297.05
aborts/s 8.00
ops/s 4305.05

commits/s 4236.17
aborts/s 3.00
ops/s 4239.17

commits/s 4172.52
aborts/s 11.00
ops/s 4183.52

commits/s 4231.45
aborts/s 8.00
ops/s 4239.44

commits/s 4310.44
aborts/s 5.00
ops/s 4315.44

commits/s 4246.51
aborts/s 7.00
ops/s 4253.51

commits/s 4158.63
aborts/s 6.00
ops/s 4164.63

commits/s 4206.35
aborts/s 10.00
ops/s 4216.35

commits/s 4194.73
aborts/s 8.00
ops/s 4202.72

commits/s 4123.47
aborts/s 8.00
ops/s 4131.47

commits/s 4160.24
aborts/s 5.00
ops/s 4165.23

commits/s 4138.44
aborts/s 7.00
ops/s 4145.44

commits/s 4224.43
aborts/s 6.00
ops/s 4230.42

commits/s 4256.40
aborts/s 5.00
ops/s 4261.40

commits/s 4296.40
aborts/s 13.00
ops/s 4309.40

commits/s 4337.56
aborts/s 3.00
ops/s 4340.56

commits/s 4167.27
aborts/s 5.00
ops/s 4172.27

commits/s 4329.79
aborts/s 8.00
ops/s 4337.79

commits/s 4262.40
aborts/s 9.00
ops/s 4271.40

commits/s 4201.49
aborts/s 7.00
ops/s 4208.49

commits/s 4287.14
aborts/s 6.00
ops/s 4293.14

commits/s 4319.45
aborts/s 7.00
ops/s 4326.45

commits/s 4182.69
aborts/s 3.00
ops/s 4185.69

commits/s 4243.57
aborts/s 10.00
ops/s 4253.56

commits/s 4285.36
aborts/s 12.00
ops/s 4297.36

commits/s 4210.25
aborts/s 12.00
ops/s 4222.25

commits/s 43.95
aborts/s 0.00
ops/s 43.95

