woundwait
Starting KVS server on :8080
commits/s 0.00
aborts/s 0.00
ops/s 0.00

commits/s 0.00
aborts/s 0.00
ops/s 0.00

commits/s 0.00
aborts/s 0.00
ops/s 0.00

commits/s 0.00
aborts/s 0.00
ops/s 0.00

commits/s 673.95
aborts/s 3.00
ops/s 676.95

commits/s 4257.67
aborts/s 5.00
ops/s 4262.67

commits/s 4187.44
aborts/s 4.00
ops/s 4191.44

commits/s 4185.32
aborts/s 5.00
ops/s 4190.32

commits/s 4216.58
aborts/s 7.00
ops/s 4223.58

commits/s 4254.48
aborts/s 4.00
ops/s 4258.48

commits/s 4255.38
aborts/s 7.00
ops/s 4262.38

commits/s 4171.51
aborts/s 6.00
ops/s 4177.51

commits/s 4361.48
aborts/s 9.00
ops/s 4370.48

commits/s 4277.50
aborts/s 5.00
ops/s 4282.50

commits/s 4219.53
aborts/s 3.00
ops/s 4222.53

commits/s 4224.26
aborts/s 9.00
ops/s 4233.25

commits/s 4193.36
aborts/s 8.00
ops/s 4201.35

commits/s 4184.42
aborts/s 2.00
ops/s 4186.42

commits/s 4248.56
aborts/s 5.00
ops/s 4253.56

commits/s 4146.68
aborts/s 2.00
ops/s 4148.68

commits/s 4169.47
aborts/s 6.00
ops/s 4175.47

commits/s 4226.65
aborts/s 7.00
ops/s 4233.65

commits/s 4282.57
aborts/s 11.00
ops/s 4293.57

commits/s 4108.74
aborts/s 7.00
ops/s 4115.74

commits/s 4318.48
aborts/s 9.00
ops/s 4327.48

commits/s 4271.51
aborts/s 10.00
ops/s 4281.51

commits/s 4233.68
aborts/s 3.00
ops/s 4236.68

commits/s 4254.44
aborts/s 6.00
ops/s 4260.44

commits/s 4366.45
aborts/s 9.00
ops/s 4375.45

commits/s 4285.62
aborts/s 4.00
ops/s 4289.62

commits/s 4151.57
aborts/s 6.00
ops/s 4157.57

commits/s 4234.55
aborts/s 3.00
ops/s 4237.55

commits/s 4196.58
aborts/s 6.00
ops/s 4202.58

commits/s 4095.28
aborts/s 7.00
ops/s 4102.28

commits/s 2964.48
aborts/s 4.99
ops/s 2969.47

commits/s 0.00
aborts/s 0.00
ops/s 0.00

