woundwait
Starting KVS server on :8080
commits/s 0.00
aborts/s 0.00
ops/s 0.00

commits/s 0.00
aborts/s 0.00
ops/s 0.00

commits/s 0.00
aborts/s 0.00
ops/s 0.00

commits/s 0.00
aborts/s 0.00
ops/s 0.00

commits/s 172.99
aborts/s 0.00
ops/s 172.99

commits/s 4337.95
aborts/s 9.00
ops/s 4346.95

commits/s 4235.45
aborts/s 8.00
ops/s 4243.45

commits/s 4177.39
aborts/s 12.00
ops/s 4189.38

commits/s 4209.16
aborts/s 7.00
ops/s 4216.16

commits/s 4268.50
aborts/s 10.00
ops/s 4278.50

commits/s 4240.32
aborts/s 5.00
ops/s 4245.32

commits/s 4224.22
aborts/s 5.00
ops/s 4229.22

commits/s 4244.43
aborts/s 8.00
ops/s 4252.43

commits/s 4284.52
aborts/s 6.00
ops/s 4290.52

commits/s 4277.45
aborts/s 7.00
ops/s 4284.45

commits/s 4204.60
aborts/s 8.00
ops/s 4212.60

commits/s 4324.18
aborts/s 13.00
ops/s 4337.17

commits/s 4196.32
aborts/s 7.00
ops/s 4203.32

commits/s 4127.44
aborts/s 16.00
ops/s 4143.43

commits/s 4216.22
aborts/s 9.00
ops/s 4225.22

commits/s 4177.58
aborts/s 7.00
ops/s 4184.58

commits/s 4227.39
aborts/s 12.00
ops/s 4239.39

commits/s 4205.59
aborts/s 10.00
ops/s 4215.59

commits/s 4207.50
aborts/s 5.00
ops/s 4212.50

commits/s 4330.47
aborts/s 4.00
ops/s 4334.47

commits/s 4210.43
aborts/s 7.00
ops/s 4217.43

commits/s 4209.99
aborts/s 6.00
ops/s 4215.99

commits/s 4251.60
aborts/s 11.00
ops/s 4262.59

commits/s 4176.69
aborts/s 7.00
ops/s 4183.69

commits/s 4166.51
aborts/s 5.00
ops/s 4171.51

commits/s 4322.62
aborts/s 10.00
ops/s 4332.62

commits/s 4299.56
aborts/s 9.00
ops/s 4308.56

commits/s 4195.63
aborts/s 1.00
ops/s 4196.62

commits/s 4171.37
aborts/s 8.00
ops/s 4179.37

commits/s 3527.44
aborts/s 9.99
ops/s 3537.44

