waitdie
Starting KVS server on :8080
commits/s 0.00
aborts/s 0.00
ops/s 0.00

commits/s 0.00
aborts/s 0.00
ops/s 0.00

commits/s 0.00
aborts/s 0.00
ops/s 0.00

commits/s 0.00
aborts/s 0.00
ops/s 0.00

commits/s 0.00
aborts/s 0.00
ops/s 0.00

commits/s 798.96
aborts/s 1566.92
ops/s 2365.88

commits/s 904.80
aborts/s 1354.70
ops/s 2259.50

commits/s 818.85
aborts/s 1535.71
ops/s 2354.56

commits/s 804.71
aborts/s 1570.44
ops/s 2375.15

commits/s 932.85
aborts/s 1319.78
ops/s 2252.63

commits/s 998.84
aborts/s 1236.80
ops/s 2235.63

commits/s 864.90
aborts/s 1513.83
ops/s 2378.73

commits/s 900.90
aborts/s 1437.84
ops/s 2338.74

commits/s 904.90
aborts/s 1369.85
ops/s 2274.76

commits/s 877.76
aborts/s 1412.61
ops/s 2290.37

commits/s 911.90
aborts/s 1468.84
ops/s 2380.74

commits/s 914.90
aborts/s 1353.85
ops/s 2268.75

commits/s 896.79
aborts/s 1563.64
ops/s 2460.44

commits/s 931.89
aborts/s 1429.83
ops/s 2361.72

commits/s 867.89
aborts/s 1466.81
ops/s 2334.70

commits/s 885.89
aborts/s 1407.83
ops/s 2293.72

commits/s 945.88
aborts/s 1447.81
ops/s 2393.68

commits/s 922.80
aborts/s 1407.70
ops/s 2330.51

commits/s 907.92
aborts/s 1381.88
ops/s 2289.81

commits/s 845.89
aborts/s 1585.80
ops/s 2431.69

commits/s 875.93
aborts/s 1462.88
ops/s 2338.81

commits/s 954.91
aborts/s 1196.89
ops/s 2151.80

commits/s 963.94
aborts/s 1259.92
ops/s 2223.86

commits/s 775.95
aborts/s 1573.89
ops/s 2349.84

commits/s 901.90
aborts/s 1452.84
ops/s 2354.74

commits/s 923.92
aborts/s 1412.87
ops/s 2336.79

commits/s 879.93
aborts/s 1395.88
ops/s 2275.81

commits/s 930.87
aborts/s 1334.81
ops/s 2265.68

commits/s 905.85
aborts/s 1406.77
ops/s 2312.63

commits/s 787.42
aborts/s 1234.10
ops/s 2021.52

commits/s 0.00
aborts/s 0.00
ops/s 0.00

