waitdie
Starting KVS server on :8080
commits/s 0.00
aborts/s 0.00
ops/s 0.00

commits/s 0.00
aborts/s 0.00
ops/s 0.00

commits/s 0.00
aborts/s 0.00
ops/s 0.00

commits/s 0.00
aborts/s 0.00
ops/s 0.00

commits/s 49.00
aborts/s 40.00
ops/s 88.99

commits/s 815.92
aborts/s 1643.84
ops/s 2459.76

commits/s 884.91
aborts/s 1383.86
ops/s 2268.76

commits/s 959.87
aborts/s 1260.83
ops/s 2220.70

commits/s 879.86
aborts/s 1500.76
ops/s 2380.61

commits/s 921.89
aborts/s 1404.83
ops/s 2326.72

commits/s 890.87
aborts/s 1468.78
ops/s 2359.64

commits/s 882.89
aborts/s 1504.81
ops/s 2387.70

commits/s 842.85
aborts/s 1519.72
ops/s 2362.57

commits/s 841.91
aborts/s 1546.84
ops/s 2388.76

commits/s 849.91
aborts/s 1568.83
ops/s 2418.73

commits/s 892.86
aborts/s 1419.77
ops/s 2312.63

commits/s 948.91
aborts/s 1412.86
ops/s 2361.77

commits/s 873.89
aborts/s 1431.82
ops/s 2305.71

commits/s 881.87
aborts/s 1560.77
ops/s 2442.65

commits/s 872.86
aborts/s 1410.77
ops/s 2283.63

commits/s 932.81
aborts/s 1379.72
ops/s 2312.54

commits/s 915.79
aborts/s 1419.67
ops/s 2335.46

commits/s 912.85
aborts/s 1406.77
ops/s 2319.62

commits/s 908.89
aborts/s 1397.82
ops/s 2306.71

commits/s 801.89
aborts/s 1592.79
ops/s 2394.68

commits/s 978.92
aborts/s 1320.89
ops/s 2299.80

commits/s 874.92
aborts/s 1351.88
ops/s 2226.80

commits/s 880.83
aborts/s 1420.72
ops/s 2301.55

commits/s 837.83
aborts/s 1546.69
ops/s 2384.52

commits/s 897.92
aborts/s 1413.87
ops/s 2311.78

commits/s 870.91
aborts/s 1440.85
ops/s 2311.77

commits/s 886.90
aborts/s 1437.84
ops/s 2324.75

commits/s 917.90
aborts/s 1400.85
ops/s 2318.76

commits/s 945.87
aborts/s 1306.81
ops/s 2252.68

commits/s 802.17
aborts/s 1059.90
ops/s 1862.07

