waitdie
Starting KVS server on :8080
commits/s 0.00
aborts/s 0.00
ops/s 0.00

commits/s 0.00
aborts/s 0.00
ops/s 0.00

commits/s 0.00
aborts/s 0.00
ops/s 0.00

commits/s 0.00
aborts/s 0.00
ops/s 0.00

commits/s 194.99
aborts/s 276.98
ops/s 471.97

commits/s 928.84
aborts/s 1283.78
ops/s 2212.62

commits/s 898.89
aborts/s 1380.83
ops/s 2279.72

commits/s 902.87
aborts/s 1375.81
ops/s 2278.68

commits/s 847.82
aborts/s 1431.70
ops/s 2279.53

commits/s 869.87
aborts/s 1479.78
ops/s 2349.65

commits/s 0.00
aborts/s 3380.61
ops/s 3380.61

commits/s 0.00
aborts/s 3492.15
ops/s 3492.15

commits/s 0.00
aborts/s 3465.54
ops/s 3465.54

commits/s 0.00
aborts/s 3459.66
ops/s 3459.66

commits/s 0.00
aborts/s 3413.66
ops/s 3413.66

commits/s 0.00
aborts/s 3482.32
ops/s 3482.32

commits/s 0.00
aborts/s 3488.46
ops/s 3488.46

commits/s 0.00
aborts/s 3501.98
ops/s 3501.98

commits/s 0.00
aborts/s 3469.28
ops/s 3469.28

commits/s 0.00
aborts/s 3506.66
ops/s 3506.66

commits/s 0.00
aborts/s 3469.62
ops/s 3469.62

commits/s 0.00
aborts/s 3479.51
ops/s 3479.51

commits/s 0.00
aborts/s 3485.47
ops/s 3485.47

commits/s 0.00
aborts/s 3457.60
ops/s 3457.60

commits/s 0.00
aborts/s 3504.50
ops/s 3504.50

commits/s 0.00
aborts/s 3413.83
ops/s 3413.83

commits/s 0.00
aborts/s 3421.63
ops/s 3421.63

commits/s 0.00
aborts/s 3496.67
ops/s 3496.67

commits/s 0.00
aborts/s 3478.63
ops/s 3478.63

commits/s 0.00
aborts/s 3428.49
ops/s 3428.49

commits/s 0.00
aborts/s 3466.62
ops/s 3466.62

commits/s 0.00
aborts/s 3518.49
ops/s 3518.49

commits/s 0.00
aborts/s 3455.72
ops/s 3455.72

commits/s 0.00
aborts/s 3529.50
ops/s 3529.50

commits/s 0.00
aborts/s 2460.65
ops/s 2460.65

