nowait
Starting KVS server on :8080
commits/s 0.00
aborts/s 0.00
ops/s 0.00

commits/s 0.00
aborts/s 0.00
ops/s 0.00

commits/s 0.00
aborts/s 0.00
ops/s 0.00

commits/s 0.00
aborts/s 0.00
ops/s 0.00

commits/s 0.00
aborts/s 0.00
ops/s 0.00

commits/s 5434.56
aborts/s 4.00
ops/s 5438.56

commits/s 5476.35
aborts/s 4.00
ops/s 5480.35

commits/s 5576.88
aborts/s 7.00
ops/s 5583.88

commits/s 5536.24
aborts/s 7.00
ops/s 5543.24

commits/s 5530.34
aborts/s 4.00
ops/s 5534.34

commits/s 5523.36
aborts/s 6.00
ops/s 5529.36

commits/s 5615.06
aborts/s 6.00
ops/s 5621.06

commits/s 5626.05
aborts/s 5.00
ops/s 5631.05

commits/s 5642.18
aborts/s 5.00
ops/s 5647.18

commits/s 5417.42
aborts/s 7.00
ops/s 5424.42

commits/s 5405.38
aborts/s 7.00
ops/s 5412.38

commits/s 5439.79
aborts/s 5.00
ops/s 5444.79

commits/s 5543.64
aborts/s 3.00
ops/s 5546.64

commits/s 5653.07
aborts/s 4.00
ops/s 5657.07

commits/s 5493.38
aborts/s 6.00
ops/s 5499.38

commits/s 5606.91
aborts/s 10.00
ops/s 5616.91

commits/s 5626.86
aborts/s 5.00
ops/s 5631.86

commits/s 5412.82
aborts/s 6.00
ops/s 5418.82

commits/s 5569.45
aborts/s 3.00
ops/s 5572.45

commits/s 5466.37
aborts/s 12.00
ops/s 5478.37

commits/s 5537.38
aborts/s 4.00
ops/s 5541.38

commits/s 5637.30
aborts/s 5.00
ops/s 5642.30

commits/s 5466.43
aborts/s 10.00
ops/s 5476.43

commits/s 5435.11
aborts/s 7.00
ops/s 5442.11

commits/s 5607.37
aborts/s 8.00
ops/s 5615.37

commits/s 5509.54
aborts/s 6.00
ops/s 5515.54

commits/s 5488.22
aborts/s 7.00
ops/s 5495.22

commits/s 5444.42
aborts/s 5.00
ops/s 5449.42

commits/s 5482.36
aborts/s 8.00
ops/s 5490.36

commits/s 4969.16
aborts/s 5.00
ops/s 4974.16

