nowait
Starting KVS server on :8080
commits/s 0.00
aborts/s 0.00
ops/s 0.00

commits/s 0.00
aborts/s 0.00
ops/s 0.00

commits/s 0.00
aborts/s 0.00
ops/s 0.00

commits/s 0.00
aborts/s 0.00
ops/s 0.00

commits/s 523.94
aborts/s 1.00
ops/s 524.94

commits/s 5597.42
aborts/s 4.00
ops/s 5601.42

commits/s 5589.22
aborts/s 11.00
ops/s 5600.22

commits/s 5549.32
aborts/s 6.00
ops/s 5555.32

commits/s 5473.25
aborts/s 6.00
ops/s 5479.25

commits/s 5606.16
aborts/s 4.00
ops/s 5610.16

commits/s 5542.26
aborts/s 8.00
ops/s 5550.26

commits/s 5566.12
aborts/s 11.00
ops/s 5577.12

commits/s 5635.99
aborts/s 3.00
ops/s 5638.99

commits/s 5580.13
aborts/s 8.00
ops/s 5588.13

commits/s 5543.61
aborts/s 0.00
ops/s 5543.61

commits/s 5514.48
aborts/s 6.00
ops/s 5520.48

commits/s 5456.88
aborts/s 8.00
ops/s 5464.88

commits/s 5514.30
aborts/s 5.00
ops/s 5519.30

commits/s 5601.59
aborts/s 9.00
ops/s 5610.59

commits/s 5596.53
aborts/s 7.00
ops/s 5603.53

commits/s 5485.57
aborts/s 6.00
ops/s 5491.57

commits/s 5574.15
aborts/s 6.00
ops/s 5580.15

commits/s 5644.55
aborts/s 7.00
ops/s 5651.55

commits/s 5520.23
aborts/s 9.00
ops/s 5529.23

commits/s 5530.34
aborts/s 8.00
ops/s 5538.34

commits/s 5538.33
aborts/s 5.00
ops/s 5543.33

commits/s 5496.55
aborts/s 12.00
ops/s 5508.55

commits/s 5593.97
aborts/s 9.00
ops/s 5602.97

commits/s 5504.63
aborts/s 8.00
ops/s 5512.63

commits/s 5513.53
aborts/s 6.00
ops/s 5519.53

commits/s 5599.21
aborts/s 8.00
ops/s 5607.20

commits/s 5428.46
aborts/s 6.00
ops/s 5434.46

commits/s 5410.60
aborts/s 6.00
ops/s 5416.60

commits/s 5544.96
aborts/s 4.00
ops/s 5548.96

commits/s 4472.51
aborts/s 4.00
ops/s 4476.51

commits/s 0.00
aborts/s 0.00
ops/s 0.00

