nowait
Starting KVS server on :8080
commits/s 0.00
aborts/s 0.00
ops/s 0.00

commits/s 0.00
aborts/s 0.00
ops/s 0.00

commits/s 0.00
aborts/s 0.00
ops/s 0.00

commits/s 0.00
aborts/s 0.00
ops/s 0.00

commits/s 1135.86
aborts/s 0.00
ops/s 1135.86

commits/s 5496.78
aborts/s 4.00
ops/s 5500.78

commits/s 5455.37
aborts/s 11.00
ops/s 5466.36

commits/s 5414.03
aborts/s 5.00
ops/s 5419.03

commits/s 5632.32
aborts/s 7.00
ops/s 5639.32

commits/s 5503.66
aborts/s 2.00
ops/s 5505.66

commits/s 5645.34
aborts/s 11.00
ops/s 5656.34

commits/s 5593.99
aborts/s 7.00
ops/s 5600.99

commits/s 5593.46
aborts/s 3.00
ops/s 5596.46

commits/s 5605.54
aborts/s 2.00
ops/s 5607.54

commits/s 5581.37
aborts/s 6.00
ops/s 5587.37

commits/s 5573.30
aborts/s 7.00
ops/s 5580.30

commits/s 5548.33
aborts/s 3.00
ops/s 5551.33

commits/s 5534.55
aborts/s 14.00
ops/s 5548.55

commits/s 5684.21
aborts/s 4.00
ops/s 5688.20

commits/s 5508.44
aborts/s 5.00
ops/s 5513.44

commits/s 5544.31
aborts/s 11.00
ops/s 5555.31

commits/s 5618.58
aborts/s 3.00
ops/s 5621.58

commits/s 5666.43
aborts/s 3.00
ops/s 5669.43

commits/s 5658.99
aborts/s 2.00
ops/s 5660.99

commits/s 5565.49
aborts/s 7.00
ops/s 5572.49

commits/s 5633.57
aborts/s 7.00
ops/s 5640.57

commits/s 5644.35
aborts/s 4.00
ops/s 5648.35

commits/s 5581.26
aborts/s 4.00
ops/s 5585.26

commits/s 5481.16
aborts/s 6.00
ops/s 5487.16

commits/s 5705.66
aborts/s 5.00
ops/s 5710.66

commits/s 5468.14
aborts/s 5.00
ops/s 5473.13

commits/s 5318.15
aborts/s 8.00
ops/s 5326.14

commits/s 5545.20
aborts/s 3.00
ops/s 5548.20

commits/s 5587.50
aborts/s 6.00
ops/s 5593.50

commits/s 3720.17
aborts/s 4.00
ops/s 3724.17

