waitdie
Starting KVS server on :8080
commits/s 0.00
aborts/s 0.00
ops/s 0.00

commits/s 0.00
aborts/s 0.00
ops/s 0.00

commits/s 0.00
aborts/s 0.00
ops/s 0.00

commits/s 0.00
aborts/s 0.00
ops/s 0.00

commits/s 0.00
aborts/s 0.00
ops/s 0.00

commits/s 0.00
aborts/s 0.00
ops/s 0.00

commits/s 3195.13
aborts/s 33.98
ops/s 3229.11

commits/s 3802.53
aborts/s 55.99
ops/s 3858.53

commits/s 3749.53
aborts/s 40.99
ops/s 3790.53

commits/s 3848.52
aborts/s 52.99
ops/s 3901.51

commits/s 3753.56
aborts/s 57.99
ops/s 3811.56

commits/s 3814.84
aborts/s 61.98
ops/s 3876.82

commits/s 3891.28
aborts/s 34.99
ops/s 3926.27

commits/s 3820.51
aborts/s 47.99
ops/s 3868.50

commits/s 3797.40
aborts/s 55.96
ops/s 3853.36

commits/s 3833.83
aborts/s 40.99
ops/s 3874.81

commits/s 3732.34
aborts/s 40.99
ops/s 3773.34

commits/s 3789.28
aborts/s 37.99
ops/s 3827.28

commits/s 3866.29
aborts/s 56.99
ops/s 3923.28

commits/s 3801.45
aborts/s 51.99
ops/s 3853.44

commits/s 3811.59
aborts/s 45.00
ops/s 3856.58

commits/s 3808.50
aborts/s 32.00
ops/s 3840.50

commits/s 3845.66
aborts/s 52.98
ops/s 3898.65

commits/s 3770.62
aborts/s 46.00
ops/s 3816.62

commits/s 3796.49
aborts/s 53.99
ops/s 3850.49

commits/s 3864.40
aborts/s 57.98
ops/s 3922.38

commits/s 3792.97
aborts/s 42.99
ops/s 3835.96

commits/s 3795.26
aborts/s 60.99
ops/s 3856.25

commits/s 3790.94
aborts/s 44.99
ops/s 3835.92

commits/s 3771.61
aborts/s 46.00
ops/s 3817.61

commits/s 3836.46
aborts/s 41.99
ops/s 3878.46

commits/s 3653.19
aborts/s 38.99
ops/s 3692.18

commits/s 3906.47
aborts/s 44.99
ops/s 3951.46

commits/s 3825.38
aborts/s 53.99
ops/s 3879.37

commits/s 3873.64
aborts/s 48.00
ops/s 3921.64

commits/s 3724.56
aborts/s 59.99
ops/s 3784.56

commits/s 83.94
aborts/s 1.00
ops/s 84.94

