waitdie
Starting KVS server on :8080
commits/s 0.00
aborts/s 0.00
ops/s 0.00

commits/s 0.00
aborts/s 0.00
ops/s 0.00

commits/s 0.00
aborts/s 0.00
ops/s 0.00

commits/s 0.00
aborts/s 0.00
ops/s 0.00

commits/s 0.00
aborts/s 0.00
ops/s 0.00

commits/s 173.99
aborts/s 2.00
ops/s 175.99

commits/s 3878.92
aborts/s 45.99
ops/s 3924.90

commits/s 3857.52
aborts/s 43.99
ops/s 3901.51

commits/s 3854.48
aborts/s 64.99
ops/s 3919.47

commits/s 3790.76
aborts/s 46.98
ops/s 3837.75

commits/s 3799.63
aborts/s 51.99
ops/s 3851.62

commits/s 3870.53
aborts/s 38.00
ops/s 3908.53

commits/s 3812.77
aborts/s 54.95
ops/s 3867.72

commits/s 3897.53
aborts/s 48.99
ops/s 3946.53

commits/s 3781.36
aborts/s 58.99
ops/s 3840.35

commits/s 3804.41
aborts/s 48.99
ops/s 3853.40

commits/s 3790.60
aborts/s 34.00
ops/s 3824.59

commits/s 3752.57
aborts/s 57.99
ops/s 3810.56

commits/s 3851.50
aborts/s 40.99
ops/s 3892.50

commits/s 3835.11
aborts/s 42.99
ops/s 3878.10

commits/s 3753.37
aborts/s 47.99
ops/s 3801.37

commits/s 3878.39
aborts/s 48.99
ops/s 3927.39

commits/s 3830.66
aborts/s 36.00
ops/s 3866.66

commits/s 3876.06
aborts/s 58.97
ops/s 3935.03

commits/s 3798.46
aborts/s 33.00
ops/s 3831.46

commits/s 3718.73
aborts/s 62.00
ops/s 3780.72

commits/s 3794.57
aborts/s 50.99
ops/s 3845.56

commits/s 3895.33
aborts/s 59.99
ops/s 3955.32

commits/s 3812.29
aborts/s 27.99
ops/s 3840.28

commits/s 3839.90
aborts/s 43.99
ops/s 3883.88

commits/s 3878.12
aborts/s 40.99
ops/s 3919.11

commits/s 3777.59
aborts/s 62.99
ops/s 3840.58

commits/s 3888.75
aborts/s 47.00
ops/s 3935.74

commits/s 3820.58
aborts/s 56.99
ops/s 3877.57

commits/s 3696.65
aborts/s 33.00
ops/s 3729.64

commits/s 3104.35
aborts/s 39.95
ops/s 3144.30

commits/s 0.00
aborts/s 0.00
ops/s 0.00

