waitdie
Starting KVS server on :8080
commits/s 0.00
aborts/s 0.00
ops/s 0.00

commits/s 0.00
aborts/s 0.00
ops/s 0.00

commits/s 0.00
aborts/s 0.00
ops/s 0.00

commits/s 0.00
aborts/s 0.00
ops/s 0.00

commits/s 0.00
aborts/s 0.00
ops/s 0.00

commits/s 0.00
aborts/s 0.00
ops/s 0.00

commits/s 3694.71
aborts/s 54.00
ops/s 3748.70

commits/s 3811.38
aborts/s 34.99
ops/s 3846.38

commits/s 3916.21
aborts/s 48.99
ops/s 3965.20

commits/s 3810.34
aborts/s 52.99
ops/s 3863.33

commits/s 3715.58
aborts/s 57.99
ops/s 3773.57

commits/s 3832.97
aborts/s 36.99
ops/s 3869.96

commits/s 3819.30
aborts/s 47.99
ops/s 3867.29

commits/s 3815.39
aborts/s 49.99
ops/s 3865.38

commits/s 3799.35
aborts/s 48.99
ops/s 3848.34

commits/s 3839.31
aborts/s 52.99
ops/s 3892.30

commits/s 3848.43
aborts/s 44.98
ops/s 3893.41

commits/s 3798.57
aborts/s 47.98
ops/s 3846.55

commits/s 3834.51
aborts/s 45.99
ops/s 3880.50

commits/s 3802.35
aborts/s 55.99
ops/s 3858.34

commits/s 3800.49
aborts/s 58.99
ops/s 3859.48

commits/s 3782.50
aborts/s 53.99
ops/s 3836.50

commits/s 3773.55
aborts/s 42.00
ops/s 3815.55

commits/s 3871.22
aborts/s 41.99
ops/s 3913.21

commits/s 3852.63
aborts/s 55.99
ops/s 3908.63

commits/s 3858.15
aborts/s 64.99
ops/s 3923.14

commits/s 3863.45
aborts/s 57.99
ops/s 3921.45

commits/s 3824.65
aborts/s 63.99
ops/s 3888.64

commits/s 3821.58
aborts/s 42.00
ops/s 3863.58

commits/s 3735.76
aborts/s 60.00
ops/s 3795.76

commits/s 3886.27
aborts/s 40.99
ops/s 3927.26

commits/s 3842.94
aborts/s 40.99
ops/s 3883.93

commits/s 3873.88
aborts/s 54.98
ops/s 3928.86

commits/s 3905.74
aborts/s 54.00
ops/s 3959.73

commits/s 3693.51
aborts/s 50.99
ops/s 3744.50

commits/s 3598.57
aborts/s 48.98
ops/s 3647.55

commits/s 0.00
aborts/s 0.00
ops/s 0.00

