nowait
Starting KVS server on :8080
commits/s 0.00
aborts/s 0.00
ops/s 0.00

commits/s 0.00
aborts/s 0.00
ops/s 0.00

commits/s 0.00
aborts/s 0.00
ops/s 0.00

commits/s 0.00
aborts/s 0.00
ops/s 0.00

commits/s 195.99
aborts/s 369.98
ops/s 565.97

commits/s 540.94
aborts/s 2043.76
ops/s 2584.70

commits/s 674.88
aborts/s 1973.66
ops/s 2648.55

commits/s 604.94
aborts/s 2084.79
ops/s 2689.72

commits/s 501.87
aborts/s 2055.46
ops/s 2557.33

commits/s 599.82
aborts/s 1981.41
ops/s 2581.23

commits/s 462.95
aborts/s 2336.74
ops/s 2799.69

commits/s 555.94
aborts/s 2392.72
ops/s 2948.66

commits/s 641.86
aborts/s 1931.59
ops/s 2573.45

commits/s 705.91
aborts/s 1900.76
ops/s 2606.68

commits/s 629.88
aborts/s 2204.60
ops/s 2834.48

commits/s 521.92
aborts/s 2313.65
ops/s 2835.57

commits/s 414.96
aborts/s 2350.76
ops/s 2765.72

commits/s 484.91
aborts/s 2244.57
ops/s 2729.48

commits/s 516.94
aborts/s 1991.76
ops/s 2508.69

commits/s 612.91
aborts/s 1762.73
ops/s 2375.63

commits/s 297.97
aborts/s 2536.71
ops/s 2834.67

commits/s 561.86
aborts/s 2097.50
ops/s 2659.36

commits/s 517.95
aborts/s 2021.79
ops/s 2539.74

commits/s 463.95
aborts/s 2182.77
ops/s 2646.72

commits/s 546.93
aborts/s 2157.73
ops/s 2704.66

commits/s 629.94
aborts/s 1923.83
ops/s 2553.78

commits/s 679.73
aborts/s 2043.18
ops/s 2722.91

commits/s 676.92
aborts/s 1855.77
ops/s 2532.68

commits/s 457.93
aborts/s 1990.70
ops/s 2448.63

commits/s 578.92
aborts/s 1997.74
ops/s 2576.66

commits/s 582.93
aborts/s 1998.77
ops/s 2581.70

commits/s 606.89
aborts/s 2174.61
ops/s 2781.50

commits/s 553.93
aborts/s 1899.75
ops/s 2453.68

commits/s 636.92
aborts/s 1844.77
ops/s 2481.69

commits/s 403.89
aborts/s 1308.66
ops/s 1712.55

