nowait
Starting KVS server on :8080
commits/s 0.00
aborts/s 0.00
ops/s 0.00

commits/s 0.00
aborts/s 0.00
ops/s 0.00

commits/s 0.00
aborts/s 0.00
ops/s 0.00

commits/s 0.00
aborts/s 0.00
ops/s 0.00

commits/s 77.99
aborts/s 61.99
ops/s 139.98

commits/s 624.89
aborts/s 1882.66
ops/s 2507.55

commits/s 354.90
aborts/s 1961.47
ops/s 2316.38

commits/s 517.92
aborts/s 2029.70
ops/s 2547.63

commits/s 539.90
aborts/s 2589.54
ops/s 3129.44

commits/s 429.94
aborts/s 2633.62
ops/s 3063.56

commits/s 463.93
aborts/s 2193.69
ops/s 2657.62

commits/s 435.94
aborts/s 2054.73
ops/s 2490.68

commits/s 361.94
aborts/s 1805.72
ops/s 2167.66

commits/s 526.94
aborts/s 1823.80
ops/s 2350.75

commits/s 541.94
aborts/s 2080.77
ops/s 2622.71

commits/s 618.92
aborts/s 1900.75
ops/s 2519.67

commits/s 491.95
aborts/s 1870.81
ops/s 2362.76

commits/s 630.94
aborts/s 1997.80
ops/s 2628.73

commits/s 489.90
aborts/s 2027.58
ops/s 2517.48

commits/s 478.94
aborts/s 2101.72
ops/s 2580.66

commits/s 624.93
aborts/s 1979.79
ops/s 2604.72

commits/s 541.93
aborts/s 2238.69
ops/s 2780.62

commits/s 631.89
aborts/s 2250.60
ops/s 2882.48

commits/s 563.94
aborts/s 2311.76
ops/s 2875.70

commits/s 465.93
aborts/s 2680.59
ops/s 3146.52

commits/s 512.94
aborts/s 2218.73
ops/s 2731.67

commits/s 517.95
aborts/s 2556.74
ops/s 3074.69

commits/s 385.95
aborts/s 2323.68
ops/s 2709.63

commits/s 628.91
aborts/s 1838.75
ops/s 2467.66

commits/s 535.89
aborts/s 2339.53
ops/s 2875.42

commits/s 501.96
aborts/s 2040.84
ops/s 2542.80

commits/s 372.95
aborts/s 2295.69
ops/s 2668.64

commits/s 509.95
aborts/s 2210.80
ops/s 2720.75

commits/s 660.89
aborts/s 2009.66
ops/s 2670.54

commits/s 186.85
aborts/s 2316.09
ops/s 2502.94

