nowait
Starting KVS server on :8080
commits/s 0.00
aborts/s 0.00
ops/s 0.00

commits/s 0.00
aborts/s 0.00
ops/s 0.00

commits/s 0.00
aborts/s 0.00
ops/s 0.00

commits/s 0.00
aborts/s 0.00
ops/s 0.00

commits/s 0.00
aborts/s 0.00
ops/s 0.00

commits/s 425.97
aborts/s 2434.83
ops/s 2860.80

commits/s 626.91
aborts/s 1984.71
ops/s 2611.61

commits/s 488.85
aborts/s 2171.35
ops/s 2660.20

commits/s 675.94
aborts/s 1774.85
ops/s 2450.79

commits/s 626.73
aborts/s 2188.05
ops/s 2814.77

commits/s 601.93
aborts/s 1715.79
ops/s 2317.72

commits/s 693.90
aborts/s 1732.75
ops/s 2426.65

commits/s 633.93
aborts/s 2108.75
ops/s 2742.68

commits/s 470.87
aborts/s 2200.39
ops/s 2671.26

commits/s 591.91
aborts/s 2027.69
ops/s 2619.60

commits/s 618.93
aborts/s 1979.78
ops/s 2598.71

commits/s 572.93
aborts/s 2038.76
ops/s 2611.70

commits/s 457.90
aborts/s 2149.55
ops/s 2607.45

commits/s 438.95
aborts/s 2283.73
ops/s 2722.68

commits/s 507.94
aborts/s 1880.76
ops/s 2388.70

commits/s 493.92
aborts/s 2317.61
ops/s 2811.53

commits/s 605.91
aborts/s 1946.70
ops/s 2552.61

commits/s 682.90
aborts/s 1730.75
ops/s 2413.65

commits/s 595.92
aborts/s 2180.72
ops/s 2776.65

commits/s 649.89
aborts/s 1899.69
ops/s 2549.58

commits/s 554.93
aborts/s 1964.75
ops/s 2519.68

commits/s 436.93
aborts/s 2415.63
ops/s 2852.57

commits/s 508.94
aborts/s 2082.77
ops/s 2591.72

commits/s 514.90
aborts/s 2198.56
ops/s 2713.46

commits/s 660.93
aborts/s 1791.81
ops/s 2452.74

commits/s 439.91
aborts/s 2369.50
ops/s 2809.41

commits/s 521.94
aborts/s 2129.74
ops/s 2651.67

commits/s 516.91
aborts/s 1863.69
ops/s 2380.61

commits/s 72.99
aborts/s 2523.72
ops/s 2596.71

commits/s 120.98
aborts/s 2225.63
ops/s 2346.61

commits/s 0.00
aborts/s 0.00
ops/s 0.00

