waitdie
Starting KVS server on :8080
commits/s 0.00
aborts/s 0.00
ops/s 0.00

commits/s 0.00
aborts/s 0.00
ops/s 0.00

commits/s 0.00
aborts/s 0.00
ops/s 0.00

commits/s 1124.87
aborts/s 6.00
ops/s 1130.87

commits/s 7395.38
aborts/s 132.97
ops/s 7528.35

commits/s 7460.06
aborts/s 118.99
ops/s 7579.05

commits/s 7563.98
aborts/s 125.97
ops/s 7689.94

commits/s 7522.80
aborts/s 164.97
ops/s 7687.78

commits/s 7611.64
aborts/s 193.97
ops/s 7805.61

commits/s 7448.29
aborts/s 115.97
ops/s 7564.27

commits/s 7486.94
aborts/s 130.98
ops/s 7617.92

commits/s 7231.50
aborts/s 162.99
ops/s 7394.49

commits/s 7448.68
aborts/s 157.97
ops/s 7606.65

commits/s 7594.62
aborts/s 150.97
ops/s 7745.60

commits/s 7501.85
aborts/s 136.98
ops/s 7638.83

commits/s 7537.19
aborts/s 145.98
ops/s 7683.17

commits/s 7431.82
aborts/s 145.98
ops/s 7577.79

commits/s 7666.76
aborts/s 126.98
ops/s 7793.74

commits/s 7373.91
aborts/s 149.90
ops/s 7523.81

commits/s 7491.34
aborts/s 149.97
ops/s 7641.30

commits/s 7479.10
aborts/s 143.98
ops/s 7623.08

commits/s 7215.43
aborts/s 146.99
ops/s 7362.42

commits/s 7428.48
aborts/s 143.97
ops/s 7572.45

commits/s 7634.28
aborts/s 158.99
ops/s 7793.27

commits/s 7551.02
aborts/s 137.96
ops/s 7688.99

commits/s 7632.12
aborts/s 190.95
ops/s 7823.07

commits/s 7708.43
aborts/s 155.99
ops/s 7864.42

commits/s 7385.27
aborts/s 165.98
ops/s 7551.26

commits/s 7526.24
aborts/s 142.99
ops/s 7669.22

commits/s 7593.50
aborts/s 167.97
ops/s 7761.47

commits/s 7606.93
aborts/s 159.96
ops/s 7766.89

commits/s 7504.85
aborts/s 148.98
ops/s 7653.83

commits/s 7391.32
aborts/s 146.97
ops/s 7538.29

commits/s 5543.74
aborts/s 123.86
ops/s 5667.60

