waitdie
Starting KVS server on :8080
commits/s 0.00
aborts/s 0.00
ops/s 0.00

commits/s 0.00
aborts/s 0.00
ops/s 0.00

commits/s 0.00
aborts/s 0.00
ops/s 0.00

commits/s 522.80
aborts/s 5.00
ops/s 527.80

commits/s 7658.87
aborts/s 152.98
ops/s 7811.84

commits/s 7575.87
aborts/s 151.98
ops/s 7727.84

commits/s 7402.05
aborts/s 129.98
ops/s 7532.04

commits/s 7458.35
aborts/s 157.97
ops/s 7616.32

commits/s 7465.87
aborts/s 143.96
ops/s 7609.83

commits/s 7530.26
aborts/s 126.97
ops/s 7657.23

commits/s 7494.99
aborts/s 143.98
ops/s 7638.97

commits/s 7418.04
aborts/s 134.98
ops/s 7553.03

commits/s 7559.07
aborts/s 148.98
ops/s 7708.05

commits/s 7265.59
aborts/s 159.97
ops/s 7425.56

commits/s 7477.99
aborts/s 121.98
ops/s 7599.98

commits/s 7583.00
aborts/s 156.98
ops/s 7739.98

commits/s 7501.25
aborts/s 161.98
ops/s 7663.23

commits/s 7409.33
aborts/s 164.98
ops/s 7574.31

commits/s 7595.84
aborts/s 155.98
ops/s 7751.81

commits/s 7474.08
aborts/s 165.98
ops/s 7640.06

commits/s 7405.89
aborts/s 164.98
ops/s 7570.87

commits/s 7237.73
aborts/s 183.97
ops/s 7421.70

commits/s 7446.28
aborts/s 280.97
ops/s 7727.25

commits/s 7385.09
aborts/s 152.98
ops/s 7538.07

commits/s 7491.41
aborts/s 145.97
ops/s 7637.38

commits/s 7559.29
aborts/s 153.99
ops/s 7713.27

commits/s 7504.12
aborts/s 137.98
ops/s 7642.10

commits/s 7623.81
aborts/s 182.97
ops/s 7806.78

commits/s 7675.08
aborts/s 162.98
ops/s 7838.06

commits/s 7656.99
aborts/s 141.98
ops/s 7798.97

commits/s 7442.42
aborts/s 156.95
ops/s 7599.36

commits/s 7567.00
aborts/s 116.98
ops/s 7683.99

commits/s 7536.57
aborts/s 138.97
ops/s 7675.54

commits/s 6349.49
aborts/s 109.96
ops/s 6459.45

commits/s 0.00
aborts/s 0.00
ops/s 0.00

