waitdie
Starting KVS server on :8080
commits/s 0.00
aborts/s 0.00
ops/s 0.00

commits/s 0.00
aborts/s 0.00
ops/s 0.00

commits/s 0.00
aborts/s 0.00
ops/s 0.00

commits/s 1745.51
aborts/s 34.99
ops/s 1780.50

commits/s 7610.03
aborts/s 108.99
ops/s 7719.02

commits/s 7477.74
aborts/s 164.97
ops/s 7642.71

commits/s 7581.54
aborts/s 154.97
ops/s 7736.51

commits/s 7559.87
aborts/s 145.96
ops/s 7705.83

commits/s 7554.57
aborts/s 130.98
ops/s 7685.55

commits/s 7405.49
aborts/s 187.96
ops/s 7593.45

commits/s 7406.24
aborts/s 125.97
ops/s 7532.21

commits/s 7602.80
aborts/s 103.98
ops/s 7706.78

commits/s 7554.38
aborts/s 130.95
ops/s 7685.34

commits/s 7699.51
aborts/s 164.97
ops/s 7864.48

commits/s 7559.55
aborts/s 159.99
ops/s 7719.54

commits/s 7660.69
aborts/s 135.98
ops/s 7796.67

commits/s 7508.40
aborts/s 147.99
ops/s 7656.39

commits/s 7590.74
aborts/s 116.98
ops/s 7707.72

commits/s 7471.42
aborts/s 145.99
ops/s 7617.41

commits/s 7502.98
aborts/s 134.98
ops/s 7637.96

commits/s 7468.32
aborts/s 166.96
ops/s 7635.29

commits/s 7110.12
aborts/s 142.98
ops/s 7253.11

commits/s 7620.59
aborts/s 134.97
ops/s 7755.56

commits/s 7519.25
aborts/s 176.98
ops/s 7696.23

commits/s 7324.68
aborts/s 153.95
ops/s 7478.63

commits/s 7495.23
aborts/s 167.96
ops/s 7663.19

commits/s 7668.34
aborts/s 136.99
ops/s 7805.33

commits/s 7555.00
aborts/s 112.99
ops/s 7667.99

commits/s 7577.16
aborts/s 126.99
ops/s 7704.14

commits/s 7638.07
aborts/s 126.98
ops/s 7765.05

commits/s 7647.15
aborts/s 159.98
ops/s 7807.13

commits/s 7627.73
aborts/s 130.98
ops/s 7758.71

commits/s 7569.92
aborts/s 125.98
ops/s 7695.91

commits/s 5224.04
aborts/s 97.89
ops/s 5321.93

commits/s 0.00
aborts/s 0.00
ops/s 0.00

