woundwait
Starting KVS server on :8080
commits/s 0.00
aborts/s 0.00
ops/s 0.00

commits/s 0.00
aborts/s 0.00
ops/s 0.00

commits/s 0.00
aborts/s 0.00
ops/s 0.00

commits/s 0.00
aborts/s 0.00
ops/s 0.00

commits/s 580.93
aborts/s 5.00
ops/s 585.93

commits/s 4323.37
aborts/s 14.00
ops/s 4337.36

commits/s 4229.48
aborts/s 15.00
ops/s 4244.48

commits/s 4312.30
aborts/s 20.00
ops/s 4332.29

commits/s 4220.42
aborts/s 22.00
ops/s 4242.42

commits/s 4196.51
aborts/s 22.00
ops/s 4218.51

commits/s 4224.43
aborts/s 16.00
ops/s 4240.42

commits/s 4309.46
aborts/s 15.00
ops/s 4324.45

commits/s 4194.43
aborts/s 13.00
ops/s 4207.42

commits/s 4238.36
aborts/s 20.00
ops/s 4258.35

commits/s 4249.52
aborts/s 21.00
ops/s 4270.52

commits/s 4307.13
aborts/s 15.00
ops/s 4322.13

commits/s 4334.31
aborts/s 12.00
ops/s 4346.31

commits/s 4201.67
aborts/s 25.00
ops/s 4226.67

commits/s 4256.38
aborts/s 17.00
ops/s 4273.38

commits/s 4191.49
aborts/s 20.00
ops/s 4211.48

commits/s 4280.55
aborts/s 16.00
ops/s 4296.55

commits/s 4291.50
aborts/s 15.00
ops/s 4306.49

commits/s 4286.66
aborts/s 26.00
ops/s 4312.66

commits/s 4258.37
aborts/s 17.00
ops/s 4275.37

commits/s 4229.57
aborts/s 15.00
ops/s 4244.57

commits/s 4263.87
aborts/s 12.00
ops/s 4275.87

commits/s 4153.34
aborts/s 30.00
ops/s 4183.33

commits/s 4185.96
aborts/s 20.00
ops/s 4205.95

commits/s 4235.49
aborts/s 27.00
ops/s 4262.49

commits/s 4166.65
aborts/s 28.00
ops/s 4194.64

commits/s 4266.32
aborts/s 23.00
ops/s 4289.32

commits/s 4236.40
aborts/s 20.00
ops/s 4256.40

commits/s 4312.45
aborts/s 16.00
ops/s 4328.45

commits/s 4268.52
aborts/s 19.00
ops/s 4287.52

commits/s 3098.45
aborts/s 22.97
ops/s 3121.42

commits/s 0.00
aborts/s 0.00
ops/s 0.00

