woundwait
Starting KVS server on :8080
commits/s 0.00
aborts/s 0.00
ops/s 0.00

commits/s 0.00
aborts/s 0.00
ops/s 0.00

commits/s 0.00
aborts/s 0.00
ops/s 0.00

commits/s 0.00
aborts/s 0.00
ops/s 0.00

commits/s 701.96
aborts/s 0.00
ops/s 701.96

commits/s 4279.42
aborts/s 24.00
ops/s 4303.41

commits/s 4309.08
aborts/s 16.00
ops/s 4325.08

commits/s 4143.49
aborts/s 15.00
ops/s 4158.49

commits/s 4227.41
aborts/s 21.00
ops/s 4248.41

commits/s 4273.30
aborts/s 22.00
ops/s 4295.30

commits/s 4193.28
aborts/s 20.00
ops/s 4213.28

commits/s 4242.41
aborts/s 22.00
ops/s 4264.41

commits/s 4164.44
aborts/s 20.00
ops/s 4184.44

commits/s 4230.51
aborts/s 33.00
ops/s 4263.51

commits/s 4255.47
aborts/s 15.00
ops/s 4270.47

commits/s 4203.35
aborts/s 24.00
ops/s 4227.34

commits/s 4317.42
aborts/s 19.00
ops/s 4336.41

commits/s 4191.47
aborts/s 21.99
ops/s 4213.46

commits/s 4129.56
aborts/s 14.00
ops/s 4143.56

commits/s 4245.47
aborts/s 20.00
ops/s 4265.47

commits/s 4195.36
aborts/s 30.00
ops/s 4225.36

commits/s 4283.68
aborts/s 15.00
ops/s 4298.68

commits/s 4285.47
aborts/s 15.00
ops/s 4300.47

commits/s 4283.65
aborts/s 19.00
ops/s 4302.65

commits/s 4289.17
aborts/s 15.99
ops/s 4305.17

commits/s 4209.43
aborts/s 21.00
ops/s 4230.42

commits/s 4178.38
aborts/s 24.00
ops/s 4202.37

commits/s 4244.43
aborts/s 17.00
ops/s 4261.43

commits/s 4202.53
aborts/s 28.00
ops/s 4230.53

commits/s 4274.68
aborts/s 19.00
ops/s 4293.68

commits/s 4265.17
aborts/s 12.00
ops/s 4277.17

commits/s 4312.07
aborts/s 17.00
ops/s 4329.07

commits/s 4227.57
aborts/s 29.00
ops/s 4256.56

commits/s 4247.23
aborts/s 27.99
ops/s 4275.23

commits/s 2883.39
aborts/s 15.00
ops/s 2898.39

commits/s 0.00
aborts/s 0.00
ops/s 0.00

