woundwait
Starting KVS server on :8080
commits/s 0.00
aborts/s 0.00
ops/s 0.00

commits/s 0.00
aborts/s 0.00
ops/s 0.00

commits/s 0.00
aborts/s 0.00
ops/s 0.00

commits/s 0.00
aborts/s 0.00
ops/s 0.00

commits/s 54.99
aborts/s 0.00
ops/s 54.99

commits/s 4310.20
aborts/s 22.00
ops/s 4332.19

commits/s 4218.20
aborts/s 13.00
ops/s 4231.20

commits/s 4190.47
aborts/s 8.00
ops/s 4198.47

commits/s 4259.23
aborts/s 15.00
ops/s 4274.23

commits/s 4327.38
aborts/s 24.00
ops/s 4351.38

commits/s 4233.54
aborts/s 21.00
ops/s 4254.54

commits/s 4247.27
aborts/s 23.00
ops/s 4270.27

commits/s 4252.52
aborts/s 23.00
ops/s 4275.52

commits/s 4305.02
aborts/s 18.00
ops/s 4323.02

commits/s 4287.21
aborts/s 21.00
ops/s 4308.20

commits/s 4218.36
aborts/s 16.97
ops/s 4235.34

commits/s 4302.25
aborts/s 14.00
ops/s 4316.25

commits/s 4272.41
aborts/s 18.00
ops/s 4290.40

commits/s 4222.33
aborts/s 19.00
ops/s 4241.32

commits/s 4178.51
aborts/s 23.00
ops/s 4201.50

commits/s 4240.45
aborts/s 18.00
ops/s 4258.45

commits/s 4197.59
aborts/s 27.00
ops/s 4224.58

commits/s 4335.82
aborts/s 21.99
ops/s 4357.81

commits/s 4266.25
aborts/s 23.00
ops/s 4289.25

commits/s 4226.60
aborts/s 20.00
ops/s 4246.59

commits/s 4208.26
aborts/s 26.00
ops/s 4234.26

commits/s 4256.66
aborts/s 23.00
ops/s 4279.66

commits/s 4267.44
aborts/s 16.00
ops/s 4283.44

commits/s 4153.58
aborts/s 10.00
ops/s 4163.58

commits/s 4191.33
aborts/s 13.00
ops/s 4204.33

commits/s 4234.61
aborts/s 19.00
ops/s 4253.60

commits/s 4274.36
aborts/s 23.00
ops/s 4297.35

commits/s 4314.52
aborts/s 23.00
ops/s 4337.51

commits/s 4299.98
aborts/s 22.99
ops/s 4322.98

commits/s 3484.33
aborts/s 11.99
ops/s 3496.32

