waitdie
Starting KVS server on :8080
commits/s 0.00
aborts/s 0.00
ops/s 0.00

commits/s 0.00
aborts/s 0.00
ops/s 0.00

commits/s 0.00
aborts/s 0.00
ops/s 0.00

commits/s 0.00
aborts/s 0.00
ops/s 0.00

commits/s 2293.73
aborts/s 72.99
ops/s 2366.72

commits/s 10445.08
aborts/s 590.95
ops/s 11036.02

commits/s 10463.16
aborts/s 684.42
ops/s 11147.58

commits/s 10565.32
aborts/s 720.89
ops/s 11286.21

commits/s 10686.97
aborts/s 600.89
ops/s 11287.86

commits/s 10428.15
aborts/s 674.88
ops/s 11103.03

commits/s 10548.30
aborts/s 574.91
ops/s 11123.21

commits/s 10858.21
aborts/s 605.84
ops/s 11464.05

commits/s 10631.14
aborts/s 555.90
ops/s 11187.04

commits/s 10511.25
aborts/s 758.87
ops/s 11270.13

commits/s 10445.33
aborts/s 679.96
ops/s 11125.28

commits/s 10543.92
aborts/s 702.93
ops/s 11246.85

commits/s 10520.57
aborts/s 634.91
ops/s 11155.48

commits/s 10434.48
aborts/s 618.85
ops/s 11053.33

commits/s 10850.71
aborts/s 606.93
ops/s 11457.64

commits/s 10558.26
aborts/s 545.96
ops/s 11104.22

commits/s 10662.71
aborts/s 631.92
ops/s 11294.63

commits/s 10560.39
aborts/s 610.91
ops/s 11171.29

commits/s 10289.23
aborts/s 832.86
ops/s 11122.09

commits/s 10910.79
aborts/s 635.93
ops/s 11546.72

commits/s 10438.04
aborts/s 617.94
ops/s 11055.99

commits/s 10701.66
aborts/s 671.92
ops/s 11373.58

commits/s 10652.67
aborts/s 573.93
ops/s 11226.60

commits/s 10671.53
aborts/s 705.90
ops/s 11377.43

commits/s 10801.36
aborts/s 600.91
ops/s 11402.27

commits/s 10690.75
aborts/s 610.93
ops/s 11301.67

commits/s 10726.67
aborts/s 611.92
ops/s 11338.60

commits/s 10493.06
aborts/s 494.96
ops/s 10988.02

commits/s 10393.47
aborts/s 748.89
ops/s 11142.36

commits/s 10666.20
aborts/s 565.90
ops/s 11232.11

commits/s 7349.94
aborts/s 335.68
ops/s 7685.62

