waitdie
Starting KVS server on :8080
commits/s 0.00
aborts/s 0.00
ops/s 0.00

commits/s 0.00
aborts/s 0.00
ops/s 0.00

commits/s 0.00
aborts/s 0.00
ops/s 0.00

commits/s 0.00
aborts/s 0.00
ops/s 0.00

commits/s 2068.86
aborts/s 152.99
ops/s 2221.85

commits/s 10540.04
aborts/s 655.94
ops/s 11195.98

commits/s 10509.38
aborts/s 636.90
ops/s 11146.29

commits/s 10606.80
aborts/s 621.93
ops/s 11228.73

commits/s 10437.67
aborts/s 671.91
ops/s 11109.59

commits/s 10376.58
aborts/s 694.90
ops/s 11071.48

commits/s 10760.76
aborts/s 633.93
ops/s 11394.69

commits/s 10649.48
aborts/s 580.92
ops/s 11230.40

commits/s 10597.83
aborts/s 587.94
ops/s 11185.77

commits/s 10484.24
aborts/s 629.89
ops/s 11114.13

commits/s 10657.47
aborts/s 649.91
ops/s 11307.38

commits/s 10593.49
aborts/s 577.92
ops/s 11171.41

commits/s 10600.97
aborts/s 675.93
ops/s 11276.90

commits/s 10315.58
aborts/s 615.32
ops/s 10930.90

commits/s 10435.45
aborts/s 675.90
ops/s 11111.35

commits/s 10625.92
aborts/s 648.93
ops/s 11274.86

commits/s 10618.79
aborts/s 624.93
ops/s 11243.72

commits/s 10352.18
aborts/s 669.95
ops/s 11022.12

commits/s 10563.59
aborts/s 687.91
ops/s 11251.50

commits/s 10737.89
aborts/s 750.92
ops/s 11488.81

commits/s 10653.99
aborts/s 609.94
ops/s 11263.94

commits/s 10534.28
aborts/s 685.95
ops/s 11220.23

commits/s 10810.28
aborts/s 570.91
ops/s 11381.19

commits/s 10547.09
aborts/s 691.94
ops/s 11239.03

commits/s 10439.32
aborts/s 651.90
ops/s 11091.22

commits/s 10776.58
aborts/s 660.91
ops/s 11437.49

commits/s 10486.95
aborts/s 765.92
ops/s 11252.88

commits/s 10708.42
aborts/s 620.91
ops/s 11329.32

commits/s 10724.21
aborts/s 760.94
ops/s 11485.15

commits/s 10642.80
aborts/s 620.87
ops/s 11263.67

commits/s 7465.12
aborts/s 416.95
ops/s 7882.08

commits/s 0.00
aborts/s 0.00
ops/s 0.00

