waitdie
Starting KVS server on :8080
commits/s 0.00
aborts/s 0.00
ops/s 0.00

commits/s 0.00
aborts/s 0.00
ops/s 0.00

commits/s 0.00
aborts/s 0.00
ops/s 0.00

commits/s 0.00
aborts/s 0.00
ops/s 0.00

commits/s 1821.54
aborts/s 109.97
ops/s 1931.52

commits/s 10510.85
aborts/s 674.93
ops/s 11185.77

commits/s 10580.67
aborts/s 647.92
ops/s 11228.59

commits/s 10465.62
aborts/s 672.91
ops/s 11138.53

commits/s 10658.53
aborts/s 587.92
ops/s 11246.45

commits/s 10527.78
aborts/s 611.93
ops/s 11139.71

commits/s 10513.01
aborts/s 583.94
ops/s 11096.95

commits/s 10577.54
aborts/s 510.93
ops/s 11088.47

commits/s 10667.25
aborts/s 693.89
ops/s 11361.13

commits/s 10708.59
aborts/s 696.91
ops/s 11405.50

commits/s 10424.99
aborts/s 726.93
ops/s 11151.92

commits/s 10622.32
aborts/s 603.90
ops/s 11226.22

commits/s 10433.74
aborts/s 685.92
ops/s 11119.66

commits/s 10368.03
aborts/s 658.94
ops/s 11026.97

commits/s 10505.44
aborts/s 695.90
ops/s 11201.33

commits/s 10363.21
aborts/s 689.88
ops/s 11053.09

commits/s 10304.20
aborts/s 762.87
ops/s 11067.06

commits/s 10523.68
aborts/s 591.93
ops/s 11115.61

commits/s 10555.71
aborts/s 486.94
ops/s 11042.65

commits/s 10357.22
aborts/s 692.88
ops/s 11050.10

commits/s 10605.68
aborts/s 749.91
ops/s 11355.59

commits/s 10462.12
aborts/s 632.95
ops/s 11095.07

commits/s 10654.75
aborts/s 651.92
ops/s 11306.67

commits/s 10603.12
aborts/s 632.95
ops/s 11236.06

commits/s 10788.62
aborts/s 641.92
ops/s 11430.54

commits/s 10778.92
aborts/s 677.93
ops/s 11456.86

commits/s 10629.71
aborts/s 717.85
ops/s 11347.56

commits/s 10674.60
aborts/s 604.86
ops/s 11279.46

commits/s 10743.06
aborts/s 622.95
ops/s 11366.00

commits/s 10939.91
aborts/s 595.89
ops/s 11535.80

commits/s 7963.51
aborts/s 422.71
ops/s 8386.21

commits/s 0.00
aborts/s 0.00
ops/s 0.00

