woundwait
Starting KVS server on :8080
commits/s 0.00
aborts/s 0.00
ops/s 0.00

commits/s 0.00
aborts/s 0.00
ops/s 0.00

commits/s 0.00
aborts/s 0.00
ops/s 0.00

commits/s 0.00
aborts/s 0.00
ops/s 0.00

commits/s 387.90
aborts/s 2.00
ops/s 389.90

commits/s 4301.70
aborts/s 17.00
ops/s 4318.70

commits/s 4215.45
aborts/s 21.00
ops/s 4236.45

commits/s 4211.40
aborts/s 14.00
ops/s 4225.40

commits/s 4231.18
aborts/s 26.99
ops/s 4258.17

commits/s 4230.51
aborts/s 22.00
ops/s 4252.51

commits/s 4195.90
aborts/s 17.99
ops/s 4213.89

commits/s 4263.50
aborts/s 22.00
ops/s 4285.50

commits/s 4217.47
aborts/s 16.00
ops/s 4233.46

commits/s 4173.24
aborts/s 24.00
ops/s 4197.23

commits/s 4253.00
aborts/s 21.99
ops/s 4274.99

commits/s 4215.49
aborts/s 26.00
ops/s 4241.49

commits/s 4276.49
aborts/s 17.00
ops/s 4293.49

commits/s 4142.54
aborts/s 26.00
ops/s 4168.54

commits/s 4197.22
aborts/s 17.00
ops/s 4214.22

commits/s 4265.46
aborts/s 17.00
ops/s 4282.46

commits/s 4222.82
aborts/s 18.99
ops/s 4241.81

commits/s 4143.80
aborts/s 15.00
ops/s 4158.79

commits/s 4270.42
aborts/s 16.00
ops/s 4286.41

commits/s 4172.35
aborts/s 14.00
ops/s 4186.35

commits/s 4136.32
aborts/s 22.00
ops/s 4158.31

commits/s 4195.13
aborts/s 16.00
ops/s 4211.13

commits/s 4270.52
aborts/s 21.00
ops/s 4291.52

commits/s 4228.69
aborts/s 27.00
ops/s 4255.69

commits/s 4274.32
aborts/s 20.00
ops/s 4294.31

commits/s 4141.76
aborts/s 16.00
ops/s 4157.76

commits/s 4217.37
aborts/s 18.00
ops/s 4235.37

commits/s 4222.28
aborts/s 25.00
ops/s 4247.28

commits/s 4282.54
aborts/s 27.00
ops/s 4309.54

commits/s 4162.71
aborts/s 12.00
ops/s 4174.71

commits/s 3311.67
aborts/s 18.99
ops/s 3330.66

