woundwait
Starting KVS server on :8080
commits/s 0.00
aborts/s 0.00
ops/s 0.00

commits/s 0.00
aborts/s 0.00
ops/s 0.00

commits/s 0.00
aborts/s 0.00
ops/s 0.00

commits/s 0.00
aborts/s 0.00
ops/s 0.00

commits/s 0.00
aborts/s 0.00
ops/s 0.00

commits/s 3867.34
aborts/s 10.00
ops/s 3877.33

commits/s 4261.48
aborts/s 28.00
ops/s 4289.48

commits/s 4206.05
aborts/s 20.99
ops/s 4227.04

commits/s 4236.52
aborts/s 14.00
ops/s 4250.52

commits/s 4291.55
aborts/s 13.00
ops/s 4304.55

commits/s 4182.34
aborts/s 10.00
ops/s 4192.34

commits/s 4287.41
aborts/s 22.00
ops/s 4309.41

commits/s 4297.36
aborts/s 18.00
ops/s 4315.36

commits/s 4263.36
aborts/s 16.00
ops/s 4279.36

commits/s 4244.56
aborts/s 18.00
ops/s 4262.55

commits/s 4245.56
aborts/s 21.00
ops/s 4266.56

commits/s 4224.22
aborts/s 26.00
ops/s 4250.22

commits/s 4259.64
aborts/s 9.99
ops/s 4269.63

commits/s 4245.04
aborts/s 21.00
ops/s 4266.04

commits/s 4249.70
aborts/s 16.00
ops/s 4265.70

commits/s 4193.68
aborts/s 12.00
ops/s 4205.68

commits/s 4178.55
aborts/s 21.00
ops/s 4199.55

commits/s 4161.49
aborts/s 27.00
ops/s 4188.49

commits/s 4148.64
aborts/s 21.00
ops/s 4169.64

commits/s 4293.40
aborts/s 28.00
ops/s 4321.40

commits/s 4248.10
aborts/s 26.99
ops/s 4275.09

commits/s 4267.55
aborts/s 22.00
ops/s 4289.55

commits/s 4247.44
aborts/s 19.00
ops/s 4266.43

commits/s 4240.34
aborts/s 29.00
ops/s 4269.33

commits/s 4291.25
aborts/s 30.99
ops/s 4322.24

commits/s 4211.67
aborts/s 27.00
ops/s 4238.66

commits/s 4221.31
aborts/s 15.00
ops/s 4236.30

commits/s 4283.50
aborts/s 23.00
ops/s 4306.49

commits/s 4255.56
aborts/s 15.00
ops/s 4270.56

commits/s 4240.98
aborts/s 16.00
ops/s 4256.98

commits/s 29.97
aborts/s 0.00
ops/s 29.97

