woundwait
Starting KVS server on :8080
commits/s 0.00
aborts/s 0.00
ops/s 0.00

commits/s 0.00
aborts/s 0.00
ops/s 0.00

commits/s 0.00
aborts/s 0.00
ops/s 0.00

commits/s 0.00
aborts/s 0.00
ops/s 0.00

commits/s 952.91
aborts/s 6.00
ops/s 958.91

commits/s 4279.43
aborts/s 24.00
ops/s 4303.43

commits/s 4262.20
aborts/s 31.99
ops/s 4294.19

commits/s 4186.33
aborts/s 19.00
ops/s 4205.32

commits/s 4237.48
aborts/s 21.00
ops/s 4258.48

commits/s 4211.41
aborts/s 17.00
ops/s 4228.40

commits/s 4158.48
aborts/s 35.00
ops/s 4193.48

commits/s 4272.26
aborts/s 21.00
ops/s 4293.25

commits/s 4239.36
aborts/s 18.00
ops/s 4257.36

commits/s 4311.49
aborts/s 21.00
ops/s 4332.49

commits/s 4277.46
aborts/s 22.00
ops/s 4299.46

commits/s 4260.45
aborts/s 16.00
ops/s 4276.45

commits/s 4206.55
aborts/s 18.00
ops/s 4224.55

commits/s 4208.53
aborts/s 28.00
ops/s 4236.53

commits/s 4229.15
aborts/s 18.00
ops/s 4247.15

commits/s 4217.55
aborts/s 15.00
ops/s 4232.54

commits/s 4238.17
aborts/s 20.00
ops/s 4258.17

commits/s 4183.43
aborts/s 15.00
ops/s 4198.43

commits/s 4285.65
aborts/s 19.00
ops/s 4304.65

commits/s 4198.22
aborts/s 30.99
ops/s 4229.21

commits/s 4276.43
aborts/s 27.00
ops/s 4303.42

commits/s 4296.34
aborts/s 18.00
ops/s 4314.33

commits/s 4196.58
aborts/s 16.00
ops/s 4212.58

commits/s 4191.69
aborts/s 19.00
ops/s 4210.69

commits/s 4223.40
aborts/s 16.00
ops/s 4239.40

commits/s 4228.37
aborts/s 31.00
ops/s 4259.36

commits/s 4233.40
aborts/s 21.00
ops/s 4254.39

commits/s 4210.49
aborts/s 28.00
ops/s 4238.49

commits/s 4221.43
aborts/s 10.00
ops/s 4231.43

commits/s 4249.65
aborts/s 17.00
ops/s 4266.65

commits/s 2639.66
aborts/s 7.00
ops/s 2646.66

commits/s 0.00
aborts/s 0.00
ops/s 0.00

