waitdie
Starting KVS server on :8080
commits/s 0.00
aborts/s 0.00
ops/s 0.00

commits/s 0.00
aborts/s 0.00
ops/s 0.00

commits/s 0.00
aborts/s 0.00
ops/s 0.00

commits/s 0.00
aborts/s 0.00
ops/s 0.00

commits/s 0.00
aborts/s 0.00
ops/s 0.00

commits/s 4690.77
aborts/s 0.00
ops/s 4690.77

commits/s 5351.96
aborts/s 0.00
ops/s 5351.96

commits/s 5423.42
aborts/s 0.00
ops/s 5423.42

commits/s 5343.12
aborts/s 0.00
ops/s 5343.12

commits/s 5422.86
aborts/s 0.00
ops/s 5422.86

commits/s 5545.37
aborts/s 0.00
ops/s 5545.37

commits/s 5443.34
aborts/s 0.00
ops/s 5443.34

commits/s 5253.48
aborts/s 0.00
ops/s 5253.48

commits/s 5530.39
aborts/s 0.00
ops/s 5530.39

commits/s 5377.17
aborts/s 0.00
ops/s 5377.17

commits/s 5494.20
aborts/s 0.00
ops/s 5494.20

commits/s 5514.61
aborts/s 0.00
ops/s 5514.61

commits/s 5377.55
aborts/s 0.00
ops/s 5377.55

commits/s 5479.46
aborts/s 1.00
ops/s 5480.46

commits/s 5487.53
aborts/s 0.00
ops/s 5487.53

commits/s 5210.48
aborts/s 1.00
ops/s 5211.48

commits/s 5303.23
aborts/s 0.00
ops/s 5303.23

commits/s 5305.25
aborts/s 0.00
ops/s 5305.25

commits/s 5484.39
aborts/s 1.00
ops/s 5485.39

commits/s 5469.64
aborts/s 0.00
ops/s 5469.64

commits/s 5557.37
aborts/s 0.00
ops/s 5557.37

commits/s 5594.42
aborts/s 1.00
ops/s 5595.42

commits/s 5406.62
aborts/s 0.00
ops/s 5406.62

commits/s 5304.00
aborts/s 0.00
ops/s 5304.00

commits/s 5313.42
aborts/s 0.00
ops/s 5313.42

commits/s 5606.84
aborts/s 0.00
ops/s 5606.84

commits/s 5520.31
aborts/s 0.00
ops/s 5520.31

commits/s 5552.18
aborts/s 0.00
ops/s 5552.18

commits/s 5414.07
aborts/s 0.00
ops/s 5414.07

commits/s 5327.39
aborts/s 0.00
ops/s 5327.39

commits/s 0.00
aborts/s 0.00
ops/s 0.00

