waitdie
Starting KVS server on :8080
commits/s 0.00
aborts/s 0.00
ops/s 0.00

commits/s 0.00
aborts/s 0.00
ops/s 0.00

commits/s 0.00
aborts/s 0.00
ops/s 0.00

commits/s 0.00
aborts/s 0.00
ops/s 0.00

commits/s 0.00
aborts/s 0.00
ops/s 0.00

commits/s 4840.48
aborts/s 0.00
ops/s 4840.48

commits/s 5390.08
aborts/s 0.00
ops/s 5390.08

commits/s 5475.32
aborts/s 0.00
ops/s 5475.32

commits/s 5340.78
aborts/s 0.00
ops/s 5340.78

commits/s 5409.94
aborts/s 0.00
ops/s 5409.94

commits/s 5405.42
aborts/s 0.00
ops/s 5405.42

commits/s 5461.44
aborts/s 0.00
ops/s 5461.44

commits/s 5181.24
aborts/s 0.00
ops/s 5181.24

commits/s 5500.41
aborts/s 0.00
ops/s 5500.41

commits/s 5419.66
aborts/s 0.00
ops/s 5419.66

commits/s 5532.91
aborts/s 1.00
ops/s 5533.91

commits/s 5335.13
aborts/s 0.00
ops/s 5335.13

commits/s 5505.66
aborts/s 0.00
ops/s 5505.66

commits/s 5543.05
aborts/s 0.00
ops/s 5543.05

commits/s 5481.84
aborts/s 0.00
ops/s 5481.84

commits/s 5216.59
aborts/s 0.00
ops/s 5216.59

commits/s 5338.57
aborts/s 0.00
ops/s 5338.57

commits/s 5279.31
aborts/s 0.00
ops/s 5279.31

commits/s 5307.64
aborts/s 0.00
ops/s 5307.64

commits/s 5440.48
aborts/s 0.00
ops/s 5440.48

commits/s 5456.40
aborts/s 0.00
ops/s 5456.40

commits/s 5412.55
aborts/s 0.00
ops/s 5412.55

commits/s 5354.42
aborts/s 0.00
ops/s 5354.42

commits/s 5378.68
aborts/s 0.00
ops/s 5378.68

commits/s 5508.45
aborts/s 0.00
ops/s 5508.45

commits/s 5454.45
aborts/s 0.00
ops/s 5454.45

commits/s 5465.53
aborts/s 0.00
ops/s 5465.53

commits/s 5519.55
aborts/s 0.00
ops/s 5519.55

commits/s 5445.50
aborts/s 0.00
ops/s 5445.50

commits/s 5297.26
aborts/s 1.00
ops/s 5298.26

commits/s 0.00
aborts/s 0.00
ops/s 0.00

