waitdie
Starting KVS server on :8080
commits/s 0.00
aborts/s 0.00
ops/s 0.00

commits/s 0.00
aborts/s 0.00
ops/s 0.00

commits/s 0.00
aborts/s 0.00
ops/s 0.00

commits/s 0.00
aborts/s 0.00
ops/s 0.00

commits/s 581.94
aborts/s 0.00
ops/s 581.94

commits/s 5480.18
aborts/s 0.00
ops/s 5480.18

commits/s 5499.34
aborts/s 0.00
ops/s 5499.34

commits/s 5531.73
aborts/s 0.00
ops/s 5531.73

commits/s 5222.42
aborts/s 1.00
ops/s 5223.42

commits/s 5525.27
aborts/s 0.00
ops/s 5525.27

commits/s 5539.34
aborts/s 0.00
ops/s 5539.34

commits/s 5513.63
aborts/s 0.00
ops/s 5513.63

commits/s 5287.03
aborts/s 0.00
ops/s 5287.03

commits/s 5695.03
aborts/s 0.00
ops/s 5695.03

commits/s 5479.57
aborts/s 0.00
ops/s 5479.57

commits/s 5664.15
aborts/s 0.00
ops/s 5664.15

commits/s 5551.67
aborts/s 0.00
ops/s 5551.67

commits/s 5436.65
aborts/s 0.00
ops/s 5436.65

commits/s 5683.28
aborts/s 0.00
ops/s 5683.28

commits/s 5492.31
aborts/s 0.00
ops/s 5492.31

commits/s 5178.51
aborts/s 0.00
ops/s 5178.51

commits/s 5285.37
aborts/s 0.00
ops/s 5285.37

commits/s 5534.55
aborts/s 0.00
ops/s 5534.55

commits/s 5455.07
aborts/s 1.00
ops/s 5456.07

commits/s 5541.57
aborts/s 0.00
ops/s 5541.57

commits/s 5616.74
aborts/s 0.00
ops/s 5616.74

commits/s 5575.62
aborts/s 1.00
ops/s 5576.62

commits/s 5514.31
aborts/s 0.00
ops/s 5514.31

commits/s 5501.15
aborts/s 0.00
ops/s 5501.15

commits/s 5367.39
aborts/s 0.00
ops/s 5367.39

commits/s 5493.25
aborts/s 0.00
ops/s 5493.25

commits/s 5579.13
aborts/s 0.00
ops/s 5579.13

commits/s 5622.39
aborts/s 0.00
ops/s 5622.39

commits/s 5503.02
aborts/s 0.00
ops/s 5503.02

commits/s 4225.65
aborts/s 1.00
ops/s 4226.65

commits/s 0.00
aborts/s 0.00
ops/s 0.00

