woundwait
Starting KVS server on :8080
commits/s 0.00
aborts/s 0.00
ops/s 0.00

commits/s 0.00
aborts/s 0.00
ops/s 0.00

commits/s 0.00
aborts/s 0.00
ops/s 0.00

commits/s 1062.96
aborts/s 0.00
ops/s 1062.96

commits/s 6610.45
aborts/s 0.00
ops/s 6610.45

commits/s 6408.18
aborts/s 0.00
ops/s 6408.18

commits/s 6607.18
aborts/s 0.00
ops/s 6607.18

commits/s 6499.93
aborts/s 0.00
ops/s 6499.93

commits/s 6530.24
aborts/s 0.00
ops/s 6530.24

commits/s 6561.10
aborts/s 0.00
ops/s 6561.10

commits/s 6590.17
aborts/s 0.00
ops/s 6590.17

commits/s 6502.33
aborts/s 0.00
ops/s 6502.33

commits/s 6527.99
aborts/s 0.00
ops/s 6527.99

commits/s 6580.18
aborts/s 0.00
ops/s 6580.18

commits/s 6561.58
aborts/s 0.00
ops/s 6561.58

commits/s 6593.17
aborts/s 0.00
ops/s 6593.17

commits/s 6607.86
aborts/s 0.00
ops/s 6607.86

commits/s 6642.76
aborts/s 0.00
ops/s 6642.76

commits/s 6600.48
aborts/s 0.00
ops/s 6600.48

commits/s 6685.03
aborts/s 0.00
ops/s 6685.03

commits/s 6648.34
aborts/s 0.00
ops/s 6648.34

commits/s 6664.15
aborts/s 0.00
ops/s 6664.15

commits/s 6525.60
aborts/s 0.00
ops/s 6525.60

commits/s 6337.34
aborts/s 0.00
ops/s 6337.34

commits/s 6360.18
aborts/s 0.00
ops/s 6360.18

commits/s 6571.36
aborts/s 0.00
ops/s 6571.36

commits/s 6657.26
aborts/s 0.00
ops/s 6657.26

commits/s 6656.49
aborts/s 0.00
ops/s 6656.49

commits/s 6533.97
aborts/s 0.00
ops/s 6533.97

commits/s 6629.73
aborts/s 0.00
ops/s 6629.73

commits/s 6778.41
aborts/s 0.00
ops/s 6778.41

commits/s 6473.47
aborts/s 0.00
ops/s 6473.47

commits/s 6482.27
aborts/s 0.00
ops/s 6482.27

commits/s 4827.82
aborts/s 0.00
ops/s 4827.82

