woundwait
Starting KVS server on :8080
commits/s 0.00
aborts/s 0.00
ops/s 0.00

commits/s 0.00
aborts/s 0.00
ops/s 0.00

commits/s 0.00
aborts/s 0.00
ops/s 0.00

commits/s 0.00
aborts/s 0.00
ops/s 0.00

commits/s 5876.46
aborts/s 0.00
ops/s 5876.46

commits/s 6644.80
aborts/s 0.00
ops/s 6644.80

commits/s 6640.11
aborts/s 0.00
ops/s 6640.11

commits/s 6484.07
aborts/s 0.00
ops/s 6484.07

commits/s 6568.67
aborts/s 0.00
ops/s 6568.67

commits/s 6734.81
aborts/s 0.00
ops/s 6734.81

commits/s 6627.27
aborts/s 0.00
ops/s 6627.27

commits/s 6593.18
aborts/s 0.00
ops/s 6593.18

commits/s 6450.39
aborts/s 0.00
ops/s 6450.39

commits/s 6642.01
aborts/s 0.00
ops/s 6642.01

commits/s 6657.98
aborts/s 0.00
ops/s 6657.98

commits/s 6534.40
aborts/s 0.00
ops/s 6534.40

commits/s 6734.29
aborts/s 0.00
ops/s 6734.29

commits/s 6604.57
aborts/s 0.00
ops/s 6604.57

commits/s 6647.27
aborts/s 0.00
ops/s 6647.27

commits/s 6632.42
aborts/s 0.00
ops/s 6632.42

commits/s 6653.74
aborts/s 0.00
ops/s 6653.74

commits/s 6574.14
aborts/s 0.00
ops/s 6574.14

commits/s 6567.28
aborts/s 0.00
ops/s 6567.28

commits/s 6423.19
aborts/s 0.00
ops/s 6423.19

commits/s 6404.08
aborts/s 0.00
ops/s 6404.08

commits/s 6485.84
aborts/s 0.00
ops/s 6485.84

commits/s 6578.05
aborts/s 0.00
ops/s 6578.05

commits/s 6660.35
aborts/s 0.00
ops/s 6660.35

commits/s 6562.50
aborts/s 0.00
ops/s 6562.50

commits/s 6652.39
aborts/s 0.00
ops/s 6652.39

commits/s 6830.67
aborts/s 0.00
ops/s 6830.67

commits/s 6744.53
aborts/s 0.00
ops/s 6744.53

commits/s 6664.41
aborts/s 0.00
ops/s 6664.41

commits/s 6550.32
aborts/s 0.00
ops/s 6550.32

commits/s 0.00
aborts/s 0.00
ops/s 0.00

