woundwait
Starting KVS server on :8080
commits/s 0.00
aborts/s 0.00
ops/s 0.00

commits/s 0.00
aborts/s 0.00
ops/s 0.00

commits/s 0.00
aborts/s 0.00
ops/s 0.00

commits/s 0.00
aborts/s 0.00
ops/s 0.00

commits/s 5966.15
aborts/s 0.00
ops/s 5966.15

commits/s 6581.13
aborts/s 0.00
ops/s 6581.13

commits/s 6553.82
aborts/s 0.00
ops/s 6553.82

commits/s 6450.93
aborts/s 0.00
ops/s 6450.93

commits/s 6643.87
aborts/s 0.00
ops/s 6643.87

commits/s 6642.96
aborts/s 0.00
ops/s 6642.96

commits/s 6631.13
aborts/s 0.00
ops/s 6631.13

commits/s 6529.09
aborts/s 0.00
ops/s 6529.09

commits/s 6439.21
aborts/s 0.00
ops/s 6439.21

commits/s 6654.24
aborts/s 0.00
ops/s 6654.24

commits/s 6585.58
aborts/s 0.00
ops/s 6585.58

commits/s 6521.25
aborts/s 0.00
ops/s 6521.25

commits/s 6808.37
aborts/s 0.00
ops/s 6808.37

commits/s 6544.47
aborts/s 0.00
ops/s 6544.47

commits/s 6690.04
aborts/s 0.00
ops/s 6690.04

commits/s 6432.97
aborts/s 0.00
ops/s 6432.97

commits/s 6752.30
aborts/s 0.00
ops/s 6752.30

commits/s 6555.36
aborts/s 0.00
ops/s 6555.36

commits/s 6662.15
aborts/s 0.00
ops/s 6662.15

commits/s 6588.30
aborts/s 0.00
ops/s 6588.30

commits/s 6332.54
aborts/s 0.00
ops/s 6332.54

commits/s 6613.65
aborts/s 0.00
ops/s 6613.65

commits/s 6667.37
aborts/s 0.00
ops/s 6667.37

commits/s 6627.07
aborts/s 0.00
ops/s 6627.07

commits/s 6768.36
aborts/s 0.00
ops/s 6768.36

commits/s 6525.54
aborts/s 0.00
ops/s 6525.54

commits/s 6682.90
aborts/s 0.00
ops/s 6682.90

commits/s 6682.33
aborts/s 0.00
ops/s 6682.33

commits/s 6618.35
aborts/s 0.00
ops/s 6618.35

commits/s 6496.39
aborts/s 0.00
ops/s 6496.39

commits/s 0.00
aborts/s 0.00
ops/s 0.00

