woundwait
Starting KVS server on :8080
commits/s 0.00
aborts/s 0.00
ops/s 0.00

commits/s 0.00
aborts/s 0.00
ops/s 0.00

commits/s 0.00
aborts/s 0.00
ops/s 0.00

commits/s 0.00
aborts/s 0.00
ops/s 0.00

commits/s 997.94
aborts/s 12.00
ops/s 1009.94

commits/s 7025.05
aborts/s 122.98
ops/s 7148.03

commits/s 6978.86
aborts/s 106.98
ops/s 7085.84

commits/s 7078.87
aborts/s 75.99
ops/s 7154.85

commits/s 7025.93
aborts/s 103.98
ops/s 7129.92

commits/s 7110.82
aborts/s 81.99
ops/s 7192.80

commits/s 7070.59
aborts/s 94.98
ops/s 7165.57

commits/s 7131.90
aborts/s 95.99
ops/s 7227.89

commits/s 7095.46
aborts/s 76.98
ops/s 7172.44

commits/s 7005.08
aborts/s 96.90
ops/s 7101.99

commits/s 7056.22
aborts/s 91.99
ops/s 7148.21

commits/s 7079.79
aborts/s 93.98
ops/s 7173.77

commits/s 7111.28
aborts/s 86.99
ops/s 7198.27

commits/s 7009.84
aborts/s 109.98
ops/s 7119.83

commits/s 7137.15
aborts/s 64.99
ops/s 7202.14

commits/s 7139.02
aborts/s 99.99
ops/s 7239.00

commits/s 7027.28
aborts/s 97.99
ops/s 7125.27

commits/s 7067.68
aborts/s 119.98
ops/s 7187.66

commits/s 7005.08
aborts/s 100.99
ops/s 7106.07

commits/s 7063.94
aborts/s 77.99
ops/s 7141.92

commits/s 7128.16
aborts/s 88.99
ops/s 7217.15

commits/s 7080.49
aborts/s 89.98
ops/s 7170.47

commits/s 7096.08
aborts/s 84.99
ops/s 7181.07

commits/s 7052.49
aborts/s 97.98
ops/s 7150.47

commits/s 7120.37
aborts/s 90.99
ops/s 7211.37

commits/s 7135.02
aborts/s 95.99
ops/s 7231.01

commits/s 7117.23
aborts/s 104.99
ops/s 7222.22

commits/s 7112.19
aborts/s 76.99
ops/s 7189.18

commits/s 7046.03
aborts/s 91.99
ops/s 7138.01

commits/s 7149.08
aborts/s 68.99
ops/s 7218.07

commits/s 5469.18
aborts/s 92.92
ops/s 5562.10

commits/s 0.00
aborts/s 0.00
ops/s 0.00

