woundwait
Starting KVS server on :8080
commits/s 0.00
aborts/s 0.00
ops/s 0.00

commits/s 0.00
aborts/s 0.00
ops/s 0.00

commits/s 0.00
aborts/s 0.00
ops/s 0.00

commits/s 0.00
aborts/s 0.00
ops/s 0.00

commits/s 1649.88
aborts/s 28.00
ops/s 1677.88

commits/s 6969.76
aborts/s 118.98
ops/s 7088.74

commits/s 6998.63
aborts/s 91.97
ops/s 7090.59

commits/s 7098.20
aborts/s 112.97
ops/s 7211.17

commits/s 7052.23
aborts/s 99.99
ops/s 7152.22

commits/s 7090.21
aborts/s 105.99
ops/s 7196.20

commits/s 7028.27
aborts/s 93.99
ops/s 7122.26

commits/s 7091.26
aborts/s 112.99
ops/s 7204.25

commits/s 7013.26
aborts/s 92.99
ops/s 7106.25

commits/s 7018.19
aborts/s 71.99
ops/s 7090.18

commits/s 6990.16
aborts/s 107.99
ops/s 7098.15

commits/s 6994.27
aborts/s 86.99
ops/s 7081.26

commits/s 7075.91
aborts/s 91.99
ops/s 7167.89

commits/s 7031.23
aborts/s 101.99
ops/s 7133.22

commits/s 6850.75
aborts/s 106.93
ops/s 6957.68

commits/s 6994.66
aborts/s 109.98
ops/s 7104.63

commits/s 6934.21
aborts/s 119.99
ops/s 7054.20

commits/s 6969.76
aborts/s 84.98
ops/s 7054.75

commits/s 7034.37
aborts/s 93.99
ops/s 7128.36

commits/s 6977.26
aborts/s 97.99
ops/s 7075.25

commits/s 6888.20
aborts/s 79.99
ops/s 6968.19

commits/s 7101.24
aborts/s 106.99
ops/s 7208.23

commits/s 7058.15
aborts/s 84.99
ops/s 7143.14

commits/s 6988.54
aborts/s 109.99
ops/s 7098.53

commits/s 7229.48
aborts/s 70.99
ops/s 7300.47

commits/s 6796.35
aborts/s 126.99
ops/s 6923.34

commits/s 7103.07
aborts/s 89.99
ops/s 7193.06

commits/s 6910.41
aborts/s 116.99
ops/s 7027.40

commits/s 7006.67
aborts/s 107.98
ops/s 7114.65

commits/s 7097.54
aborts/s 66.00
ops/s 7163.54

commits/s 4608.08
aborts/s 39.96
ops/s 4648.04

commits/s 0.00
aborts/s 0.00
ops/s 0.00

