woundwait
Starting KVS server on :8080
commits/s 0.00
aborts/s 0.00
ops/s 0.00

commits/s 0.00
aborts/s 0.00
ops/s 0.00

commits/s 0.00
aborts/s 0.00
ops/s 0.00

commits/s 0.00
aborts/s 0.00
ops/s 0.00

commits/s 1871.73
aborts/s 21.00
ops/s 1892.73

commits/s 7120.71
aborts/s 78.99
ops/s 7199.69

commits/s 7054.78
aborts/s 100.98
ops/s 7155.76

commits/s 7148.65
aborts/s 105.98
ops/s 7254.63

commits/s 7125.24
aborts/s 85.99
ops/s 7211.23

commits/s 7232.89
aborts/s 86.99
ops/s 7319.88

commits/s 7058.21
aborts/s 108.99
ops/s 7167.20

commits/s 7018.29
aborts/s 87.98
ops/s 7106.27

commits/s 6944.02
aborts/s 97.99
ops/s 7042.01

commits/s 7145.29
aborts/s 96.99
ops/s 7242.28

commits/s 7125.83
aborts/s 105.98
ops/s 7231.81

commits/s 6972.68
aborts/s 116.98
ops/s 7089.66

commits/s 7029.49
aborts/s 82.98
ops/s 7112.48

commits/s 7097.85
aborts/s 107.98
ops/s 7205.83

commits/s 7105.82
aborts/s 76.99
ops/s 7182.81

commits/s 7225.32
aborts/s 112.99
ops/s 7338.31

commits/s 7072.57
aborts/s 79.00
ops/s 7151.56

commits/s 7075.96
aborts/s 89.99
ops/s 7165.95

commits/s 6832.28
aborts/s 213.98
ops/s 7046.26

commits/s 6926.41
aborts/s 93.99
ops/s 7020.41

commits/s 7015.17
aborts/s 105.99
ops/s 7121.16

commits/s 7165.29
aborts/s 90.98
ops/s 7256.27

commits/s 7184.01
aborts/s 99.99
ops/s 7284.00

commits/s 7047.74
aborts/s 146.97
ops/s 7194.72

commits/s 6877.50
aborts/s 102.99
ops/s 6980.50

commits/s 7172.19
aborts/s 83.99
ops/s 7256.18

commits/s 7139.24
aborts/s 97.99
ops/s 7237.23

commits/s 7100.93
aborts/s 96.99
ops/s 7197.91

commits/s 7146.22
aborts/s 82.99
ops/s 7229.22

commits/s 7047.86
aborts/s 76.99
ops/s 7124.84

commits/s 4387.35
aborts/s 68.97
ops/s 4456.32

