nowait
Starting KVS server on :8080
commits/s 0.00
aborts/s 0.00
ops/s 0.00

commits/s 0.00
aborts/s 0.00
ops/s 0.00

commits/s 0.00
aborts/s 0.00
ops/s 0.00

commits/s 0.00
aborts/s 0.00
ops/s 0.00

commits/s 0.00
aborts/s 0.00
ops/s 0.00

commits/s 6267.33
aborts/s 3294.65
ops/s 9561.98

commits/s 6233.89
aborts/s 3418.39
ops/s 9652.28

commits/s 6529.22
aborts/s 3283.10
ops/s 9812.32

commits/s 6493.06
aborts/s 3365.51
ops/s 9858.58

commits/s 6374.28
aborts/s 3567.60
ops/s 9941.88

commits/s 6457.09
aborts/s 3448.52
ops/s 9905.61

commits/s 6598.29
aborts/s 3221.65
ops/s 9819.94

commits/s 6491.77
aborts/s 3353.37
ops/s 9845.14

commits/s 6425.11
aborts/s 3331.54
ops/s 9756.65

commits/s 6302.24
aborts/s 3658.56
ops/s 9960.80

commits/s 6552.85
aborts/s 3252.43
ops/s 9805.27

commits/s 6468.32
aborts/s 3310.65
ops/s 9778.97

commits/s 6467.10
aborts/s 3251.55
ops/s 9718.64

commits/s 6475.95
aborts/s 3532.43
ops/s 10008.38

commits/s 6158.93
aborts/s 3603.37
ops/s 9762.30

commits/s 6372.06
aborts/s 3540.48
ops/s 9912.54

commits/s 6517.21
aborts/s 3288.60
ops/s 9805.82

commits/s 6549.99
aborts/s 3301.49
ops/s 9851.49

commits/s 6539.19
aborts/s 3426.57
ops/s 9965.76

commits/s 6459.72
aborts/s 3397.80
ops/s 9857.52

commits/s 6493.13
aborts/s 3455.54
ops/s 9948.66

commits/s 6123.78
aborts/s 3594.29
ops/s 9718.07

commits/s 6456.96
aborts/s 3546.43
ops/s 10003.38

commits/s 6566.34
aborts/s 3193.68
ops/s 9760.02

commits/s 6265.37
aborts/s 3713.63
ops/s 9979.00

commits/s 6378.24
aborts/s 3609.57
ops/s 9987.81

commits/s 6446.43
aborts/s 3490.69
ops/s 9937.13

commits/s 6383.23
aborts/s 3561.57
ops/s 9944.80

commits/s 6467.29
aborts/s 3491.61
ops/s 9958.90

commits/s 5789.02
aborts/s 3323.71
ops/s 9112.73

commits/s 0.00
aborts/s 0.00
ops/s 0.00

