nowait
Starting KVS server on :8080
commits/s 0.00
aborts/s 0.00
ops/s 0.00

commits/s 0.00
aborts/s 0.00
ops/s 0.00

commits/s 0.00
aborts/s 0.00
ops/s 0.00

commits/s 0.00
aborts/s 0.00
ops/s 0.00

commits/s 1194.90
aborts/s 530.95
ops/s 1725.85

commits/s 6353.84
aborts/s 3532.36
ops/s 9886.20

commits/s 6381.28
aborts/s 3312.63
ops/s 9693.90

commits/s 6446.14
aborts/s 3402.55
ops/s 9848.69

commits/s 6342.36
aborts/s 3576.64
ops/s 9918.99

commits/s 6498.14
aborts/s 3409.55
ops/s 9907.69

commits/s 6672.16
aborts/s 3290.59
ops/s 9962.75

commits/s 6453.10
aborts/s 3301.54
ops/s 9754.64

commits/s 6387.27
aborts/s 3405.61
ops/s 9792.88

commits/s 6330.15
aborts/s 3619.52
ops/s 9949.67

commits/s 6407.91
aborts/s 3498.41
ops/s 9906.32

commits/s 6337.97
aborts/s 3533.42
ops/s 9871.39

commits/s 6453.36
aborts/s 3249.68
ops/s 9703.04

commits/s 6416.31
aborts/s 3564.61
ops/s 9980.92

commits/s 6340.97
aborts/s 3533.42
ops/s 9874.39

commits/s 6294.09
aborts/s 3595.48
ops/s 9889.57

commits/s 6311.29
aborts/s 3519.61
ops/s 9830.90

commits/s 6464.76
aborts/s 3365.35
ops/s 9830.11

commits/s 6486.16
aborts/s 3240.58
ops/s 9726.74

commits/s 6636.58
aborts/s 3204.31
ops/s 9840.89

commits/s 6325.76
aborts/s 3545.30
ops/s 9871.06

commits/s 6379.32
aborts/s 3577.62
ops/s 9956.95

commits/s 6332.75
aborts/s 3593.29
ops/s 9926.04

commits/s 6253.06
aborts/s 3707.44
ops/s 9960.50

commits/s 6399.54
aborts/s 3523.75
ops/s 9923.29

commits/s 6186.89
aborts/s 3521.37
ops/s 9708.26

commits/s 6344.95
aborts/s 3529.42
ops/s 9874.37

commits/s 6412.43
aborts/s 3435.69
ops/s 9848.12

commits/s 6257.33
aborts/s 3671.61
ops/s 9928.93

commits/s 6031.14
aborts/s 3693.48
ops/s 9724.62

commits/s 4685.57
aborts/s 2332.80
ops/s 7018.37

commits/s 0.00
aborts/s 0.00
ops/s 0.00

