nowait
Starting KVS server on :8080
commits/s 0.00
aborts/s 0.00
ops/s 0.00

commits/s 0.00
aborts/s 0.00
ops/s 0.00

commits/s 0.00
aborts/s 0.00
ops/s 0.00

commits/s 0.00
aborts/s 0.00
ops/s 0.00

commits/s 0.00
aborts/s 0.00
ops/s 0.00

commits/s 6175.69
aborts/s 3351.29
ops/s 9526.98

commits/s 6147.63
aborts/s 3528.21
ops/s 9675.84

commits/s 6424.20
aborts/s 3410.57
ops/s 9834.77

commits/s 6256.33
aborts/s 3432.63
ops/s 9688.96

commits/s 6337.12
aborts/s 3490.52
ops/s 9827.64

commits/s 6652.35
aborts/s 3212.69
ops/s 9865.04

commits/s 6548.10
aborts/s 3535.51
ops/s 10083.62

commits/s 6485.31
aborts/s 3467.63
ops/s 9952.94

commits/s 6485.03
aborts/s 3229.52
ops/s 9714.55

commits/s 6227.59
aborts/s 3580.19
ops/s 9807.78

commits/s 6581.23
aborts/s 3473.59
ops/s 10054.83

commits/s 6533.97
aborts/s 3268.49
ops/s 9802.46

commits/s 6474.16
aborts/s 3445.55
ops/s 9919.72

commits/s 6316.13
aborts/s 3618.50
ops/s 9934.63

commits/s 6379.68
aborts/s 3383.30
ops/s 9762.98

commits/s 6289.10
aborts/s 3614.49
ops/s 9903.59

commits/s 6639.21
aborts/s 3320.61
ops/s 9959.82

commits/s 6517.82
aborts/s 3293.41
ops/s 9811.23

commits/s 6559.29
aborts/s 3297.64
ops/s 9856.94

commits/s 6280.49
aborts/s 3627.13
ops/s 9907.61

commits/s 6255.17
aborts/s 3116.59
ops/s 9371.76

commits/s 6358.74
aborts/s 3283.35
ops/s 9642.09

commits/s 6672.33
aborts/s 3249.67
ops/s 9922.01

commits/s 6300.96
aborts/s 3487.43
ops/s 9788.39

commits/s 6380.31
aborts/s 3480.62
ops/s 9860.93

commits/s 6292.59
aborts/s 3687.18
ops/s 9979.77

commits/s 6384.33
aborts/s 3362.65
ops/s 9746.98

commits/s 6338.19
aborts/s 3470.55
ops/s 9808.74

commits/s 6296.98
aborts/s 3627.41
ops/s 9924.39

commits/s 6041.99
aborts/s 3153.86
ops/s 9195.86

commits/s 0.00
aborts/s 0.00
ops/s 0.00

