woundwait
Starting KVS server on :8080
commits/s 0.00
aborts/s 0.00
ops/s 0.00

commits/s 0.00
aborts/s 0.00
ops/s 0.00

commits/s 0.00
aborts/s 0.00
ops/s 0.00

commits/s 0.00
aborts/s 0.00
ops/s 0.00

commits/s 251.98
aborts/s 1.00
ops/s 252.98

commits/s 4250.52
aborts/s 19.00
ops/s 4269.52

commits/s 4245.25
aborts/s 7.00
ops/s 4252.25

commits/s 4221.36
aborts/s 19.00
ops/s 4240.36

commits/s 4232.33
aborts/s 25.00
ops/s 4257.33

commits/s 4235.50
aborts/s 15.00
ops/s 4250.49

commits/s 4235.55
aborts/s 23.99
ops/s 4259.54

commits/s 4271.52
aborts/s 17.00
ops/s 4288.51

commits/s 4311.32
aborts/s 9.00
ops/s 4320.32

commits/s 4257.51
aborts/s 20.00
ops/s 4277.51

commits/s 4206.25
aborts/s 18.00
ops/s 4224.24

commits/s 4204.40
aborts/s 20.00
ops/s 4224.39

commits/s 4191.95
aborts/s 21.99
ops/s 4213.94

commits/s 4205.29
aborts/s 10.00
ops/s 4215.29

commits/s 4232.69
aborts/s 20.00
ops/s 4252.69

commits/s 4151.31
aborts/s 22.00
ops/s 4173.31

commits/s 4228.42
aborts/s 24.00
ops/s 4252.42

commits/s 4201.27
aborts/s 19.00
ops/s 4220.27

commits/s 4273.52
aborts/s 21.00
ops/s 4294.51

commits/s 4326.46
aborts/s 22.00
ops/s 4348.46

commits/s 4208.32
aborts/s 20.00
ops/s 4228.31

commits/s 4249.01
aborts/s 24.99
ops/s 4274.00

commits/s 4235.29
aborts/s 22.00
ops/s 4257.29

commits/s 4287.59
aborts/s 20.00
ops/s 4307.59

commits/s 4248.49
aborts/s 27.00
ops/s 4275.48

commits/s 4235.70
aborts/s 33.00
ops/s 4268.70

commits/s 4233.49
aborts/s 23.00
ops/s 4256.49

commits/s 4325.52
aborts/s 11.00
ops/s 4336.52

commits/s 4147.42
aborts/s 23.00
ops/s 4170.42

commits/s 4264.32
aborts/s 21.00
ops/s 4285.31

commits/s 3457.17
aborts/s 15.00
ops/s 3472.17

