woundwait
Starting KVS server on :8080
commits/s 0.00
aborts/s 0.00
ops/s 0.00

commits/s 0.00
aborts/s 0.00
ops/s 0.00

commits/s 0.00
aborts/s 0.00
ops/s 0.00

commits/s 0.00
aborts/s 0.00
ops/s 0.00

commits/s 974.91
aborts/s 4.00
ops/s 978.91

commits/s 4219.32
aborts/s 26.00
ops/s 4245.31

commits/s 4298.33
aborts/s 15.00
ops/s 4313.33

commits/s 4269.43
aborts/s 21.00
ops/s 4290.43

commits/s 4234.06
aborts/s 29.99
ops/s 4264.05

commits/s 4245.48
aborts/s 23.00
ops/s 4268.48

commits/s 4275.24
aborts/s 11.00
ops/s 4286.24

commits/s 4174.10
aborts/s 26.99
ops/s 4201.09

commits/s 4240.49
aborts/s 27.00
ops/s 4267.49

commits/s 4286.17
aborts/s 19.00
ops/s 4305.17

commits/s 4255.31
aborts/s 17.00
ops/s 4272.31

commits/s 4325.49
aborts/s 33.00
ops/s 4358.48

commits/s 4285.36
aborts/s 20.00
ops/s 4305.36

commits/s 4171.45
aborts/s 15.00
ops/s 4186.45

commits/s 4202.28
aborts/s 30.99
ops/s 4233.28

commits/s 4227.66
aborts/s 27.00
ops/s 4254.65

commits/s 4272.24
aborts/s 20.00
ops/s 4292.23

commits/s 4224.45
aborts/s 18.00
ops/s 4242.44

commits/s 4317.25
aborts/s 19.00
ops/s 4336.24

commits/s 4229.09
aborts/s 22.00
ops/s 4251.09

commits/s 4244.88
aborts/s 23.99
ops/s 4268.87

commits/s 4163.35
aborts/s 20.00
ops/s 4183.34

commits/s 4168.47
aborts/s 18.00
ops/s 4186.47

commits/s 4257.39
aborts/s 24.00
ops/s 4281.39

commits/s 4207.35
aborts/s 30.99
ops/s 4238.34

commits/s 4164.97
aborts/s 20.99
ops/s 4185.97

commits/s 4219.67
aborts/s 21.99
ops/s 4241.66

commits/s 4296.97
aborts/s 20.00
ops/s 4316.96

commits/s 4261.45
aborts/s 17.00
ops/s 4278.45

commits/s 4292.55
aborts/s 22.00
ops/s 4314.54

commits/s 2653.82
aborts/s 17.99
ops/s 2671.80

