woundwait
Starting KVS server on :8080
commits/s 0.00
aborts/s 0.00
ops/s 0.00

commits/s 0.00
aborts/s 0.00
ops/s 0.00

commits/s 0.00
aborts/s 0.00
ops/s 0.00

commits/s 0.00
aborts/s 0.00
ops/s 0.00

commits/s 103.99
aborts/s 0.00
ops/s 103.99

commits/s 4295.52
aborts/s 21.00
ops/s 4316.52

commits/s 4239.35
aborts/s 16.00
ops/s 4255.34

commits/s 4268.53
aborts/s 9.00
ops/s 4277.53

commits/s 4265.40
aborts/s 23.00
ops/s 4288.40

commits/s 4214.35
aborts/s 19.00
ops/s 4233.34

commits/s 4224.52
aborts/s 7.00
ops/s 4231.52

commits/s 4229.45
aborts/s 21.00
ops/s 4250.44

commits/s 4252.03
aborts/s 19.00
ops/s 4271.02

commits/s 4186.12
aborts/s 21.00
ops/s 4207.12

commits/s 4194.17
aborts/s 25.00
ops/s 4219.17

commits/s 4240.09
aborts/s 12.00
ops/s 4252.09

commits/s 4219.50
aborts/s 17.00
ops/s 4236.50

commits/s 4104.54
aborts/s 19.00
ops/s 4123.54

commits/s 4149.53
aborts/s 23.00
ops/s 4172.52

commits/s 4175.77
aborts/s 17.99
ops/s 4193.76

commits/s 4260.41
aborts/s 15.00
ops/s 4275.41

commits/s 4265.53
aborts/s 29.00
ops/s 4294.52

commits/s 4315.37
aborts/s 24.00
ops/s 4339.37

commits/s 4342.56
aborts/s 22.00
ops/s 4364.55

commits/s 4215.52
aborts/s 16.00
ops/s 4231.52

commits/s 4300.24
aborts/s 18.00
ops/s 4318.24

commits/s 4182.05
aborts/s 18.00
ops/s 4200.04

commits/s 4257.22
aborts/s 15.00
ops/s 4272.22

commits/s 4280.70
aborts/s 21.00
ops/s 4301.70

commits/s 4274.44
aborts/s 21.00
ops/s 4295.43

commits/s 4165.54
aborts/s 23.00
ops/s 4188.54

commits/s 4235.56
aborts/s 23.00
ops/s 4258.55

commits/s 4227.56
aborts/s 31.00
ops/s 4258.56

commits/s 4142.53
aborts/s 25.00
ops/s 4167.52

commits/s 3535.95
aborts/s 22.99
ops/s 3558.93

commits/s 0.00
aborts/s 0.00
ops/s 0.00

