nowait
Starting KVS server on :8080
commits/s 0.00
aborts/s 0.00
ops/s 0.00

commits/s 0.00
aborts/s 0.00
ops/s 0.00

commits/s 0.00
aborts/s 0.00
ops/s 0.00

commits/s 0.00
aborts/s 0.00
ops/s 0.00

commits/s 0.00
aborts/s 0.00
ops/s 0.00

commits/s 4076.70
aborts/s 823.94
ops/s 4900.64

commits/s 4767.18
aborts/s 916.84
ops/s 5684.02

commits/s 4750.21
aborts/s 877.85
ops/s 5628.06

commits/s 4719.28
aborts/s 963.85
ops/s 5683.14

commits/s 4725.31
aborts/s 914.87
ops/s 5640.18

commits/s 4772.50
aborts/s 948.90
ops/s 5721.41

commits/s 4656.29
aborts/s 1014.84
ops/s 5671.13

commits/s 4711.26
aborts/s 1000.84
ops/s 5712.10

commits/s 4835.36
aborts/s 908.88
ops/s 5744.23

commits/s 4606.08
aborts/s 974.80
ops/s 5580.88

commits/s 4728.17
aborts/s 990.83
ops/s 5719.00

commits/s 4680.16
aborts/s 931.83
ops/s 5611.99

commits/s 4675.35
aborts/s 978.86
ops/s 5654.21

commits/s 4666.09
aborts/s 841.84
ops/s 5507.92

commits/s 4716.93
aborts/s 976.78
ops/s 5693.70

commits/s 4698.19
aborts/s 967.83
ops/s 5666.03

commits/s 4643.23
aborts/s 972.84
ops/s 5616.07

commits/s 4589.56
aborts/s 1045.44
ops/s 5635.01

commits/s 4811.26
aborts/s 900.86
ops/s 5712.12

commits/s 4727.52
aborts/s 866.91
ops/s 5594.43

commits/s 4800.49
aborts/s 938.90
ops/s 5739.39

commits/s 4855.40
aborts/s 812.90
ops/s 5668.30

commits/s 4653.53
aborts/s 900.91
ops/s 5554.44

commits/s 4632.32
aborts/s 945.86
ops/s 5578.18

commits/s 4705.40
aborts/s 889.51
ops/s 5594.91

commits/s 4561.45
aborts/s 920.89
ops/s 5482.34

commits/s 4768.36
aborts/s 910.88
ops/s 5679.23

commits/s 4686.32
aborts/s 980.86
ops/s 5667.18

commits/s 4808.55
aborts/s 831.92
ops/s 5640.47

commits/s 4670.49
aborts/s 1017.89
ops/s 5688.38

commits/s 57.97
aborts/s 16.99
ops/s 74.96

