nowait
Starting KVS server on :8080
commits/s 0.00
aborts/s 0.00
ops/s 0.00

commits/s 0.00
aborts/s 0.00
ops/s 0.00

commits/s 0.00
aborts/s 0.00
ops/s 0.00

commits/s 0.00
aborts/s 0.00
ops/s 0.00

commits/s 0.00
aborts/s 0.00
ops/s 0.00

commits/s 4151.61
aborts/s 787.93
ops/s 4939.53

commits/s 4849.49
aborts/s 907.90
ops/s 5757.39

commits/s 4722.51
aborts/s 859.91
ops/s 5582.42

commits/s 4761.88
aborts/s 939.78
ops/s 5701.65

commits/s 4713.18
aborts/s 899.84
ops/s 5613.02

commits/s 4778.95
aborts/s 960.79
ops/s 5739.74

commits/s 4697.25
aborts/s 972.85
ops/s 5670.10

commits/s 4734.29
aborts/s 996.85
ops/s 5731.15

commits/s 4744.27
aborts/s 930.86
ops/s 5675.13

commits/s 4813.41
aborts/s 961.88
ops/s 5775.29

commits/s 4776.51
aborts/s 947.90
ops/s 5724.42

commits/s 4611.33
aborts/s 905.87
ops/s 5517.20

commits/s 4746.29
aborts/s 1002.85
ops/s 5749.14

commits/s 4770.38
aborts/s 909.88
ops/s 5680.27

commits/s 4740.39
aborts/s 979.87
ops/s 5720.26

commits/s 4765.43
aborts/s 932.89
ops/s 5698.32

commits/s 4756.02
aborts/s 898.81
ops/s 5654.83

commits/s 4656.12
aborts/s 1015.81
ops/s 5671.92

commits/s 4804.70
aborts/s 895.94
ops/s 5700.64

commits/s 4764.52
aborts/s 914.91
ops/s 5679.43

commits/s 4767.23
aborts/s 941.85
ops/s 5709.07

commits/s 4778.21
aborts/s 1040.83
ops/s 5819.03

commits/s 4653.51
aborts/s 935.90
ops/s 5589.41

commits/s 4599.87
aborts/s 1017.75
ops/s 5617.62

commits/s 4796.96
aborts/s 927.80
ops/s 5724.76

commits/s 4773.52
aborts/s 894.91
ops/s 5668.43

commits/s 4643.26
aborts/s 1029.84
ops/s 5673.10

commits/s 4535.02
aborts/s 943.80
ops/s 5478.81

commits/s 4688.39
aborts/s 901.88
ops/s 5590.27

commits/s 4785.41
aborts/s 894.89
ops/s 5680.30

commits/s 86.95
aborts/s 9.99
ops/s 96.94

