nowait
Starting KVS server on :8080
commits/s 0.00
aborts/s 0.00
ops/s 0.00

commits/s 0.00
aborts/s 0.00
ops/s 0.00

commits/s 0.00
aborts/s 0.00
ops/s 0.00

commits/s 0.00
aborts/s 0.00
ops/s 0.00

commits/s 0.00
aborts/s 0.00
ops/s 0.00

commits/s 4376.45
aborts/s 790.90
ops/s 5167.35

commits/s 4725.28
aborts/s 862.87
ops/s 5588.15

commits/s 4715.61
aborts/s 942.72
ops/s 5658.33

commits/s 4819.30
aborts/s 810.88
ops/s 5630.19

commits/s 4764.48
aborts/s 884.90
ops/s 5649.38

commits/s 4720.21
aborts/s 951.84
ops/s 5672.06

commits/s 4704.53
aborts/s 915.91
ops/s 5620.44

commits/s 4722.40
aborts/s 941.88
ops/s 5664.28

commits/s 4823.24
aborts/s 933.85
ops/s 5757.09

commits/s 4725.41
aborts/s 983.88
ops/s 5709.28

commits/s 4598.94
aborts/s 990.77
ops/s 5589.71

commits/s 4591.24
aborts/s 992.84
ops/s 5584.08

commits/s 4732.42
aborts/s 908.89
ops/s 5641.31

commits/s 4675.65
aborts/s 917.73
ops/s 5593.38

commits/s 4761.34
aborts/s 951.87
ops/s 5713.21

commits/s 4602.28
aborts/s 954.85
ops/s 5557.13

commits/s 4689.17
aborts/s 885.84
ops/s 5575.01

commits/s 4703.42
aborts/s 946.88
ops/s 5650.30

commits/s 4770.15
aborts/s 879.84
ops/s 5650.00

commits/s 4680.90
aborts/s 1006.76
ops/s 5687.67

commits/s 4824.39
aborts/s 903.89
ops/s 5728.28

commits/s 4652.31
aborts/s 1022.85
ops/s 5675.16

commits/s 4677.38
aborts/s 933.88
ops/s 5611.25

commits/s 4658.58
aborts/s 885.92
ops/s 5544.49

commits/s 4701.13
aborts/s 920.83
ops/s 5621.97

commits/s 4767.76
aborts/s 931.76
ops/s 5699.52

commits/s 4713.54
aborts/s 872.92
ops/s 5586.46

commits/s 4631.20
aborts/s 947.84
ops/s 5579.04

commits/s 4703.64
aborts/s 879.93
ops/s 5583.57

commits/s 4424.61
aborts/s 919.50
ops/s 5344.11

commits/s 0.00
aborts/s 0.00
ops/s 0.00

