nowait
Starting KVS server on :8080
commits/s 0.00
aborts/s 0.00
ops/s 0.00

commits/s 0.00
aborts/s 0.00
ops/s 0.00

commits/s 0.00
aborts/s 0.00
ops/s 0.00

commits/s 0.00
aborts/s 0.00
ops/s 0.00

commits/s 234.99
aborts/s 0.00
ops/s 234.99

commits/s 5628.26
aborts/s 0.00
ops/s 5628.26

commits/s 5572.01
aborts/s 0.00
ops/s 5572.01

commits/s 5666.68
aborts/s 0.00
ops/s 5666.68

commits/s 5593.34
aborts/s 0.00
ops/s 5593.34

commits/s 5625.28
aborts/s 0.00
ops/s 5625.28

commits/s 5574.30
aborts/s 0.00
ops/s 5574.30

commits/s 5525.62
aborts/s 0.00
ops/s 5525.62

commits/s 5419.74
aborts/s 0.00
ops/s 5419.74

commits/s 5617.33
aborts/s 0.00
ops/s 5617.33

commits/s 5668.36
aborts/s 0.00
ops/s 5668.36

commits/s 5632.33
aborts/s 0.00
ops/s 5632.33

commits/s 5531.99
aborts/s 0.00
ops/s 5531.99

commits/s 5529.11
aborts/s 0.00
ops/s 5529.11

commits/s 5553.16
aborts/s 0.00
ops/s 5553.16

commits/s 5566.98
aborts/s 0.00
ops/s 5566.98

commits/s 5296.34
aborts/s 0.00
ops/s 5296.34

commits/s 5425.08
aborts/s 0.00
ops/s 5425.08

commits/s 5599.42
aborts/s 0.00
ops/s 5599.42

commits/s 5637.26
aborts/s 0.00
ops/s 5637.26

commits/s 5619.46
aborts/s 0.00
ops/s 5619.46

commits/s 5572.20
aborts/s 0.00
ops/s 5572.20

commits/s 5652.33
aborts/s 0.00
ops/s 5652.33

commits/s 5714.38
aborts/s 0.00
ops/s 5714.38

commits/s 5652.59
aborts/s 0.00
ops/s 5652.59

commits/s 5639.36
aborts/s 0.00
ops/s 5639.36

commits/s 5587.65
aborts/s 0.00
ops/s 5587.65

commits/s 5620.90
aborts/s 0.00
ops/s 5620.90

commits/s 5519.23
aborts/s 0.00
ops/s 5519.23

commits/s 5670.52
aborts/s 0.00
ops/s 5670.52

commits/s 5341.82
aborts/s 0.00
ops/s 5341.82

commits/s 0.00
aborts/s 0.00
ops/s 0.00

