nowait
Starting KVS server on :8080
commits/s 0.00
aborts/s 0.00
ops/s 0.00

commits/s 0.00
aborts/s 0.00
ops/s 0.00

commits/s 0.00
aborts/s 0.00
ops/s 0.00

commits/s 0.00
aborts/s 0.00
ops/s 0.00

commits/s 476.97
aborts/s 0.00
ops/s 476.97

commits/s 5717.56
aborts/s 0.00
ops/s 5717.56

commits/s 5509.24
aborts/s 0.00
ops/s 5509.24

commits/s 5593.92
aborts/s 0.00
ops/s 5593.92

commits/s 5478.29
aborts/s 0.00
ops/s 5478.29

commits/s 5611.17
aborts/s 0.00
ops/s 5611.17

commits/s 5713.20
aborts/s 0.00
ops/s 5713.20

commits/s 5486.58
aborts/s 0.00
ops/s 5486.58

commits/s 5470.28
aborts/s 0.00
ops/s 5470.28

commits/s 5619.38
aborts/s 0.00
ops/s 5619.38

commits/s 5631.53
aborts/s 0.00
ops/s 5631.53

commits/s 5648.03
aborts/s 0.00
ops/s 5648.03

commits/s 5697.36
aborts/s 0.00
ops/s 5697.36

commits/s 5704.85
aborts/s 0.00
ops/s 5704.85

commits/s 5627.56
aborts/s 0.00
ops/s 5627.56

commits/s 5474.07
aborts/s 0.00
ops/s 5474.07

commits/s 5360.90
aborts/s 0.00
ops/s 5360.90

commits/s 5649.34
aborts/s 0.00
ops/s 5649.34

commits/s 5600.54
aborts/s 0.00
ops/s 5600.54

commits/s 5713.28
aborts/s 0.00
ops/s 5713.28

commits/s 5613.94
aborts/s 0.00
ops/s 5613.94

commits/s 5578.55
aborts/s 0.00
ops/s 5578.55

commits/s 5571.27
aborts/s 0.00
ops/s 5571.27

commits/s 5675.30
aborts/s 0.00
ops/s 5675.30

commits/s 5534.52
aborts/s 0.00
ops/s 5534.52

commits/s 5542.64
aborts/s 0.00
ops/s 5542.64

commits/s 5651.10
aborts/s 0.00
ops/s 5651.10

commits/s 5650.81
aborts/s 0.00
ops/s 5650.81

commits/s 5726.86
aborts/s 0.00
ops/s 5726.86

commits/s 5604.41
aborts/s 0.00
ops/s 5604.41

commits/s 5244.64
aborts/s 0.00
ops/s 5244.64

commits/s 0.00
aborts/s 0.00
ops/s 0.00

