nowait
Starting KVS server on :8080
commits/s 0.00
aborts/s 0.00
ops/s 0.00

commits/s 0.00
aborts/s 0.00
ops/s 0.00

commits/s 0.00
aborts/s 0.00
ops/s 0.00

commits/s 0.00
aborts/s 0.00
ops/s 0.00

commits/s 672.95
aborts/s 0.00
ops/s 672.95

commits/s 5616.10
aborts/s 0.00
ops/s 5616.10

commits/s 5502.37
aborts/s 0.00
ops/s 5502.37

commits/s 5621.57
aborts/s 0.00
ops/s 5621.57

commits/s 5515.74
aborts/s 0.00
ops/s 5515.74

commits/s 5628.29
aborts/s 0.00
ops/s 5628.29

commits/s 5591.43
aborts/s 0.00
ops/s 5591.43

commits/s 5599.65
aborts/s 0.00
ops/s 5599.65

commits/s 5454.60
aborts/s 0.00
ops/s 5454.60

commits/s 5559.44
aborts/s 0.00
ops/s 5559.44

commits/s 5598.33
aborts/s 0.00
ops/s 5598.33

commits/s 5531.41
aborts/s 0.00
ops/s 5531.41

commits/s 5543.73
aborts/s 0.00
ops/s 5543.73

commits/s 5527.98
aborts/s 0.00
ops/s 5527.98

commits/s 5378.92
aborts/s 0.00
ops/s 5378.92

commits/s 5621.31
aborts/s 0.00
ops/s 5621.31

commits/s 5351.40
aborts/s 0.00
ops/s 5351.40

commits/s 5352.42
aborts/s 0.00
ops/s 5352.42

commits/s 5576.33
aborts/s 0.00
ops/s 5576.33

commits/s 5651.39
aborts/s 0.00
ops/s 5651.39

commits/s 5512.35
aborts/s 0.00
ops/s 5512.35

commits/s 5488.35
aborts/s 0.00
ops/s 5488.35

commits/s 5629.20
aborts/s 0.00
ops/s 5629.20

commits/s 5662.17
aborts/s 0.00
ops/s 5662.17

commits/s 5603.67
aborts/s 0.00
ops/s 5603.67

commits/s 5596.36
aborts/s 0.00
ops/s 5596.36

commits/s 5615.49
aborts/s 0.00
ops/s 5615.49

commits/s 5672.39
aborts/s 0.00
ops/s 5672.39

commits/s 5671.58
aborts/s 0.00
ops/s 5671.58

commits/s 5615.42
aborts/s 0.00
ops/s 5615.42

commits/s 4910.96
aborts/s 0.00
ops/s 4910.96

commits/s 0.00
aborts/s 0.00
ops/s 0.00

