waitdie
Starting KVS server on :8080
commits/s 0.00
aborts/s 0.00
ops/s 0.00

commits/s 0.00
aborts/s 0.00
ops/s 0.00

commits/s 0.00
aborts/s 0.00
ops/s 0.00

commits/s 0.00
aborts/s 0.00
ops/s 0.00

commits/s 1187.89
aborts/s 0.00
ops/s 1187.89

commits/s 5628.63
aborts/s 0.00
ops/s 5628.63

commits/s 5643.39
aborts/s 0.00
ops/s 5643.39

commits/s 5492.04
aborts/s 0.00
ops/s 5492.04

commits/s 5464.72
aborts/s 0.00
ops/s 5464.72

commits/s 5552.01
aborts/s 0.00
ops/s 5552.01

commits/s 5569.33
aborts/s 0.00
ops/s 5569.33

commits/s 5617.96
aborts/s 0.00
ops/s 5617.96

commits/s 5514.88
aborts/s 0.00
ops/s 5514.88

commits/s 5469.29
aborts/s 0.00
ops/s 5469.29

commits/s 5554.37
aborts/s 0.00
ops/s 5554.37

commits/s 5566.16
aborts/s 0.00
ops/s 5566.16

commits/s 5548.99
aborts/s 0.00
ops/s 5548.99

commits/s 5509.41
aborts/s 0.00
ops/s 5509.41

commits/s 5716.99
aborts/s 0.00
ops/s 5716.99

commits/s 5575.24
aborts/s 0.00
ops/s 5575.24

commits/s 5731.20
aborts/s 0.00
ops/s 5731.20

commits/s 5605.53
aborts/s 0.00
ops/s 5605.53

commits/s 5628.78
aborts/s 0.00
ops/s 5628.78

commits/s 5523.59
aborts/s 0.00
ops/s 5523.59

commits/s 5630.23
aborts/s 0.00
ops/s 5630.23

commits/s 5620.55
aborts/s 0.00
ops/s 5620.55

commits/s 5530.13
aborts/s 0.00
ops/s 5530.13

commits/s 5583.43
aborts/s 0.00
ops/s 5583.43

commits/s 5521.41
aborts/s 0.00
ops/s 5521.41

commits/s 5577.33
aborts/s 0.00
ops/s 5577.33

commits/s 5592.38
aborts/s 0.00
ops/s 5592.38

commits/s 5557.66
aborts/s 0.00
ops/s 5557.66

commits/s 5669.43
aborts/s 0.00
ops/s 5669.43

commits/s 5691.16
aborts/s 0.00
ops/s 5691.16

commits/s 3720.85
aborts/s 0.00
ops/s 3720.85

