waitdie
Starting KVS server on :8080
commits/s 0.00
aborts/s 0.00
ops/s 0.00

commits/s 0.00
aborts/s 0.00
ops/s 0.00

commits/s 0.00
aborts/s 0.00
ops/s 0.00

commits/s 0.00
aborts/s 0.00
ops/s 0.00

commits/s 1003.95
aborts/s 0.00
ops/s 1003.95

commits/s 5573.58
aborts/s 0.00
ops/s 5573.58

commits/s 5478.45
aborts/s 0.00
ops/s 5478.45

commits/s 5583.17
aborts/s 0.00
ops/s 5583.17

commits/s 5618.88
aborts/s 0.00
ops/s 5618.88

commits/s 5500.32
aborts/s 0.00
ops/s 5500.32

commits/s 5516.19
aborts/s 0.00
ops/s 5516.19

commits/s 5520.48
aborts/s 0.00
ops/s 5520.48

commits/s 5573.85
aborts/s 0.00
ops/s 5573.85

commits/s 5508.40
aborts/s 0.00
ops/s 5508.40

commits/s 5553.14
aborts/s 0.00
ops/s 5553.14

commits/s 5609.44
aborts/s 0.00
ops/s 5609.44

commits/s 5512.56
aborts/s 0.00
ops/s 5512.56

commits/s 5569.76
aborts/s 0.00
ops/s 5569.76

commits/s 5600.37
aborts/s 0.00
ops/s 5600.37

commits/s 5618.42
aborts/s 0.00
ops/s 5618.42

commits/s 5617.16
aborts/s 0.00
ops/s 5617.16

commits/s 5612.66
aborts/s 0.00
ops/s 5612.66

commits/s 5580.21
aborts/s 0.00
ops/s 5580.21

commits/s 5513.76
aborts/s 0.00
ops/s 5513.76

commits/s 5617.34
aborts/s 0.00
ops/s 5617.34

commits/s 5558.10
aborts/s 0.00
ops/s 5558.10

commits/s 5518.33
aborts/s 0.00
ops/s 5518.33

commits/s 5574.43
aborts/s 0.00
ops/s 5574.43

commits/s 5609.57
aborts/s 0.00
ops/s 5609.57

commits/s 5600.15
aborts/s 0.00
ops/s 5600.15

commits/s 5642.95
aborts/s 0.00
ops/s 5642.95

commits/s 5556.15
aborts/s 0.00
ops/s 5556.15

commits/s 5495.30
aborts/s 0.00
ops/s 5495.30

commits/s 5685.47
aborts/s 0.00
ops/s 5685.47

commits/s 4056.17
aborts/s 0.00
ops/s 4056.17

commits/s 0.00
aborts/s 0.00
ops/s 0.00

