waitdie
Starting KVS server on :8080
commits/s 0.00
aborts/s 0.00
ops/s 0.00

commits/s 0.00
aborts/s 0.00
ops/s 0.00

commits/s 0.00
aborts/s 0.00
ops/s 0.00

commits/s 0.00
aborts/s 0.00
ops/s 0.00

commits/s 1455.94
aborts/s 0.00
ops/s 1455.94

commits/s 5594.25
aborts/s 0.00
ops/s 5594.25

commits/s 5470.30
aborts/s 0.00
ops/s 5470.30

commits/s 5601.52
aborts/s 0.00
ops/s 5601.52

commits/s 5628.10
aborts/s 0.00
ops/s 5628.10

commits/s 5541.19
aborts/s 0.00
ops/s 5541.19

commits/s 5594.35
aborts/s 0.00
ops/s 5594.35

commits/s 5573.35
aborts/s 0.00
ops/s 5573.35

commits/s 5701.11
aborts/s 0.00
ops/s 5701.11

commits/s 5531.00
aborts/s 0.00
ops/s 5531.00

commits/s 5526.37
aborts/s 0.00
ops/s 5526.37

commits/s 5585.32
aborts/s 0.00
ops/s 5585.32

commits/s 5609.34
aborts/s 0.00
ops/s 5609.34

commits/s 5582.78
aborts/s 0.00
ops/s 5582.78

commits/s 5524.44
aborts/s 0.00
ops/s 5524.44

commits/s 5568.36
aborts/s 0.00
ops/s 5568.36

commits/s 5631.54
aborts/s 0.00
ops/s 5631.54

commits/s 5664.43
aborts/s 0.00
ops/s 5664.43

commits/s 5640.21
aborts/s 0.00
ops/s 5640.21

commits/s 5622.87
aborts/s 0.00
ops/s 5622.87

commits/s 5521.21
aborts/s 0.00
ops/s 5521.21

commits/s 5494.11
aborts/s 0.00
ops/s 5494.11

commits/s 5588.18
aborts/s 0.00
ops/s 5588.18

commits/s 5530.54
aborts/s 0.00
ops/s 5530.54

commits/s 5571.09
aborts/s 0.00
ops/s 5571.09

commits/s 5592.56
aborts/s 0.00
ops/s 5592.56

commits/s 5457.45
aborts/s 0.00
ops/s 5457.45

commits/s 5608.66
aborts/s 0.00
ops/s 5608.66

commits/s 5639.49
aborts/s 0.00
ops/s 5639.49

commits/s 5637.34
aborts/s 0.00
ops/s 5637.34

commits/s 3499.74
aborts/s 0.00
ops/s 3499.74

commits/s 0.00
aborts/s 0.00
ops/s 0.00

