waitdie
Starting KVS server on :8080
commits/s 0.00
aborts/s 0.00
ops/s 0.00

commits/s 0.00
aborts/s 0.00
ops/s 0.00

commits/s 0.00
aborts/s 0.00
ops/s 0.00

commits/s 0.00
aborts/s 0.00
ops/s 0.00

commits/s 1144.94
aborts/s 0.00
ops/s 1144.94

commits/s 5367.46
aborts/s 0.00
ops/s 5367.46

commits/s 5410.74
aborts/s 0.00
ops/s 5410.74

commits/s 5424.10
aborts/s 0.00
ops/s 5424.10

commits/s 5379.39
aborts/s 1.00
ops/s 5380.39

commits/s 5584.45
aborts/s 0.00
ops/s 5584.45

commits/s 5425.06
aborts/s 1.00
ops/s 5426.06

commits/s 5461.93
aborts/s 0.00
ops/s 5461.93

commits/s 5434.56
aborts/s 0.00
ops/s 5434.56

commits/s 5220.12
aborts/s 0.00
ops/s 5220.12

commits/s 5607.23
aborts/s 0.00
ops/s 5607.23

commits/s 5510.39
aborts/s 0.00
ops/s 5510.39

commits/s 5485.52
aborts/s 0.00
ops/s 5485.52

commits/s 5586.86
aborts/s 0.00
ops/s 5586.86

commits/s 5464.36
aborts/s 0.00
ops/s 5464.36

commits/s 5494.45
aborts/s 1.00
ops/s 5495.45

commits/s 5615.64
aborts/s 0.00
ops/s 5615.64

commits/s 5434.64
aborts/s 0.00
ops/s 5434.64

commits/s 5500.57
aborts/s 0.00
ops/s 5500.57

commits/s 5340.18
aborts/s 0.00
ops/s 5340.18

commits/s 5483.35
aborts/s 0.00
ops/s 5483.35

commits/s 5386.62
aborts/s 0.00
ops/s 5386.62

commits/s 5529.50
aborts/s 1.00
ops/s 5530.50

commits/s 5439.15
aborts/s 0.00
ops/s 5439.15

commits/s 5644.32
aborts/s 0.00
ops/s 5644.32

commits/s 5569.68
aborts/s 0.00
ops/s 5569.68

commits/s 5501.44
aborts/s 0.00
ops/s 5501.44

commits/s 5606.45
aborts/s 0.00
ops/s 5606.45

commits/s 5477.52
aborts/s 0.00
ops/s 5477.52

commits/s 5484.95
aborts/s 0.00
ops/s 5484.95

commits/s 3790.30
aborts/s 0.00
ops/s 3790.30

