waitdie
Starting KVS server on :8080
commits/s 0.00
aborts/s 0.00
ops/s 0.00

commits/s 0.00
aborts/s 0.00
ops/s 0.00

commits/s 0.00
aborts/s 0.00
ops/s 0.00

commits/s 0.00
aborts/s 0.00
ops/s 0.00

commits/s 878.02
aborts/s 0.00
ops/s 878.02

commits/s 5444.25
aborts/s 0.00
ops/s 5444.25

commits/s 5468.16
aborts/s 0.00
ops/s 5468.16

commits/s 5560.34
aborts/s 0.00
ops/s 5560.34

commits/s 5471.31
aborts/s 0.00
ops/s 5471.31

commits/s 5403.33
aborts/s 0.00
ops/s 5403.33

commits/s 5530.72
aborts/s 1.00
ops/s 5531.72

commits/s 5498.41
aborts/s 1.00
ops/s 5499.41

commits/s 5588.13
aborts/s 0.00
ops/s 5588.13

commits/s 5309.39
aborts/s 0.00
ops/s 5309.39

commits/s 5547.36
aborts/s 0.00
ops/s 5547.36

commits/s 5435.58
aborts/s 0.00
ops/s 5435.58

commits/s 5565.16
aborts/s 0.00
ops/s 5565.16

commits/s 5574.25
aborts/s 0.00
ops/s 5574.25

commits/s 5319.50
aborts/s 0.00
ops/s 5319.50

commits/s 5479.16
aborts/s 0.00
ops/s 5479.16

commits/s 5580.90
aborts/s 1.00
ops/s 5581.90

commits/s 5467.64
aborts/s 0.00
ops/s 5467.64

commits/s 5499.31
aborts/s 0.00
ops/s 5499.31

commits/s 5420.65
aborts/s 0.00
ops/s 5420.65

commits/s 5260.64
aborts/s 0.00
ops/s 5260.64

commits/s 5401.29
aborts/s 0.00
ops/s 5401.29

commits/s 5540.01
aborts/s 1.00
ops/s 5541.01

commits/s 5506.38
aborts/s 0.00
ops/s 5506.38

commits/s 5568.67
aborts/s 0.00
ops/s 5568.67

commits/s 5643.36
aborts/s 0.00
ops/s 5643.36

commits/s 5517.44
aborts/s 2.00
ops/s 5519.44

commits/s 5427.33
aborts/s 0.00
ops/s 5427.33

commits/s 5552.46
aborts/s 0.00
ops/s 5552.46

commits/s 5557.58
aborts/s 0.00
ops/s 5557.58

commits/s 4125.25
aborts/s 0.00
ops/s 4125.25

