waitdie
Starting KVS server on :8080
commits/s 0.00
aborts/s 0.00
ops/s 0.00

commits/s 0.00
aborts/s 0.00
ops/s 0.00

commits/s 0.00
aborts/s 0.00
ops/s 0.00

commits/s 0.00
aborts/s 0.00
ops/s 0.00

commits/s 590.96
aborts/s 0.00
ops/s 590.96

commits/s 5566.71
aborts/s 0.00
ops/s 5566.71

commits/s 5467.44
aborts/s 0.00
ops/s 5467.44

commits/s 5620.98
aborts/s 0.00
ops/s 5620.98

commits/s 5457.16
aborts/s 0.00
ops/s 5457.16

commits/s 5557.32
aborts/s 0.00
ops/s 5557.32

commits/s 5459.19
aborts/s 0.00
ops/s 5459.19

commits/s 5640.23
aborts/s 0.00
ops/s 5640.23

commits/s 5414.43
aborts/s 0.00
ops/s 5414.43

commits/s 5360.25
aborts/s 0.00
ops/s 5360.25

commits/s 5583.16
aborts/s 0.00
ops/s 5583.16

commits/s 5629.43
aborts/s 1.00
ops/s 5630.43

commits/s 5401.34
aborts/s 0.00
ops/s 5401.34

commits/s 5640.18
aborts/s 0.00
ops/s 5640.18

commits/s 5493.62
aborts/s 0.00
ops/s 5493.62

commits/s 5454.45
aborts/s 0.00
ops/s 5454.45

commits/s 5640.47
aborts/s 0.00
ops/s 5640.47

commits/s 5652.15
aborts/s 0.00
ops/s 5652.15

commits/s 5536.54
aborts/s 0.00
ops/s 5536.54

commits/s 5212.44
aborts/s 1.00
ops/s 5213.44

commits/s 5361.34
aborts/s 0.00
ops/s 5361.34

commits/s 5407.41
aborts/s 0.00
ops/s 5407.41

commits/s 5495.04
aborts/s 0.00
ops/s 5495.04

commits/s 5512.16
aborts/s 0.00
ops/s 5512.16

commits/s 5454.20
aborts/s 1.00
ops/s 5455.20

commits/s 5636.47
aborts/s 0.00
ops/s 5636.47

commits/s 5556.34
aborts/s 0.00
ops/s 5556.34

commits/s 5565.35
aborts/s 1.00
ops/s 5566.35

commits/s 5502.06
aborts/s 0.00
ops/s 5502.06

commits/s 5507.62
aborts/s 0.00
ops/s 5507.62

commits/s 4198.71
aborts/s 0.00
ops/s 4198.71

commits/s 0.00
aborts/s 0.00
ops/s 0.00

