woundwait
Starting KVS server on :8080
commits/s 0.00
aborts/s 0.00
ops/s 0.00

commits/s 0.00
aborts/s 0.00
ops/s 0.00

commits/s 0.00
aborts/s 0.00
ops/s 0.00

commits/s 0.00
aborts/s 0.00
ops/s 0.00

commits/s 0.00
aborts/s 0.00
ops/s 0.00

commits/s 4157.62
aborts/s 0.00
ops/s 4157.62

commits/s 4300.18
aborts/s 0.00
ops/s 4300.18

commits/s 4256.12
aborts/s 0.00
ops/s 4256.12

commits/s 4287.43
aborts/s 0.00
ops/s 4287.43

commits/s 4348.52
aborts/s 0.00
ops/s 4348.52

commits/s 4312.49
aborts/s 0.00
ops/s 4312.49

commits/s 4270.13
aborts/s 0.00
ops/s 4270.13

commits/s 4358.43
aborts/s 0.00
ops/s 4358.43

commits/s 4311.42
aborts/s 0.00
ops/s 4311.42

commits/s 4305.50
aborts/s 0.00
ops/s 4305.50

commits/s 4333.56
aborts/s 0.00
ops/s 4333.56

commits/s 4262.26
aborts/s 0.00
ops/s 4262.26

commits/s 4298.47
aborts/s 0.00
ops/s 4298.47

commits/s 4297.36
aborts/s 0.00
ops/s 4297.36

commits/s 4237.49
aborts/s 0.00
ops/s 4237.49

commits/s 4313.48
aborts/s 0.00
ops/s 4313.48

commits/s 4307.18
aborts/s 0.00
ops/s 4307.18

commits/s 4293.58
aborts/s 0.00
ops/s 4293.58

commits/s 4347.89
aborts/s 0.00
ops/s 4347.89

commits/s 4371.17
aborts/s 0.00
ops/s 4371.17

commits/s 4329.93
aborts/s 0.00
ops/s 4329.93

commits/s 4249.59
aborts/s 0.00
ops/s 4249.59

commits/s 4421.61
aborts/s 0.00
ops/s 4421.61

commits/s 4312.54
aborts/s 0.00
ops/s 4312.54

commits/s 4321.57
aborts/s 0.00
ops/s 4321.57

commits/s 4383.78
aborts/s 0.00
ops/s 4383.78

commits/s 4334.66
aborts/s 0.00
ops/s 4334.66

commits/s 4320.61
aborts/s 0.00
ops/s 4320.61

commits/s 4235.37
aborts/s 0.00
ops/s 4235.37

commits/s 3992.21
aborts/s 0.00
ops/s 3992.21

commits/s 0.00
aborts/s 0.00
ops/s 0.00

