woundwait
Starting KVS server on :8080
commits/s 0.00
aborts/s 0.00
ops/s 0.00

commits/s 0.00
aborts/s 0.00
ops/s 0.00

commits/s 0.00
aborts/s 0.00
ops/s 0.00

commits/s 0.00
aborts/s 0.00
ops/s 0.00

commits/s 740.86
aborts/s 0.00
ops/s 740.86

commits/s 4286.56
aborts/s 0.00
ops/s 4286.56

commits/s 4332.62
aborts/s 0.00
ops/s 4332.62

commits/s 4361.49
aborts/s 0.00
ops/s 4361.49

commits/s 4358.45
aborts/s 0.00
ops/s 4358.45

commits/s 4322.33
aborts/s 0.00
ops/s 4322.33

commits/s 4280.46
aborts/s 0.00
ops/s 4280.46

commits/s 4327.04
aborts/s 0.00
ops/s 4327.04

commits/s 4330.29
aborts/s 0.00
ops/s 4330.29

commits/s 4352.77
aborts/s 0.00
ops/s 4352.77

commits/s 4324.37
aborts/s 0.00
ops/s 4324.37

commits/s 4344.27
aborts/s 0.00
ops/s 4344.27

commits/s 4308.50
aborts/s 0.00
ops/s 4308.50

commits/s 4300.63
aborts/s 0.00
ops/s 4300.63

commits/s 4321.35
aborts/s 0.00
ops/s 4321.35

commits/s 4156.37
aborts/s 0.00
ops/s 4156.37

commits/s 4314.95
aborts/s 0.00
ops/s 4314.95

commits/s 4353.62
aborts/s 0.00
ops/s 4353.62

commits/s 4300.51
aborts/s 0.00
ops/s 4300.51

commits/s 4342.45
aborts/s 0.00
ops/s 4342.45

commits/s 4331.74
aborts/s 0.00
ops/s 4331.74

commits/s 4301.42
aborts/s 0.00
ops/s 4301.42

commits/s 4432.94
aborts/s 0.00
ops/s 4432.94

commits/s 4378.63
aborts/s 0.00
ops/s 4378.63

commits/s 4381.45
aborts/s 0.00
ops/s 4381.45

commits/s 4369.38
aborts/s 0.00
ops/s 4369.38

commits/s 4366.29
aborts/s 0.00
ops/s 4366.29

commits/s 4258.22
aborts/s 0.00
ops/s 4258.22

commits/s 4331.42
aborts/s 0.00
ops/s 4331.42

commits/s 4473.66
aborts/s 0.00
ops/s 4473.66

commits/s 3158.50
aborts/s 0.00
ops/s 3158.50

commits/s 0.00
aborts/s 0.00
ops/s 0.00

