woundwait
Starting KVS server on :8080
commits/s 0.00
aborts/s 0.00
ops/s 0.00

commits/s 0.00
aborts/s 0.00
ops/s 0.00

commits/s 0.00
aborts/s 0.00
ops/s 0.00

commits/s 0.00
aborts/s 0.00
ops/s 0.00

commits/s 58.00
aborts/s 0.00
ops/s 58.00

commits/s 4468.59
aborts/s 0.00
ops/s 4468.59

commits/s 4312.98
aborts/s 0.00
ops/s 4312.98

commits/s 4358.57
aborts/s 0.00
ops/s 4358.57

commits/s 4359.54
aborts/s 0.00
ops/s 4359.54

commits/s 4251.40
aborts/s 0.00
ops/s 4251.40

commits/s 4355.55
aborts/s 0.00
ops/s 4355.55

commits/s 4292.20
aborts/s 0.00
ops/s 4292.20

commits/s 4330.20
aborts/s 0.00
ops/s 4330.20

commits/s 4280.55
aborts/s 0.00
ops/s 4280.55

commits/s 4398.24
aborts/s 0.00
ops/s 4398.24

commits/s 4355.49
aborts/s 0.00
ops/s 4355.49

commits/s 4353.14
aborts/s 0.00
ops/s 4353.14

commits/s 4395.44
aborts/s 0.00
ops/s 4395.44

commits/s 4321.04
aborts/s 0.00
ops/s 4321.04

commits/s 4253.39
aborts/s 0.00
ops/s 4253.39

commits/s 4376.59
aborts/s 0.00
ops/s 4376.59

commits/s 4375.39
aborts/s 0.00
ops/s 4375.39

commits/s 4376.59
aborts/s 0.00
ops/s 4376.59

commits/s 4353.97
aborts/s 0.00
ops/s 4353.97

commits/s 4434.49
aborts/s 0.00
ops/s 4434.49

commits/s 4313.46
aborts/s 0.00
ops/s 4313.46

commits/s 4381.61
aborts/s 0.00
ops/s 4381.61

commits/s 4400.19
aborts/s 0.00
ops/s 4400.19

commits/s 4260.62
aborts/s 0.00
ops/s 4260.62

commits/s 4230.44
aborts/s 0.00
ops/s 4230.44

commits/s 4354.31
aborts/s 0.00
ops/s 4354.31

commits/s 4379.52
aborts/s 0.00
ops/s 4379.52

commits/s 4315.63
aborts/s 0.00
ops/s 4315.63

commits/s 4396.50
aborts/s 0.00
ops/s 4396.50

commits/s 3686.05
aborts/s 0.00
ops/s 3686.05

