nowait
Starting KVS server on :8080
commits/s 0.00
aborts/s 0.00
ops/s 0.00

commits/s 0.00
aborts/s 0.00
ops/s 0.00

commits/s 0.00
aborts/s 0.00
ops/s 0.00

commits/s 0.00
aborts/s 0.00
ops/s 0.00

commits/s 0.00
aborts/s 0.00
ops/s 0.00

commits/s 5902.39
aborts/s 5825.40
ops/s 11727.78

commits/s 5966.25
aborts/s 6270.22
ops/s 12236.47

commits/s 6050.96
aborts/s 6329.91
ops/s 12380.87

commits/s 5932.69
aborts/s 6215.62
ops/s 12148.31

commits/s 6025.36
aborts/s 6530.30
ops/s 12555.66

commits/s 6381.15
aborts/s 5888.21
ops/s 12269.36

commits/s 6063.62
aborts/s 6382.55
ops/s 12446.17

commits/s 6293.23
aborts/s 6120.25
ops/s 12413.47

commits/s 6005.14
aborts/s 6247.11
ops/s 12252.25

commits/s 6020.33
aborts/s 6046.33
ops/s 12066.67

commits/s 6102.33
aborts/s 6060.33
ops/s 12162.66

commits/s 6395.19
aborts/s 6025.24
ops/s 12420.42

commits/s 6162.41
aborts/s 6274.40
ops/s 12436.80

commits/s 6381.01
aborts/s 6069.06
ops/s 12450.07

commits/s 6201.42
aborts/s 5902.50
ops/s 12103.92

commits/s 6213.21
aborts/s 6325.20
ops/s 12538.41

commits/s 5901.10
aborts/s 6333.04
ops/s 12234.14

commits/s 5840.00
aborts/s 6516.88
ops/s 12356.88

commits/s 5821.39
aborts/s 6430.33
ops/s 12251.72

commits/s 6140.05
aborts/s 6120.06
ops/s 12260.11

commits/s 6144.46
aborts/s 6065.48
ops/s 12209.94

commits/s 6225.20
aborts/s 5959.23
ops/s 12184.42

commits/s 6213.19
aborts/s 5691.26
ops/s 11904.45

commits/s 5980.42
aborts/s 6223.40
ops/s 12203.82

commits/s 6432.83
aborts/s 5989.91
ops/s 12422.74

commits/s 5907.16
aborts/s 6450.08
ops/s 12357.24

commits/s 6120.17
aborts/s 6255.15
ops/s 12375.33

commits/s 6236.76
aborts/s 6192.77
ops/s 12429.54

commits/s 6214.37
aborts/s 6051.39
ops/s 12265.77

commits/s 5746.40
aborts/s 5540.53
ops/s 11286.93

commits/s 0.00
aborts/s 0.00
ops/s 0.00

