nowait
Starting KVS server on :8080
commits/s 0.00
aborts/s 0.00
ops/s 0.00

commits/s 0.00
aborts/s 0.00
ops/s 0.00

commits/s 0.00
aborts/s 0.00
ops/s 0.00

commits/s 0.00
aborts/s 0.00
ops/s 0.00

commits/s 1397.85
aborts/s 932.90
ops/s 2330.75

commits/s 6263.32
aborts/s 6058.35
ops/s 12321.67

commits/s 5971.24
aborts/s 5998.24
ops/s 11969.48

commits/s 6097.25
aborts/s 6011.26
ops/s 12108.51

commits/s 6224.12
aborts/s 5761.19
ops/s 11985.31

commits/s 6015.23
aborts/s 6491.17
ops/s 12506.40

commits/s 6383.02
aborts/s 6012.08
ops/s 12395.09

commits/s 6227.23
aborts/s 6188.23
ops/s 12415.46

commits/s 6041.30
aborts/s 6262.28
ops/s 12303.58

commits/s 6048.39
aborts/s 6141.38
ops/s 12189.76

commits/s 6074.66
aborts/s 6070.66
ops/s 12145.32

commits/s 6165.39
aborts/s 6203.39
ops/s 12368.78

commits/s 6043.94
aborts/s 6340.89
ops/s 12384.83

commits/s 5962.97
aborts/s 6555.87
ops/s 12518.84

commits/s 6288.10
aborts/s 6032.14
ops/s 12320.24

commits/s 6079.10
aborts/s 6481.04
ops/s 12560.13

commits/s 6045.08
aborts/s 6149.07
ops/s 12194.15

commits/s 6157.59
aborts/s 6144.59
ops/s 12302.18

commits/s 6239.96
aborts/s 5795.04
ops/s 12035.00

commits/s 6155.28
aborts/s 6064.39
ops/s 12219.67

commits/s 5947.82
aborts/s 6317.75
ops/s 12265.58

commits/s 6296.78
aborts/s 5887.86
ops/s 12184.64

commits/s 6300.20
aborts/s 6178.22
ops/s 12478.42

commits/s 6081.42
aborts/s 6013.43
ops/s 12094.85

commits/s 5867.35
aborts/s 6285.31
ops/s 12152.66

commits/s 6006.20
aborts/s 6488.14
ops/s 12494.34

commits/s 5887.37
aborts/s 6341.32
ops/s 12228.69

commits/s 6010.82
aborts/s 6478.73
ops/s 12489.54

commits/s 6061.19
aborts/s 6015.19
ops/s 12076.38

commits/s 6377.97
aborts/s 5897.04
ops/s 12275.01

commits/s 4378.03
aborts/s 4458.97
ops/s 8837.00

commits/s 0.00
aborts/s 0.00
ops/s 0.00

