nowait
Starting KVS server on :8080
commits/s 0.00
aborts/s 0.00
ops/s 0.00

commits/s 0.00
aborts/s 0.00
ops/s 0.00

commits/s 0.00
aborts/s 0.00
ops/s 0.00

commits/s 0.00
aborts/s 0.00
ops/s 0.00

commits/s 1309.87
aborts/s 1164.89
ops/s 2474.76

commits/s 6097.24
aborts/s 5893.26
ops/s 11990.50

commits/s 6254.69
aborts/s 5953.76
ops/s 12208.45

commits/s 6131.34
aborts/s 6201.32
ops/s 12332.66

commits/s 5962.63
aborts/s 6138.59
ops/s 12101.22

commits/s 6262.00
aborts/s 6206.00
ops/s 12468.00

commits/s 6252.12
aborts/s 6106.14
ops/s 12358.26

commits/s 6208.13
aborts/s 6010.16
ops/s 12218.30

commits/s 6379.11
aborts/s 6158.14
ops/s 12537.25

commits/s 5708.21
aborts/s 6702.07
ops/s 12410.28

commits/s 6169.02
aborts/s 6143.03
ops/s 12312.05

commits/s 6389.35
aborts/s 6053.44
ops/s 12442.78

commits/s 5935.32
aborts/s 6335.27
ops/s 12270.59

commits/s 6142.36
aborts/s 6159.36
ops/s 12301.72

commits/s 6193.32
aborts/s 6144.32
ops/s 12337.64

commits/s 6081.92
aborts/s 6199.90
ops/s 12281.82

commits/s 6259.22
aborts/s 6109.24
ops/s 12368.46

commits/s 5997.23
aborts/s 6420.18
ops/s 12417.41

commits/s 6315.62
aborts/s 5888.65
ops/s 12204.27

commits/s 6157.38
aborts/s 6416.36
ops/s 12573.74

commits/s 6298.17
aborts/s 6262.17
ops/s 12560.34

commits/s 5997.09
aborts/s 6302.04
ops/s 12299.13

commits/s 6424.25
aborts/s 5746.33
ops/s 12170.58

commits/s 5966.15
aborts/s 6277.11
ops/s 12243.26

commits/s 6417.02
aborts/s 5935.10
ops/s 12352.12

commits/s 6446.10
aborts/s 5991.16
ops/s 12437.26

commits/s 6226.17
aborts/s 5927.21
ops/s 12153.37

commits/s 6251.00
aborts/s 5941.05
ops/s 12192.06

commits/s 6071.34
aborts/s 6390.30
ops/s 12461.64

commits/s 6342.55
aborts/s 5912.64
ops/s 12255.19

commits/s 4537.18
aborts/s 4097.26
ops/s 8634.44

