nowait
Starting KVS server on :8080
commits/s 0.00
aborts/s 0.00
ops/s 0.00

commits/s 0.00
aborts/s 0.00
ops/s 0.00

commits/s 0.00
aborts/s 0.00
ops/s 0.00

commits/s 0.00
aborts/s 0.00
ops/s 0.00

commits/s 530.97
aborts/s 0.00
ops/s 530.97

commits/s 5573.36
aborts/s 0.00
ops/s 5573.36

commits/s 5432.01
aborts/s 0.00
ops/s 5432.01

commits/s 5534.32
aborts/s 1.00
ops/s 5535.32

commits/s 5396.90
aborts/s 0.00
ops/s 5396.90

commits/s 5455.46
aborts/s 0.00
ops/s 5455.46

commits/s 5540.36
aborts/s 0.00
ops/s 5540.36

commits/s 5480.21
aborts/s 0.00
ops/s 5480.21

commits/s 5279.15
aborts/s 0.00
ops/s 5279.15

commits/s 5528.02
aborts/s 1.00
ops/s 5529.02

commits/s 5538.80
aborts/s 0.00
ops/s 5538.80

commits/s 5569.63
aborts/s 0.00
ops/s 5569.63

commits/s 5553.21
aborts/s 0.00
ops/s 5553.21

commits/s 5584.16
aborts/s 0.00
ops/s 5584.16

commits/s 5607.65
aborts/s 0.00
ops/s 5607.65

commits/s 5461.14
aborts/s 0.00
ops/s 5461.14

commits/s 5285.52
aborts/s 2.00
ops/s 5287.52

commits/s 5328.75
aborts/s 0.00
ops/s 5328.75

commits/s 5468.61
aborts/s 0.00
ops/s 5468.61

commits/s 5542.17
aborts/s 0.00
ops/s 5542.17

commits/s 5584.25
aborts/s 1.00
ops/s 5585.25

commits/s 5560.24
aborts/s 0.00
ops/s 5560.24

commits/s 5457.20
aborts/s 0.00
ops/s 5457.20

commits/s 5480.08
aborts/s 0.00
ops/s 5480.08

commits/s 5444.65
aborts/s 0.00
ops/s 5444.65

commits/s 5572.32
aborts/s 0.00
ops/s 5572.32

commits/s 5529.60
aborts/s 0.00
ops/s 5529.60

commits/s 5522.51
aborts/s 0.00
ops/s 5522.51

commits/s 5409.11
aborts/s 0.00
ops/s 5409.11

commits/s 5664.05
aborts/s 0.00
ops/s 5664.05

commits/s 4420.76
aborts/s 0.00
ops/s 4420.76

commits/s 0.00
aborts/s 0.00
ops/s 0.00

