nowait
Starting KVS server on :8080
commits/s 0.00
aborts/s 0.00
ops/s 0.00

commits/s 0.00
aborts/s 0.00
ops/s 0.00

commits/s 0.00
aborts/s 0.00
ops/s 0.00

commits/s 0.00
aborts/s 0.00
ops/s 0.00

commits/s 1329.80
aborts/s 0.00
ops/s 1329.80

commits/s 5584.29
aborts/s 1.00
ops/s 5585.29

commits/s 5467.28
aborts/s 0.00
ops/s 5467.28

commits/s 5636.17
aborts/s 0.00
ops/s 5636.17

commits/s 5437.12
aborts/s 0.00
ops/s 5437.12

commits/s 5506.15
aborts/s 0.00
ops/s 5506.15

commits/s 5608.25
aborts/s 2.00
ops/s 5610.25

commits/s 5528.53
aborts/s 1.00
ops/s 5529.53

commits/s 5489.15
aborts/s 1.00
ops/s 5490.15

commits/s 5615.23
aborts/s 0.00
ops/s 5615.23

commits/s 5474.17
aborts/s 0.00
ops/s 5474.17

commits/s 5542.31
aborts/s 0.00
ops/s 5542.31

commits/s 5557.10
aborts/s 1.00
ops/s 5558.10

commits/s 5560.36
aborts/s 0.00
ops/s 5560.36

commits/s 5653.32
aborts/s 0.00
ops/s 5653.32

commits/s 5352.43
aborts/s 0.00
ops/s 5352.43

commits/s 5458.43
aborts/s 0.00
ops/s 5458.43

commits/s 5315.28
aborts/s 0.00
ops/s 5315.28

commits/s 5446.16
aborts/s 0.00
ops/s 5446.16

commits/s 5542.56
aborts/s 0.00
ops/s 5542.56

commits/s 5477.55
aborts/s 0.00
ops/s 5477.55

commits/s 5541.59
aborts/s 0.00
ops/s 5541.59

commits/s 5685.37
aborts/s 1.00
ops/s 5686.37

commits/s 5615.45
aborts/s 0.00
ops/s 5615.45

commits/s 5500.21
aborts/s 0.00
ops/s 5500.21

commits/s 5447.59
aborts/s 0.00
ops/s 5447.59

commits/s 5600.15
aborts/s 0.00
ops/s 5600.15

commits/s 5656.28
aborts/s 0.00
ops/s 5656.28

commits/s 5543.18
aborts/s 0.00
ops/s 5543.18

commits/s 5482.43
aborts/s 0.00
ops/s 5482.43

commits/s 3477.15
aborts/s 0.00
ops/s 3477.15

