nowait
Starting KVS server on :8080
commits/s 0.00
aborts/s 0.00
ops/s 0.00

commits/s 0.00
aborts/s 0.00
ops/s 0.00

commits/s 0.00
aborts/s 0.00
ops/s 0.00

commits/s 0.00
aborts/s 0.00
ops/s 0.00

commits/s 0.00
aborts/s 0.00
ops/s 0.00

commits/s 5328.38
aborts/s 0.00
ops/s 5328.38

commits/s 5548.11
aborts/s 0.00
ops/s 5548.11

commits/s 5599.28
aborts/s 0.00
ops/s 5599.28

commits/s 5352.55
aborts/s 1.00
ops/s 5353.55

commits/s 5661.83
aborts/s 1.00
ops/s 5662.83

commits/s 5570.49
aborts/s 0.00
ops/s 5570.49

commits/s 5589.31
aborts/s 0.00
ops/s 5589.31

commits/s 5322.43
aborts/s 0.00
ops/s 5322.43

commits/s 5578.40
aborts/s 1.00
ops/s 5579.40

commits/s 5607.57
aborts/s 0.00
ops/s 5607.57

commits/s 5539.95
aborts/s 0.00
ops/s 5539.95

commits/s 5494.91
aborts/s 0.00
ops/s 5494.91

commits/s 5634.42
aborts/s 1.00
ops/s 5635.42

commits/s 5414.57
aborts/s 1.00
ops/s 5415.57

commits/s 5524.13
aborts/s 0.00
ops/s 5524.13

commits/s 5295.67
aborts/s 0.00
ops/s 5295.67

commits/s 5359.31
aborts/s 0.00
ops/s 5359.31

commits/s 5354.99
aborts/s 0.00
ops/s 5354.99

commits/s 5543.23
aborts/s 0.00
ops/s 5543.23

commits/s 5635.23
aborts/s 0.00
ops/s 5635.23

commits/s 5465.75
aborts/s 0.00
ops/s 5465.75

commits/s 5455.00
aborts/s 0.00
ops/s 5455.00

commits/s 5529.38
aborts/s 0.00
ops/s 5529.38

commits/s 5575.69
aborts/s 0.00
ops/s 5575.69

commits/s 5618.13
aborts/s 0.00
ops/s 5618.13

commits/s 5575.63
aborts/s 0.00
ops/s 5575.63

commits/s 5543.53
aborts/s 0.00
ops/s 5543.53

commits/s 5645.95
aborts/s 0.00
ops/s 5645.95

commits/s 5592.16
aborts/s 0.00
ops/s 5592.16

commits/s 5142.90
aborts/s 0.00
ops/s 5142.90

commits/s 0.00
aborts/s 0.00
ops/s 0.00

