woundwait
Starting KVS server on :8080
commits/s 0.00
aborts/s 0.00
ops/s 0.00

commits/s 0.00
aborts/s 0.00
ops/s 0.00

commits/s 0.00
aborts/s 0.00
ops/s 0.00

commits/s 0.00
aborts/s 0.00
ops/s 0.00

commits/s 0.00
aborts/s 0.00
ops/s 0.00

commits/s 4242.70
aborts/s 14.00
ops/s 4256.70

commits/s 4287.45
aborts/s 17.00
ops/s 4304.45

commits/s 4248.82
aborts/s 6.00
ops/s 4254.82

commits/s 4299.52
aborts/s 20.00
ops/s 4319.52

commits/s 4262.07
aborts/s 17.00
ops/s 4279.07

commits/s 4258.51
aborts/s 24.00
ops/s 4282.51

commits/s 4243.24
aborts/s 18.00
ops/s 4261.23

commits/s 4179.47
aborts/s 26.00
ops/s 4205.47

commits/s 4299.55
aborts/s 9.00
ops/s 4308.54

commits/s 4278.36
aborts/s 17.00
ops/s 4295.35

commits/s 4269.55
aborts/s 23.00
ops/s 4292.55

commits/s 4237.54
aborts/s 12.00
ops/s 4249.54

commits/s 4195.02
aborts/s 20.00
ops/s 4215.02

commits/s 4210.18
aborts/s 25.99
ops/s 4236.18

commits/s 4223.32
aborts/s 19.00
ops/s 4242.31

commits/s 4128.57
aborts/s 32.00
ops/s 4160.57

commits/s 4224.42
aborts/s 23.00
ops/s 4247.41

commits/s 4228.05
aborts/s 19.00
ops/s 4247.04

commits/s 4221.69
aborts/s 16.00
ops/s 4237.69

commits/s 4185.54
aborts/s 23.00
ops/s 4208.54

commits/s 4287.32
aborts/s 18.00
ops/s 4305.31

commits/s 4255.45
aborts/s 18.00
ops/s 4273.44

commits/s 4190.59
aborts/s 22.00
ops/s 4212.58

commits/s 4304.64
aborts/s 15.00
ops/s 4319.63

commits/s 4311.44
aborts/s 17.00
ops/s 4328.44

commits/s 4230.51
aborts/s 18.00
ops/s 4248.51

commits/s 4255.36
aborts/s 27.00
ops/s 4282.35

commits/s 4225.67
aborts/s 21.00
ops/s 4246.67

commits/s 4297.52
aborts/s 20.00
ops/s 4317.52

commits/s 3835.88
aborts/s 18.98
ops/s 3854.86

commits/s 0.00
aborts/s 0.00
ops/s 0.00

