woundwait
Starting KVS server on :8080
commits/s 0.00
aborts/s 0.00
ops/s 0.00

commits/s 0.00
aborts/s 0.00
ops/s 0.00

commits/s 0.00
aborts/s 0.00
ops/s 0.00

commits/s 0.00
aborts/s 0.00
ops/s 0.00

commits/s 0.00
aborts/s 0.00
ops/s 0.00

commits/s 4183.42
aborts/s 19.00
ops/s 4202.42

commits/s 4184.42
aborts/s 15.00
ops/s 4199.42

commits/s 4181.37
aborts/s 11.00
ops/s 4192.37

commits/s 4230.22
aborts/s 13.00
ops/s 4243.22

commits/s 4137.46
aborts/s 23.00
ops/s 4160.46

commits/s 4172.52
aborts/s 15.99
ops/s 4188.51

commits/s 4205.10
aborts/s 23.99
ops/s 4229.09

commits/s 4181.60
aborts/s 15.00
ops/s 4196.60

commits/s 4144.35
aborts/s 28.00
ops/s 4172.34

commits/s 4177.36
aborts/s 18.00
ops/s 4195.36

commits/s 4293.16
aborts/s 18.00
ops/s 4311.16

commits/s 4227.21
aborts/s 17.00
ops/s 4244.20

commits/s 4178.54
aborts/s 18.00
ops/s 4196.54

commits/s 4140.55
aborts/s 23.00
ops/s 4163.55

commits/s 4233.51
aborts/s 24.00
ops/s 4257.51

commits/s 4295.57
aborts/s 7.00
ops/s 4302.57

commits/s 4292.34
aborts/s 14.00
ops/s 4306.34

commits/s 4262.83
aborts/s 16.00
ops/s 4278.82

commits/s 4121.38
aborts/s 20.00
ops/s 4141.37

commits/s 4225.55
aborts/s 25.00
ops/s 4250.55

commits/s 4203.29
aborts/s 17.00
ops/s 4220.29

commits/s 4291.64
aborts/s 24.00
ops/s 4315.63

commits/s 4208.43
aborts/s 12.00
ops/s 4220.42

commits/s 4182.69
aborts/s 23.00
ops/s 4205.69

commits/s 4234.30
aborts/s 13.00
ops/s 4247.30

commits/s 4165.69
aborts/s 18.00
ops/s 4183.69

commits/s 4174.63
aborts/s 21.00
ops/s 4195.63

commits/s 4230.52
aborts/s 16.00
ops/s 4246.51

commits/s 4187.27
aborts/s 29.99
ops/s 4217.27

commits/s 3881.47
aborts/s 7.99
ops/s 3889.46

commits/s 0.00
aborts/s 0.00
ops/s 0.00

