woundwait
Starting KVS server on :8080
commits/s 0.00
aborts/s 0.00
ops/s 0.00

commits/s 0.00
aborts/s 0.00
ops/s 0.00

commits/s 0.00
aborts/s 0.00
ops/s 0.00

commits/s 0.00
aborts/s 0.00
ops/s 0.00

commits/s 0.00
aborts/s 0.00
ops/s 0.00

commits/s 3971.79
aborts/s 15.00
ops/s 3986.79

commits/s 4159.27
aborts/s 18.00
ops/s 4177.26

commits/s 4212.38
aborts/s 15.00
ops/s 4227.38

commits/s 4227.27
aborts/s 17.00
ops/s 4244.26

commits/s 4274.31
aborts/s 15.00
ops/s 4289.31

commits/s 4209.58
aborts/s 17.00
ops/s 4226.58

commits/s 4189.43
aborts/s 30.00
ops/s 4219.43

commits/s 4276.44
aborts/s 21.00
ops/s 4297.44

commits/s 4310.30
aborts/s 27.00
ops/s 4337.29

commits/s 4330.97
aborts/s 12.00
ops/s 4342.96

commits/s 4258.39
aborts/s 16.00
ops/s 4274.39

commits/s 4227.52
aborts/s 12.00
ops/s 4239.52

commits/s 4173.66
aborts/s 33.98
ops/s 4207.64

commits/s 4258.44
aborts/s 20.00
ops/s 4278.44

commits/s 4298.40
aborts/s 16.00
ops/s 4314.40

commits/s 4249.75
aborts/s 28.98
ops/s 4278.74

commits/s 4157.34
aborts/s 21.00
ops/s 4178.34

commits/s 4242.70
aborts/s 27.99
ops/s 4270.70

commits/s 4267.64
aborts/s 22.00
ops/s 4289.64

commits/s 4235.48
aborts/s 23.00
ops/s 4258.48

commits/s 4249.49
aborts/s 31.00
ops/s 4280.48

commits/s 4264.31
aborts/s 23.00
ops/s 4287.31

commits/s 4174.59
aborts/s 17.00
ops/s 4191.59

commits/s 4279.47
aborts/s 19.00
ops/s 4298.47

commits/s 4216.60
aborts/s 27.00
ops/s 4243.59

commits/s 4247.96
aborts/s 20.00
ops/s 4267.95

commits/s 4225.63
aborts/s 16.00
ops/s 4241.63

commits/s 4247.47
aborts/s 16.99
ops/s 4264.47

commits/s 4207.50
aborts/s 13.00
ops/s 4220.50

commits/s 4074.19
aborts/s 25.99
ops/s 4100.17

commits/s 0.00
aborts/s 0.00
ops/s 0.00

