woundwait
Starting KVS server on :8080
commits/s 0.00
aborts/s 0.00
ops/s 0.00

commits/s 0.00
aborts/s 0.00
ops/s 0.00

commits/s 0.00
aborts/s 0.00
ops/s 0.00

commits/s 0.00
aborts/s 0.00
ops/s 0.00

commits/s 504.94
aborts/s 0.00
ops/s 504.94

commits/s 4356.54
aborts/s 0.00
ops/s 4356.54

commits/s 4294.30
aborts/s 0.00
ops/s 4294.30

commits/s 4316.23
aborts/s 0.00
ops/s 4316.23

commits/s 4329.41
aborts/s 0.00
ops/s 4329.41

commits/s 4258.53
aborts/s 0.00
ops/s 4258.53

commits/s 4347.46
aborts/s 0.00
ops/s 4347.46

commits/s 4296.38
aborts/s 0.00
ops/s 4296.38

commits/s 4383.88
aborts/s 0.00
ops/s 4383.88

commits/s 4355.99
aborts/s 0.00
ops/s 4355.99

commits/s 4132.41
aborts/s 0.00
ops/s 4132.41

commits/s 4334.64
aborts/s 0.00
ops/s 4334.64

commits/s 4336.42
aborts/s 0.00
ops/s 4336.42

commits/s 4325.34
aborts/s 0.00
ops/s 4325.34

commits/s 4386.51
aborts/s 0.00
ops/s 4386.51

commits/s 4324.66
aborts/s 0.00
ops/s 4324.66

commits/s 4377.44
aborts/s 0.00
ops/s 4377.44

commits/s 4383.51
aborts/s 0.00
ops/s 4383.51

commits/s 4331.64
aborts/s 0.00
ops/s 4331.64

commits/s 4293.55
aborts/s 0.00
ops/s 4293.55

commits/s 4308.24
aborts/s 0.00
ops/s 4308.24

commits/s 4272.69
aborts/s 0.00
ops/s 4272.69

commits/s 4086.73
aborts/s 0.00
ops/s 4086.73

commits/s 4235.22
aborts/s 0.00
ops/s 4235.22

commits/s 4289.12
aborts/s 0.00
ops/s 4289.12

commits/s 4410.68
aborts/s 0.00
ops/s 4410.68

commits/s 4361.65
aborts/s 0.00
ops/s 4361.65

commits/s 4291.65
aborts/s 0.00
ops/s 4291.65

commits/s 4385.57
aborts/s 0.00
ops/s 4385.57

commits/s 4453.28
aborts/s 0.00
ops/s 4453.28

commits/s 3456.67
aborts/s 0.00
ops/s 3456.67

commits/s 0.00
aborts/s 0.00
ops/s 0.00

