woundwait
Starting KVS server on :8080
commits/s 0.00
aborts/s 0.00
ops/s 0.00

commits/s 0.00
aborts/s 0.00
ops/s 0.00

commits/s 0.00
aborts/s 0.00
ops/s 0.00

commits/s 0.00
aborts/s 0.00
ops/s 0.00

commits/s 488.90
aborts/s 0.00
ops/s 488.90

commits/s 4404.13
aborts/s 0.00
ops/s 4404.13

commits/s 4180.22
aborts/s 0.00
ops/s 4180.22

commits/s 4287.80
aborts/s 0.00
ops/s 4287.80

commits/s 4293.49
aborts/s 0.00
ops/s 4293.49

commits/s 4189.48
aborts/s 0.00
ops/s 4189.48

commits/s 4322.42
aborts/s 0.00
ops/s 4322.42

commits/s 4437.46
aborts/s 0.00
ops/s 4437.46

commits/s 4297.48
aborts/s 0.00
ops/s 4297.48

commits/s 4331.51
aborts/s 0.00
ops/s 4331.51

commits/s 4283.50
aborts/s 0.00
ops/s 4283.50

commits/s 4299.54
aborts/s 0.00
ops/s 4299.54

commits/s 4184.39
aborts/s 0.00
ops/s 4184.39

commits/s 4243.28
aborts/s 0.00
ops/s 4243.28

commits/s 4376.54
aborts/s 0.00
ops/s 4376.54

commits/s 4336.39
aborts/s 0.00
ops/s 4336.39

commits/s 4258.38
aborts/s 0.00
ops/s 4258.38

commits/s 4346.35
aborts/s 0.00
ops/s 4346.35

commits/s 4268.44
aborts/s 0.00
ops/s 4268.44

commits/s 4327.83
aborts/s 0.00
ops/s 4327.83

commits/s 4332.35
aborts/s 0.00
ops/s 4332.35

commits/s 4170.26
aborts/s 0.00
ops/s 4170.26

commits/s 4297.36
aborts/s 0.00
ops/s 4297.36

commits/s 4278.44
aborts/s 0.00
ops/s 4278.44

commits/s 4261.62
aborts/s 0.00
ops/s 4261.62

commits/s 4400.10
aborts/s 0.00
ops/s 4400.10

commits/s 4281.39
aborts/s 0.00
ops/s 4281.39

commits/s 4376.33
aborts/s 0.00
ops/s 4376.33

commits/s 4327.65
aborts/s 0.00
ops/s 4327.65

commits/s 4271.46
aborts/s 0.00
ops/s 4271.46

commits/s 3324.76
aborts/s 0.00
ops/s 3324.76

commits/s 0.00
aborts/s 0.00
ops/s 0.00

