woundwait
Starting KVS server on :8080
commits/s 0.00
aborts/s 0.00
ops/s 0.00

commits/s 0.00
aborts/s 0.00
ops/s 0.00

commits/s 0.00
aborts/s 0.00
ops/s 0.00

commits/s 0.00
aborts/s 0.00
ops/s 0.00

commits/s 1110.85
aborts/s 0.00
ops/s 1110.85

commits/s 4265.80
aborts/s 0.00
ops/s 4265.80

commits/s 4354.45
aborts/s 0.00
ops/s 4354.45

commits/s 4407.10
aborts/s 0.00
ops/s 4407.10

commits/s 4333.61
aborts/s 0.00
ops/s 4333.61

commits/s 4256.26
aborts/s 0.00
ops/s 4256.26

commits/s 4321.30
aborts/s 0.00
ops/s 4321.30

commits/s 4294.71
aborts/s 0.00
ops/s 4294.71

commits/s 4398.46
aborts/s 0.00
ops/s 4398.46

commits/s 4372.53
aborts/s 0.00
ops/s 4372.53

commits/s 4213.54
aborts/s 0.00
ops/s 4213.54

commits/s 4272.49
aborts/s 0.00
ops/s 4272.49

commits/s 4388.44
aborts/s 0.00
ops/s 4388.44

commits/s 4413.25
aborts/s 0.00
ops/s 4413.25

commits/s 4276.50
aborts/s 0.00
ops/s 4276.50

commits/s 4394.40
aborts/s 0.00
ops/s 4394.40

commits/s 4279.65
aborts/s 0.00
ops/s 4279.65

commits/s 4336.53
aborts/s 0.00
ops/s 4336.53

commits/s 4313.57
aborts/s 0.00
ops/s 4313.57

commits/s 4379.47
aborts/s 0.00
ops/s 4379.47

commits/s 4288.46
aborts/s 0.00
ops/s 4288.46

commits/s 4139.58
aborts/s 0.00
ops/s 4139.58

commits/s 4264.59
aborts/s 0.00
ops/s 4264.59

commits/s 4240.47
aborts/s 0.00
ops/s 4240.47

commits/s 4354.42
aborts/s 0.00
ops/s 4354.42

commits/s 4389.57
aborts/s 0.00
ops/s 4389.57

commits/s 4356.48
aborts/s 0.00
ops/s 4356.48

commits/s 4486.14
aborts/s 0.00
ops/s 4486.14

commits/s 4320.43
aborts/s 0.00
ops/s 4320.43

commits/s 4251.10
aborts/s 0.00
ops/s 4251.10

commits/s 2619.03
aborts/s 0.00
ops/s 2619.03

