woundwait
Starting KVS server on :8080
commits/s 0.00
aborts/s 0.00
ops/s 0.00

commits/s 0.00
aborts/s 0.00
ops/s 0.00

commits/s 0.00
aborts/s 0.00
ops/s 0.00

commits/s 0.00
aborts/s 0.00
ops/s 0.00

commits/s 1021.88
aborts/s 0.00
ops/s 1021.88

commits/s 4302.50
aborts/s 0.00
ops/s 4302.50

commits/s 4339.26
aborts/s 0.00
ops/s 4339.26

commits/s 4242.57
aborts/s 0.00
ops/s 4242.57

commits/s 4315.54
aborts/s 0.00
ops/s 4315.54

commits/s 4248.49
aborts/s 0.00
ops/s 4248.49

commits/s 4369.29
aborts/s 0.00
ops/s 4369.29

commits/s 4223.26
aborts/s 0.00
ops/s 4223.26

commits/s 4308.53
aborts/s 0.00
ops/s 4308.53

commits/s 4320.08
aborts/s 0.00
ops/s 4320.08

commits/s 4283.63
aborts/s 0.00
ops/s 4283.63

commits/s 4242.52
aborts/s 0.00
ops/s 4242.52

commits/s 4277.65
aborts/s 0.00
ops/s 4277.65

commits/s 4375.55
aborts/s 0.00
ops/s 4375.55

commits/s 4241.60
aborts/s 1.00
ops/s 4242.60

commits/s 4322.29
aborts/s 0.00
ops/s 4322.29

commits/s 4354.59
aborts/s 0.00
ops/s 4354.59

commits/s 4221.57
aborts/s 0.00
ops/s 4221.57

commits/s 4304.34
aborts/s 0.00
ops/s 4304.34

commits/s 4413.62
aborts/s 0.00
ops/s 4413.62

commits/s 4243.17
aborts/s 0.00
ops/s 4243.17

commits/s 4316.10
aborts/s 0.00
ops/s 4316.10

commits/s 4309.27
aborts/s 0.00
ops/s 4309.27

commits/s 4342.67
aborts/s 0.00
ops/s 4342.67

commits/s 4060.78
aborts/s 0.00
ops/s 4060.78

commits/s 4173.56
aborts/s 0.00
ops/s 4173.56

commits/s 4192.68
aborts/s 0.00
ops/s 4192.68

commits/s 4271.38
aborts/s 0.00
ops/s 4271.38

commits/s 4225.74
aborts/s 0.00
ops/s 4225.74

commits/s 4306.41
aborts/s 0.00
ops/s 4306.41

commits/s 2828.28
aborts/s 0.00
ops/s 2828.28

commits/s 0.00
aborts/s 0.00
ops/s 0.00

