woundwait
Starting KVS server on :8080
commits/s 0.00
aborts/s 0.00
ops/s 0.00

commits/s 0.00
aborts/s 0.00
ops/s 0.00

commits/s 0.00
aborts/s 0.00
ops/s 0.00

commits/s 0.00
aborts/s 0.00
ops/s 0.00

commits/s 669.96
aborts/s 0.00
ops/s 669.96

commits/s 4332.55
aborts/s 0.00
ops/s 4332.55

commits/s 4280.52
aborts/s 0.00
ops/s 4280.52

commits/s 4258.52
aborts/s 0.00
ops/s 4258.52

commits/s 4348.16
aborts/s 0.00
ops/s 4348.16

commits/s 4272.45
aborts/s 0.00
ops/s 4272.45

commits/s 4186.50
aborts/s 0.00
ops/s 4186.50

commits/s 4277.41
aborts/s 0.00
ops/s 4277.41

commits/s 4319.47
aborts/s 0.00
ops/s 4319.47

commits/s 4345.41
aborts/s 0.00
ops/s 4345.41

commits/s 4299.58
aborts/s 0.00
ops/s 4299.58

commits/s 4220.51
aborts/s 0.00
ops/s 4220.51

commits/s 4236.44
aborts/s 0.00
ops/s 4236.44

commits/s 4345.51
aborts/s 0.00
ops/s 4345.51

commits/s 4264.17
aborts/s 1.00
ops/s 4265.17

commits/s 4337.36
aborts/s 0.00
ops/s 4337.36

commits/s 4396.69
aborts/s 0.00
ops/s 4396.69

commits/s 4138.59
aborts/s 0.00
ops/s 4138.59

commits/s 4288.45
aborts/s 0.00
ops/s 4288.45

commits/s 4384.09
aborts/s 0.00
ops/s 4384.09

commits/s 4226.57
aborts/s 0.00
ops/s 4226.57

commits/s 4267.43
aborts/s 0.00
ops/s 4267.43

commits/s 4261.57
aborts/s 0.00
ops/s 4261.57

commits/s 4323.22
aborts/s 0.00
ops/s 4323.22

commits/s 4198.52
aborts/s 0.00
ops/s 4198.52

commits/s 4122.28
aborts/s 0.00
ops/s 4122.28

commits/s 4264.54
aborts/s 0.00
ops/s 4264.54

commits/s 4325.71
aborts/s 0.00
ops/s 4325.71

commits/s 4217.70
aborts/s 0.00
ops/s 4217.70

commits/s 4187.04
aborts/s 0.00
ops/s 4187.04

commits/s 3089.36
aborts/s 0.00
ops/s 3089.36

