woundwait
Starting KVS server on :8080
commits/s 0.00
aborts/s 0.00
ops/s 0.00

commits/s 0.00
aborts/s 0.00
ops/s 0.00

commits/s 0.00
aborts/s 0.00
ops/s 0.00

commits/s 0.00
aborts/s 0.00
ops/s 0.00

commits/s 84.00
aborts/s 0.00
ops/s 84.00

commits/s 4415.73
aborts/s 0.00
ops/s 4415.73

commits/s 4255.33
aborts/s 0.00
ops/s 4255.33

commits/s 4239.17
aborts/s 0.00
ops/s 4239.17

commits/s 4307.58
aborts/s 0.00
ops/s 4307.58

commits/s 4327.44
aborts/s 0.00
ops/s 4327.44

commits/s 4308.59
aborts/s 0.00
ops/s 4308.59

commits/s 4287.36
aborts/s 0.00
ops/s 4287.36

commits/s 4322.32
aborts/s 0.00
ops/s 4322.32

commits/s 4339.22
aborts/s 0.00
ops/s 4339.22

commits/s 4273.48
aborts/s 0.00
ops/s 4273.48

commits/s 4256.78
aborts/s 0.00
ops/s 4256.78

commits/s 4208.41
aborts/s 0.00
ops/s 4208.41

commits/s 4322.25
aborts/s 0.00
ops/s 4322.25

commits/s 4240.43
aborts/s 0.00
ops/s 4240.43

commits/s 4315.56
aborts/s 1.00
ops/s 4316.56

commits/s 4293.37
aborts/s 0.00
ops/s 4293.37

commits/s 4241.59
aborts/s 0.00
ops/s 4241.59

commits/s 4270.49
aborts/s 0.00
ops/s 4270.49

commits/s 4338.26
aborts/s 0.00
ops/s 4338.26

commits/s 4283.06
aborts/s 0.00
ops/s 4283.06

commits/s 4218.67
aborts/s 0.00
ops/s 4218.67

commits/s 4351.93
aborts/s 0.00
ops/s 4351.93

commits/s 4342.71
aborts/s 0.00
ops/s 4342.71

commits/s 4251.62
aborts/s 0.00
ops/s 4251.62

commits/s 4085.72
aborts/s 0.00
ops/s 4085.72

commits/s 4242.58
aborts/s 0.00
ops/s 4242.58

commits/s 4367.98
aborts/s 0.00
ops/s 4367.98

commits/s 4276.49
aborts/s 0.00
ops/s 4276.49

commits/s 4218.61
aborts/s 0.00
ops/s 4218.61

commits/s 3561.82
aborts/s 0.00
ops/s 3561.82

commits/s 0.00
aborts/s 0.00
ops/s 0.00

