nowait
Starting KVS server on :8080
commits/s 0.00
aborts/s 0.00
ops/s 0.00

commits/s 0.00
aborts/s 0.00
ops/s 0.00

commits/s 0.00
aborts/s 0.00
ops/s 0.00

commits/s 0.00
aborts/s 0.00
ops/s 0.00

commits/s 0.00
aborts/s 0.00
ops/s 0.00

commits/s 5340.43
aborts/s 0.00
ops/s 5340.43

commits/s 5662.33
aborts/s 0.00
ops/s 5662.33

commits/s 5652.14
aborts/s 0.00
ops/s 5652.14

commits/s 5713.23
aborts/s 0.00
ops/s 5713.23

commits/s 5634.20
aborts/s 0.00
ops/s 5634.20

commits/s 5628.79
aborts/s 0.00
ops/s 5628.79

commits/s 5533.04
aborts/s 0.00
ops/s 5533.04

commits/s 5711.94
aborts/s 0.00
ops/s 5711.94

commits/s 5599.07
aborts/s 0.00
ops/s 5599.07

commits/s 5615.37
aborts/s 0.00
ops/s 5615.37

commits/s 5654.25
aborts/s 0.00
ops/s 5654.25

commits/s 5571.11
aborts/s 0.00
ops/s 5571.11

commits/s 5656.08
aborts/s 0.00
ops/s 5656.08

commits/s 5631.04
aborts/s 0.00
ops/s 5631.04

commits/s 5615.53
aborts/s 0.00
ops/s 5615.53

commits/s 5553.42
aborts/s 0.00
ops/s 5553.42

commits/s 5689.22
aborts/s 0.00
ops/s 5689.22

commits/s 5548.21
aborts/s 0.00
ops/s 5548.21

commits/s 5642.26
aborts/s 0.00
ops/s 5642.26

commits/s 5611.25
aborts/s 0.00
ops/s 5611.25

commits/s 5622.30
aborts/s 0.00
ops/s 5622.30

commits/s 5649.23
aborts/s 0.00
ops/s 5649.23

commits/s 5603.47
aborts/s 0.00
ops/s 5603.47

commits/s 5642.95
aborts/s 0.00
ops/s 5642.95

commits/s 5666.40
aborts/s 0.00
ops/s 5666.40

commits/s 5573.28
aborts/s 0.00
ops/s 5573.28

commits/s 5607.29
aborts/s 0.00
ops/s 5607.29

commits/s 5732.03
aborts/s 0.00
ops/s 5732.03

commits/s 5650.57
aborts/s 0.00
ops/s 5650.57

commits/s 5303.97
aborts/s 0.00
ops/s 5303.97

commits/s 0.00
aborts/s 0.00
ops/s 0.00

