nowait
Starting KVS server on :8080
commits/s 0.00
aborts/s 0.00
ops/s 0.00

commits/s 0.00
aborts/s 0.00
ops/s 0.00

commits/s 0.00
aborts/s 0.00
ops/s 0.00

commits/s 0.00
aborts/s 0.00
ops/s 0.00

commits/s 965.89
aborts/s 0.00
ops/s 965.89

commits/s 5623.34
aborts/s 0.00
ops/s 5623.34

commits/s 5597.72
aborts/s 0.00
ops/s 5597.72

commits/s 5750.09
aborts/s 0.00
ops/s 5750.09

commits/s 5572.11
aborts/s 0.00
ops/s 5572.11

commits/s 5663.94
aborts/s 0.00
ops/s 5663.94

commits/s 5620.39
aborts/s 0.00
ops/s 5620.39

commits/s 5609.15
aborts/s 0.00
ops/s 5609.15

commits/s 5629.30
aborts/s 0.00
ops/s 5629.30

commits/s 5630.31
aborts/s 0.00
ops/s 5630.31

commits/s 5582.05
aborts/s 0.00
ops/s 5582.05

commits/s 5585.04
aborts/s 0.00
ops/s 5585.04

commits/s 5670.98
aborts/s 0.00
ops/s 5670.98

commits/s 5640.84
aborts/s 0.00
ops/s 5640.84

commits/s 5725.96
aborts/s 0.00
ops/s 5725.96

commits/s 5589.30
aborts/s 0.00
ops/s 5589.30

commits/s 5668.58
aborts/s 0.00
ops/s 5668.58

commits/s 5778.20
aborts/s 0.00
ops/s 5778.20

commits/s 5689.53
aborts/s 0.00
ops/s 5689.53

commits/s 5588.48
aborts/s 0.00
ops/s 5588.48

commits/s 5591.50
aborts/s 0.00
ops/s 5591.50

commits/s 5684.09
aborts/s 0.00
ops/s 5684.09

commits/s 5597.42
aborts/s 0.00
ops/s 5597.42

commits/s 5591.33
aborts/s 0.00
ops/s 5591.33

commits/s 5616.39
aborts/s 0.00
ops/s 5616.39

commits/s 5511.65
aborts/s 0.00
ops/s 5511.65

commits/s 5702.43
aborts/s 0.00
ops/s 5702.43

commits/s 5489.96
aborts/s 0.00
ops/s 5489.96

commits/s 5643.26
aborts/s 0.00
ops/s 5643.26

commits/s 5703.28
aborts/s 0.00
ops/s 5703.28

commits/s 3997.35
aborts/s 0.00
ops/s 3997.35

commits/s 0.00
aborts/s 0.00
ops/s 0.00

