nowait
Starting KVS server on :8080
commits/s 0.00
aborts/s 0.00
ops/s 0.00

commits/s 0.00
aborts/s 0.00
ops/s 0.00

commits/s 0.00
aborts/s 0.00
ops/s 0.00

commits/s 0.00
aborts/s 0.00
ops/s 0.00

commits/s 0.00
aborts/s 0.00
ops/s 0.00

commits/s 5286.68
aborts/s 0.00
ops/s 5286.68

commits/s 5601.05
aborts/s 0.00
ops/s 5601.05

commits/s 5612.28
aborts/s 0.00
ops/s 5612.28

commits/s 5598.03
aborts/s 0.00
ops/s 5598.03

commits/s 5625.43
aborts/s 0.00
ops/s 5625.43

commits/s 5639.81
aborts/s 0.00
ops/s 5639.81

commits/s 5689.54
aborts/s 0.00
ops/s 5689.54

commits/s 5677.39
aborts/s 0.00
ops/s 5677.39

commits/s 5643.30
aborts/s 0.00
ops/s 5643.30

commits/s 5583.00
aborts/s 0.00
ops/s 5583.00

commits/s 5599.09
aborts/s 0.00
ops/s 5599.09

commits/s 5638.35
aborts/s 0.00
ops/s 5638.35

commits/s 5598.77
aborts/s 0.00
ops/s 5598.77

commits/s 5643.05
aborts/s 0.00
ops/s 5643.05

commits/s 5530.58
aborts/s 0.00
ops/s 5530.58

commits/s 5632.27
aborts/s 0.00
ops/s 5632.27

commits/s 5733.29
aborts/s 0.00
ops/s 5733.29

commits/s 5641.18
aborts/s 0.00
ops/s 5641.18

commits/s 5651.00
aborts/s 0.00
ops/s 5651.00

commits/s 5626.10
aborts/s 0.00
ops/s 5626.10

commits/s 5684.50
aborts/s 0.00
ops/s 5684.50

commits/s 5633.42
aborts/s 0.00
ops/s 5633.42

commits/s 5622.43
aborts/s 0.00
ops/s 5622.43

commits/s 5589.14
aborts/s 0.00
ops/s 5589.14

commits/s 5676.56
aborts/s 0.00
ops/s 5676.56

commits/s 5576.21
aborts/s 0.00
ops/s 5576.21

commits/s 5691.30
aborts/s 0.00
ops/s 5691.30

commits/s 5522.48
aborts/s 0.00
ops/s 5522.48

commits/s 5652.17
aborts/s 0.00
ops/s 5652.17

commits/s 5240.93
aborts/s 0.00
ops/s 5240.93

commits/s 0.00
aborts/s 0.00
ops/s 0.00

