woundwait
Starting KVS server on :8080
commits/s 0.00
aborts/s 0.00
ops/s 0.00

commits/s 0.00
aborts/s 0.00
ops/s 0.00

commits/s 0.00
aborts/s 0.00
ops/s 0.00

commits/s 0.00
aborts/s 0.00
ops/s 0.00

commits/s 0.00
aborts/s 4.00
ops/s 4.00

commits/s 245.96
aborts/s 484.93
ops/s 730.89

commits/s 241.93
aborts/s 489.85
ops/s 731.77

commits/s 264.95
aborts/s 494.90
ops/s 759.85

commits/s 222.96
aborts/s 446.93
ops/s 669.89

commits/s 224.97
aborts/s 466.95
ops/s 691.92

commits/s 223.93
aborts/s 450.85
ops/s 674.77

commits/s 221.91
aborts/s 398.85
ops/s 620.76

commits/s 222.98
aborts/s 482.95
ops/s 705.93

commits/s 239.97
aborts/s 485.94
ops/s 725.90

commits/s 244.97
aborts/s 597.93
ops/s 842.90

commits/s 240.97
aborts/s 457.94
ops/s 698.91

commits/s 259.94
aborts/s 486.89
ops/s 746.83

commits/s 262.92
aborts/s 523.85
ops/s 786.77

commits/s 240.98
aborts/s 451.96
ops/s 692.93

commits/s 241.97
aborts/s 467.95
ops/s 709.92

commits/s 238.97
aborts/s 485.93
ops/s 724.90

commits/s 233.92
aborts/s 531.82
ops/s 765.74

commits/s 238.97
aborts/s 498.93
ops/s 737.90

commits/s 252.92
aborts/s 491.85
ops/s 744.78

commits/s 206.97
aborts/s 377.94
ops/s 584.91

commits/s 246.95
aborts/s 465.91
ops/s 712.86

commits/s 241.95
aborts/s 429.91
ops/s 671.87

commits/s 244.95
aborts/s 497.89
ops/s 742.84

commits/s 233.97
aborts/s 408.94
ops/s 642.90

commits/s 245.98
aborts/s 517.95
ops/s 763.93

commits/s 221.96
aborts/s 454.92
ops/s 676.87

commits/s 242.76
aborts/s 518.49
ops/s 761.25

commits/s 219.98
aborts/s 364.97
ops/s 584.95

commits/s 211.98
aborts/s 438.95
ops/s 650.93

commits/s 225.82
aborts/s 423.67
ops/s 649.49

commits/s 0.00
aborts/s 0.00
ops/s 0.00

