woundwait
Starting KVS server on :8080
commits/s 0.00
aborts/s 0.00
ops/s 0.00

commits/s 0.00
aborts/s 0.00
ops/s 0.00

commits/s 0.00
aborts/s 0.00
ops/s 0.00

commits/s 0.00
aborts/s 0.00
ops/s 0.00

commits/s 0.00
aborts/s 0.00
ops/s 0.00

commits/s 215.98
aborts/s 332.97
ops/s 548.95

commits/s 239.97
aborts/s 406.95
ops/s 646.93

commits/s 261.97
aborts/s 501.94
ops/s 763.90

commits/s 244.92
aborts/s 426.85
ops/s 671.77

commits/s 231.95
aborts/s 426.91
ops/s 658.86

commits/s 210.98
aborts/s 391.96
ops/s 602.94

commits/s 249.97
aborts/s 534.93
ops/s 784.90

commits/s 239.95
aborts/s 449.90
ops/s 689.84

commits/s 222.92
aborts/s 468.84
ops/s 691.76

commits/s 252.83
aborts/s 483.68
ops/s 736.51

commits/s 239.97
aborts/s 530.92
ops/s 770.89

commits/s 251.95
aborts/s 441.92
ops/s 693.88

commits/s 208.98
aborts/s 462.95
ops/s 671.93

commits/s 248.87
aborts/s 518.73
ops/s 767.60

commits/s 231.94
aborts/s 405.89
ops/s 637.82

commits/s 223.98
aborts/s 444.96
ops/s 668.94

commits/s 227.96
aborts/s 463.92
ops/s 691.89

commits/s 258.98
aborts/s 501.95
ops/s 760.93

commits/s 247.97
aborts/s 548.93
ops/s 796.89

commits/s 252.93
aborts/s 509.85
ops/s 762.78

commits/s 227.95
aborts/s 459.90
ops/s 687.86

commits/s 216.96
aborts/s 458.92
ops/s 675.88

commits/s 241.88
aborts/s 400.80
ops/s 642.67

commits/s 238.99
aborts/s 504.97
ops/s 743.96

commits/s 241.97
aborts/s 447.95
ops/s 689.92

commits/s 213.98
aborts/s 423.97
ops/s 637.95

commits/s 224.97
aborts/s 500.94
ops/s 725.91

commits/s 243.97
aborts/s 425.95
ops/s 669.93

commits/s 218.98
aborts/s 360.97
ops/s 579.94

commits/s 247.85
aborts/s 418.75
ops/s 666.60

commits/s 0.00
aborts/s 0.00
ops/s 0.00

