woundwait
Starting KVS server on :8080
commits/s 0.00
aborts/s 0.00
ops/s 0.00

commits/s 0.00
aborts/s 0.00
ops/s 0.00

commits/s 0.00
aborts/s 0.00
ops/s 0.00

commits/s 0.00
aborts/s 0.00
ops/s 0.00

commits/s 60.99
aborts/s 101.99
ops/s 162.98

commits/s 234.96
aborts/s 512.92
ops/s 747.88

commits/s 252.97
aborts/s 516.94
ops/s 769.92

commits/s 230.94
aborts/s 441.88
ops/s 672.82

commits/s 243.95
aborts/s 501.89
ops/s 745.84

commits/s 253.87
aborts/s 450.76
ops/s 704.63

commits/s 236.96
aborts/s 510.92
ops/s 747.88

commits/s 256.90
aborts/s 497.81
ops/s 754.71

commits/s 223.96
aborts/s 445.93
ops/s 669.89

commits/s 254.97
aborts/s 477.94
ops/s 732.90

commits/s 239.95
aborts/s 493.89
ops/s 733.84

commits/s 263.95
aborts/s 444.91
ops/s 708.86

commits/s 246.96
aborts/s 471.92
ops/s 718.88

commits/s 240.97
aborts/s 539.93
ops/s 780.90

commits/s 242.97
aborts/s 435.95
ops/s 678.92

commits/s 238.80
aborts/s 446.62
ops/s 685.42

commits/s 266.97
aborts/s 525.95
ops/s 792.92

commits/s 244.96
aborts/s 435.92
ops/s 680.88

commits/s 229.96
aborts/s 480.92
ops/s 710.88

commits/s 230.98
aborts/s 475.96
ops/s 706.94

commits/s 247.97
aborts/s 419.95
ops/s 667.93

commits/s 229.78
aborts/s 359.66
ops/s 589.44

commits/s 231.97
aborts/s 450.94
ops/s 682.92

commits/s 236.98
aborts/s 422.97
ops/s 659.95

commits/s 227.96
aborts/s 430.93
ops/s 658.89

commits/s 238.97
aborts/s 444.94
ops/s 683.90

commits/s 244.80
aborts/s 440.65
ops/s 685.45

commits/s 222.99
aborts/s 454.97
ops/s 677.96

commits/s 227.96
aborts/s 437.93
ops/s 665.90

commits/s 233.86
aborts/s 456.72
ops/s 690.58

commits/s 154.83
aborts/s 315.65
ops/s 470.47

commits/s 0.00
aborts/s 0.00
ops/s 0.00

