waitdie
Starting KVS server on :8080
commits/s 0.00
aborts/s 0.00
ops/s 0.00

commits/s 0.00
aborts/s 0.00
ops/s 0.00

commits/s 0.00
aborts/s 0.00
ops/s 0.00

commits/s 0.00
aborts/s 0.00
ops/s 0.00

commits/s 473.98
aborts/s 0.00
ops/s 473.98

commits/s 5589.40
aborts/s 0.00
ops/s 5589.40

commits/s 5520.23
aborts/s 0.00
ops/s 5520.23

commits/s 5577.22
aborts/s 0.00
ops/s 5577.22

commits/s 5523.06
aborts/s 0.00
ops/s 5523.06

commits/s 5554.29
aborts/s 0.00
ops/s 5554.29

commits/s 5571.19
aborts/s 0.00
ops/s 5571.19

commits/s 5638.32
aborts/s 0.00
ops/s 5638.32

commits/s 5657.19
aborts/s 0.00
ops/s 5657.19

commits/s 5575.25
aborts/s 0.00
ops/s 5575.25

commits/s 5524.29
aborts/s 0.00
ops/s 5524.29

commits/s 5533.31
aborts/s 0.00
ops/s 5533.31

commits/s 5533.91
aborts/s 0.00
ops/s 5533.91

commits/s 5683.04
aborts/s 0.00
ops/s 5683.04

commits/s 5599.04
aborts/s 0.00
ops/s 5599.04

commits/s 5654.35
aborts/s 0.00
ops/s 5654.35

commits/s 5610.46
aborts/s 0.00
ops/s 5610.46

commits/s 5611.62
aborts/s 0.00
ops/s 5611.62

commits/s 5523.29
aborts/s 0.00
ops/s 5523.29

commits/s 5626.07
aborts/s 0.00
ops/s 5626.07

commits/s 5604.59
aborts/s 0.00
ops/s 5604.59

commits/s 5631.18
aborts/s 0.00
ops/s 5631.18

commits/s 5573.64
aborts/s 0.00
ops/s 5573.64

commits/s 5408.37
aborts/s 0.00
ops/s 5408.37

commits/s 5556.11
aborts/s 0.00
ops/s 5556.11

commits/s 5533.62
aborts/s 0.00
ops/s 5533.62

commits/s 5503.42
aborts/s 0.00
ops/s 5503.42

commits/s 5626.19
aborts/s 0.00
ops/s 5626.19

commits/s 5564.66
aborts/s 0.00
ops/s 5564.66

commits/s 5450.19
aborts/s 0.00
ops/s 5450.19

commits/s 4445.44
aborts/s 0.00
ops/s 4445.44

commits/s 0.00
aborts/s 0.00
ops/s 0.00

