waitdie
Starting KVS server on :8080
commits/s 0.00
aborts/s 0.00
ops/s 0.00

commits/s 0.00
aborts/s 0.00
ops/s 0.00

commits/s 0.00
aborts/s 0.00
ops/s 0.00

commits/s 0.00
aborts/s 0.00
ops/s 0.00

commits/s 0.00
aborts/s 0.00
ops/s 0.00

commits/s 5148.69
aborts/s 0.00
ops/s 5148.69

commits/s 5533.20
aborts/s 0.00
ops/s 5533.20

commits/s 5525.23
aborts/s 0.00
ops/s 5525.23

commits/s 5522.38
aborts/s 0.00
ops/s 5522.38

commits/s 5555.40
aborts/s 0.00
ops/s 5555.40

commits/s 5532.52
aborts/s 0.00
ops/s 5532.52

commits/s 5718.98
aborts/s 0.00
ops/s 5718.98

commits/s 5645.33
aborts/s 0.00
ops/s 5645.33

commits/s 5588.25
aborts/s 0.00
ops/s 5588.25

commits/s 5580.49
aborts/s 0.00
ops/s 5580.49

commits/s 5602.24
aborts/s 0.00
ops/s 5602.24

commits/s 5588.81
aborts/s 0.00
ops/s 5588.81

commits/s 5462.46
aborts/s 0.00
ops/s 5462.46

commits/s 5622.16
aborts/s 0.00
ops/s 5622.16

commits/s 5505.48
aborts/s 0.00
ops/s 5505.48

commits/s 5662.33
aborts/s 0.00
ops/s 5662.33

commits/s 5575.55
aborts/s 0.00
ops/s 5575.55

commits/s 5624.14
aborts/s 0.00
ops/s 5624.14

commits/s 5556.91
aborts/s 0.00
ops/s 5556.91

commits/s 5644.72
aborts/s 0.00
ops/s 5644.72

commits/s 5742.62
aborts/s 0.00
ops/s 5742.62

commits/s 5521.97
aborts/s 0.00
ops/s 5521.97

commits/s 5714.93
aborts/s 0.00
ops/s 5714.93

commits/s 5535.53
aborts/s 0.00
ops/s 5535.53

commits/s 5506.83
aborts/s 0.00
ops/s 5506.83

commits/s 5603.68
aborts/s 0.00
ops/s 5603.68

commits/s 5536.84
aborts/s 0.00
ops/s 5536.84

commits/s 5579.27
aborts/s 0.00
ops/s 5579.27

commits/s 5725.14
aborts/s 0.00
ops/s 5725.14

commits/s 5332.89
aborts/s 0.00
ops/s 5332.89

commits/s 0.00
aborts/s 0.00
ops/s 0.00

