waitdie
Starting KVS server on :8080
commits/s 0.00
aborts/s 0.00
ops/s 0.00

commits/s 0.00
aborts/s 0.00
ops/s 0.00

commits/s 0.00
aborts/s 0.00
ops/s 0.00

commits/s 0.00
aborts/s 0.00
ops/s 0.00

commits/s 1410.86
aborts/s 0.00
ops/s 1410.86

commits/s 5595.31
aborts/s 0.00
ops/s 5595.31

commits/s 5535.24
aborts/s 0.00
ops/s 5535.24

commits/s 5588.17
aborts/s 0.00
ops/s 5588.17

commits/s 5519.21
aborts/s 0.00
ops/s 5519.21

commits/s 5513.31
aborts/s 0.00
ops/s 5513.31

commits/s 5564.86
aborts/s 0.00
ops/s 5564.86

commits/s 5564.46
aborts/s 0.00
ops/s 5564.46

commits/s 5574.18
aborts/s 0.00
ops/s 5574.18

commits/s 5566.98
aborts/s 0.00
ops/s 5566.98

commits/s 5510.43
aborts/s 0.00
ops/s 5510.43

commits/s 5692.25
aborts/s 0.00
ops/s 5692.25

commits/s 5617.64
aborts/s 0.00
ops/s 5617.64

commits/s 5603.99
aborts/s 0.00
ops/s 5603.99

commits/s 5495.26
aborts/s 0.00
ops/s 5495.26

commits/s 5437.32
aborts/s 0.00
ops/s 5437.32

commits/s 5660.37
aborts/s 0.00
ops/s 5660.37

commits/s 5429.23
aborts/s 0.00
ops/s 5429.23

commits/s 5600.45
aborts/s 0.00
ops/s 5600.45

commits/s 5612.29
aborts/s 0.00
ops/s 5612.29

commits/s 5616.24
aborts/s 0.00
ops/s 5616.24

commits/s 5613.93
aborts/s 0.00
ops/s 5613.93

commits/s 5465.62
aborts/s 0.00
ops/s 5465.62

commits/s 5661.94
aborts/s 0.00
ops/s 5661.94

commits/s 5524.32
aborts/s 0.00
ops/s 5524.32

commits/s 5532.57
aborts/s 0.00
ops/s 5532.57

commits/s 5623.49
aborts/s 0.00
ops/s 5623.49

commits/s 5580.50
aborts/s 0.00
ops/s 5580.50

commits/s 5631.17
aborts/s 0.00
ops/s 5631.17

commits/s 5697.63
aborts/s 0.00
ops/s 5697.63

commits/s 3476.92
aborts/s 0.00
ops/s 3476.92

