nowait
Starting KVS server on :8080
commits/s 0.00
aborts/s 0.00
ops/s 0.00

commits/s 0.00
aborts/s 0.00
ops/s 0.00

commits/s 0.00
aborts/s 0.00
ops/s 0.00

commits/s 0.00
aborts/s 0.00
ops/s 0.00

commits/s 0.00
aborts/s 0.00
ops/s 0.00

commits/s 291.99
aborts/s 6.00
ops/s 297.98

commits/s 3863.72
aborts/s 81.99
ops/s 3945.72

commits/s 3804.08
aborts/s 87.96
ops/s 3892.03

commits/s 3797.11
aborts/s 78.96
ops/s 3876.07

commits/s 3832.45
aborts/s 83.99
ops/s 3916.44

commits/s 3795.60
aborts/s 69.99
ops/s 3865.60

commits/s 3800.61
aborts/s 72.99
ops/s 3873.60

commits/s 3834.12
aborts/s 77.98
ops/s 3912.11

commits/s 3800.12
aborts/s 61.99
ops/s 3862.10

commits/s 3832.57
aborts/s 75.99
ops/s 3908.56

commits/s 3845.57
aborts/s 84.99
ops/s 3930.56

commits/s 3866.52
aborts/s 65.97
ops/s 3932.50

commits/s 3863.43
aborts/s 87.99
ops/s 3951.41

commits/s 3844.39
aborts/s 58.99
ops/s 3903.38

commits/s 3807.50
aborts/s 72.99
ops/s 3880.49

commits/s 3844.53
aborts/s 72.99
ops/s 3917.52

commits/s 3872.15
aborts/s 74.98
ops/s 3947.13

commits/s 3789.96
aborts/s 85.98
ops/s 3875.93

commits/s 3834.57
aborts/s 47.99
ops/s 3882.57

commits/s 3821.45
aborts/s 62.99
ops/s 3884.44

commits/s 3844.58
aborts/s 74.99
ops/s 3919.57

commits/s 3853.55
aborts/s 64.99
ops/s 3918.54

commits/s 3805.46
aborts/s 64.99
ops/s 3870.45

commits/s 3753.10
aborts/s 62.98
ops/s 3816.08

commits/s 3778.30
aborts/s 54.99
ops/s 3833.29

commits/s 3798.07
aborts/s 71.98
ops/s 3870.05

commits/s 3827.50
aborts/s 68.99
ops/s 3896.49

commits/s 3831.68
aborts/s 91.99
ops/s 3923.68

commits/s 3853.41
aborts/s 56.99
ops/s 3910.40

commits/s 3817.76
aborts/s 68.00
ops/s 3885.75

commits/s 3060.71
aborts/s 54.94
ops/s 3115.65

commits/s 0.00
aborts/s 0.00
ops/s 0.00

