nowait
Starting KVS server on :8080
commits/s 0.00
aborts/s 0.00
ops/s 0.00

commits/s 0.00
aborts/s 0.00
ops/s 0.00

commits/s 0.00
aborts/s 0.00
ops/s 0.00

commits/s 0.00
aborts/s 0.00
ops/s 0.00

commits/s 0.00
aborts/s 0.00
ops/s 0.00

commits/s 0.00
aborts/s 0.00
ops/s 0.00

commits/s 3613.64
aborts/s 60.99
ops/s 3674.63

commits/s 3812.58
aborts/s 61.99
ops/s 3874.57

commits/s 3815.26
aborts/s 93.98
ops/s 3909.25

commits/s 3810.53
aborts/s 73.99
ops/s 3884.52

commits/s 3781.28
aborts/s 96.98
ops/s 3878.26

commits/s 3861.24
aborts/s 56.99
ops/s 3918.23

commits/s 3894.27
aborts/s 70.99
ops/s 3965.26

commits/s 3773.58
aborts/s 66.99
ops/s 3840.57

commits/s 3844.24
aborts/s 71.99
ops/s 3916.22

commits/s 3746.38
aborts/s 80.99
ops/s 3827.37

commits/s 3824.50
aborts/s 44.99
ops/s 3869.49

commits/s 3773.06
aborts/s 63.98
ops/s 3837.04

commits/s 3842.50
aborts/s 64.99
ops/s 3907.50

commits/s 3781.62
aborts/s 67.99
ops/s 3849.61

commits/s 3818.49
aborts/s 85.99
ops/s 3904.48

commits/s 3876.96
aborts/s 75.98
ops/s 3952.94

commits/s 3771.60
aborts/s 76.99
ops/s 3848.60

commits/s 3839.02
aborts/s 68.96
ops/s 3907.98

commits/s 3749.51
aborts/s 73.99
ops/s 3823.50

commits/s 3807.48
aborts/s 95.99
ops/s 3903.47

commits/s 3851.44
aborts/s 54.99
ops/s 3906.43

commits/s 3815.44
aborts/s 85.99
ops/s 3901.42

commits/s 3835.43
aborts/s 58.99
ops/s 3894.43

commits/s 3877.63
aborts/s 42.00
ops/s 3919.63

commits/s 3723.50
aborts/s 75.99
ops/s 3799.49

commits/s 3796.37
aborts/s 67.99
ops/s 3864.36

commits/s 3806.60
aborts/s 70.99
ops/s 3877.59

commits/s 3810.42
aborts/s 68.99
ops/s 3879.41

commits/s 3882.65
aborts/s 75.99
ops/s 3958.65

commits/s 3631.45
aborts/s 59.96
ops/s 3691.41

commits/s 0.00
aborts/s 0.00
ops/s 0.00

