nowait
Starting KVS server on :8080
commits/s 0.00
aborts/s 0.00
ops/s 0.00

commits/s 0.00
aborts/s 0.00
ops/s 0.00

commits/s 0.00
aborts/s 0.00
ops/s 0.00

commits/s 0.00
aborts/s 0.00
ops/s 0.00

commits/s 0.00
aborts/s 0.00
ops/s 0.00

commits/s 48.00
aborts/s 3.00
ops/s 51.00

commits/s 3915.72
aborts/s 84.99
ops/s 4000.72

commits/s 3827.59
aborts/s 55.99
ops/s 3883.58

commits/s 3816.59
aborts/s 69.99
ops/s 3886.58

commits/s 3831.40
aborts/s 66.99
ops/s 3898.39

commits/s 3829.46
aborts/s 73.99
ops/s 3903.45

commits/s 3843.27
aborts/s 70.99
ops/s 3914.25

commits/s 3802.49
aborts/s 68.99
ops/s 3871.48

commits/s 3865.96
aborts/s 56.98
ops/s 3922.95

commits/s 3849.63
aborts/s 36.00
ops/s 3885.63

commits/s 3848.69
aborts/s 69.98
ops/s 3918.67

commits/s 3784.37
aborts/s 53.99
ops/s 3838.36

commits/s 3909.44
aborts/s 73.99
ops/s 3983.42

commits/s 3786.51
aborts/s 62.99
ops/s 3849.50

commits/s 3834.61
aborts/s 48.99
ops/s 3883.60

commits/s 3748.56
aborts/s 54.98
ops/s 3803.53

commits/s 3840.54
aborts/s 58.99
ops/s 3899.53

commits/s 3709.36
aborts/s 76.99
ops/s 3786.34

commits/s 3873.36
aborts/s 68.99
ops/s 3942.35

commits/s 3764.59
aborts/s 79.99
ops/s 3844.58

commits/s 3851.44
aborts/s 72.99
ops/s 3924.43

commits/s 3857.50
aborts/s 69.99
ops/s 3927.49

commits/s 3711.59
aborts/s 75.99
ops/s 3787.58

commits/s 3944.53
aborts/s 72.99
ops/s 4017.52

commits/s 3877.54
aborts/s 67.99
ops/s 3945.53

commits/s 3825.42
aborts/s 55.99
ops/s 3881.42

commits/s 3873.52
aborts/s 77.99
ops/s 3951.51

commits/s 3883.39
aborts/s 102.98
ops/s 3986.38

commits/s 3865.67
aborts/s 47.98
ops/s 3913.65

commits/s 3879.82
aborts/s 65.98
ops/s 3945.80

commits/s 3345.68
aborts/s 50.98
ops/s 3396.66

