woundwait
Starting KVS server on :8080
commits/s 0.00
aborts/s 0.00
ops/s 0.00

commits/s 0.00
aborts/s 0.00
ops/s 0.00

commits/s 0.00
aborts/s 0.00
ops/s 0.00

commits/s 0.00
aborts/s 0.00
ops/s 0.00

commits/s 326.97
aborts/s 0.00
ops/s 326.97

commits/s 4340.64
aborts/s 0.00
ops/s 4340.64

commits/s 4346.45
aborts/s 0.00
ops/s 4346.45

commits/s 4191.58
aborts/s 0.00
ops/s 4191.58

commits/s 4323.48
aborts/s 0.00
ops/s 4323.48

commits/s 4197.32
aborts/s 0.00
ops/s 4197.32

commits/s 4234.48
aborts/s 0.00
ops/s 4234.48

commits/s 4331.12
aborts/s 0.00
ops/s 4331.12

commits/s 4308.42
aborts/s 0.00
ops/s 4308.42

commits/s 4212.58
aborts/s 2.00
ops/s 4214.58

commits/s 4220.52
aborts/s 1.00
ops/s 4221.52

commits/s 4240.46
aborts/s 0.00
ops/s 4240.46

commits/s 4215.60
aborts/s 0.00
ops/s 4215.60

commits/s 4346.51
aborts/s 0.00
ops/s 4346.51

commits/s 4255.35
aborts/s 0.00
ops/s 4255.35

commits/s 4327.19
aborts/s 0.00
ops/s 4327.19

commits/s 4332.57
aborts/s 0.00
ops/s 4332.57

commits/s 4229.58
aborts/s 0.00
ops/s 4229.58

commits/s 4306.37
aborts/s 0.00
ops/s 4306.37

commits/s 4423.52
aborts/s 0.00
ops/s 4423.52

commits/s 4287.62
aborts/s 0.00
ops/s 4287.62

commits/s 4207.15
aborts/s 0.00
ops/s 4207.15

commits/s 4277.72
aborts/s 0.00
ops/s 4277.72

commits/s 4179.57
aborts/s 0.00
ops/s 4179.57

commits/s 4161.20
aborts/s 0.00
ops/s 4161.20

commits/s 4244.61
aborts/s 0.00
ops/s 4244.61

commits/s 4265.19
aborts/s 0.00
ops/s 4265.19

commits/s 4245.51
aborts/s 0.00
ops/s 4245.51

commits/s 4249.47
aborts/s 0.00
ops/s 4249.47

commits/s 4285.43
aborts/s 0.00
ops/s 4285.43

commits/s 3527.03
aborts/s 0.00
ops/s 3527.03

