woundwait
Starting KVS server on :8080
commits/s 0.00
aborts/s 0.00
ops/s 0.00

commits/s 0.00
aborts/s 0.00
ops/s 0.00

commits/s 0.00
aborts/s 0.00
ops/s 0.00

commits/s 0.00
aborts/s 0.00
ops/s 0.00

commits/s 0.00
aborts/s 0.00
ops/s 0.00

commits/s 4021.56
aborts/s 0.00
ops/s 4021.56

commits/s 4252.54
aborts/s 0.00
ops/s 4252.54

commits/s 4256.18
aborts/s 1.00
ops/s 4257.18

commits/s 4330.41
aborts/s 0.00
ops/s 4330.41

commits/s 4332.36
aborts/s 0.00
ops/s 4332.36

commits/s 4240.21
aborts/s 0.00
ops/s 4240.21

commits/s 4349.42
aborts/s 0.00
ops/s 4349.42

commits/s 4254.38
aborts/s 1.00
ops/s 4255.38

commits/s 4220.46
aborts/s 0.00
ops/s 4220.46

commits/s 4248.40
aborts/s 0.00
ops/s 4248.40

commits/s 4141.32
aborts/s 0.00
ops/s 4141.32

commits/s 4246.53
aborts/s 0.00
ops/s 4246.53

commits/s 4357.54
aborts/s 1.00
ops/s 4358.54

commits/s 4269.90
aborts/s 0.00
ops/s 4269.90

commits/s 4320.53
aborts/s 0.00
ops/s 4320.53

commits/s 4310.34
aborts/s 1.00
ops/s 4311.34

commits/s 4402.44
aborts/s 0.00
ops/s 4402.44

commits/s 4347.54
aborts/s 1.00
ops/s 4348.54

commits/s 4356.34
aborts/s 0.00
ops/s 4356.34

commits/s 4242.69
aborts/s 1.00
ops/s 4243.69

commits/s 4247.48
aborts/s 0.00
ops/s 4247.48

commits/s 4238.31
aborts/s 0.00
ops/s 4238.31

commits/s 4182.74
aborts/s 0.00
ops/s 4182.74

commits/s 4221.70
aborts/s 1.00
ops/s 4222.70

commits/s 4147.47
aborts/s 2.00
ops/s 4149.47

commits/s 4217.51
aborts/s 1.00
ops/s 4218.51

commits/s 4387.54
aborts/s 0.00
ops/s 4387.54

commits/s 4325.59
aborts/s 0.00
ops/s 4325.59

commits/s 4222.31
aborts/s 0.00
ops/s 4222.31

commits/s 4165.49
aborts/s 0.00
ops/s 4165.49

