woundwait
Starting KVS server on :8080
commits/s 0.00
aborts/s 0.00
ops/s 0.00

commits/s 0.00
aborts/s 0.00
ops/s 0.00

commits/s 0.00
aborts/s 0.00
ops/s 0.00

commits/s 0.00
aborts/s 0.00
ops/s 0.00

commits/s 0.00
aborts/s 0.00
ops/s 0.00

commits/s 3690.61
aborts/s 0.00
ops/s 3690.61

commits/s 4154.24
aborts/s 0.00
ops/s 4154.24

commits/s 4195.96
aborts/s 0.00
ops/s 4195.96

commits/s 4224.41
aborts/s 0.00
ops/s 4224.41

commits/s 4318.25
aborts/s 0.00
ops/s 4318.25

commits/s 4185.41
aborts/s 0.00
ops/s 4185.41

commits/s 4287.50
aborts/s 1.00
ops/s 4288.50

commits/s 4304.26
aborts/s 0.00
ops/s 4304.26

commits/s 4198.57
aborts/s 0.00
ops/s 4198.57

commits/s 4242.17
aborts/s 0.00
ops/s 4242.17

commits/s 4164.47
aborts/s 0.00
ops/s 4164.47

commits/s 4174.45
aborts/s 0.00
ops/s 4174.45

commits/s 4266.54
aborts/s 0.00
ops/s 4266.54

commits/s 4246.63
aborts/s 0.00
ops/s 4246.63

commits/s 4272.47
aborts/s 0.00
ops/s 4272.47

commits/s 4213.69
aborts/s 0.00
ops/s 4213.69

commits/s 4352.47
aborts/s 0.00
ops/s 4352.47

commits/s 4281.59
aborts/s 1.00
ops/s 4282.59

commits/s 4211.57
aborts/s 1.00
ops/s 4212.57

commits/s 4205.57
aborts/s 0.00
ops/s 4205.57

commits/s 4215.55
aborts/s 1.00
ops/s 4216.55

commits/s 4319.65
aborts/s 0.00
ops/s 4319.65

commits/s 4098.54
aborts/s 0.00
ops/s 4098.54

commits/s 4201.05
aborts/s 0.00
ops/s 4201.05

commits/s 4143.03
aborts/s 0.00
ops/s 4143.03

commits/s 4113.57
aborts/s 0.00
ops/s 4113.57

commits/s 4188.35
aborts/s 0.00
ops/s 4188.35

commits/s 4245.55
aborts/s 0.00
ops/s 4245.55

commits/s 4343.72
aborts/s 0.00
ops/s 4343.72

commits/s 4268.25
aborts/s 0.00
ops/s 4268.25

commits/s 31.97
aborts/s 0.00
ops/s 31.97

