woundwait
Starting KVS server on :8080
commits/s 0.00
aborts/s 0.00
ops/s 0.00

commits/s 0.00
aborts/s 0.00
ops/s 0.00

commits/s 0.00
aborts/s 0.00
ops/s 0.00

commits/s 0.00
aborts/s 0.00
ops/s 0.00

commits/s 779.92
aborts/s 27.00
ops/s 806.92

commits/s 3936.40
aborts/s 96.99
ops/s 4033.38

commits/s 3896.31
aborts/s 123.98
ops/s 4020.29

commits/s 3793.59
aborts/s 126.99
ops/s 3920.58

commits/s 3828.38
aborts/s 118.98
ops/s 3947.36

commits/s 3837.19
aborts/s 134.97
ops/s 3972.16

commits/s 3810.58
aborts/s 119.99
ops/s 3930.56

commits/s 3857.47
aborts/s 120.98
ops/s 3978.45

commits/s 3934.51
aborts/s 116.99
ops/s 4051.49

commits/s 3851.52
aborts/s 105.99
ops/s 3957.51

commits/s 3820.58
aborts/s 126.99
ops/s 3947.57

commits/s 3773.46
aborts/s 125.98
ops/s 3899.44

commits/s 3796.62
aborts/s 128.95
ops/s 3925.58

commits/s 3816.43
aborts/s 128.98
ops/s 3945.41

commits/s 3848.47
aborts/s 107.99
ops/s 3956.46

commits/s 3866.46
aborts/s 106.98
ops/s 3973.44

commits/s 3913.46
aborts/s 85.99
ops/s 3999.45

commits/s 3906.05
aborts/s 100.98
ops/s 4007.02

commits/s 3885.58
aborts/s 121.99
ops/s 4007.57

commits/s 3901.50
aborts/s 126.98
ops/s 4028.48

commits/s 3878.57
aborts/s 121.99
ops/s 4000.55

commits/s 3821.52
aborts/s 132.95
ops/s 3954.47

commits/s 3895.39
aborts/s 112.98
ops/s 4008.37

commits/s 3868.66
aborts/s 100.99
ops/s 3969.65

commits/s 3872.32
aborts/s 109.98
ops/s 3982.30

commits/s 3848.63
aborts/s 162.98
ops/s 4011.62

commits/s 3888.54
aborts/s 108.99
ops/s 3997.53

commits/s 3908.61
aborts/s 111.99
ops/s 4020.60

commits/s 3756.18
aborts/s 126.97
ops/s 3883.16

commits/s 3826.39
aborts/s 147.98
ops/s 3974.37

commits/s 2607.06
aborts/s 62.93
ops/s 2669.99

commits/s 0.00
aborts/s 0.00
ops/s 0.00

