woundwait
Starting KVS server on :8080
commits/s 0.00
aborts/s 0.00
ops/s 0.00

commits/s 0.00
aborts/s 0.00
ops/s 0.00

commits/s 0.00
aborts/s 0.00
ops/s 0.00

commits/s 0.00
aborts/s 0.00
ops/s 0.00

commits/s 1004.92
aborts/s 32.00
ops/s 1036.91

commits/s 3879.47
aborts/s 114.98
ops/s 3994.46

commits/s 3775.56
aborts/s 128.99
ops/s 3904.55

commits/s 3847.54
aborts/s 101.99
ops/s 3949.53

commits/s 3904.19
aborts/s 103.98
ops/s 4008.17

commits/s 3858.35
aborts/s 130.98
ops/s 3989.33

commits/s 3800.57
aborts/s 126.99
ops/s 3927.56

commits/s 3915.49
aborts/s 108.99
ops/s 4024.48

commits/s 3934.40
aborts/s 133.98
ops/s 4068.38

commits/s 3869.57
aborts/s 135.98
ops/s 4005.56

commits/s 3942.46
aborts/s 113.98
ops/s 4056.45

commits/s 3856.19
aborts/s 140.97
ops/s 3997.17

commits/s 3832.48
aborts/s 113.98
ops/s 3946.47

commits/s 3977.50
aborts/s 117.99
ops/s 4095.49

commits/s 3839.14
aborts/s 121.97
ops/s 3961.11

commits/s 3929.58
aborts/s 124.99
ops/s 4054.56

commits/s 3881.63
aborts/s 123.99
ops/s 4005.62

commits/s 3808.42
aborts/s 133.98
ops/s 3942.40

commits/s 3864.33
aborts/s 114.98
ops/s 3979.31

commits/s 3917.61
aborts/s 100.99
ops/s 4018.60

commits/s 3846.26
aborts/s 113.98
ops/s 3960.24

commits/s 3864.59
aborts/s 139.99
ops/s 4004.58

commits/s 3880.14
aborts/s 122.97
ops/s 4003.11

commits/s 3913.68
aborts/s 131.96
ops/s 4045.64

commits/s 3957.67
aborts/s 108.99
ops/s 4066.66

commits/s 3820.09
aborts/s 119.97
ops/s 3940.06

commits/s 3886.68
aborts/s 101.99
ops/s 3988.67

commits/s 3925.53
aborts/s 92.99
ops/s 4018.52

commits/s 3865.28
aborts/s 123.98
ops/s 3989.26

commits/s 3910.76
aborts/s 122.96
ops/s 4033.73

commits/s 2522.75
aborts/s 56.95
ops/s 2579.70

