woundwait
Starting KVS server on :8080
commits/s 0.00
aborts/s 0.00
ops/s 0.00

commits/s 0.00
aborts/s 0.00
ops/s 0.00

commits/s 0.00
aborts/s 0.00
ops/s 0.00

commits/s 0.00
aborts/s 0.00
ops/s 0.00

commits/s 708.95
aborts/s 23.00
ops/s 731.95

commits/s 3834.69
aborts/s 118.99
ops/s 3953.68

commits/s 3883.55
aborts/s 132.98
ops/s 4016.53

commits/s 3901.36
aborts/s 103.98
ops/s 4005.34

commits/s 3905.48
aborts/s 110.99
ops/s 4016.47

commits/s 3892.26
aborts/s 109.98
ops/s 4002.24

commits/s 3849.48
aborts/s 126.98
ops/s 3976.46

commits/s 3876.51
aborts/s 112.99
ops/s 3989.50

commits/s 3844.39
aborts/s 163.97
ops/s 4008.36

commits/s 3875.45
aborts/s 124.98
ops/s 4000.43

commits/s 3907.42
aborts/s 115.98
ops/s 4023.40

commits/s 3917.47
aborts/s 144.98
ops/s 4062.45

commits/s 3884.39
aborts/s 126.98
ops/s 4011.37

commits/s 4006.56
aborts/s 103.99
ops/s 4110.55

commits/s 3911.57
aborts/s 92.99
ops/s 4004.56

commits/s 3822.49
aborts/s 120.98
ops/s 3943.47

commits/s 3703.57
aborts/s 117.99
ops/s 3821.56

commits/s 3929.39
aborts/s 130.98
ops/s 4060.37

commits/s 3784.24
aborts/s 131.97
ops/s 3916.22

commits/s 3824.69
aborts/s 121.99
ops/s 3946.68

commits/s 3890.34
aborts/s 100.98
ops/s 3991.33

commits/s 3855.63
aborts/s 118.99
ops/s 3974.62

commits/s 3813.33
aborts/s 122.98
ops/s 3936.31

commits/s 3839.76
aborts/s 115.96
ops/s 3955.72

commits/s 3873.25
aborts/s 165.97
ops/s 4039.22

commits/s 3924.39
aborts/s 115.98
ops/s 4040.37

commits/s 3883.16
aborts/s 130.97
ops/s 4014.13

commits/s 3852.61
aborts/s 113.99
ops/s 3966.60

commits/s 3895.87
aborts/s 121.93
ops/s 4017.80

commits/s 3940.39
aborts/s 114.98
ops/s 4055.37

commits/s 2683.52
aborts/s 102.94
ops/s 2786.47

