woundwait
Starting KVS server on :8080
commits/s 0.00
aborts/s 0.00
ops/s 0.00

commits/s 0.00
aborts/s 0.00
ops/s 0.00

commits/s 0.00
aborts/s 0.00
ops/s 0.00

commits/s 0.00
aborts/s 0.00
ops/s 0.00

commits/s 0.00
aborts/s 0.00
ops/s 0.00

commits/s 178.97
aborts/s 3.00
ops/s 181.97

commits/s 2636.66
aborts/s 70.99
ops/s 2707.65

commits/s 2730.65
aborts/s 56.99
ops/s 2787.64

commits/s 2643.64
aborts/s 83.99
ops/s 2727.63

commits/s 2617.17
aborts/s 54.98
ops/s 2672.15

commits/s 2655.61
aborts/s 63.99
ops/s 2719.60

commits/s 2626.66
aborts/s 59.99
ops/s 2686.65

commits/s 2610.71
aborts/s 69.99
ops/s 2680.70

commits/s 2698.63
aborts/s 57.99
ops/s 2756.62

commits/s 2634.51
aborts/s 65.99
ops/s 2700.49

commits/s 2672.64
aborts/s 47.99
ops/s 2720.63

commits/s 2649.26
aborts/s 60.98
ops/s 2710.24

commits/s 2594.72
aborts/s 64.99
ops/s 2659.72

commits/s 2675.69
aborts/s 57.99
ops/s 2733.68

commits/s 2710.56
aborts/s 56.99
ops/s 2767.56

commits/s 2612.39
aborts/s 74.98
ops/s 2687.38

commits/s 2706.38
aborts/s 49.99
ops/s 2756.37

commits/s 2691.53
aborts/s 64.99
ops/s 2756.52

commits/s 2685.76
aborts/s 68.99
ops/s 2754.76

commits/s 2698.35
aborts/s 61.99
ops/s 2760.33

commits/s 2672.45
aborts/s 65.99
ops/s 2738.44

commits/s 2670.65
aborts/s 77.99
ops/s 2748.64

commits/s 2619.63
aborts/s 56.99
ops/s 2676.63

commits/s 2616.57
aborts/s 65.99
ops/s 2682.56

commits/s 2611.73
aborts/s 60.99
ops/s 2672.72

commits/s 2594.73
aborts/s 61.99
ops/s 2656.73

commits/s 2727.64
aborts/s 61.99
ops/s 2789.63

commits/s 2608.73
aborts/s 68.99
ops/s 2677.72

commits/s 2717.45
aborts/s 47.99
ops/s 2765.44

commits/s 2721.68
aborts/s 47.99
ops/s 2769.68

commits/s 2117.43
aborts/s 45.99
ops/s 2163.41

