woundwait
Starting KVS server on :8080
commits/s 0.00
aborts/s 0.00
ops/s 0.00

commits/s 0.00
aborts/s 0.00
ops/s 0.00

commits/s 0.00
aborts/s 0.00
ops/s 0.00

commits/s 0.00
aborts/s 0.00
ops/s 0.00

commits/s 0.00
aborts/s 0.00
ops/s 0.00

commits/s 0.00
aborts/s 0.00
ops/s 0.00

commits/s 2231.66
aborts/s 49.99
ops/s 2281.65

commits/s 2644.71
aborts/s 76.99
ops/s 2721.70

commits/s 2663.71
aborts/s 81.99
ops/s 2745.70

commits/s 2712.95
aborts/s 57.98
ops/s 2770.93

commits/s 2649.40
aborts/s 86.98
ops/s 2736.38

commits/s 2682.56
aborts/s 62.99
ops/s 2745.55

commits/s 2630.45
aborts/s 66.99
ops/s 2697.43

commits/s 2612.78
aborts/s 79.96
ops/s 2692.75

commits/s 2674.73
aborts/s 68.97
ops/s 2743.70

commits/s 2678.62
aborts/s 58.99
ops/s 2737.62

commits/s 2667.64
aborts/s 67.99
ops/s 2735.63

commits/s 2691.46
aborts/s 60.99
ops/s 2752.44

commits/s 2689.61
aborts/s 54.99
ops/s 2744.60

commits/s 2675.65
aborts/s 55.99
ops/s 2731.65

commits/s 2609.56
aborts/s 58.99
ops/s 2668.55

commits/s 2712.69
aborts/s 54.99
ops/s 2767.69

commits/s 2688.65
aborts/s 64.99
ops/s 2753.64

commits/s 2626.43
aborts/s 62.99
ops/s 2689.42

commits/s 2688.64
aborts/s 71.99
ops/s 2760.63

commits/s 2616.56
aborts/s 63.99
ops/s 2680.55

commits/s 2676.63
aborts/s 53.99
ops/s 2730.63

commits/s 2677.50
aborts/s 65.99
ops/s 2743.49

commits/s 2677.73
aborts/s 56.99
ops/s 2734.73

commits/s 2606.07
aborts/s 76.97
ops/s 2683.04

commits/s 2682.57
aborts/s 61.97
ops/s 2744.53

commits/s 2655.64
aborts/s 58.99
ops/s 2714.63

commits/s 2708.64
aborts/s 62.99
ops/s 2771.63

commits/s 2704.78
aborts/s 50.00
ops/s 2754.78

commits/s 2666.64
aborts/s 60.99
ops/s 2727.64

commits/s 2666.44
aborts/s 58.99
ops/s 2725.42

commits/s 62.97
aborts/s 5.00
ops/s 67.97

