woundwait
Starting KVS server on :8080
commits/s 0.00
aborts/s 0.00
ops/s 0.00

commits/s 0.00
aborts/s 0.00
ops/s 0.00

commits/s 0.00
aborts/s 0.00
ops/s 0.00

commits/s 0.00
aborts/s 0.00
ops/s 0.00

commits/s 0.00
aborts/s 0.00
ops/s 0.00

commits/s 0.00
aborts/s 0.00
ops/s 0.00

commits/s 2664.74
aborts/s 49.00
ops/s 2713.74

commits/s 2670.71
aborts/s 76.99
ops/s 2747.70

commits/s 2703.69
aborts/s 71.99
ops/s 2775.68

commits/s 2676.49
aborts/s 49.99
ops/s 2726.48

commits/s 2688.70
aborts/s 75.99
ops/s 2764.69

commits/s 2672.66
aborts/s 74.99
ops/s 2747.65

commits/s 2668.68
aborts/s 47.99
ops/s 2716.67

commits/s 2714.66
aborts/s 55.99
ops/s 2770.65

commits/s 2674.30
aborts/s 66.96
ops/s 2741.25

commits/s 2673.40
aborts/s 56.99
ops/s 2730.39

commits/s 2656.70
aborts/s 60.99
ops/s 2717.70

commits/s 2656.11
aborts/s 73.98
ops/s 2730.08

commits/s 2671.28
aborts/s 51.99
ops/s 2723.27

commits/s 2669.66
aborts/s 60.99
ops/s 2730.65

commits/s 2642.49
aborts/s 57.99
ops/s 2700.48

commits/s 2679.76
aborts/s 57.97
ops/s 2737.73

commits/s 2702.51
aborts/s 64.99
ops/s 2767.49

commits/s 2665.70
aborts/s 61.99
ops/s 2727.69

commits/s 2697.55
aborts/s 58.99
ops/s 2756.54

commits/s 2604.68
aborts/s 64.99
ops/s 2669.67

commits/s 2666.37
aborts/s 66.98
ops/s 2733.35

commits/s 2747.75
aborts/s 43.00
ops/s 2790.74

commits/s 2687.57
aborts/s 75.99
ops/s 2763.56

commits/s 2645.40
aborts/s 59.99
ops/s 2705.39

commits/s 2728.91
aborts/s 47.96
ops/s 2776.87

commits/s 2656.67
aborts/s 42.99
ops/s 2699.66

commits/s 2642.65
aborts/s 78.99
ops/s 2721.64

commits/s 2658.33
aborts/s 59.98
ops/s 2718.32

commits/s 2655.66
aborts/s 40.99
ops/s 2696.66

commits/s 2316.83
aborts/s 48.98
ops/s 2365.81

commits/s 0.00
aborts/s 0.00
ops/s 0.00

