woundwait
Starting KVS server on :8080
commits/s 0.00
aborts/s 0.00
ops/s 0.00

commits/s 0.00
aborts/s 0.00
ops/s 0.00

commits/s 0.00
aborts/s 0.00
ops/s 0.00

commits/s 0.00
aborts/s 0.00
ops/s 0.00

commits/s 1128.89
aborts/s 0.00
ops/s 1128.89

commits/s 4254.93
aborts/s 0.00
ops/s 4254.93

commits/s 4277.04
aborts/s 0.00
ops/s 4277.04

commits/s 4236.87
aborts/s 0.00
ops/s 4236.87

commits/s 4270.17
aborts/s 0.00
ops/s 4270.17

commits/s 4237.31
aborts/s 0.00
ops/s 4237.31

commits/s 4290.06
aborts/s 0.00
ops/s 4290.06

commits/s 4308.49
aborts/s 0.00
ops/s 4308.49

commits/s 4347.37
aborts/s 0.00
ops/s 4347.37

commits/s 4144.50
aborts/s 0.00
ops/s 4144.50

commits/s 4109.85
aborts/s 0.00
ops/s 4109.85

commits/s 4311.55
aborts/s 0.00
ops/s 4311.55

commits/s 4260.32
aborts/s 0.00
ops/s 4260.32

commits/s 4300.35
aborts/s 0.00
ops/s 4300.35

commits/s 4235.68
aborts/s 0.00
ops/s 4235.68

commits/s 4340.67
aborts/s 0.00
ops/s 4340.67

commits/s 4269.47
aborts/s 0.00
ops/s 4269.47

commits/s 4283.55
aborts/s 0.00
ops/s 4283.55

commits/s 4232.68
aborts/s 0.00
ops/s 4232.68

commits/s 4167.48
aborts/s 0.00
ops/s 4167.48

commits/s 4084.44
aborts/s 0.00
ops/s 4084.44

commits/s 4083.35
aborts/s 0.00
ops/s 4083.35

commits/s 4289.29
aborts/s 0.00
ops/s 4289.29

commits/s 4212.66
aborts/s 0.00
ops/s 4212.66

commits/s 4192.66
aborts/s 0.00
ops/s 4192.66

commits/s 4299.60
aborts/s 0.00
ops/s 4299.60

commits/s 4238.26
aborts/s 0.00
ops/s 4238.26

commits/s 4340.44
aborts/s 0.00
ops/s 4340.44

commits/s 4251.36
aborts/s 0.00
ops/s 4251.36

commits/s 4341.03
aborts/s 0.00
ops/s 4341.03

commits/s 3118.56
aborts/s 0.00
ops/s 3118.56

commits/s 0.00
aborts/s 0.00
ops/s 0.00

