woundwait
Starting KVS server on :8080
commits/s 0.00
aborts/s 0.00
ops/s 0.00

commits/s 0.00
aborts/s 0.00
ops/s 0.00

commits/s 0.00
aborts/s 0.00
ops/s 0.00

commits/s 0.00
aborts/s 0.00
ops/s 0.00

commits/s 469.96
aborts/s 0.00
ops/s 469.96

commits/s 4267.96
aborts/s 0.00
ops/s 4267.96

commits/s 4332.31
aborts/s 0.00
ops/s 4332.31

commits/s 4225.34
aborts/s 0.00
ops/s 4225.34

commits/s 4282.49
aborts/s 0.00
ops/s 4282.49

commits/s 4176.26
aborts/s 0.00
ops/s 4176.26

commits/s 4378.40
aborts/s 0.00
ops/s 4378.40

commits/s 4339.03
aborts/s 0.00
ops/s 4339.03

commits/s 4249.33
aborts/s 0.00
ops/s 4249.33

commits/s 4172.49
aborts/s 0.00
ops/s 4172.49

commits/s 4195.46
aborts/s 0.00
ops/s 4195.46

commits/s 4217.23
aborts/s 0.00
ops/s 4217.23

commits/s 4317.35
aborts/s 0.00
ops/s 4317.35

commits/s 4226.60
aborts/s 0.00
ops/s 4226.60

commits/s 4313.88
aborts/s 0.00
ops/s 4313.88

commits/s 4275.59
aborts/s 0.00
ops/s 4275.59

commits/s 4257.73
aborts/s 0.00
ops/s 4257.73

commits/s 4256.27
aborts/s 0.00
ops/s 4256.27

commits/s 4324.50
aborts/s 0.00
ops/s 4324.50

commits/s 4107.54
aborts/s 0.00
ops/s 4107.54

commits/s 4121.19
aborts/s 0.00
ops/s 4121.19

commits/s 4164.52
aborts/s 0.00
ops/s 4164.52

commits/s 4135.54
aborts/s 0.00
ops/s 4135.54

commits/s 4275.93
aborts/s 0.00
ops/s 4275.93

commits/s 4247.54
aborts/s 0.00
ops/s 4247.54

commits/s 4199.61
aborts/s 0.00
ops/s 4199.61

commits/s 4216.45
aborts/s 0.00
ops/s 4216.45

commits/s 4159.47
aborts/s 0.00
ops/s 4159.47

commits/s 4413.22
aborts/s 0.00
ops/s 4413.22

commits/s 4368.46
aborts/s 0.00
ops/s 4368.46

commits/s 3898.63
aborts/s 0.00
ops/s 3898.63

commits/s 0.00
aborts/s 0.00
ops/s 0.00

