woundwait
Starting KVS server on :8080
commits/s 0.00
aborts/s 0.00
ops/s 0.00

commits/s 0.00
aborts/s 0.00
ops/s 0.00

commits/s 0.00
aborts/s 0.00
ops/s 0.00

commits/s 0.00
aborts/s 0.00
ops/s 0.00

commits/s 1153.90
aborts/s 0.00
ops/s 1153.90

commits/s 4234.92
aborts/s 0.00
ops/s 4234.92

commits/s 4269.51
aborts/s 0.00
ops/s 4269.51

commits/s 4297.34
aborts/s 0.00
ops/s 4297.34

commits/s 4240.76
aborts/s 0.00
ops/s 4240.76

commits/s 4128.50
aborts/s 0.00
ops/s 4128.50

commits/s 4230.44
aborts/s 0.00
ops/s 4230.44

commits/s 4234.50
aborts/s 0.00
ops/s 4234.50

commits/s 4319.60
aborts/s 0.00
ops/s 4319.60

commits/s 4178.54
aborts/s 0.00
ops/s 4178.54

commits/s 4084.33
aborts/s 0.00
ops/s 4084.33

commits/s 4351.14
aborts/s 0.00
ops/s 4351.14

commits/s 4185.63
aborts/s 0.00
ops/s 4185.63

commits/s 4372.55
aborts/s 0.00
ops/s 4372.55

commits/s 4422.53
aborts/s 0.00
ops/s 4422.53

commits/s 4234.68
aborts/s 0.00
ops/s 4234.68

commits/s 4366.45
aborts/s 0.00
ops/s 4366.45

commits/s 4282.67
aborts/s 0.00
ops/s 4282.67

commits/s 4154.60
aborts/s 0.00
ops/s 4154.60

commits/s 4222.41
aborts/s 0.00
ops/s 4222.41

commits/s 4098.51
aborts/s 0.00
ops/s 4098.51

commits/s 3997.34
aborts/s 0.00
ops/s 3997.34

commits/s 4245.16
aborts/s 0.00
ops/s 4245.16

commits/s 4363.47
aborts/s 0.00
ops/s 4363.47

commits/s 4277.54
aborts/s 0.00
ops/s 4277.54

commits/s 4220.41
aborts/s 0.00
ops/s 4220.41

commits/s 4251.49
aborts/s 0.00
ops/s 4251.49

commits/s 4431.45
aborts/s 0.00
ops/s 4431.45

commits/s 4337.55
aborts/s 0.00
ops/s 4337.55

commits/s 4298.70
aborts/s 0.00
ops/s 4298.70

commits/s 3145.21
aborts/s 0.00
ops/s 3145.21

commits/s 0.00
aborts/s 0.00
ops/s 0.00

