waitdie
Starting KVS server on :8080
commits/s 0.00
aborts/s 0.00
ops/s 0.00

commits/s 0.00
aborts/s 0.00
ops/s 0.00

commits/s 0.00
aborts/s 0.00
ops/s 0.00

commits/s 0.00
aborts/s 0.00
ops/s 0.00

commits/s 0.00
aborts/s 0.00
ops/s 0.00

commits/s 8575.39
aborts/s 0.00
ops/s 8575.39

commits/s 9382.32
aborts/s 0.00
ops/s 9382.32

commits/s 9454.14
aborts/s 0.00
ops/s 9454.14

commits/s 9498.71
aborts/s 0.00
ops/s 9498.71

commits/s 9460.37
aborts/s 0.00
ops/s 9460.37

commits/s 9343.60
aborts/s 0.00
ops/s 9343.60

commits/s 9257.97
aborts/s 0.00
ops/s 9257.97

commits/s 9483.69
aborts/s 0.00
ops/s 9483.69

commits/s 9336.04
aborts/s 0.00
ops/s 9336.04

commits/s 9478.24
aborts/s 0.00
ops/s 9478.24

commits/s 9492.63
aborts/s 0.00
ops/s 9492.63

commits/s 9362.44
aborts/s 0.00
ops/s 9362.44

commits/s 9460.07
aborts/s 0.00
ops/s 9460.07

commits/s 9304.35
aborts/s 0.00
ops/s 9304.35

commits/s 9204.14
aborts/s 0.00
ops/s 9204.14

commits/s 9366.64
aborts/s 0.00
ops/s 9366.64

commits/s 9526.08
aborts/s 0.00
ops/s 9526.08

commits/s 9560.96
aborts/s 0.00
ops/s 9560.96

commits/s 9134.16
aborts/s 0.00
ops/s 9134.16

commits/s 9459.65
aborts/s 0.00
ops/s 9459.65

commits/s 9558.97
aborts/s 0.00
ops/s 9558.97

commits/s 9075.44
aborts/s 0.00
ops/s 9075.44

commits/s 9571.01
aborts/s 0.00
ops/s 9571.01

commits/s 9496.04
aborts/s 0.00
ops/s 9496.04

commits/s 9406.87
aborts/s 0.00
ops/s 9406.87

commits/s 9602.10
aborts/s 0.00
ops/s 9602.10

commits/s 9369.91
aborts/s 0.00
ops/s 9369.91

commits/s 9375.53
aborts/s 0.00
ops/s 9375.53

commits/s 9551.00
aborts/s 0.00
ops/s 9551.00

commits/s 9154.41
aborts/s 0.00
ops/s 9154.41

commits/s 0.00
aborts/s 0.00
ops/s 0.00

