waitdie
Starting KVS server on :8080
commits/s 0.00
aborts/s 0.00
ops/s 0.00

commits/s 0.00
aborts/s 0.00
ops/s 0.00

commits/s 0.00
aborts/s 0.00
ops/s 0.00

commits/s 0.00
aborts/s 0.00
ops/s 0.00

commits/s 0.00
aborts/s 0.00
ops/s 0.00

commits/s 8231.02
aborts/s 0.00
ops/s 8231.02

commits/s 9333.14
aborts/s 0.00
ops/s 9333.14

commits/s 9319.20
aborts/s 0.00
ops/s 9319.20

commits/s 9439.87
aborts/s 0.00
ops/s 9439.87

commits/s 9510.88
aborts/s 0.00
ops/s 9510.88

commits/s 9388.97
aborts/s 0.00
ops/s 9388.97

commits/s 9381.73
aborts/s 0.00
ops/s 9381.73

commits/s 9514.93
aborts/s 0.00
ops/s 9514.93

commits/s 9333.85
aborts/s 0.00
ops/s 9333.85

commits/s 9561.03
aborts/s 0.00
ops/s 9561.03

commits/s 9326.32
aborts/s 0.00
ops/s 9326.32

commits/s 9282.30
aborts/s 0.00
ops/s 9282.30

commits/s 9564.79
aborts/s 0.00
ops/s 9564.79

commits/s 9421.62
aborts/s 0.00
ops/s 9421.62

commits/s 9291.24
aborts/s 0.00
ops/s 9291.24

commits/s 9491.93
aborts/s 0.00
ops/s 9491.93

commits/s 9545.92
aborts/s 0.00
ops/s 9545.92

commits/s 9598.21
aborts/s 0.00
ops/s 9598.21

commits/s 9610.27
aborts/s 0.00
ops/s 9610.27

commits/s 9498.93
aborts/s 0.00
ops/s 9498.93

commits/s 9490.61
aborts/s 0.00
ops/s 9490.61

commits/s 9534.37
aborts/s 0.00
ops/s 9534.37

commits/s 9596.34
aborts/s 0.00
ops/s 9596.34

commits/s 9340.03
aborts/s 0.00
ops/s 9340.03

commits/s 9491.12
aborts/s 0.00
ops/s 9491.12

commits/s 9691.48
aborts/s 0.00
ops/s 9691.48

commits/s 9548.16
aborts/s 0.00
ops/s 9548.16

commits/s 9342.39
aborts/s 0.00
ops/s 9342.39

commits/s 9405.00
aborts/s 0.00
ops/s 9405.00

commits/s 9021.91
aborts/s 0.00
ops/s 9021.91

commits/s 0.00
aborts/s 0.00
ops/s 0.00

