waitdie
Starting KVS server on :8080
commits/s 0.00
aborts/s 0.00
ops/s 0.00

commits/s 0.00
aborts/s 0.00
ops/s 0.00

commits/s 0.00
aborts/s 0.00
ops/s 0.00

commits/s 0.00
aborts/s 0.00
ops/s 0.00

commits/s 0.00
aborts/s 0.00
ops/s 0.00

commits/s 8739.04
aborts/s 0.00
ops/s 8739.04

commits/s 9428.33
aborts/s 0.00
ops/s 9428.33

commits/s 9460.60
aborts/s 0.00
ops/s 9460.60

commits/s 9435.62
aborts/s 0.00
ops/s 9435.62

commits/s 9316.81
aborts/s 0.00
ops/s 9316.81

commits/s 9426.78
aborts/s 0.00
ops/s 9426.78

commits/s 9523.61
aborts/s 0.00
ops/s 9523.61

commits/s 9354.56
aborts/s 0.00
ops/s 9354.56

commits/s 9419.81
aborts/s 0.00
ops/s 9419.81

commits/s 9686.89
aborts/s 0.00
ops/s 9686.89

commits/s 9603.78
aborts/s 0.00
ops/s 9603.78

commits/s 9538.67
aborts/s 0.00
ops/s 9538.67

commits/s 9330.33
aborts/s 0.00
ops/s 9330.33

commits/s 9441.66
aborts/s 0.00
ops/s 9441.66

commits/s 9361.52
aborts/s 0.00
ops/s 9361.52

commits/s 9425.70
aborts/s 0.00
ops/s 9425.70

commits/s 9611.24
aborts/s 0.00
ops/s 9611.24

commits/s 9309.14
aborts/s 0.00
ops/s 9309.14

commits/s 9462.44
aborts/s 0.00
ops/s 9462.44

commits/s 9418.31
aborts/s 0.00
ops/s 9418.31

commits/s 9569.06
aborts/s 0.00
ops/s 9569.06

commits/s 9521.97
aborts/s 0.00
ops/s 9521.97

commits/s 9437.87
aborts/s 0.00
ops/s 9437.87

commits/s 9438.87
aborts/s 0.00
ops/s 9438.87

commits/s 9273.21
aborts/s 0.00
ops/s 9273.21

commits/s 9498.79
aborts/s 0.00
ops/s 9498.79

commits/s 9558.99
aborts/s 0.00
ops/s 9558.99

commits/s 9539.31
aborts/s 0.00
ops/s 9539.31

commits/s 9520.78
aborts/s 0.00
ops/s 9520.78

commits/s 9362.11
aborts/s 0.00
ops/s 9362.11

commits/s 0.00
aborts/s 0.00
ops/s 0.00

