nowait
Starting KVS server on :8080
commits/s 0.00
aborts/s 0.00
ops/s 0.00

commits/s 0.00
aborts/s 0.00
ops/s 0.00

commits/s 0.00
aborts/s 0.00
ops/s 0.00

commits/s 0.00
aborts/s 0.00
ops/s 0.00

commits/s 1440.85
aborts/s 0.00
ops/s 1440.85

commits/s 5597.40
aborts/s 0.00
ops/s 5597.40

commits/s 5588.38
aborts/s 0.00
ops/s 5588.38

commits/s 5605.12
aborts/s 0.00
ops/s 5605.12

commits/s 5517.26
aborts/s 0.00
ops/s 5517.26

commits/s 5510.45
aborts/s 0.00
ops/s 5510.45

commits/s 5547.22
aborts/s 0.00
ops/s 5547.22

commits/s 5618.36
aborts/s 0.00
ops/s 5618.36

commits/s 5578.37
aborts/s 0.00
ops/s 5578.37

commits/s 5632.79
aborts/s 0.00
ops/s 5632.79

commits/s 5559.54
aborts/s 0.00
ops/s 5559.54

commits/s 5566.28
aborts/s 0.00
ops/s 5566.28

commits/s 5477.42
aborts/s 0.00
ops/s 5477.42

commits/s 5622.16
aborts/s 0.00
ops/s 5622.16

commits/s 5635.73
aborts/s 0.00
ops/s 5635.73

commits/s 5629.53
aborts/s 0.00
ops/s 5629.53

commits/s 5675.41
aborts/s 0.00
ops/s 5675.41

commits/s 5669.44
aborts/s 0.00
ops/s 5669.44

commits/s 5634.03
aborts/s 0.00
ops/s 5634.03

commits/s 5629.68
aborts/s 0.00
ops/s 5629.68

commits/s 5659.46
aborts/s 0.00
ops/s 5659.46

commits/s 5658.97
aborts/s 0.00
ops/s 5658.97

commits/s 5685.40
aborts/s 0.00
ops/s 5685.40

commits/s 5842.55
aborts/s 0.00
ops/s 5842.55

commits/s 5680.55
aborts/s 0.00
ops/s 5680.55

commits/s 5633.11
aborts/s 0.00
ops/s 5633.11

commits/s 5729.10
aborts/s 0.00
ops/s 5729.10

commits/s 5434.92
aborts/s 0.00
ops/s 5434.92

commits/s 5543.60
aborts/s 0.00
ops/s 5543.60

commits/s 5590.58
aborts/s 0.00
ops/s 5590.58

commits/s 3700.45
aborts/s 0.00
ops/s 3700.45

commits/s 0.00
aborts/s 0.00
ops/s 0.00

