nowait
Starting KVS server on :8080
commits/s 0.00
aborts/s 0.00
ops/s 0.00

commits/s 0.00
aborts/s 0.00
ops/s 0.00

commits/s 0.00
aborts/s 0.00
ops/s 0.00

commits/s 0.00
aborts/s 0.00
ops/s 0.00

commits/s 964.90
aborts/s 0.00
ops/s 964.90

commits/s 5602.34
aborts/s 0.00
ops/s 5602.34

commits/s 5569.05
aborts/s 0.00
ops/s 5569.05

commits/s 5675.26
aborts/s 0.00
ops/s 5675.26

commits/s 5701.19
aborts/s 0.00
ops/s 5701.19

commits/s 5535.81
aborts/s 0.00
ops/s 5535.81

commits/s 5579.21
aborts/s 0.00
ops/s 5579.21

commits/s 5617.24
aborts/s 0.00
ops/s 5617.24

commits/s 5654.26
aborts/s 0.00
ops/s 5654.26

commits/s 5599.08
aborts/s 0.00
ops/s 5599.08

commits/s 5683.45
aborts/s 0.00
ops/s 5683.45

commits/s 5503.63
aborts/s 0.00
ops/s 5503.63

commits/s 5480.20
aborts/s 0.00
ops/s 5480.20

commits/s 5643.07
aborts/s 0.00
ops/s 5643.07

commits/s 5568.60
aborts/s 0.00
ops/s 5568.60

commits/s 5641.28
aborts/s 0.00
ops/s 5641.28

commits/s 5658.31
aborts/s 0.00
ops/s 5658.31

commits/s 5493.83
aborts/s 0.00
ops/s 5493.83

commits/s 5557.97
aborts/s 0.00
ops/s 5557.97

commits/s 5646.97
aborts/s 0.00
ops/s 5646.97

commits/s 5487.26
aborts/s 0.00
ops/s 5487.26

commits/s 5660.68
aborts/s 0.00
ops/s 5660.68

commits/s 5624.51
aborts/s 0.00
ops/s 5624.51

commits/s 5596.46
aborts/s 0.00
ops/s 5596.46

commits/s 5674.11
aborts/s 0.00
ops/s 5674.11

commits/s 5623.47
aborts/s 0.00
ops/s 5623.47

commits/s 5550.53
aborts/s 0.00
ops/s 5550.53

commits/s 5646.41
aborts/s 0.00
ops/s 5646.41

commits/s 5550.33
aborts/s 0.00
ops/s 5550.33

commits/s 5556.22
aborts/s 0.00
ops/s 5556.22

commits/s 4076.78
aborts/s 0.00
ops/s 4076.78

