nowait
Starting KVS server on :8080
commits/s 0.00
aborts/s 0.00
ops/s 0.00

commits/s 0.00
aborts/s 0.00
ops/s 0.00

commits/s 0.00
aborts/s 0.00
ops/s 0.00

commits/s 0.00
aborts/s 0.00
ops/s 0.00

commits/s 280.96
aborts/s 0.00
ops/s 280.96

commits/s 5672.41
aborts/s 0.00
ops/s 5672.41

commits/s 5564.27
aborts/s 0.00
ops/s 5564.27

commits/s 5547.05
aborts/s 0.00
ops/s 5547.05

commits/s 5675.84
aborts/s 0.00
ops/s 5675.84

commits/s 5515.72
aborts/s 0.00
ops/s 5515.72

commits/s 5559.28
aborts/s 0.00
ops/s 5559.28

commits/s 5642.38
aborts/s 0.00
ops/s 5642.38

commits/s 5643.57
aborts/s 0.00
ops/s 5643.57

commits/s 5669.59
aborts/s 0.00
ops/s 5669.59

commits/s 5558.40
aborts/s 0.00
ops/s 5558.40

commits/s 5639.36
aborts/s 0.00
ops/s 5639.36

commits/s 5436.15
aborts/s 0.00
ops/s 5436.15

commits/s 5640.24
aborts/s 0.00
ops/s 5640.24

commits/s 5653.13
aborts/s 0.00
ops/s 5653.13

commits/s 5570.21
aborts/s 0.00
ops/s 5570.21

commits/s 5637.37
aborts/s 0.00
ops/s 5637.37

commits/s 5642.44
aborts/s 0.00
ops/s 5642.44

commits/s 5599.89
aborts/s 0.00
ops/s 5599.89

commits/s 5648.20
aborts/s 0.00
ops/s 5648.20

commits/s 5690.25
aborts/s 0.00
ops/s 5690.25

commits/s 5542.63
aborts/s 0.00
ops/s 5542.63

commits/s 5652.34
aborts/s 0.00
ops/s 5652.34

commits/s 5607.99
aborts/s 0.00
ops/s 5607.99

commits/s 5576.60
aborts/s 0.00
ops/s 5576.60

commits/s 5547.34
aborts/s 0.00
ops/s 5547.34

commits/s 5645.39
aborts/s 0.00
ops/s 5645.39

commits/s 5511.42
aborts/s 0.00
ops/s 5511.42

commits/s 5586.43
aborts/s 0.00
ops/s 5586.43

commits/s 5473.20
aborts/s 0.00
ops/s 5473.20

commits/s 4588.17
aborts/s 0.00
ops/s 4588.17

