nowait
Starting KVS server on :8080
commits/s 0.00
aborts/s 0.00
ops/s 0.00

commits/s 0.00
aborts/s 0.00
ops/s 0.00

commits/s 0.00
aborts/s 0.00
ops/s 0.00

commits/s 0.00
aborts/s 0.00
ops/s 0.00

commits/s 0.00
aborts/s 0.00
ops/s 0.00

commits/s 4458.52
aborts/s 885.91
ops/s 5344.43

commits/s 4778.09
aborts/s 885.83
ops/s 5663.93

commits/s 4763.34
aborts/s 946.87
ops/s 5710.21

commits/s 4776.49
aborts/s 891.91
ops/s 5668.40

commits/s 4703.29
aborts/s 896.87
ops/s 5600.16

commits/s 4655.31
aborts/s 939.86
ops/s 5595.17

commits/s 4742.39
aborts/s 954.68
ops/s 5697.06

commits/s 4806.53
aborts/s 888.91
ops/s 5695.44

commits/s 4764.34
aborts/s 937.87
ops/s 5702.21

commits/s 4770.15
aborts/s 945.83
ops/s 5715.98

commits/s 4739.74
aborts/s 976.74
ops/s 5716.48

commits/s 4724.18
aborts/s 895.84
ops/s 5620.03

commits/s 4758.24
aborts/s 913.85
ops/s 5672.09

commits/s 4654.21
aborts/s 912.85
ops/s 5567.06

commits/s 4650.11
aborts/s 922.82
ops/s 5572.93

commits/s 4802.26
aborts/s 890.86
ops/s 5693.12

commits/s 4712.46
aborts/s 971.89
ops/s 5684.35

commits/s 4803.28
aborts/s 874.87
ops/s 5678.15

commits/s 4798.65
aborts/s 934.74
ops/s 5733.39

commits/s 4786.48
aborts/s 834.91
ops/s 5621.39

commits/s 4560.18
aborts/s 1028.81
ops/s 5588.99

commits/s 4667.39
aborts/s 937.88
ops/s 5605.27

commits/s 4689.35
aborts/s 962.87
ops/s 5652.21

commits/s 4703.60
aborts/s 1017.91
ops/s 5721.51

commits/s 4731.49
aborts/s 931.90
ops/s 5663.39

commits/s 4663.34
aborts/s 939.87
ops/s 5603.21

commits/s 4570.59
aborts/s 970.91
ops/s 5541.50

commits/s 4672.47
aborts/s 901.90
ops/s 5574.37

commits/s 4638.33
aborts/s 926.87
ops/s 5565.20

commits/s 4089.89
aborts/s 976.26
ops/s 5066.15

commits/s 0.00
aborts/s 0.00
ops/s 0.00

