nowait
Starting KVS server on :8080
commits/s 0.00
aborts/s 0.00
ops/s 0.00

commits/s 0.00
aborts/s 0.00
ops/s 0.00

commits/s 0.00
aborts/s 0.00
ops/s 0.00

commits/s 0.00
aborts/s 0.00
ops/s 0.00

commits/s 0.00
aborts/s 0.00
ops/s 0.00

commits/s 3801.57
aborts/s 708.92
ops/s 4510.49

commits/s 4628.54
aborts/s 1001.47
ops/s 5630.01

commits/s 4703.35
aborts/s 857.88
ops/s 5561.23

commits/s 4766.37
aborts/s 875.88
ops/s 5642.25

commits/s 4655.49
aborts/s 968.89
ops/s 5624.39

commits/s 4699.33
aborts/s 919.87
ops/s 5619.20

commits/s 4705.03
aborts/s 929.81
ops/s 5634.84

commits/s 4689.33
aborts/s 1016.86
ops/s 5706.19

commits/s 4655.39
aborts/s 920.88
ops/s 5576.27

commits/s 4708.10
aborts/s 937.82
ops/s 5645.92

commits/s 4613.96
aborts/s 912.79
ops/s 5526.75

commits/s 4562.48
aborts/s 984.89
ops/s 5547.37

commits/s 4738.35
aborts/s 912.88
ops/s 5651.23

commits/s 4747.23
aborts/s 1023.83
ops/s 5771.06

commits/s 4655.52
aborts/s 967.90
ops/s 5623.42

commits/s 4661.23
aborts/s 918.65
ops/s 5579.88

commits/s 4706.43
aborts/s 938.89
ops/s 5645.31

commits/s 4779.42
aborts/s 896.89
ops/s 5676.31

commits/s 4785.46
aborts/s 930.89
ops/s 5716.35

commits/s 4648.67
aborts/s 930.93
ops/s 5579.61

commits/s 4659.33
aborts/s 929.87
ops/s 5589.20

commits/s 4653.09
aborts/s 954.81
ops/s 5607.91

commits/s 4588.55
aborts/s 972.90
ops/s 5561.46

commits/s 4691.32
aborts/s 997.85
ops/s 5689.17

commits/s 4640.33
aborts/s 903.87
ops/s 5544.20

commits/s 4649.33
aborts/s 847.88
ops/s 5497.21

commits/s 4738.22
aborts/s 938.85
ops/s 5677.07

commits/s 4679.18
aborts/s 1032.82
ops/s 5712.00

commits/s 4554.18
aborts/s 951.83
ops/s 5506.01

commits/s 4769.33
aborts/s 909.87
ops/s 5679.20

commits/s 285.87
aborts/s 42.98
ops/s 328.85

