nowait
Starting KVS server on :8080
commits/s 0.00
aborts/s 0.00
ops/s 0.00

commits/s 0.00
aborts/s 0.00
ops/s 0.00

commits/s 0.00
aborts/s 0.00
ops/s 0.00

commits/s 0.00
aborts/s 0.00
ops/s 0.00

commits/s 671.81
aborts/s 86.97
ops/s 758.78

commits/s 4677.56
aborts/s 923.91
ops/s 5601.47

commits/s 4702.30
aborts/s 976.85
ops/s 5679.15

commits/s 4682.12
aborts/s 946.82
ops/s 5628.94

commits/s 4823.32
aborts/s 929.87
ops/s 5753.18

commits/s 4716.23
aborts/s 933.85
ops/s 5650.08

commits/s 4762.56
aborts/s 934.72
ops/s 5697.28

commits/s 4734.23
aborts/s 1029.83
ops/s 5764.06

commits/s 4731.37
aborts/s 1051.86
ops/s 5783.22

commits/s 4732.36
aborts/s 931.87
ops/s 5664.24

commits/s 4587.34
aborts/s 975.86
ops/s 5563.20

commits/s 4732.72
aborts/s 870.58
ops/s 5603.31

commits/s 4599.25
aborts/s 913.85
ops/s 5513.10

commits/s 4688.30
aborts/s 1069.84
ops/s 5758.14

commits/s 4799.85
aborts/s 909.78
ops/s 5709.63

commits/s 4693.44
aborts/s 958.89
ops/s 5652.33

commits/s 4760.57
aborts/s 905.92
ops/s 5666.49

commits/s 4630.24
aborts/s 978.84
ops/s 5609.08

commits/s 4823.27
aborts/s 907.86
ops/s 5731.13

commits/s 4839.47
aborts/s 971.89
ops/s 5811.37

commits/s 4746.22
aborts/s 921.85
ops/s 5668.07

commits/s 4769.21
aborts/s 842.86
ops/s 5612.08

commits/s 4704.39
aborts/s 976.87
ops/s 5681.26

commits/s 4667.38
aborts/s 922.88
ops/s 5590.26

commits/s 4656.61
aborts/s 902.92
ops/s 5559.53

commits/s 4712.34
aborts/s 951.87
ops/s 5664.21

commits/s 4656.88
aborts/s 1012.76
ops/s 5669.64

commits/s 4756.59
aborts/s 887.92
ops/s 5644.52

commits/s 4670.36
aborts/s 939.87
ops/s 5610.23

commits/s 4679.18
aborts/s 916.64
ops/s 5595.82

commits/s 3615.99
aborts/s 653.64
ops/s 4269.62

