waitdie
Starting KVS server on :8080
commits/s 0.00
aborts/s 0.00
ops/s 0.00

commits/s 0.00
aborts/s 0.00
ops/s 0.00

commits/s 0.00
aborts/s 0.00
ops/s 0.00

commits/s 0.00
aborts/s 0.00
ops/s 0.00

commits/s 0.00
aborts/s 0.00
ops/s 0.00

commits/s 5471.34
aborts/s 70.99
ops/s 5542.33

commits/s 5306.64
aborts/s 80.98
ops/s 5387.62

commits/s 5422.93
aborts/s 70.99
ops/s 5493.92

commits/s 5392.34
aborts/s 81.99
ops/s 5474.33

commits/s 5364.46
aborts/s 78.98
ops/s 5443.44

commits/s 5358.13
aborts/s 81.99
ops/s 5440.12

commits/s 5368.43
aborts/s 84.99
ops/s 5453.42

commits/s 5436.89
aborts/s 89.98
ops/s 5526.87

commits/s 5419.36
aborts/s 80.99
ops/s 5500.35

commits/s 5475.47
aborts/s 52.99
ops/s 5528.46

commits/s 5330.29
aborts/s 64.99
ops/s 5395.28

commits/s 5347.76
aborts/s 79.98
ops/s 5427.74

commits/s 5527.42
aborts/s 71.99
ops/s 5599.42

commits/s 5407.88
aborts/s 66.99
ops/s 5474.87

commits/s 5541.20
aborts/s 84.99
ops/s 5626.19

commits/s 5425.42
aborts/s 76.99
ops/s 5502.41

commits/s 5507.81
aborts/s 108.98
ops/s 5616.79

commits/s 5406.09
aborts/s 84.99
ops/s 5491.08

commits/s 5381.26
aborts/s 90.99
ops/s 5472.25

commits/s 5533.52
aborts/s 82.99
ops/s 5616.51

commits/s 5474.60
aborts/s 80.99
ops/s 5555.60

commits/s 5541.68
aborts/s 79.98
ops/s 5621.66

commits/s 5352.41
aborts/s 69.99
ops/s 5422.40

commits/s 5376.76
aborts/s 80.98
ops/s 5457.75

commits/s 5449.84
aborts/s 71.98
ops/s 5521.83

commits/s 5310.47
aborts/s 86.99
ops/s 5397.47

commits/s 5444.39
aborts/s 89.99
ops/s 5534.38

commits/s 5500.70
aborts/s 107.99
ops/s 5608.69

commits/s 5351.44
aborts/s 70.99
ops/s 5422.43

commits/s 4820.52
aborts/s 67.92
ops/s 4888.45

