waitdie
Starting KVS server on :8080
commits/s 0.00
aborts/s 0.00
ops/s 0.00

commits/s 0.00
aborts/s 0.00
ops/s 0.00

commits/s 0.00
aborts/s 0.00
ops/s 0.00

commits/s 0.00
aborts/s 0.00
ops/s 0.00

commits/s 743.93
aborts/s 11.00
ops/s 754.93

commits/s 5439.64
aborts/s 73.00
ops/s 5512.64

commits/s 5413.46
aborts/s 66.99
ops/s 5480.45

commits/s 5420.19
aborts/s 86.99
ops/s 5507.18

commits/s 5421.23
aborts/s 70.99
ops/s 5492.22

commits/s 5334.32
aborts/s 91.99
ops/s 5426.31

commits/s 5405.43
aborts/s 85.99
ops/s 5491.42

commits/s 5419.26
aborts/s 92.99
ops/s 5512.25

commits/s 5401.25
aborts/s 92.99
ops/s 5494.24

commits/s 5537.87
aborts/s 84.98
ops/s 5622.86

commits/s 5318.34
aborts/s 76.99
ops/s 5395.33

commits/s 5380.39
aborts/s 78.99
ops/s 5459.38

commits/s 5444.30
aborts/s 82.99
ops/s 5527.29

commits/s 5403.47
aborts/s 87.99
ops/s 5491.47

commits/s 5381.51
aborts/s 94.97
ops/s 5476.48

commits/s 5571.87
aborts/s 66.99
ops/s 5638.86

commits/s 5267.40
aborts/s 83.99
ops/s 5351.39

commits/s 5463.95
aborts/s 90.98
ops/s 5554.93

commits/s 5412.78
aborts/s 91.98
ops/s 5504.76

commits/s 5424.39
aborts/s 72.99
ops/s 5497.38

commits/s 5325.33
aborts/s 84.99
ops/s 5410.32

commits/s 5526.73
aborts/s 90.98
ops/s 5617.71

commits/s 5421.51
aborts/s 99.99
ops/s 5521.50

commits/s 5332.16
aborts/s 79.99
ops/s 5412.15

commits/s 5394.02
aborts/s 76.99
ops/s 5471.01

commits/s 5239.30
aborts/s 66.99
ops/s 5306.29

commits/s 5367.43
aborts/s 60.99
ops/s 5428.43

commits/s 5424.36
aborts/s 88.99
ops/s 5513.35

commits/s 5340.47
aborts/s 72.99
ops/s 5413.46

commits/s 5560.30
aborts/s 79.99
ops/s 5640.29

commits/s 3994.37
aborts/s 50.99
ops/s 4045.36

