waitdie
Starting KVS server on :8080
commits/s 0.00
aborts/s 0.00
ops/s 0.00

commits/s 0.00
aborts/s 0.00
ops/s 0.00

commits/s 0.00
aborts/s 0.00
ops/s 0.00

commits/s 0.00
aborts/s 0.00
ops/s 0.00

commits/s 0.00
aborts/s 0.00
ops/s 0.00

commits/s 4791.44
aborts/s 86.99
ops/s 4878.43

commits/s 5280.40
aborts/s 73.98
ops/s 5354.38

commits/s 5260.39
aborts/s 95.93
ops/s 5356.32

commits/s 5415.01
aborts/s 93.98
ops/s 5508.99

commits/s 5403.99
aborts/s 107.98
ops/s 5511.97

commits/s 5410.32
aborts/s 85.99
ops/s 5496.31

commits/s 5388.77
aborts/s 86.98
ops/s 5475.75

commits/s 5446.27
aborts/s 72.99
ops/s 5519.27

commits/s 5372.44
aborts/s 66.99
ops/s 5439.43

commits/s 5479.18
aborts/s 60.99
ops/s 5540.17

commits/s 5375.41
aborts/s 101.99
ops/s 5477.40

commits/s 5398.38
aborts/s 88.99
ops/s 5487.37

commits/s 5413.62
aborts/s 76.99
ops/s 5490.62

commits/s 5353.44
aborts/s 78.99
ops/s 5432.43

commits/s 5485.26
aborts/s 93.99
ops/s 5579.25

commits/s 5397.40
aborts/s 75.99
ops/s 5473.39

commits/s 5336.61
aborts/s 93.98
ops/s 5430.59

commits/s 5379.22
aborts/s 79.99
ops/s 5459.21

commits/s 5420.36
aborts/s 69.99
ops/s 5490.36

commits/s 5367.63
aborts/s 77.99
ops/s 5445.63

commits/s 5393.06
aborts/s 88.98
ops/s 5482.04

commits/s 5408.57
aborts/s 50.00
ops/s 5458.56

commits/s 5447.38
aborts/s 78.99
ops/s 5526.37

commits/s 5428.20
aborts/s 73.99
ops/s 5502.19

commits/s 5234.51
aborts/s 69.99
ops/s 5304.51

commits/s 5392.21
aborts/s 94.99
ops/s 5487.20

commits/s 5412.25
aborts/s 86.99
ops/s 5499.23

commits/s 5324.65
aborts/s 87.99
ops/s 5412.64

commits/s 5330.13
aborts/s 75.99
ops/s 5406.12

commits/s 5304.35
aborts/s 78.93
ops/s 5383.29

commits/s 0.00
aborts/s 0.00
ops/s 0.00

