nowait
Starting KVS server on :8080
commits/s 0.00
aborts/s 0.00
ops/s 0.00

commits/s 0.00
aborts/s 0.00
ops/s 0.00

commits/s 0.00
aborts/s 0.00
ops/s 0.00

commits/s 0.00
aborts/s 0.00
ops/s 0.00

commits/s 0.00
aborts/s 0.00
ops/s 0.00

commits/s 4841.76
aborts/s 0.00
ops/s 4841.76

commits/s 5574.73
aborts/s 0.00
ops/s 5574.73

commits/s 5636.38
aborts/s 0.00
ops/s 5636.38

commits/s 5535.43
aborts/s 0.00
ops/s 5535.43

commits/s 5585.42
aborts/s 0.00
ops/s 5585.42

commits/s 5495.40
aborts/s 0.00
ops/s 5495.40

commits/s 5555.79
aborts/s 0.00
ops/s 5555.79

commits/s 5413.13
aborts/s 0.00
ops/s 5413.13

commits/s 5667.17
aborts/s 0.00
ops/s 5667.17

commits/s 5572.29
aborts/s 0.00
ops/s 5572.29

commits/s 5631.06
aborts/s 0.00
ops/s 5631.06

commits/s 5632.30
aborts/s 0.00
ops/s 5632.30

commits/s 5763.47
aborts/s 0.00
ops/s 5763.47

commits/s 5693.41
aborts/s 0.00
ops/s 5693.41

commits/s 5528.50
aborts/s 0.00
ops/s 5528.50

commits/s 5445.12
aborts/s 0.00
ops/s 5445.12

commits/s 5474.45
aborts/s 0.00
ops/s 5474.45

commits/s 5573.36
aborts/s 0.00
ops/s 5573.36

commits/s 5618.40
aborts/s 0.00
ops/s 5618.40

commits/s 5700.39
aborts/s 0.00
ops/s 5700.39

commits/s 5576.39
aborts/s 0.00
ops/s 5576.39

commits/s 5503.69
aborts/s 0.00
ops/s 5503.69

commits/s 5637.11
aborts/s 0.00
ops/s 5637.11

commits/s 5669.62
aborts/s 0.00
ops/s 5669.62

commits/s 5567.14
aborts/s 0.00
ops/s 5567.14

commits/s 5606.17
aborts/s 0.00
ops/s 5606.17

commits/s 5547.47
aborts/s 0.00
ops/s 5547.47

commits/s 5576.61
aborts/s 0.00
ops/s 5576.61

commits/s 5541.57
aborts/s 0.00
ops/s 5541.57

commits/s 5499.60
aborts/s 0.00
ops/s 5499.60

commits/s 244.95
aborts/s 0.00
ops/s 244.95

