nowait
Starting KVS server on :8080
commits/s 0.00
aborts/s 0.00
ops/s 0.00

commits/s 0.00
aborts/s 0.00
ops/s 0.00

commits/s 0.00
aborts/s 0.00
ops/s 0.00

commits/s 0.00
aborts/s 0.00
ops/s 0.00

commits/s 0.00
aborts/s 0.00
ops/s 0.00

commits/s 5007.63
aborts/s 0.00
ops/s 5007.63

commits/s 5628.05
aborts/s 0.00
ops/s 5628.05

commits/s 5663.20
aborts/s 0.00
ops/s 5663.20

commits/s 5573.85
aborts/s 0.00
ops/s 5573.85

commits/s 5748.18
aborts/s 0.00
ops/s 5748.18

commits/s 5594.03
aborts/s 0.00
ops/s 5594.03

commits/s 5615.32
aborts/s 0.00
ops/s 5615.32

commits/s 5434.58
aborts/s 0.00
ops/s 5434.58

commits/s 5583.53
aborts/s 0.00
ops/s 5583.53

commits/s 5722.77
aborts/s 0.00
ops/s 5722.77

commits/s 5674.59
aborts/s 0.00
ops/s 5674.59

commits/s 5584.07
aborts/s 0.00
ops/s 5584.07

commits/s 5547.42
aborts/s 0.00
ops/s 5547.42

commits/s 5663.10
aborts/s 0.00
ops/s 5663.10

commits/s 5585.47
aborts/s 0.00
ops/s 5585.47

commits/s 5396.08
aborts/s 0.00
ops/s 5396.08

commits/s 5418.21
aborts/s 0.00
ops/s 5418.21

commits/s 5811.47
aborts/s 0.00
ops/s 5811.47

commits/s 5647.46
aborts/s 0.00
ops/s 5647.46

commits/s 5566.39
aborts/s 0.00
ops/s 5566.39

commits/s 5532.42
aborts/s 0.00
ops/s 5532.42

commits/s 5648.53
aborts/s 0.00
ops/s 5648.53

commits/s 5599.41
aborts/s 0.00
ops/s 5599.41

commits/s 5679.39
aborts/s 0.00
ops/s 5679.39

commits/s 5656.62
aborts/s 0.00
ops/s 5656.62

commits/s 5636.47
aborts/s 0.00
ops/s 5636.47

commits/s 5564.55
aborts/s 0.00
ops/s 5564.55

commits/s 5605.68
aborts/s 0.00
ops/s 5605.68

commits/s 5658.33
aborts/s 0.00
ops/s 5658.33

commits/s 5553.97
aborts/s 0.00
ops/s 5553.97

commits/s 0.00
aborts/s 0.00
ops/s 0.00

