nowait
Starting KVS server on :8080
commits/s 0.00
aborts/s 0.00
ops/s 0.00

commits/s 0.00
aborts/s 0.00
ops/s 0.00

commits/s 0.00
aborts/s 0.00
ops/s 0.00

commits/s 0.00
aborts/s 0.00
ops/s 0.00

commits/s 251.98
aborts/s 0.00
ops/s 251.98

commits/s 5685.71
aborts/s 0.00
ops/s 5685.71

commits/s 5508.28
aborts/s 0.00
ops/s 5508.28

commits/s 5661.87
aborts/s 0.00
ops/s 5661.87

commits/s 5562.21
aborts/s 0.00
ops/s 5562.21

commits/s 5707.40
aborts/s 0.00
ops/s 5707.40

commits/s 5569.24
aborts/s 0.00
ops/s 5569.24

commits/s 5556.19
aborts/s 0.00
ops/s 5556.19

commits/s 5459.28
aborts/s 0.00
ops/s 5459.28

commits/s 5538.03
aborts/s 0.00
ops/s 5538.03

commits/s 5615.44
aborts/s 0.00
ops/s 5615.44

commits/s 5644.21
aborts/s 0.00
ops/s 5644.21

commits/s 5602.37
aborts/s 0.00
ops/s 5602.37

commits/s 5624.79
aborts/s 0.00
ops/s 5624.79

commits/s 5627.94
aborts/s 0.00
ops/s 5627.94

commits/s 5508.44
aborts/s 0.00
ops/s 5508.44

commits/s 5360.41
aborts/s 0.00
ops/s 5360.41

commits/s 5437.96
aborts/s 0.00
ops/s 5437.96

commits/s 5645.59
aborts/s 0.00
ops/s 5645.59

commits/s 5657.47
aborts/s 0.00
ops/s 5657.47

commits/s 5621.31
aborts/s 0.00
ops/s 5621.31

commits/s 5648.47
aborts/s 0.00
ops/s 5648.47

commits/s 5609.26
aborts/s 0.00
ops/s 5609.26

commits/s 5531.50
aborts/s 0.00
ops/s 5531.50

commits/s 5556.97
aborts/s 0.00
ops/s 5556.97

commits/s 5565.43
aborts/s 0.00
ops/s 5565.43

commits/s 5569.42
aborts/s 0.00
ops/s 5569.42

commits/s 5705.48
aborts/s 0.00
ops/s 5705.48

commits/s 5550.66
aborts/s 0.00
ops/s 5550.66

commits/s 5582.40
aborts/s 0.00
ops/s 5582.40

commits/s 4801.18
aborts/s 0.00
ops/s 4801.18

commits/s 0.00
aborts/s 0.00
ops/s 0.00

