waitdie
Starting KVS server on :8080
commits/s 0.00
aborts/s 0.00
ops/s 0.00

commits/s 0.00
aborts/s 0.00
ops/s 0.00

commits/s 0.00
aborts/s 0.00
ops/s 0.00

commits/s 0.00
aborts/s 0.00
ops/s 0.00

commits/s 0.00
aborts/s 0.00
ops/s 0.00

commits/s 4036.31
aborts/s 486.92
ops/s 4523.22

commits/s 4927.36
aborts/s 636.92
ops/s 5564.28

commits/s 4792.98
aborts/s 588.88
ops/s 5381.86

commits/s 4885.23
aborts/s 604.90
ops/s 5490.13

commits/s 4773.41
aborts/s 689.92
ops/s 5463.33

commits/s 4999.34
aborts/s 599.92
ops/s 5599.26

commits/s 4961.01
aborts/s 638.87
ops/s 5599.88

commits/s 4956.58
aborts/s 655.94
ops/s 5612.52

commits/s 4919.64
aborts/s 661.15
ops/s 5580.79

commits/s 4975.10
aborts/s 572.90
ops/s 5548.00

commits/s 4947.07
aborts/s 555.90
ops/s 5502.97

commits/s 4840.49
aborts/s 620.42
ops/s 5460.91

commits/s 4836.53
aborts/s 698.79
ops/s 5535.32

commits/s 4932.48
aborts/s 667.93
ops/s 5600.41

commits/s 4842.11
aborts/s 621.89
ops/s 5464.00

commits/s 5075.25
aborts/s 566.92
ops/s 5642.16

commits/s 4986.60
aborts/s 626.95
ops/s 5613.56

commits/s 4937.33
aborts/s 572.92
ops/s 5510.25

commits/s 4857.58
aborts/s 628.95
ops/s 5486.53

commits/s 4946.74
aborts/s 583.85
ops/s 5530.59

commits/s 4930.28
aborts/s 620.91
ops/s 5551.18

commits/s 4993.28
aborts/s 591.91
ops/s 5585.20

commits/s 4906.52
aborts/s 651.94
ops/s 5558.45

commits/s 4988.29
aborts/s 604.91
ops/s 5593.20

commits/s 4973.40
aborts/s 598.93
ops/s 5572.33

commits/s 4909.78
aborts/s 647.84
ops/s 5557.62

commits/s 4872.15
aborts/s 576.78
ops/s 5448.93

commits/s 4875.23
aborts/s 617.90
ops/s 5493.13

commits/s 4831.47
aborts/s 568.94
ops/s 5400.41

commits/s 4748.91
aborts/s 652.85
ops/s 5401.76

commits/s 452.68
aborts/s 43.97
ops/s 496.65

