waitdie
Starting KVS server on :8080
commits/s 0.00
aborts/s 0.00
ops/s 0.00

commits/s 0.00
aborts/s 0.00
ops/s 0.00

commits/s 0.00
aborts/s 0.00
ops/s 0.00

commits/s 0.00
aborts/s 0.00
ops/s 0.00

commits/s 0.00
aborts/s 0.00
ops/s 0.00

commits/s 4824.11
aborts/s 610.89
ops/s 5435.00

commits/s 4830.28
aborts/s 625.91
ops/s 5456.19

commits/s 4843.65
aborts/s 617.83
ops/s 5461.48

commits/s 4836.48
aborts/s 607.94
ops/s 5444.42

commits/s 4947.42
aborts/s 551.94
ops/s 5499.36

commits/s 4920.35
aborts/s 582.92
ops/s 5503.27

commits/s 4878.43
aborts/s 595.93
ops/s 5474.36

commits/s 4962.35
aborts/s 598.92
ops/s 5561.28

commits/s 4868.37
aborts/s 597.92
ops/s 5466.29

commits/s 4910.41
aborts/s 574.93
ops/s 5485.34

commits/s 4878.05
aborts/s 537.90
ops/s 5415.94

commits/s 4932.50
aborts/s 602.94
ops/s 5535.44

commits/s 4888.02
aborts/s 596.88
ops/s 5484.91

commits/s 4781.14
aborts/s 710.87
ops/s 5492.02

commits/s 4901.34
aborts/s 626.91
ops/s 5528.25

commits/s 4863.68
aborts/s 607.96
ops/s 5471.64

commits/s 4833.52
aborts/s 661.93
ops/s 5495.46

commits/s 4906.65
aborts/s 622.96
ops/s 5529.61

commits/s 4926.36
aborts/s 635.92
ops/s 5562.27

commits/s 4829.52
aborts/s 675.93
ops/s 5505.45

commits/s 4897.63
aborts/s 620.95
ops/s 5518.58

commits/s 4977.44
aborts/s 617.93
ops/s 5595.37

commits/s 4812.05
aborts/s 613.88
ops/s 5425.93

commits/s 4897.18
aborts/s 550.79
ops/s 5447.97

commits/s 5057.02
aborts/s 561.89
ops/s 5618.91

commits/s 4772.62
aborts/s 582.95
ops/s 5355.58

commits/s 4815.37
aborts/s 633.92
ops/s 5449.29

commits/s 4855.65
aborts/s 497.96
ops/s 5353.62

commits/s 4933.28
aborts/s 627.91
ops/s 5561.19

commits/s 4540.89
aborts/s 511.54
ops/s 5052.43

commits/s 0.00
aborts/s 0.00
ops/s 0.00

