waitdie
Starting KVS server on :8080
commits/s 0.00
aborts/s 0.00
ops/s 0.00

commits/s 0.00
aborts/s 0.00
ops/s 0.00

commits/s 0.00
aborts/s 0.00
ops/s 0.00

commits/s 0.00
aborts/s 0.00
ops/s 0.00

commits/s 0.00
aborts/s 0.00
ops/s 0.00

commits/s 4468.64
aborts/s 476.96
ops/s 4945.60

commits/s 4895.44
aborts/s 661.92
ops/s 5557.36

commits/s 4940.36
aborts/s 540.93
ops/s 5481.29

commits/s 4899.32
aborts/s 584.92
ops/s 5484.24

commits/s 4886.39
aborts/s 647.92
ops/s 5534.31

commits/s 4875.51
aborts/s 605.94
ops/s 5481.45

commits/s 4877.25
aborts/s 625.90
ops/s 5503.15

commits/s 4910.08
aborts/s 606.89
ops/s 5516.97

commits/s 4902.34
aborts/s 535.93
ops/s 5438.27

commits/s 4849.08
aborts/s 580.89
ops/s 5429.97

commits/s 4845.81
aborts/s 607.85
ops/s 5453.66

commits/s 4886.53
aborts/s 603.94
ops/s 5490.47

commits/s 4971.28
aborts/s 556.92
ops/s 5528.20

commits/s 4919.14
aborts/s 589.90
ops/s 5509.04

commits/s 4915.61
aborts/s 639.95
ops/s 5555.55

commits/s 4903.32
aborts/s 650.91
ops/s 5554.23

commits/s 4944.24
aborts/s 552.91
ops/s 5497.15

commits/s 4928.66
aborts/s 579.96
ops/s 5508.62

commits/s 4908.47
aborts/s 599.94
ops/s 5508.41

commits/s 4885.54
aborts/s 602.94
ops/s 5488.48

commits/s 4918.90
aborts/s 608.86
ops/s 5527.76

commits/s 4885.54
aborts/s 637.94
ops/s 5523.48

commits/s 4771.76
aborts/s 677.82
ops/s 5449.58

commits/s 4884.43
aborts/s 566.93
ops/s 5451.36

commits/s 5093.37
aborts/s 622.92
ops/s 5716.29

commits/s 4889.30
aborts/s 605.91
ops/s 5495.21

commits/s 4894.76
aborts/s 587.85
ops/s 5482.61

commits/s 4850.25
aborts/s 602.91
ops/s 5453.15

commits/s 4802.69
aborts/s 633.96
ops/s 5436.65

commits/s 4881.23
aborts/s 572.44
ops/s 5453.67

commits/s 0.00
aborts/s 0.00
ops/s 0.00

