nowait
Starting KVS server on :8080
commits/s 0.00
aborts/s 0.00
ops/s 0.00

commits/s 0.00
aborts/s 0.00
ops/s 0.00

commits/s 0.00
aborts/s 0.00
ops/s 0.00

commits/s 0.00
aborts/s 0.00
ops/s 0.00

commits/s 202.99
aborts/s 0.00
ops/s 202.99

commits/s 5642.59
aborts/s 0.00
ops/s 5642.59

commits/s 5479.27
aborts/s 0.00
ops/s 5479.27

commits/s 5667.12
aborts/s 0.00
ops/s 5667.12

commits/s 5470.42
aborts/s 0.00
ops/s 5470.42

commits/s 5511.70
aborts/s 0.00
ops/s 5511.70

commits/s 5667.34
aborts/s 0.00
ops/s 5667.34

commits/s 5648.24
aborts/s 0.00
ops/s 5648.24

commits/s 5576.55
aborts/s 0.00
ops/s 5576.55

commits/s 5479.00
aborts/s 0.00
ops/s 5479.00

commits/s 5616.81
aborts/s 0.00
ops/s 5616.81

commits/s 5528.38
aborts/s 0.00
ops/s 5528.38

commits/s 5723.29
aborts/s 0.00
ops/s 5723.29

commits/s 5533.35
aborts/s 0.00
ops/s 5533.35

commits/s 5586.24
aborts/s 0.00
ops/s 5586.24

commits/s 5524.47
aborts/s 0.00
ops/s 5524.47

commits/s 5484.67
aborts/s 0.00
ops/s 5484.67

commits/s 5530.35
aborts/s 0.00
ops/s 5530.35

commits/s 5703.88
aborts/s 0.00
ops/s 5703.88

commits/s 5537.48
aborts/s 0.00
ops/s 5537.48

commits/s 5433.39
aborts/s 0.00
ops/s 5433.39

commits/s 5647.54
aborts/s 0.00
ops/s 5647.54

commits/s 5631.44
aborts/s 0.00
ops/s 5631.44

commits/s 5496.11
aborts/s 0.00
ops/s 5496.11

commits/s 5593.58
aborts/s 0.00
ops/s 5593.58

commits/s 5628.00
aborts/s 0.00
ops/s 5628.00

commits/s 5491.10
aborts/s 0.00
ops/s 5491.10

commits/s 5674.79
aborts/s 0.00
ops/s 5674.79

commits/s 5515.30
aborts/s 0.00
ops/s 5515.30

commits/s 5655.08
aborts/s 0.00
ops/s 5655.08

commits/s 4765.74
aborts/s 0.00
ops/s 4765.74

commits/s 0.00
aborts/s 0.00
ops/s 0.00

