nowait
Starting KVS server on :8080
commits/s 0.00
aborts/s 0.00
ops/s 0.00

commits/s 0.00
aborts/s 0.00
ops/s 0.00

commits/s 0.00
aborts/s 0.00
ops/s 0.00

commits/s 0.00
aborts/s 0.00
ops/s 0.00

commits/s 0.00
aborts/s 0.00
ops/s 0.00

commits/s 5245.62
aborts/s 0.00
ops/s 5245.62

commits/s 5591.44
aborts/s 0.00
ops/s 5591.44

commits/s 5588.34
aborts/s 0.00
ops/s 5588.34

commits/s 5523.19
aborts/s 0.00
ops/s 5523.19

commits/s 5557.32
aborts/s 0.00
ops/s 5557.32

commits/s 5601.21
aborts/s 0.00
ops/s 5601.21

commits/s 5525.50
aborts/s 0.00
ops/s 5525.50

commits/s 5611.09
aborts/s 0.00
ops/s 5611.09

commits/s 5486.58
aborts/s 0.00
ops/s 5486.58

commits/s 5612.39
aborts/s 0.00
ops/s 5612.39

commits/s 5668.26
aborts/s 0.00
ops/s 5668.26

commits/s 5546.12
aborts/s 0.00
ops/s 5546.12

commits/s 5639.84
aborts/s 0.00
ops/s 5639.84

commits/s 5652.36
aborts/s 0.00
ops/s 5652.36

commits/s 5697.60
aborts/s 0.00
ops/s 5697.60

commits/s 5699.21
aborts/s 0.00
ops/s 5699.21

commits/s 5568.28
aborts/s 0.00
ops/s 5568.28

commits/s 5468.40
aborts/s 0.00
ops/s 5468.40

commits/s 5460.06
aborts/s 0.00
ops/s 5460.06

commits/s 5423.79
aborts/s 0.00
ops/s 5423.79

commits/s 5471.49
aborts/s 0.00
ops/s 5471.49

commits/s 5572.58
aborts/s 0.00
ops/s 5572.58

commits/s 5677.20
aborts/s 0.00
ops/s 5677.20

commits/s 5563.52
aborts/s 0.00
ops/s 5563.52

commits/s 5526.27
aborts/s 0.00
ops/s 5526.27

commits/s 5633.59
aborts/s 0.00
ops/s 5633.59

commits/s 5475.33
aborts/s 0.00
ops/s 5475.33

commits/s 5660.06
aborts/s 0.00
ops/s 5660.06

commits/s 5598.44
aborts/s 0.00
ops/s 5598.44

commits/s 5430.12
aborts/s 0.00
ops/s 5430.12

commits/s 0.00
aborts/s 0.00
ops/s 0.00

