nowait
Starting KVS server on :8080
commits/s 0.00
aborts/s 0.00
ops/s 0.00

commits/s 0.00
aborts/s 0.00
ops/s 0.00

commits/s 0.00
aborts/s 0.00
ops/s 0.00

commits/s 0.00
aborts/s 0.00
ops/s 0.00

commits/s 505.95
aborts/s 0.00
ops/s 505.95

commits/s 5594.62
aborts/s 0.00
ops/s 5594.62

commits/s 5590.34
aborts/s 0.00
ops/s 5590.34

commits/s 5593.21
aborts/s 0.00
ops/s 5593.21

commits/s 5563.23
aborts/s 0.00
ops/s 5563.23

commits/s 5652.43
aborts/s 0.00
ops/s 5652.43

commits/s 5642.08
aborts/s 0.00
ops/s 5642.08

commits/s 5577.20
aborts/s 0.00
ops/s 5577.20

commits/s 5604.50
aborts/s 0.00
ops/s 5604.50

commits/s 5518.24
aborts/s 0.00
ops/s 5518.24

commits/s 5643.10
aborts/s 0.00
ops/s 5643.10

commits/s 5594.26
aborts/s 0.00
ops/s 5594.26

commits/s 5532.32
aborts/s 0.00
ops/s 5532.32

commits/s 5589.74
aborts/s 0.00
ops/s 5589.74

commits/s 5614.58
aborts/s 0.00
ops/s 5614.58

commits/s 5636.44
aborts/s 0.00
ops/s 5636.44

commits/s 5600.50
aborts/s 0.00
ops/s 5600.50

commits/s 5581.23
aborts/s 0.00
ops/s 5581.23

commits/s 5570.46
aborts/s 0.00
ops/s 5570.46

commits/s 5427.62
aborts/s 0.00
ops/s 5427.62

commits/s 5476.37
aborts/s 0.00
ops/s 5476.37

commits/s 5656.53
aborts/s 0.00
ops/s 5656.53

commits/s 5724.23
aborts/s 0.00
ops/s 5724.23

commits/s 5520.62
aborts/s 0.00
ops/s 5520.62

commits/s 5567.91
aborts/s 0.00
ops/s 5567.91

commits/s 5656.51
aborts/s 0.00
ops/s 5656.51

commits/s 5632.56
aborts/s 0.00
ops/s 5632.56

commits/s 5654.13
aborts/s 0.00
ops/s 5654.13

commits/s 5497.74
aborts/s 0.00
ops/s 5497.74

commits/s 5507.05
aborts/s 0.00
ops/s 5507.05

commits/s 4483.53
aborts/s 0.00
ops/s 4483.53

