waitdie
Starting KVS server on :8080
commits/s 0.00
aborts/s 0.00
ops/s 0.00

commits/s 0.00
aborts/s 0.00
ops/s 0.00

commits/s 0.00
aborts/s 0.00
ops/s 0.00

commits/s 0.00
aborts/s 0.00
ops/s 0.00

commits/s 998.55
aborts/s 13.99
ops/s 1012.54

commits/s 5447.20
aborts/s 66.99
ops/s 5514.19

commits/s 5391.31
aborts/s 82.99
ops/s 5474.30

commits/s 5355.35
aborts/s 73.99
ops/s 5429.34

commits/s 5443.41
aborts/s 76.99
ops/s 5520.40

commits/s 5378.41
aborts/s 76.99
ops/s 5455.40

commits/s 5482.08
aborts/s 69.99
ops/s 5552.07

commits/s 5371.17
aborts/s 84.99
ops/s 5456.15

commits/s 5404.39
aborts/s 67.99
ops/s 5472.39

commits/s 5418.95
aborts/s 76.99
ops/s 5495.94

commits/s 5418.28
aborts/s 77.99
ops/s 5496.27

commits/s 5308.04
aborts/s 79.99
ops/s 5388.02

commits/s 5366.14
aborts/s 100.98
ops/s 5467.12

commits/s 5420.65
aborts/s 72.00
ops/s 5492.64

commits/s 5374.33
aborts/s 92.99
ops/s 5467.32

commits/s 5415.24
aborts/s 69.99
ops/s 5485.23

commits/s 5450.30
aborts/s 74.99
ops/s 5525.29

commits/s 5443.03
aborts/s 82.99
ops/s 5526.01

commits/s 5463.23
aborts/s 68.99
ops/s 5532.22

commits/s 5446.34
aborts/s 74.99
ops/s 5521.33

commits/s 5308.55
aborts/s 83.99
ops/s 5392.54

commits/s 5377.43
aborts/s 82.99
ops/s 5460.42

commits/s 5376.19
aborts/s 96.99
ops/s 5473.18

commits/s 5378.31
aborts/s 101.99
ops/s 5480.29

commits/s 5397.31
aborts/s 77.99
ops/s 5475.30

commits/s 5325.21
aborts/s 86.99
ops/s 5412.20

commits/s 5391.36
aborts/s 59.99
ops/s 5451.35

commits/s 5336.22
aborts/s 65.99
ops/s 5402.21

commits/s 5383.52
aborts/s 78.99
ops/s 5462.51

commits/s 5389.35
aborts/s 81.99
ops/s 5471.34

commits/s 3793.67
aborts/s 54.95
ops/s 3848.62

