waitdie
Starting KVS server on :8080
commits/s 0.00
aborts/s 0.00
ops/s 0.00

commits/s 0.00
aborts/s 0.00
ops/s 0.00

commits/s 0.00
aborts/s 0.00
ops/s 0.00

commits/s 0.00
aborts/s 0.00
ops/s 0.00

commits/s 1295.59
aborts/s 22.99
ops/s 1318.59

commits/s 5486.71
aborts/s 85.98
ops/s 5572.69

commits/s 5315.30
aborts/s 79.99
ops/s 5395.29

commits/s 5367.00
aborts/s 101.98
ops/s 5468.98

commits/s 5377.06
aborts/s 78.99
ops/s 5456.04

commits/s 5308.35
aborts/s 86.99
ops/s 5395.34

commits/s 5498.14
aborts/s 82.99
ops/s 5581.12

commits/s 5408.26
aborts/s 59.99
ops/s 5468.25

commits/s 5418.42
aborts/s 67.99
ops/s 5486.42

commits/s 5320.37
aborts/s 72.99
ops/s 5393.36

commits/s 5426.99
aborts/s 75.99
ops/s 5502.97

commits/s 5408.70
aborts/s 79.98
ops/s 5488.68

commits/s 5465.36
aborts/s 97.99
ops/s 5563.35

commits/s 5372.63
aborts/s 63.00
ops/s 5435.63

commits/s 5481.31
aborts/s 84.99
ops/s 5566.30

commits/s 5353.53
aborts/s 70.99
ops/s 5424.53

commits/s 5419.43
aborts/s 96.99
ops/s 5516.42

commits/s 5380.50
aborts/s 76.99
ops/s 5457.49

commits/s 5426.35
aborts/s 92.99
ops/s 5519.34

commits/s 5260.31
aborts/s 70.99
ops/s 5331.30

commits/s 5464.07
aborts/s 85.99
ops/s 5550.06

commits/s 5266.49
aborts/s 92.99
ops/s 5359.48

commits/s 5349.28
aborts/s 79.99
ops/s 5429.27

commits/s 5388.59
aborts/s 79.99
ops/s 5468.58

commits/s 5313.17
aborts/s 82.99
ops/s 5396.15

commits/s 5310.47
aborts/s 81.99
ops/s 5392.46

commits/s 5322.67
aborts/s 82.99
ops/s 5405.66

commits/s 5382.64
aborts/s 68.98
ops/s 5451.62

commits/s 5396.39
aborts/s 94.99
ops/s 5491.38

commits/s 5416.81
aborts/s 91.00
ops/s 5507.80

commits/s 3330.85
aborts/s 48.95
ops/s 3379.81

commits/s 0.00
aborts/s 0.00
ops/s 0.00

