waitdie
Starting KVS server on :8080
commits/s 0.00
aborts/s 0.00
ops/s 0.00

commits/s 0.00
aborts/s 0.00
ops/s 0.00

commits/s 0.00
aborts/s 0.00
ops/s 0.00

commits/s 0.00
aborts/s 0.00
ops/s 0.00

commits/s 761.92
aborts/s 13.00
ops/s 774.92

commits/s 5424.49
aborts/s 96.99
ops/s 5521.48

commits/s 5380.08
aborts/s 69.99
ops/s 5450.07

commits/s 5464.09
aborts/s 87.99
ops/s 5552.08

commits/s 5377.25
aborts/s 68.99
ops/s 5446.25

commits/s 5311.39
aborts/s 111.99
ops/s 5423.38

commits/s 5418.39
aborts/s 68.99
ops/s 5487.38

commits/s 5439.20
aborts/s 61.99
ops/s 5501.19

commits/s 5348.48
aborts/s 98.99
ops/s 5447.47

commits/s 5448.39
aborts/s 67.99
ops/s 5516.39

commits/s 5281.18
aborts/s 82.99
ops/s 5364.17

commits/s 5301.40
aborts/s 104.99
ops/s 5406.39

commits/s 5475.45
aborts/s 85.98
ops/s 5561.42

commits/s 5460.05
aborts/s 93.98
ops/s 5554.03

commits/s 5439.36
aborts/s 86.99
ops/s 5526.35

commits/s 5415.24
aborts/s 89.99
ops/s 5505.23

commits/s 5394.53
aborts/s 71.99
ops/s 5466.52

commits/s 5463.41
aborts/s 61.99
ops/s 5525.40

commits/s 5443.51
aborts/s 83.99
ops/s 5527.50

commits/s 5516.18
aborts/s 55.99
ops/s 5572.17

commits/s 5328.60
aborts/s 101.99
ops/s 5430.59

commits/s 5452.11
aborts/s 74.97
ops/s 5527.09

commits/s 5329.40
aborts/s 83.99
ops/s 5413.39

commits/s 5296.56
aborts/s 81.99
ops/s 5378.55

commits/s 5436.44
aborts/s 70.99
ops/s 5507.44

commits/s 5315.57
aborts/s 74.99
ops/s 5390.57

commits/s 5364.21
aborts/s 81.99
ops/s 5446.20

commits/s 5457.73
aborts/s 78.98
ops/s 5536.72

commits/s 5319.55
aborts/s 84.99
ops/s 5404.54

commits/s 5374.26
aborts/s 87.99
ops/s 5462.25

commits/s 4042.79
aborts/s 53.94
ops/s 4096.73

commits/s 0.00
aborts/s 0.00
ops/s 0.00

