woundwait
Starting KVS server on :8080
commits/s 0.00
aborts/s 0.00
ops/s 0.00

commits/s 0.00
aborts/s 0.00
ops/s 0.00

commits/s 0.00
aborts/s 0.00
ops/s 0.00

commits/s 0.00
aborts/s 0.00
ops/s 0.00

commits/s 123.99
aborts/s 39.00
ops/s 162.99

commits/s 716.90
aborts/s 421.94
ops/s 1138.84

commits/s 761.83
aborts/s 370.92
ops/s 1132.74

commits/s 703.86
aborts/s 457.91
ops/s 1161.77

commits/s 677.90
aborts/s 429.94
ops/s 1107.84

commits/s 724.83
aborts/s 446.89
ops/s 1171.72

commits/s 720.54
aborts/s 435.72
ops/s 1156.27

commits/s 718.91
aborts/s 464.94
ops/s 1183.85

commits/s 752.92
aborts/s 394.96
ops/s 1147.88

commits/s 773.70
aborts/s 477.81
ops/s 1251.51

commits/s 681.88
aborts/s 410.93
ops/s 1092.81

commits/s 735.91
aborts/s 406.95
ops/s 1142.86

commits/s 711.93
aborts/s 441.95
ops/s 1153.88

commits/s 761.91
aborts/s 415.95
ops/s 1177.85

commits/s 752.94
aborts/s 385.97
ops/s 1138.91

commits/s 764.89
aborts/s 457.93
ops/s 1222.82

commits/s 783.88
aborts/s 438.93
ops/s 1222.81

commits/s 748.70
aborts/s 419.83
ops/s 1168.53

commits/s 711.89
aborts/s 426.93
ops/s 1138.82

commits/s 724.92
aborts/s 385.96
ops/s 1110.87

commits/s 753.91
aborts/s 423.95
ops/s 1177.86

commits/s 718.85
aborts/s 400.92
ops/s 1119.77

commits/s 659.93
aborts/s 379.96
ops/s 1039.88

commits/s 823.89
aborts/s 427.95
ops/s 1251.84

commits/s 745.82
aborts/s 430.90
ops/s 1176.72

commits/s 802.89
aborts/s 441.94
ops/s 1244.83

commits/s 735.92
aborts/s 414.95
ops/s 1150.87

commits/s 688.91
aborts/s 397.95
ops/s 1086.85

commits/s 736.87
aborts/s 431.92
ops/s 1168.79

commits/s 752.79
aborts/s 484.87
ops/s 1237.66

commits/s 643.63
aborts/s 311.82
ops/s 955.46

commits/s 0.00
aborts/s 0.00
ops/s 0.00

