woundwait
Starting KVS server on :8080
commits/s 0.00
aborts/s 0.00
ops/s 0.00

commits/s 0.00
aborts/s 0.00
ops/s 0.00

commits/s 0.00
aborts/s 0.00
ops/s 0.00

commits/s 0.00
aborts/s 0.00
ops/s 0.00

commits/s 105.99
aborts/s 55.99
ops/s 161.98

commits/s 743.93
aborts/s 430.96
ops/s 1174.89

commits/s 707.90
aborts/s 443.94
ops/s 1151.84

commits/s 722.87
aborts/s 444.92
ops/s 1167.80

commits/s 678.93
aborts/s 442.95
ops/s 1121.88

commits/s 708.91
aborts/s 477.94
ops/s 1186.84

commits/s 718.86
aborts/s 398.92
ops/s 1117.78

commits/s 804.90
aborts/s 415.95
ops/s 1220.85

commits/s 801.91
aborts/s 397.96
ops/s 1199.87

commits/s 811.86
aborts/s 431.93
ops/s 1243.79

commits/s 676.87
aborts/s 490.91
ops/s 1167.78

commits/s 756.95
aborts/s 436.97
ops/s 1193.91

commits/s 799.89
aborts/s 377.95
ops/s 1177.84

commits/s 781.91
aborts/s 394.95
ops/s 1176.86

commits/s 824.95
aborts/s 418.98
ops/s 1243.93

commits/s 775.89
aborts/s 399.95
ops/s 1175.84

commits/s 865.92
aborts/s 396.96
ops/s 1262.89

commits/s 725.90
aborts/s 446.94
ops/s 1172.84

commits/s 790.87
aborts/s 425.93
ops/s 1216.80

commits/s 842.90
aborts/s 349.96
ops/s 1192.86

commits/s 794.91
aborts/s 451.95
ops/s 1246.86

commits/s 822.91
aborts/s 416.96
ops/s 1239.87

commits/s 776.92
aborts/s 380.96
ops/s 1157.89

commits/s 751.90
aborts/s 421.94
ops/s 1173.85

commits/s 798.95
aborts/s 342.98
ops/s 1141.93

commits/s 755.94
aborts/s 394.97
ops/s 1150.91

commits/s 750.93
aborts/s 437.96
ops/s 1188.89

commits/s 733.94
aborts/s 432.96
ops/s 1166.90

commits/s 725.91
aborts/s 441.95
ops/s 1167.86

commits/s 790.89
aborts/s 377.95
ops/s 1168.84

commits/s 555.51
aborts/s 304.73
ops/s 860.24

commits/s 0.00
aborts/s 0.00
ops/s 0.00

