woundwait
Starting KVS server on :8080
commits/s 0.00
aborts/s 0.00
ops/s 0.00

commits/s 0.00
aborts/s 0.00
ops/s 0.00

commits/s 0.00
aborts/s 0.00
ops/s 0.00

commits/s 0.00
aborts/s 0.00
ops/s 0.00

commits/s 0.00
aborts/s 0.00
ops/s 0.00

commits/s 719.98
aborts/s 463.98
ops/s 1183.96

commits/s 786.82
aborts/s 389.91
ops/s 1176.73

commits/s 745.92
aborts/s 408.96
ops/s 1154.88

commits/s 791.93
aborts/s 413.96
ops/s 1205.89

commits/s 782.89
aborts/s 414.94
ops/s 1197.82

commits/s 749.91
aborts/s 449.95
ops/s 1199.86

commits/s 676.91
aborts/s 430.94
ops/s 1107.85

commits/s 778.91
aborts/s 398.95
ops/s 1177.87

commits/s 778.78
aborts/s 445.87
ops/s 1224.65

commits/s 791.93
aborts/s 424.96
ops/s 1216.89

commits/s 732.83
aborts/s 412.91
ops/s 1145.74

commits/s 760.89
aborts/s 462.93
ops/s 1223.82

commits/s 809.70
aborts/s 389.86
ops/s 1199.56

commits/s 794.90
aborts/s 456.94
ops/s 1251.84

commits/s 763.84
aborts/s 411.92
ops/s 1175.76

commits/s 697.91
aborts/s 458.94
ops/s 1156.86

commits/s 768.87
aborts/s 433.93
ops/s 1202.80

commits/s 830.92
aborts/s 374.96
ops/s 1205.88

commits/s 801.88
aborts/s 423.94
ops/s 1225.81

commits/s 843.86
aborts/s 362.94
ops/s 1206.79

commits/s 723.80
aborts/s 403.89
ops/s 1127.69

commits/s 753.92
aborts/s 414.95
ops/s 1168.87

commits/s 730.90
aborts/s 436.94
ops/s 1167.85

commits/s 734.88
aborts/s 487.92
ops/s 1222.79

commits/s 792.84
aborts/s 424.91
ops/s 1217.75

commits/s 797.81
aborts/s 418.90
ops/s 1216.71

commits/s 726.91
aborts/s 410.95
ops/s 1137.85

commits/s 708.95
aborts/s 416.97
ops/s 1125.92

commits/s 679.94
aborts/s 509.96
ops/s 1189.90

commits/s 694.36
aborts/s 420.61
ops/s 1114.98

commits/s 0.00
aborts/s 0.00
ops/s 0.00

