waitdie
Starting KVS server on :8080
commits/s 0.00
aborts/s 0.00
ops/s 0.00

commits/s 0.00
aborts/s 0.00
ops/s 0.00

commits/s 0.00
aborts/s 0.00
ops/s 0.00

commits/s 0.00
aborts/s 0.00
ops/s 0.00

commits/s 0.00
aborts/s 0.00
ops/s 0.00

commits/s 316.97
aborts/s 0.00
ops/s 316.97

commits/s 4016.43
aborts/s 0.00
ops/s 4016.43

commits/s 3998.36
aborts/s 0.00
ops/s 3998.36

commits/s 3938.78
aborts/s 0.00
ops/s 3938.78

commits/s 3950.05
aborts/s 0.00
ops/s 3950.05

commits/s 3832.35
aborts/s 0.00
ops/s 3832.35

commits/s 3971.59
aborts/s 0.00
ops/s 3971.59

commits/s 3915.60
aborts/s 0.00
ops/s 3915.60

commits/s 3849.56
aborts/s 0.00
ops/s 3849.56

commits/s 3948.50
aborts/s 0.00
ops/s 3948.50

commits/s 3871.50
aborts/s 0.00
ops/s 3871.50

commits/s 3957.05
aborts/s 0.00
ops/s 3957.05

commits/s 3969.49
aborts/s 0.00
ops/s 3969.49

commits/s 3896.65
aborts/s 0.00
ops/s 3896.65

commits/s 4002.55
aborts/s 0.00
ops/s 4002.55

commits/s 3933.25
aborts/s 0.00
ops/s 3933.25

commits/s 3987.28
aborts/s 0.00
ops/s 3987.28

commits/s 3948.86
aborts/s 0.00
ops/s 3948.86

commits/s 3954.42
aborts/s 0.00
ops/s 3954.42

commits/s 3942.99
aborts/s 0.00
ops/s 3942.99

commits/s 3936.43
aborts/s 0.00
ops/s 3936.43

commits/s 3925.51
aborts/s 0.00
ops/s 3925.51

commits/s 3978.51
aborts/s 0.00
ops/s 3978.51

commits/s 3972.36
aborts/s 0.00
ops/s 3972.36

commits/s 3944.58
aborts/s 0.00
ops/s 3944.58

commits/s 3897.75
aborts/s 0.00
ops/s 3897.75

commits/s 3971.32
aborts/s 0.00
ops/s 3971.32

commits/s 3924.32
aborts/s 0.00
ops/s 3924.32

commits/s 3910.56
aborts/s 0.00
ops/s 3910.56

commits/s 3982.38
aborts/s 0.00
ops/s 3982.38

commits/s 3161.53
aborts/s 0.00
ops/s 3161.53

