waitdie
Starting KVS server on :8080
commits/s 0.00
aborts/s 0.00
ops/s 0.00

commits/s 0.00
aborts/s 0.00
ops/s 0.00

commits/s 0.00
aborts/s 0.00
ops/s 0.00

commits/s 0.00
aborts/s 0.00
ops/s 0.00

commits/s 0.00
aborts/s 0.00
ops/s 0.00

commits/s 0.00
aborts/s 0.00
ops/s 0.00

commits/s 3570.69
aborts/s 0.00
ops/s 3570.69

commits/s 3988.54
aborts/s 0.00
ops/s 3988.54

commits/s 3938.48
aborts/s 0.00
ops/s 3938.48

commits/s 3958.02
aborts/s 0.00
ops/s 3958.02

commits/s 3881.59
aborts/s 0.00
ops/s 3881.59

commits/s 3976.53
aborts/s 0.00
ops/s 3976.53

commits/s 3989.29
aborts/s 0.00
ops/s 3989.29

commits/s 3935.38
aborts/s 0.00
ops/s 3935.38

commits/s 3949.63
aborts/s 0.00
ops/s 3949.63

commits/s 3934.48
aborts/s 0.00
ops/s 3934.48

commits/s 3972.33
aborts/s 0.00
ops/s 3972.33

commits/s 3941.63
aborts/s 0.00
ops/s 3941.63

commits/s 3958.96
aborts/s 0.00
ops/s 3958.96

commits/s 3947.33
aborts/s 0.00
ops/s 3947.33

commits/s 3987.72
aborts/s 0.00
ops/s 3987.72

commits/s 4027.93
aborts/s 0.00
ops/s 4027.93

commits/s 3988.56
aborts/s 0.00
ops/s 3988.56

commits/s 3932.51
aborts/s 0.00
ops/s 3932.51

commits/s 3986.58
aborts/s 0.00
ops/s 3986.58

commits/s 4021.29
aborts/s 0.00
ops/s 4021.29

commits/s 3935.31
aborts/s 0.00
ops/s 3935.31

commits/s 3876.70
aborts/s 0.00
ops/s 3876.70

commits/s 3981.34
aborts/s 0.00
ops/s 3981.34

commits/s 3931.99
aborts/s 0.00
ops/s 3931.99

commits/s 3976.55
aborts/s 0.00
ops/s 3976.55

commits/s 3931.69
aborts/s 0.00
ops/s 3931.69

commits/s 4047.42
aborts/s 0.00
ops/s 4047.42

commits/s 3906.72
aborts/s 0.00
ops/s 3906.72

commits/s 3939.11
aborts/s 0.00
ops/s 3939.11

commits/s 3795.40
aborts/s 0.00
ops/s 3795.40

commits/s 0.00
aborts/s 0.00
ops/s 0.00

