waitdie
Starting KVS server on :8080
commits/s 0.00
aborts/s 0.00
ops/s 0.00

commits/s 0.00
aborts/s 0.00
ops/s 0.00

commits/s 0.00
aborts/s 0.00
ops/s 0.00

commits/s 0.00
aborts/s 0.00
ops/s 0.00

commits/s 0.00
aborts/s 0.00
ops/s 0.00

commits/s 111.99
aborts/s 0.00
ops/s 111.99

commits/s 4047.59
aborts/s 0.00
ops/s 4047.59

commits/s 3994.23
aborts/s 0.00
ops/s 3994.23

commits/s 3874.83
aborts/s 0.00
ops/s 3874.83

commits/s 3942.24
aborts/s 0.00
ops/s 3942.24

commits/s 3911.39
aborts/s 0.00
ops/s 3911.39

commits/s 3915.42
aborts/s 0.00
ops/s 3915.42

commits/s 3920.37
aborts/s 0.00
ops/s 3920.37

commits/s 3891.12
aborts/s 0.00
ops/s 3891.12

commits/s 3958.33
aborts/s 0.00
ops/s 3958.33

commits/s 4029.14
aborts/s 0.00
ops/s 4029.14

commits/s 3981.41
aborts/s 0.00
ops/s 3981.41

commits/s 3946.64
aborts/s 0.00
ops/s 3946.64

commits/s 3920.45
aborts/s 0.00
ops/s 3920.45

commits/s 3963.51
aborts/s 0.00
ops/s 3963.51

commits/s 3981.02
aborts/s 0.00
ops/s 3981.02

commits/s 4011.56
aborts/s 0.00
ops/s 4011.56

commits/s 3954.95
aborts/s 0.00
ops/s 3954.95

commits/s 4001.95
aborts/s 0.00
ops/s 4001.95

commits/s 3933.71
aborts/s 0.00
ops/s 3933.71

commits/s 3877.50
aborts/s 0.00
ops/s 3877.50

commits/s 3988.41
aborts/s 0.00
ops/s 3988.41

commits/s 3970.33
aborts/s 0.00
ops/s 3970.33

commits/s 3882.91
aborts/s 0.00
ops/s 3882.91

commits/s 3901.50
aborts/s 0.00
ops/s 3901.50

commits/s 3907.41
aborts/s 0.00
ops/s 3907.41

commits/s 3888.35
aborts/s 0.00
ops/s 3888.35

commits/s 3958.54
aborts/s 0.00
ops/s 3958.54

commits/s 3946.67
aborts/s 0.00
ops/s 3946.67

commits/s 3891.53
aborts/s 0.00
ops/s 3891.53

commits/s 3255.44
aborts/s 0.00
ops/s 3255.44

