woundwait
Starting KVS server on :8080
commits/s 0.00
aborts/s 0.00
ops/s 0.00

commits/s 0.00
aborts/s 0.00
ops/s 0.00

commits/s 0.00
aborts/s 0.00
ops/s 0.00

commits/s 0.00
aborts/s 0.00
ops/s 0.00

commits/s 15.00
aborts/s 0.00
ops/s 15.00

commits/s 4458.75
aborts/s 0.00
ops/s 4458.75

commits/s 4333.48
aborts/s 0.00
ops/s 4333.48

commits/s 4381.49
aborts/s 0.00
ops/s 4381.49

commits/s 4395.43
aborts/s 0.00
ops/s 4395.43

commits/s 4313.55
aborts/s 0.00
ops/s 4313.55

commits/s 4268.01
aborts/s 0.00
ops/s 4268.01

commits/s 4280.98
aborts/s 0.00
ops/s 4280.98

commits/s 4314.31
aborts/s 0.00
ops/s 4314.31

commits/s 4313.52
aborts/s 0.00
ops/s 4313.52

commits/s 4309.52
aborts/s 0.00
ops/s 4309.52

commits/s 4396.50
aborts/s 0.00
ops/s 4396.50

commits/s 4345.01
aborts/s 0.00
ops/s 4345.01

commits/s 4271.64
aborts/s 0.00
ops/s 4271.64

commits/s 4295.38
aborts/s 0.00
ops/s 4295.38

commits/s 4419.12
aborts/s 0.00
ops/s 4419.12

commits/s 4361.10
aborts/s 0.00
ops/s 4361.10

commits/s 4300.58
aborts/s 0.00
ops/s 4300.58

commits/s 4318.54
aborts/s 0.00
ops/s 4318.54

commits/s 4384.23
aborts/s 0.00
ops/s 4384.23

commits/s 4305.65
aborts/s 0.00
ops/s 4305.65

commits/s 4331.81
aborts/s 0.00
ops/s 4331.81

commits/s 4209.58
aborts/s 0.00
ops/s 4209.58

commits/s 4328.59
aborts/s 0.00
ops/s 4328.59

commits/s 4291.12
aborts/s 0.00
ops/s 4291.12

commits/s 4378.54
aborts/s 0.00
ops/s 4378.54

commits/s 4320.71
aborts/s 0.00
ops/s 4320.71

commits/s 4342.83
aborts/s 0.00
ops/s 4342.83

commits/s 4404.52
aborts/s 0.00
ops/s 4404.52

commits/s 4313.00
aborts/s 0.00
ops/s 4313.00

commits/s 3758.14
aborts/s 0.00
ops/s 3758.14

