woundwait
Starting KVS server on :8080
commits/s 0.00
aborts/s 0.00
ops/s 0.00

commits/s 0.00
aborts/s 0.00
ops/s 0.00

commits/s 0.00
aborts/s 0.00
ops/s 0.00

commits/s 0.00
aborts/s 0.00
ops/s 0.00

commits/s 1071.94
aborts/s 0.00
ops/s 1071.94

commits/s 4400.21
aborts/s 0.00
ops/s 4400.21

commits/s 4371.40
aborts/s 0.00
ops/s 4371.40

commits/s 4324.24
aborts/s 0.00
ops/s 4324.24

commits/s 4317.59
aborts/s 0.00
ops/s 4317.59

commits/s 4434.45
aborts/s 0.00
ops/s 4434.45

commits/s 4391.41
aborts/s 0.00
ops/s 4391.41

commits/s 4330.39
aborts/s 0.00
ops/s 4330.39

commits/s 4372.10
aborts/s 0.00
ops/s 4372.10

commits/s 4359.36
aborts/s 0.00
ops/s 4359.36

commits/s 4320.25
aborts/s 0.00
ops/s 4320.25

commits/s 4409.52
aborts/s 0.00
ops/s 4409.52

commits/s 4333.46
aborts/s 0.00
ops/s 4333.46

commits/s 4321.28
aborts/s 0.00
ops/s 4321.28

commits/s 4378.48
aborts/s 0.00
ops/s 4378.48

commits/s 4313.37
aborts/s 0.00
ops/s 4313.37

commits/s 4372.48
aborts/s 0.00
ops/s 4372.48

commits/s 4433.17
aborts/s 0.00
ops/s 4433.17

commits/s 4410.41
aborts/s 0.00
ops/s 4410.41

commits/s 4362.53
aborts/s 0.00
ops/s 4362.53

commits/s 4263.35
aborts/s 0.00
ops/s 4263.35

commits/s 4420.18
aborts/s 0.00
ops/s 4420.18

commits/s 4378.45
aborts/s 0.00
ops/s 4378.45

commits/s 4400.33
aborts/s 0.00
ops/s 4400.33

commits/s 4319.35
aborts/s 0.00
ops/s 4319.35

commits/s 4409.20
aborts/s 0.00
ops/s 4409.20

commits/s 4446.50
aborts/s 0.00
ops/s 4446.50

commits/s 4473.34
aborts/s 0.00
ops/s 4473.34

commits/s 4352.68
aborts/s 0.00
ops/s 4352.68

commits/s 4332.67
aborts/s 0.00
ops/s 4332.67

commits/s 2824.24
aborts/s 0.00
ops/s 2824.24

commits/s 0.00
aborts/s 0.00
ops/s 0.00

