woundwait
Starting KVS server on :8080
commits/s 0.00
aborts/s 0.00
ops/s 0.00

commits/s 0.00
aborts/s 0.00
ops/s 0.00

commits/s 0.00
aborts/s 0.00
ops/s 0.00

commits/s 0.00
aborts/s 0.00
ops/s 0.00

commits/s 0.00
aborts/s 0.00
ops/s 0.00

commits/s 3997.28
aborts/s 0.00
ops/s 3997.28

commits/s 4396.49
aborts/s 0.00
ops/s 4396.49

commits/s 4305.40
aborts/s 0.00
ops/s 4305.40

commits/s 4376.95
aborts/s 0.00
ops/s 4376.95

commits/s 4395.07
aborts/s 0.00
ops/s 4395.07

commits/s 4292.83
aborts/s 0.00
ops/s 4292.83

commits/s 4303.57
aborts/s 0.00
ops/s 4303.57

commits/s 4412.43
aborts/s 0.00
ops/s 4412.43

commits/s 4303.42
aborts/s 0.00
ops/s 4303.42

commits/s 4333.44
aborts/s 0.00
ops/s 4333.44

commits/s 4320.03
aborts/s 0.00
ops/s 4320.03

commits/s 4318.46
aborts/s 0.00
ops/s 4318.46

commits/s 4267.44
aborts/s 0.00
ops/s 4267.44

commits/s 4352.44
aborts/s 0.00
ops/s 4352.44

commits/s 4382.20
aborts/s 0.00
ops/s 4382.20

commits/s 4343.33
aborts/s 0.00
ops/s 4343.33

commits/s 4370.73
aborts/s 0.00
ops/s 4370.73

commits/s 4279.53
aborts/s 0.00
ops/s 4279.53

commits/s 4328.46
aborts/s 0.00
ops/s 4328.46

commits/s 4334.59
aborts/s 0.00
ops/s 4334.59

commits/s 4291.54
aborts/s 0.00
ops/s 4291.54

commits/s 4310.46
aborts/s 0.00
ops/s 4310.46

commits/s 4403.50
aborts/s 0.00
ops/s 4403.50

commits/s 4345.37
aborts/s 0.00
ops/s 4345.37

commits/s 4335.02
aborts/s 0.00
ops/s 4335.02

commits/s 4281.42
aborts/s 0.00
ops/s 4281.42

commits/s 4290.35
aborts/s 0.00
ops/s 4290.35

commits/s 4335.62
aborts/s 0.00
ops/s 4335.62

commits/s 4280.50
aborts/s 0.00
ops/s 4280.50

commits/s 4104.31
aborts/s 0.00
ops/s 4104.31

commits/s 0.00
aborts/s 0.00
ops/s 0.00

