woundwait
Starting KVS server on :8080
commits/s 0.00
aborts/s 0.00
ops/s 0.00

commits/s 0.00
aborts/s 0.00
ops/s 0.00

commits/s 0.00
aborts/s 0.00
ops/s 0.00

commits/s 0.00
aborts/s 0.00
ops/s 0.00

commits/s 372.92
aborts/s 0.00
ops/s 372.92

commits/s 1513.73
aborts/s 0.00
ops/s 1513.73

commits/s 1524.81
aborts/s 0.00
ops/s 1524.81

commits/s 1535.82
aborts/s 0.00
ops/s 1535.82

commits/s 1561.71
aborts/s 0.00
ops/s 1561.71

commits/s 1521.77
aborts/s 0.00
ops/s 1521.77

commits/s 1503.78
aborts/s 0.00
ops/s 1503.78

commits/s 1529.76
aborts/s 0.00
ops/s 1529.76

commits/s 1510.86
aborts/s 0.00
ops/s 1510.86

commits/s 1530.84
aborts/s 0.00
ops/s 1530.84

commits/s 1565.78
aborts/s 0.00
ops/s 1565.78

commits/s 1522.68
aborts/s 0.00
ops/s 1522.68

commits/s 1538.86
aborts/s 0.00
ops/s 1538.86

commits/s 1491.71
aborts/s 0.00
ops/s 1491.71

commits/s 1505.83
aborts/s 0.00
ops/s 1505.83

commits/s 1527.78
aborts/s 0.00
ops/s 1527.78

commits/s 1525.83
aborts/s 0.00
ops/s 1525.83

commits/s 1528.83
aborts/s 0.00
ops/s 1528.83

commits/s 1538.65
aborts/s 0.00
ops/s 1538.65

commits/s 1546.85
aborts/s 0.00
ops/s 1546.85

commits/s 1564.88
aborts/s 0.00
ops/s 1564.88

commits/s 1530.86
aborts/s 0.00
ops/s 1530.86

commits/s 1527.87
aborts/s 0.00
ops/s 1527.87

commits/s 1572.75
aborts/s 0.00
ops/s 1572.75

commits/s 1539.71
aborts/s 0.00
ops/s 1539.71

commits/s 1580.82
aborts/s 0.00
ops/s 1580.82

commits/s 1505.76
aborts/s 0.00
ops/s 1505.76

commits/s 1548.86
aborts/s 0.00
ops/s 1548.86

commits/s 1516.89
aborts/s 0.00
ops/s 1516.89

commits/s 1530.79
aborts/s 0.00
ops/s 1530.79

commits/s 990.11
aborts/s 0.00
ops/s 990.11

commits/s 0.00
aborts/s 0.00
ops/s 0.00

