woundwait
Starting KVS server on :8080
commits/s 0.00
aborts/s 0.00
ops/s 0.00

commits/s 0.00
aborts/s 0.00
ops/s 0.00

commits/s 0.00
aborts/s 0.00
ops/s 0.00

commits/s 0.00
aborts/s 0.00
ops/s 0.00

commits/s 126.99
aborts/s 0.00
ops/s 126.99

commits/s 1510.80
aborts/s 0.00
ops/s 1510.80

commits/s 1539.75
aborts/s 0.00
ops/s 1539.75

commits/s 1529.76
aborts/s 0.00
ops/s 1529.76

commits/s 1536.80
aborts/s 0.00
ops/s 1536.80

commits/s 1531.83
aborts/s 0.00
ops/s 1531.83

commits/s 1509.70
aborts/s 0.00
ops/s 1509.70

commits/s 1522.82
aborts/s 0.00
ops/s 1522.82

commits/s 1507.85
aborts/s 0.00
ops/s 1507.85

commits/s 1540.66
aborts/s 0.00
ops/s 1540.66

commits/s 1507.84
aborts/s 0.00
ops/s 1507.84

commits/s 1514.82
aborts/s 0.00
ops/s 1514.82

commits/s 1549.74
aborts/s 0.00
ops/s 1549.74

commits/s 1521.77
aborts/s 0.00
ops/s 1521.77

commits/s 1489.80
aborts/s 0.00
ops/s 1489.80

commits/s 1527.84
aborts/s 0.00
ops/s 1527.84

commits/s 1551.80
aborts/s 0.00
ops/s 1551.80

commits/s 1552.86
aborts/s 0.00
ops/s 1552.86

commits/s 1505.82
aborts/s 0.00
ops/s 1505.82

commits/s 1532.77
aborts/s 0.00
ops/s 1532.77

commits/s 1543.73
aborts/s 0.00
ops/s 1543.73

commits/s 1551.87
aborts/s 0.00
ops/s 1551.87

commits/s 1521.78
aborts/s 0.00
ops/s 1521.78

commits/s 1536.88
aborts/s 0.00
ops/s 1536.88

commits/s 1547.89
aborts/s 0.00
ops/s 1547.89

commits/s 1506.78
aborts/s 0.00
ops/s 1506.78

commits/s 1511.60
aborts/s 0.00
ops/s 1511.60

commits/s 1553.86
aborts/s 0.00
ops/s 1553.86

commits/s 1534.64
aborts/s 0.00
ops/s 1534.64

commits/s 1516.76
aborts/s 0.00
ops/s 1516.76

commits/s 1236.04
aborts/s 0.00
ops/s 1236.04

