woundwait
Starting KVS server on :8080
commits/s 0.00
aborts/s 0.00
ops/s 0.00

commits/s 0.00
aborts/s 0.00
ops/s 0.00

commits/s 0.00
aborts/s 0.00
ops/s 0.00

commits/s 0.00
aborts/s 0.00
ops/s 0.00

commits/s 40.00
aborts/s 0.00
ops/s 40.00

commits/s 1523.90
aborts/s 0.00
ops/s 1523.90

commits/s 1503.62
aborts/s 0.00
ops/s 1503.62

commits/s 1514.81
aborts/s 0.00
ops/s 1514.81

commits/s 1504.77
aborts/s 0.00
ops/s 1504.77

commits/s 1557.81
aborts/s 0.00
ops/s 1557.81

commits/s 1510.85
aborts/s 0.00
ops/s 1510.85

commits/s 1542.77
aborts/s 0.00
ops/s 1542.77

commits/s 1508.84
aborts/s 0.00
ops/s 1508.84

commits/s 1516.81
aborts/s 0.00
ops/s 1516.81

commits/s 1547.87
aborts/s 0.00
ops/s 1547.87

commits/s 1532.77
aborts/s 0.00
ops/s 1532.77

commits/s 1535.90
aborts/s 0.00
ops/s 1535.90

commits/s 1515.81
aborts/s 0.00
ops/s 1515.81

commits/s 1512.80
aborts/s 0.00
ops/s 1512.80

commits/s 1515.80
aborts/s 0.00
ops/s 1515.80

commits/s 1508.82
aborts/s 0.00
ops/s 1508.82

commits/s 1523.86
aborts/s 0.00
ops/s 1523.86

commits/s 1527.67
aborts/s 0.00
ops/s 1527.67

commits/s 1533.65
aborts/s 0.00
ops/s 1533.65

commits/s 1528.75
aborts/s 0.00
ops/s 1528.75

commits/s 1537.82
aborts/s 0.00
ops/s 1537.82

commits/s 1505.90
aborts/s 0.00
ops/s 1505.90

commits/s 1533.82
aborts/s 0.00
ops/s 1533.82

commits/s 1545.85
aborts/s 0.00
ops/s 1545.85

commits/s 1492.84
aborts/s 0.00
ops/s 1492.84

commits/s 1523.74
aborts/s 0.00
ops/s 1523.74

commits/s 1571.88
aborts/s 0.00
ops/s 1571.88

commits/s 1548.84
aborts/s 0.00
ops/s 1548.84

commits/s 1488.74
aborts/s 0.00
ops/s 1488.74

commits/s 1285.51
aborts/s 0.00
ops/s 1285.51

