nowait
Starting KVS server on :8080
commits/s 0.00
aborts/s 0.00
ops/s 0.00

commits/s 0.00
aborts/s 0.00
ops/s 0.00

commits/s 0.00
aborts/s 0.00
ops/s 0.00

commits/s 1259.90
aborts/s 0.00
ops/s 1259.90

commits/s 8042.88
aborts/s 0.00
ops/s 8042.88

commits/s 8006.88
aborts/s 0.00
ops/s 8006.88

commits/s 7792.75
aborts/s 0.00
ops/s 7792.75

commits/s 8179.67
aborts/s 0.00
ops/s 8179.67

commits/s 8074.00
aborts/s 0.00
ops/s 8074.00

commits/s 8036.72
aborts/s 0.00
ops/s 8036.72

commits/s 7894.05
aborts/s 0.00
ops/s 7894.05

commits/s 7972.03
aborts/s 0.00
ops/s 7972.03

commits/s 7992.14
aborts/s 0.00
ops/s 7992.14

commits/s 8012.86
aborts/s 0.00
ops/s 8012.86

commits/s 8032.11
aborts/s 0.00
ops/s 8032.11

commits/s 8126.25
aborts/s 0.00
ops/s 8126.25

commits/s 7892.11
aborts/s 0.00
ops/s 7892.11

commits/s 8214.64
aborts/s 0.00
ops/s 8214.64

commits/s 7941.67
aborts/s 0.00
ops/s 7941.67

commits/s 7902.21
aborts/s 0.00
ops/s 7902.21

commits/s 7830.93
aborts/s 0.00
ops/s 7830.93

commits/s 8013.85
aborts/s 0.00
ops/s 8013.85

commits/s 8081.11
aborts/s 0.00
ops/s 8081.11

commits/s 8074.58
aborts/s 0.00
ops/s 8074.58

commits/s 8047.22
aborts/s 0.00
ops/s 8047.22

commits/s 8057.72
aborts/s 0.00
ops/s 8057.72

commits/s 8091.86
aborts/s 0.00
ops/s 8091.86

commits/s 8012.27
aborts/s 0.00
ops/s 8012.27

commits/s 8132.49
aborts/s 0.00
ops/s 8132.49

commits/s 8038.12
aborts/s 0.00
ops/s 8038.12

commits/s 7983.31
aborts/s 0.00
ops/s 7983.31

commits/s 7862.86
aborts/s 0.00
ops/s 7862.86

commits/s 8180.06
aborts/s 0.00
ops/s 8180.06

commits/s 5656.94
aborts/s 0.00
ops/s 5656.94

commits/s 0.00
aborts/s 0.00
ops/s 0.00

