nowait
Starting KVS server on :8080
commits/s 0.00
aborts/s 0.00
ops/s 0.00

commits/s 0.00
aborts/s 0.00
ops/s 0.00

commits/s 0.00
aborts/s 0.00
ops/s 0.00

commits/s 1580.86
aborts/s 0.00
ops/s 1580.86

commits/s 7979.30
aborts/s 0.00
ops/s 7979.30

commits/s 7904.62
aborts/s 0.00
ops/s 7904.62

commits/s 7865.32
aborts/s 0.00
ops/s 7865.32

commits/s 7859.78
aborts/s 0.00
ops/s 7859.78

commits/s 8023.03
aborts/s 0.00
ops/s 8023.03

commits/s 8015.63
aborts/s 0.00
ops/s 8015.63

commits/s 7974.41
aborts/s 0.00
ops/s 7974.41

commits/s 7951.39
aborts/s 0.00
ops/s 7951.39

commits/s 7837.86
aborts/s 0.00
ops/s 7837.86

commits/s 8056.73
aborts/s 0.00
ops/s 8056.73

commits/s 7882.31
aborts/s 0.00
ops/s 7882.31

commits/s 7922.52
aborts/s 0.00
ops/s 7922.52

commits/s 7901.03
aborts/s 0.00
ops/s 7901.03

commits/s 8056.02
aborts/s 0.00
ops/s 8056.02

commits/s 7973.96
aborts/s 0.00
ops/s 7973.96

commits/s 7866.92
aborts/s 0.00
ops/s 7866.92

commits/s 7765.02
aborts/s 0.00
ops/s 7765.02

commits/s 7835.24
aborts/s 0.00
ops/s 7835.24

commits/s 7998.78
aborts/s 0.00
ops/s 7998.78

commits/s 7844.94
aborts/s 0.00
ops/s 7844.94

commits/s 8197.95
aborts/s 0.00
ops/s 8197.95

commits/s 7974.71
aborts/s 0.00
ops/s 7974.71

commits/s 7783.19
aborts/s 0.00
ops/s 7783.19

commits/s 7939.20
aborts/s 0.00
ops/s 7939.20

commits/s 8129.16
aborts/s 0.00
ops/s 8129.16

commits/s 8088.89
aborts/s 0.00
ops/s 8088.89

commits/s 7953.11
aborts/s 0.00
ops/s 7953.11

commits/s 7912.68
aborts/s 0.00
ops/s 7912.68

commits/s 7943.95
aborts/s 0.00
ops/s 7943.95

commits/s 5603.83
aborts/s 0.00
ops/s 5603.83

