nowait
Starting KVS server on :8080
commits/s 0.00
aborts/s 0.00
ops/s 0.00

commits/s 0.00
aborts/s 0.00
ops/s 0.00

commits/s 0.00
aborts/s 0.00
ops/s 0.00

commits/s 825.89
aborts/s 0.00
ops/s 825.89

commits/s 8326.55
aborts/s 0.00
ops/s 8326.55

commits/s 7819.79
aborts/s 0.00
ops/s 7819.79

commits/s 7972.99
aborts/s 0.00
ops/s 7972.99

commits/s 7959.01
aborts/s 0.00
ops/s 7959.01

commits/s 7913.05
aborts/s 0.00
ops/s 7913.05

commits/s 7956.78
aborts/s 0.00
ops/s 7956.78

commits/s 7832.16
aborts/s 0.00
ops/s 7832.16

commits/s 7991.69
aborts/s 0.00
ops/s 7991.69

commits/s 8105.63
aborts/s 0.00
ops/s 8105.63

commits/s 7978.99
aborts/s 0.00
ops/s 7978.99

commits/s 8195.61
aborts/s 0.00
ops/s 8195.61

commits/s 7907.95
aborts/s 0.00
ops/s 7907.95

commits/s 8235.43
aborts/s 0.00
ops/s 8235.43

commits/s 8042.86
aborts/s 0.00
ops/s 8042.86

commits/s 7935.91
aborts/s 0.00
ops/s 7935.91

commits/s 7843.73
aborts/s 0.00
ops/s 7843.73

commits/s 7595.33
aborts/s 0.00
ops/s 7595.33

commits/s 7893.77
aborts/s 0.00
ops/s 7893.77

commits/s 7798.76
aborts/s 0.00
ops/s 7798.76

commits/s 8027.07
aborts/s 0.00
ops/s 8027.07

commits/s 8134.94
aborts/s 0.00
ops/s 8134.94

commits/s 7904.40
aborts/s 0.00
ops/s 7904.40

commits/s 8084.91
aborts/s 0.00
ops/s 8084.91

commits/s 8228.52
aborts/s 0.00
ops/s 8228.52

commits/s 7984.80
aborts/s 0.00
ops/s 7984.80

commits/s 7978.94
aborts/s 0.00
ops/s 7978.94

commits/s 8048.14
aborts/s 0.00
ops/s 8048.14

commits/s 7968.89
aborts/s 0.00
ops/s 7968.89

commits/s 8023.01
aborts/s 0.00
ops/s 8023.01

commits/s 6217.89
aborts/s 0.00
ops/s 6217.89

