waitdie
Starting KVS server on :8080
commits/s 0.00
aborts/s 0.00
ops/s 0.00

commits/s 0.00
aborts/s 0.00
ops/s 0.00

commits/s 0.00
aborts/s 0.00
ops/s 0.00

commits/s 0.00
aborts/s 0.00
ops/s 0.00

commits/s 0.00
aborts/s 0.00
ops/s 0.00

commits/s 4975.44
aborts/s 65.99
ops/s 5041.44

commits/s 5494.91
aborts/s 64.99
ops/s 5559.89

commits/s 5510.39
aborts/s 82.99
ops/s 5593.38

commits/s 5438.18
aborts/s 72.98
ops/s 5511.16

commits/s 5365.15
aborts/s 87.99
ops/s 5453.14

commits/s 5479.34
aborts/s 72.99
ops/s 5552.33

commits/s 5443.21
aborts/s 92.97
ops/s 5536.18

commits/s 5407.45
aborts/s 73.99
ops/s 5481.44

commits/s 5410.02
aborts/s 73.99
ops/s 5484.01

commits/s 5341.98
aborts/s 84.98
ops/s 5426.96

commits/s 5345.43
aborts/s 82.99
ops/s 5428.42

commits/s 5465.32
aborts/s 88.99
ops/s 5554.31

commits/s 5439.33
aborts/s 80.99
ops/s 5520.32

commits/s 5405.17
aborts/s 76.99
ops/s 5482.16

commits/s 5476.31
aborts/s 72.99
ops/s 5549.30

commits/s 5283.41
aborts/s 79.99
ops/s 5363.40

commits/s 5402.26
aborts/s 73.99
ops/s 5476.25

commits/s 5436.46
aborts/s 99.99
ops/s 5536.45

commits/s 5465.46
aborts/s 60.99
ops/s 5526.45

commits/s 5420.56
aborts/s 84.99
ops/s 5505.55

commits/s 5469.33
aborts/s 86.99
ops/s 5556.32

commits/s 5443.61
aborts/s 86.99
ops/s 5530.61

commits/s 5507.32
aborts/s 79.99
ops/s 5587.31

commits/s 5344.57
aborts/s 75.99
ops/s 5420.57

commits/s 5266.08
aborts/s 75.99
ops/s 5342.06

commits/s 5267.48
aborts/s 79.99
ops/s 5347.47

commits/s 5407.48
aborts/s 80.99
ops/s 5488.47

commits/s 5406.48
aborts/s 75.99
ops/s 5482.47

commits/s 5478.31
aborts/s 64.99
ops/s 5543.31

commits/s 5477.61
aborts/s 70.00
ops/s 5547.60

commits/s 3.00
aborts/s 0.00
ops/s 3.00

