waitdie
Starting KVS server on :8080
commits/s 0.00
aborts/s 0.00
ops/s 0.00

commits/s 0.00
aborts/s 0.00
ops/s 0.00

commits/s 0.00
aborts/s 0.00
ops/s 0.00

commits/s 0.00
aborts/s 0.00
ops/s 0.00

commits/s 316.98
aborts/s 8.00
ops/s 324.98

commits/s 5490.43
aborts/s 100.99
ops/s 5591.42

commits/s 5395.06
aborts/s 75.99
ops/s 5471.05

commits/s 5416.44
aborts/s 75.99
ops/s 5492.43

commits/s 5469.33
aborts/s 71.99
ops/s 5541.32

commits/s 5399.86
aborts/s 97.98
ops/s 5497.84

commits/s 5597.13
aborts/s 90.99
ops/s 5688.12

commits/s 5490.24
aborts/s 87.99
ops/s 5578.23

commits/s 5502.29
aborts/s 68.99
ops/s 5571.28

commits/s 5518.31
aborts/s 79.99
ops/s 5598.30

commits/s 5305.38
aborts/s 65.99
ops/s 5371.37

commits/s 5419.42
aborts/s 78.99
ops/s 5498.42

commits/s 5423.15
aborts/s 72.99
ops/s 5496.14

commits/s 5486.13
aborts/s 77.99
ops/s 5564.12

commits/s 5411.18
aborts/s 103.98
ops/s 5515.17

commits/s 5433.17
aborts/s 96.99
ops/s 5530.15

commits/s 5342.64
aborts/s 74.00
ops/s 5416.63

commits/s 5501.24
aborts/s 73.99
ops/s 5575.23

commits/s 5325.60
aborts/s 94.99
ops/s 5420.59

commits/s 5495.20
aborts/s 66.99
ops/s 5562.19

commits/s 5347.37
aborts/s 86.99
ops/s 5434.36

commits/s 5399.99
aborts/s 97.98
ops/s 5497.97

commits/s 5422.54
aborts/s 69.99
ops/s 5492.54

commits/s 5433.29
aborts/s 80.99
ops/s 5514.28

commits/s 5405.71
aborts/s 73.98
ops/s 5479.69

commits/s 5372.57
aborts/s 82.99
ops/s 5455.56

commits/s 5275.94
aborts/s 90.98
ops/s 5366.92

commits/s 5451.48
aborts/s 86.99
ops/s 5538.47

commits/s 5475.64
aborts/s 70.98
ops/s 5546.62

commits/s 5466.59
aborts/s 86.99
ops/s 5553.58

commits/s 4422.80
aborts/s 54.97
ops/s 4477.78

