waitdie
Starting KVS server on :8080
commits/s 0.00
aborts/s 0.00
ops/s 0.00

commits/s 0.00
aborts/s 0.00
ops/s 0.00

commits/s 0.00
aborts/s 0.00
ops/s 0.00

commits/s 0.00
aborts/s 0.00
ops/s 0.00

commits/s 136.99
aborts/s 3.00
ops/s 139.99

commits/s 5572.57
aborts/s 74.99
ops/s 5647.56

commits/s 5371.32
aborts/s 76.99
ops/s 5448.31

commits/s 5385.20
aborts/s 67.99
ops/s 5453.19

commits/s 5376.99
aborts/s 82.98
ops/s 5459.98

commits/s 5392.74
aborts/s 81.98
ops/s 5474.72

commits/s 5443.32
aborts/s 78.99
ops/s 5522.31

commits/s 5390.16
aborts/s 77.99
ops/s 5468.15

commits/s 5308.15
aborts/s 96.98
ops/s 5405.13

commits/s 5386.21
aborts/s 68.99
ops/s 5455.20

commits/s 5386.37
aborts/s 97.99
ops/s 5484.36

commits/s 5406.35
aborts/s 71.99
ops/s 5478.34

commits/s 5423.22
aborts/s 68.99
ops/s 5492.22

commits/s 5456.11
aborts/s 74.99
ops/s 5531.10

commits/s 5345.36
aborts/s 101.99
ops/s 5447.35

commits/s 5431.13
aborts/s 86.99
ops/s 5518.12

commits/s 5338.00
aborts/s 77.99
ops/s 5415.98

commits/s 5377.34
aborts/s 78.99
ops/s 5456.33

commits/s 5445.24
aborts/s 93.99
ops/s 5539.22

commits/s 5492.18
aborts/s 71.99
ops/s 5564.17

commits/s 5425.46
aborts/s 79.99
ops/s 5505.45

commits/s 5478.36
aborts/s 67.99
ops/s 5546.35

commits/s 5553.48
aborts/s 82.99
ops/s 5636.47

commits/s 5237.45
aborts/s 72.99
ops/s 5310.44

commits/s 5406.33
aborts/s 85.99
ops/s 5492.32

commits/s 5335.45
aborts/s 100.99
ops/s 5436.44

commits/s 5383.35
aborts/s 86.99
ops/s 5470.34

commits/s 5559.30
aborts/s 93.99
ops/s 5653.29

commits/s 5471.27
aborts/s 74.99
ops/s 5546.26

commits/s 5428.04
aborts/s 91.98
ops/s 5520.03

commits/s 4551.26
aborts/s 76.99
ops/s 4628.25

