waitdie
Starting KVS server on :8080
commits/s 0.00
aborts/s 0.00
ops/s 0.00

commits/s 0.00
aborts/s 0.00
ops/s 0.00

commits/s 0.00
aborts/s 0.00
ops/s 0.00

commits/s 1024.61
aborts/s 146.94
ops/s 1171.56

commits/s 6909.25
aborts/s 1111.88
ops/s 8021.13

commits/s 6620.30
aborts/s 1132.88
ops/s 7753.18

commits/s 6791.47
aborts/s 1141.74
ops/s 7933.21

commits/s 6730.84
aborts/s 1230.79
ops/s 7961.63

commits/s 6838.99
aborts/s 1154.83
ops/s 7993.81

commits/s 6836.51
aborts/s 1144.75
ops/s 7981.26

commits/s 6794.10
aborts/s 1266.83
ops/s 8060.93

commits/s 6430.65
aborts/s 1186.75
ops/s 7617.40

commits/s 6598.75
aborts/s 1107.79
ops/s 7706.54

commits/s 6564.02
aborts/s 1267.81
ops/s 7831.83

commits/s 6699.26
aborts/s 1204.87
ops/s 7904.13

commits/s 6587.30
aborts/s 1455.84
ops/s 8043.14

commits/s 6808.01
aborts/s 1166.83
ops/s 7974.84

commits/s 6631.23
aborts/s 1259.85
ops/s 7891.08

commits/s 6803.00
aborts/s 1195.82
ops/s 7998.83

commits/s 6437.38
aborts/s 1153.89
ops/s 7591.27

commits/s 6633.89
aborts/s 1225.79
ops/s 7859.68

commits/s 6541.21
aborts/s 1127.86
ops/s 7669.07

commits/s 6620.28
aborts/s 1248.68
ops/s 7868.96

commits/s 6264.97
aborts/s 1049.66
ops/s 7314.63

commits/s 6539.56
aborts/s 1176.74
ops/s 7716.30

commits/s 6831.97
aborts/s 1105.67
ops/s 7937.64

commits/s 6653.23
aborts/s 1075.87
ops/s 7729.10

commits/s 6602.83
aborts/s 1338.76
ops/s 7941.59

commits/s 6684.87
aborts/s 1213.80
ops/s 7898.67

commits/s 6739.34
aborts/s 1224.88
ops/s 7964.22

commits/s 6657.82
aborts/s 1156.79
ops/s 7814.61

commits/s 6736.08
aborts/s 1153.84
ops/s 7889.92

commits/s 6663.29
aborts/s 1044.89
ops/s 7708.18

commits/s 5144.73
aborts/s 825.48
ops/s 5970.20

commits/s 0.00
aborts/s 0.00
ops/s 0.00

