waitdie
Starting KVS server on :8080
commits/s 0.00
aborts/s 0.00
ops/s 0.00

commits/s 0.00
aborts/s 0.00
ops/s 0.00

commits/s 0.00
aborts/s 0.00
ops/s 0.00

commits/s 1012.74
aborts/s 153.96
ops/s 1166.70

commits/s 6607.91
aborts/s 1147.81
ops/s 7755.73

commits/s 6497.54
aborts/s 1194.73
ops/s 7692.27

commits/s 6770.96
aborts/s 1167.82
ops/s 7938.79

commits/s 6859.87
aborts/s 1252.79
ops/s 8112.66

commits/s 6669.23
aborts/s 1213.86
ops/s 7883.09

commits/s 6647.17
aborts/s 1228.85
ops/s 7876.02

commits/s 6551.95
aborts/s 1217.80
ops/s 7769.75

commits/s 6647.17
aborts/s 1125.86
ops/s 7773.02

commits/s 6875.18
aborts/s 1155.86
ops/s 8031.04

commits/s 6758.36
aborts/s 1114.73
ops/s 7873.08

commits/s 6707.22
aborts/s 1198.86
ops/s 7906.09

commits/s 6733.46
aborts/s 1140.91
ops/s 7874.37

commits/s 6606.51
aborts/s 1298.71
ops/s 7905.22

commits/s 6885.14
aborts/s 1172.85
ops/s 8057.99

commits/s 6767.71
aborts/s 1266.76
ops/s 8034.47

commits/s 6836.92
aborts/s 1089.83
ops/s 7926.75

commits/s 6453.39
aborts/s 1130.89
ops/s 7584.29

commits/s 6938.92
aborts/s 1213.81
ops/s 8152.73

commits/s 6647.91
aborts/s 1062.83
ops/s 7710.74

commits/s 6729.47
aborts/s 1178.91
ops/s 7908.38

commits/s 6528.20
aborts/s 1322.63
ops/s 7850.83

commits/s 6719.29
aborts/s 1158.88
ops/s 7878.16

commits/s 6875.08
aborts/s 1165.84
ops/s 8040.92

commits/s 6688.24
aborts/s 1250.86
ops/s 7939.10

commits/s 6663.31
aborts/s 1074.89
ops/s 7738.20

commits/s 6762.90
aborts/s 1239.80
ops/s 8002.69

commits/s 6753.97
aborts/s 1264.81
ops/s 8018.78

commits/s 6632.98
aborts/s 1177.82
ops/s 7810.80

commits/s 6728.08
aborts/s 1234.83
ops/s 7962.91

commits/s 5151.90
aborts/s 965.42
ops/s 6117.31

