waitdie
Starting KVS server on :8080
commits/s 0.00
aborts/s 0.00
ops/s 0.00

commits/s 0.00
aborts/s 0.00
ops/s 0.00

commits/s 0.00
aborts/s 0.00
ops/s 0.00

commits/s 1254.47
aborts/s 190.92
ops/s 1445.39

commits/s 6511.06
aborts/s 1145.83
ops/s 7656.89

commits/s 6626.14
aborts/s 1138.85
ops/s 7764.99

commits/s 6753.95
aborts/s 1151.82
ops/s 7905.77

commits/s 6621.19
aborts/s 1181.85
ops/s 7803.04

commits/s 6772.89
aborts/s 1133.81
ops/s 7906.70

commits/s 6744.11
aborts/s 1126.85
ops/s 7870.96

commits/s 6713.41
aborts/s 1122.73
ops/s 7836.14

commits/s 6524.59
aborts/s 1203.74
ops/s 7728.32

commits/s 6615.95
aborts/s 1017.84
ops/s 7633.79

commits/s 6782.86
aborts/s 1364.77
ops/s 8147.63

commits/s 6677.21
aborts/s 1220.86
ops/s 7898.07

commits/s 6775.81
aborts/s 1078.81
ops/s 7854.62

commits/s 6645.12
aborts/s 1285.64
ops/s 7930.76

commits/s 6589.17
aborts/s 1216.85
ops/s 7806.01

commits/s 7112.53
aborts/s 1233.74
ops/s 8346.27

commits/s 6670.97
aborts/s 1101.83
ops/s 7772.80

commits/s 6613.47
aborts/s 1277.70
ops/s 7891.18

commits/s 6716.26
aborts/s 1063.73
ops/s 7779.99

commits/s 6618.98
aborts/s 1230.81
ops/s 7849.80

commits/s 6788.20
aborts/s 1017.88
ops/s 7806.09

commits/s 6623.99
aborts/s 1126.83
ops/s 7750.81

commits/s 6801.96
aborts/s 1276.80
ops/s 8078.77

commits/s 6688.91
aborts/s 1083.82
ops/s 7772.73

commits/s 6725.11
aborts/s 1223.84
ops/s 7948.95

commits/s 6907.21
aborts/s 1123.87
ops/s 8031.08

commits/s 6562.66
aborts/s 1086.78
ops/s 7649.44

commits/s 6698.98
aborts/s 1206.82
ops/s 7905.80

commits/s 6822.25
aborts/s 1219.87
ops/s 8042.12

commits/s 6559.46
aborts/s 1212.90
ops/s 7772.36

commits/s 4910.01
aborts/s 850.14
ops/s 5760.15

