nowait
Starting KVS server on :8080
commits/s 0.00
aborts/s 0.00
ops/s 0.00

commits/s 0.00
aborts/s 0.00
ops/s 0.00

commits/s 0.00
aborts/s 0.00
ops/s 0.00

commits/s 1284.75
aborts/s 286.95
ops/s 1571.70

commits/s 6321.20
aborts/s 1792.77
ops/s 8113.97

commits/s 6295.12
aborts/s 1752.76
ops/s 8047.88

commits/s 6372.06
aborts/s 1850.73
ops/s 8222.79

commits/s 6162.57
aborts/s 1880.56
ops/s 8043.13

commits/s 6890.08
aborts/s 1716.77
ops/s 8606.85

commits/s 6602.28
aborts/s 1653.82
ops/s 8256.10

commits/s 6373.26
aborts/s 1595.82
ops/s 7969.08

commits/s 6294.23
aborts/s 1756.78
ops/s 8051.01

commits/s 6186.15
aborts/s 1632.77
ops/s 7818.92

commits/s 6419.04
aborts/s 2027.70
ops/s 8446.74

commits/s 6555.37
aborts/s 1716.83
ops/s 8272.20

commits/s 6510.06
aborts/s 1758.75
ops/s 8268.80

commits/s 6398.90
aborts/s 1576.73
ops/s 7975.62

commits/s 6425.86
aborts/s 1639.71
ops/s 8065.58

commits/s 6565.10
aborts/s 1811.75
ops/s 8376.85

commits/s 6387.93
aborts/s 1944.67
ops/s 8332.60

commits/s 6355.96
aborts/s 1591.74
ops/s 7947.70

commits/s 6274.18
aborts/s 1649.78
ops/s 7923.96

commits/s 6424.95
aborts/s 1643.73
ops/s 8068.68

commits/s 6460.17
aborts/s 1660.79
ops/s 8120.96

commits/s 6358.05
aborts/s 1677.75
ops/s 8035.80

commits/s 6392.25
aborts/s 1576.82
ops/s 7969.07

commits/s 6358.17
aborts/s 1797.76
ops/s 8155.93

commits/s 6465.94
aborts/s 1795.71
ops/s 8261.65

commits/s 6553.31
aborts/s 1664.82
ops/s 8218.13

commits/s 6497.10
aborts/s 1929.73
ops/s 8426.83

commits/s 6531.89
aborts/s 1658.72
ops/s 8190.61

commits/s 6259.37
aborts/s 1750.82
ops/s 8010.20

commits/s 6595.90
aborts/s 1590.74
ops/s 8186.64

commits/s 4556.59
aborts/s 1215.62
ops/s 5772.21

