nowait
Starting KVS server on :8080
commits/s 0.00
aborts/s 0.00
ops/s 0.00

commits/s 0.00
aborts/s 0.00
ops/s 0.00

commits/s 0.00
aborts/s 0.00
ops/s 0.00

commits/s 1001.92
aborts/s 229.98
ops/s 1231.91

commits/s 6366.30
aborts/s 1652.82
ops/s 8019.12

commits/s 6380.46
aborts/s 1771.29
ops/s 8151.75

commits/s 6434.92
aborts/s 1856.82
ops/s 8291.74

commits/s 6189.21
aborts/s 1780.33
ops/s 7969.55

commits/s 6383.76
aborts/s 1743.66
ops/s 8127.42

commits/s 6295.62
aborts/s 1830.60
ops/s 8126.22

commits/s 6237.03
aborts/s 1939.70
ops/s 8176.73

commits/s 6317.25
aborts/s 1705.80
ops/s 8023.05

commits/s 6049.20
aborts/s 1801.76
ops/s 7850.96

commits/s 6292.04
aborts/s 1766.45
ops/s 8058.49

commits/s 6303.15
aborts/s 1732.77
ops/s 8035.92

commits/s 6714.07
aborts/s 1727.76
ops/s 8441.84

commits/s 6415.53
aborts/s 1856.58
ops/s 8272.11

commits/s 6288.87
aborts/s 1911.66
ops/s 8200.53

commits/s 6338.09
aborts/s 1673.76
ops/s 8011.85

commits/s 6373.80
aborts/s 1752.67
ops/s 8126.47

commits/s 6431.99
aborts/s 1897.70
ops/s 8329.69

commits/s 6363.23
aborts/s 1683.80
ops/s 8047.03

commits/s 6498.18
aborts/s 1589.80
ops/s 8087.97

commits/s 6345.84
aborts/s 1818.67
ops/s 8164.51

commits/s 6188.53
aborts/s 1620.88
ops/s 7809.41

commits/s 6319.29
aborts/s 1660.55
ops/s 7979.84

commits/s 6523.73
aborts/s 1747.93
ops/s 8271.66

commits/s 6342.85
aborts/s 1738.69
ops/s 8081.54

commits/s 6304.34
aborts/s 1808.81
ops/s 8113.15

commits/s 6688.25
aborts/s 1576.82
ops/s 8265.07

commits/s 6377.98
aborts/s 1816.71
ops/s 8194.69

commits/s 6550.21
aborts/s 1944.76
ops/s 8494.97

commits/s 6420.42
aborts/s 1706.85
ops/s 8127.26

commits/s 4601.88
aborts/s 1486.35
ops/s 6088.22

commits/s 0.00
aborts/s 0.00
ops/s 0.00

