nowait
Starting KVS server on :8080
commits/s 0.00
aborts/s 0.00
ops/s 0.00

commits/s 0.00
aborts/s 0.00
ops/s 0.00

commits/s 0.00
aborts/s 0.00
ops/s 0.00

commits/s 1499.87
aborts/s 285.97
ops/s 1785.84

commits/s 6302.24
aborts/s 1674.80
ops/s 7977.04

commits/s 6558.91
aborts/s 1820.70
ops/s 8379.60

commits/s 6279.24
aborts/s 1900.77
ops/s 8180.01

commits/s 6403.03
aborts/s 1660.75
ops/s 8063.78

commits/s 6308.01
aborts/s 1784.72
ops/s 8092.73

commits/s 6418.48
aborts/s 1610.62
ops/s 8029.10

commits/s 6409.40
aborts/s 1722.57
ops/s 8131.98

commits/s 6198.41
aborts/s 1883.52
ops/s 8081.93

commits/s 6117.92
aborts/s 1818.38
ops/s 7936.30

commits/s 6483.08
aborts/s 1703.76
ops/s 8186.83

commits/s 6553.02
aborts/s 1680.75
ops/s 8233.77

commits/s 6613.37
aborts/s 1838.82
ops/s 8452.19

commits/s 6335.14
aborts/s 1828.75
ops/s 8163.89

commits/s 6468.03
aborts/s 1729.74
ops/s 8197.77

commits/s 6392.01
aborts/s 1720.73
ops/s 8112.74

commits/s 6340.08
aborts/s 1703.75
ops/s 8043.83

commits/s 6556.74
aborts/s 1800.65
ops/s 8357.39

commits/s 6430.07
aborts/s 1730.75
ops/s 8160.82

commits/s 6302.25
aborts/s 1770.79
ops/s 8073.04

commits/s 6181.81
aborts/s 1725.67
ops/s 7907.48

commits/s 6120.54
aborts/s 1844.56
ops/s 7965.10

commits/s 6667.05
aborts/s 1852.74
ops/s 8519.78

commits/s 6491.00
aborts/s 1883.71
ops/s 8374.72

commits/s 6465.42
aborts/s 1624.60
ops/s 8090.02

commits/s 6455.85
aborts/s 1742.69
ops/s 8198.55

commits/s 6528.21
aborts/s 1499.82
ops/s 8028.03

commits/s 6615.11
aborts/s 1811.76
ops/s 8426.87

commits/s 6533.45
aborts/s 1826.84
ops/s 8360.29

commits/s 6439.52
aborts/s 1873.57
ops/s 8313.09

commits/s 4350.26
aborts/s 1228.51
ops/s 5578.77

commits/s 0.00
aborts/s 0.00
ops/s 0.00

