woundwait
Starting KVS server on :8080
commits/s 0.00
aborts/s 0.00
ops/s 0.00

commits/s 0.00
aborts/s 0.00
ops/s 0.00

commits/s 0.00
aborts/s 0.00
ops/s 0.00

commits/s 0.00
aborts/s 0.00
ops/s 0.00

commits/s 0.00
aborts/s 0.00
ops/s 0.00

commits/s 4343.79
aborts/s 0.00
ops/s 4343.79

commits/s 4359.11
aborts/s 0.00
ops/s 4359.11

commits/s 4389.37
aborts/s 0.00
ops/s 4389.37

commits/s 4364.77
aborts/s 0.00
ops/s 4364.77

commits/s 4373.40
aborts/s 0.00
ops/s 4373.40

commits/s 4288.45
aborts/s 0.00
ops/s 4288.45

commits/s 4351.37
aborts/s 0.00
ops/s 4351.37

commits/s 4381.02
aborts/s 0.00
ops/s 4381.02

commits/s 4328.31
aborts/s 0.00
ops/s 4328.31

commits/s 4355.32
aborts/s 0.00
ops/s 4355.32

commits/s 4284.56
aborts/s 0.00
ops/s 4284.56

commits/s 4380.32
aborts/s 0.00
ops/s 4380.32

commits/s 4295.47
aborts/s 0.00
ops/s 4295.47

commits/s 4327.16
aborts/s 0.00
ops/s 4327.16

commits/s 4358.24
aborts/s 0.00
ops/s 4358.24

commits/s 4427.13
aborts/s 0.00
ops/s 4427.13

commits/s 4382.49
aborts/s 0.00
ops/s 4382.49

commits/s 4370.56
aborts/s 0.00
ops/s 4370.56

commits/s 4377.67
aborts/s 0.00
ops/s 4377.67

commits/s 4338.60
aborts/s 0.00
ops/s 4338.60

commits/s 4263.66
aborts/s 0.00
ops/s 4263.66

commits/s 4378.12
aborts/s 0.00
ops/s 4378.12

commits/s 4354.56
aborts/s 0.00
ops/s 4354.56

commits/s 4429.42
aborts/s 0.00
ops/s 4429.42

commits/s 4367.64
aborts/s 0.00
ops/s 4367.64

commits/s 4492.39
aborts/s 0.00
ops/s 4492.39

commits/s 4305.62
aborts/s 0.00
ops/s 4305.62

commits/s 4401.20
aborts/s 0.00
ops/s 4401.20

commits/s 4305.65
aborts/s 0.00
ops/s 4305.65

commits/s 3994.27
aborts/s 0.00
ops/s 3994.27

