woundwait
Starting KVS server on :8080
commits/s 0.00
aborts/s 0.00
ops/s 0.00

commits/s 0.00
aborts/s 0.00
ops/s 0.00

commits/s 0.00
aborts/s 0.00
ops/s 0.00

commits/s 0.00
aborts/s 0.00
ops/s 0.00

commits/s 186.96
aborts/s 0.00
ops/s 186.96

commits/s 4421.66
aborts/s 0.00
ops/s 4421.66

commits/s 4320.59
aborts/s 0.00
ops/s 4320.59

commits/s 4308.43
aborts/s 0.00
ops/s 4308.43

commits/s 4303.24
aborts/s 0.00
ops/s 4303.24

commits/s 4386.27
aborts/s 0.00
ops/s 4386.27

commits/s 4285.49
aborts/s 0.00
ops/s 4285.49

commits/s 4354.42
aborts/s 0.00
ops/s 4354.42

commits/s 4426.81
aborts/s 0.00
ops/s 4426.81

commits/s 4356.17
aborts/s 0.00
ops/s 4356.17

commits/s 4353.44
aborts/s 0.00
ops/s 4353.44

commits/s 4411.69
aborts/s 0.00
ops/s 4411.69

commits/s 4281.54
aborts/s 0.00
ops/s 4281.54

commits/s 4278.01
aborts/s 0.00
ops/s 4278.01

commits/s 4344.05
aborts/s 0.00
ops/s 4344.05

commits/s 4382.50
aborts/s 0.00
ops/s 4382.50

commits/s 4366.60
aborts/s 0.00
ops/s 4366.60

commits/s 4300.33
aborts/s 0.00
ops/s 4300.33

commits/s 4286.52
aborts/s 0.00
ops/s 4286.52

commits/s 4381.41
aborts/s 0.00
ops/s 4381.41

commits/s 4323.18
aborts/s 0.00
ops/s 4323.18

commits/s 4343.35
aborts/s 0.00
ops/s 4343.35

commits/s 4395.43
aborts/s 0.00
ops/s 4395.43

commits/s 4373.19
aborts/s 0.00
ops/s 4373.19

commits/s 4330.59
aborts/s 0.00
ops/s 4330.59

commits/s 4405.42
aborts/s 0.00
ops/s 4405.42

commits/s 4326.61
aborts/s 0.00
ops/s 4326.61

commits/s 4354.27
aborts/s 0.00
ops/s 4354.27

commits/s 4303.65
aborts/s 0.00
ops/s 4303.65

commits/s 4312.07
aborts/s 0.00
ops/s 4312.07

commits/s 3638.42
aborts/s 0.00
ops/s 3638.42

commits/s 0.00
aborts/s 0.00
ops/s 0.00

