woundwait
Starting KVS server on :8080
commits/s 0.00
aborts/s 0.00
ops/s 0.00

commits/s 0.00
aborts/s 0.00
ops/s 0.00

commits/s 0.00
aborts/s 0.00
ops/s 0.00

commits/s 0.00
aborts/s 0.00
ops/s 0.00

commits/s 1242.91
aborts/s 0.00
ops/s 1242.91

commits/s 4392.42
aborts/s 0.00
ops/s 4392.42

commits/s 4249.14
aborts/s 0.00
ops/s 4249.14

commits/s 4309.33
aborts/s 0.00
ops/s 4309.33

commits/s 4279.30
aborts/s 0.00
ops/s 4279.30

commits/s 4298.53
aborts/s 0.00
ops/s 4298.53

commits/s 4329.34
aborts/s 0.00
ops/s 4329.34

commits/s 4324.50
aborts/s 0.00
ops/s 4324.50

commits/s 4339.43
aborts/s 0.00
ops/s 4339.43

commits/s 4302.39
aborts/s 0.00
ops/s 4302.39

commits/s 4266.56
aborts/s 0.00
ops/s 4266.56

commits/s 4306.28
aborts/s 0.00
ops/s 4306.28

commits/s 4290.06
aborts/s 0.00
ops/s 4290.06

commits/s 4290.32
aborts/s 0.00
ops/s 4290.32

commits/s 4359.52
aborts/s 0.00
ops/s 4359.52

commits/s 4270.28
aborts/s 0.00
ops/s 4270.28

commits/s 4442.30
aborts/s 0.00
ops/s 4442.30

commits/s 4447.46
aborts/s 0.00
ops/s 4447.46

commits/s 4341.98
aborts/s 0.00
ops/s 4341.98

commits/s 4418.44
aborts/s 0.00
ops/s 4418.44

commits/s 4313.66
aborts/s 0.00
ops/s 4313.66

commits/s 4308.56
aborts/s 0.00
ops/s 4308.56

commits/s 4351.40
aborts/s 0.00
ops/s 4351.40

commits/s 4358.51
aborts/s 0.00
ops/s 4358.51

commits/s 4370.17
aborts/s 0.00
ops/s 4370.17

commits/s 4352.35
aborts/s 0.00
ops/s 4352.35

commits/s 4235.46
aborts/s 0.00
ops/s 4235.46

commits/s 4404.53
aborts/s 0.00
ops/s 4404.53

commits/s 4307.71
aborts/s 0.00
ops/s 4307.71

commits/s 4398.30
aborts/s 0.00
ops/s 4398.30

commits/s 2611.40
aborts/s 0.00
ops/s 2611.40

commits/s 0.00
aborts/s 0.00
ops/s 0.00

