waitdie
Starting KVS server on :8080
commits/s 0.00
aborts/s 0.00
ops/s 0.00

commits/s 0.00
aborts/s 0.00
ops/s 0.00

commits/s 0.00
aborts/s 0.00
ops/s 0.00

commits/s 0.00
aborts/s 0.00
ops/s 0.00

commits/s 0.00
aborts/s 0.00
ops/s 0.00

commits/s 3842.52
aborts/s 490.94
ops/s 4333.46

commits/s 5005.49
aborts/s 544.94
ops/s 5550.43

commits/s 4880.71
aborts/s 604.84
ops/s 5485.55

commits/s 4917.39
aborts/s 601.92
ops/s 5519.31

commits/s 4823.35
aborts/s 662.91
ops/s 5486.27

commits/s 4909.53
aborts/s 589.94
ops/s 5499.48

commits/s 4966.29
aborts/s 555.92
ops/s 5522.21

commits/s 4933.11
aborts/s 672.88
ops/s 5605.99

commits/s 4870.12
aborts/s 635.62
ops/s 5505.75

commits/s 4964.44
aborts/s 620.93
ops/s 5585.37

commits/s 4854.11
aborts/s 683.87
ops/s 5537.98

commits/s 4829.45
aborts/s 590.93
ops/s 5420.38

commits/s 4905.45
aborts/s 620.93
ops/s 5526.38

commits/s 4993.28
aborts/s 634.91
ops/s 5628.19

commits/s 4994.28
aborts/s 621.91
ops/s 5616.19

commits/s 4950.29
aborts/s 564.92
ops/s 5515.21

commits/s 5003.13
aborts/s 594.90
ops/s 5598.03

commits/s 4970.04
aborts/s 610.88
ops/s 5580.92

commits/s 4976.11
aborts/s 621.89
ops/s 5598.00

commits/s 4872.43
aborts/s 641.92
ops/s 5514.35

commits/s 4971.21
aborts/s 568.91
ops/s 5540.12

commits/s 4904.56
aborts/s 565.95
ops/s 5470.51

commits/s 4964.41
aborts/s 576.93
ops/s 5541.34

commits/s 4828.59
aborts/s 606.95
ops/s 5435.54

commits/s 4927.42
aborts/s 627.80
ops/s 5555.22

commits/s 4927.37
aborts/s 579.93
ops/s 5507.30

commits/s 4811.65
aborts/s 561.96
ops/s 5373.61

commits/s 4913.33
aborts/s 603.92
ops/s 5517.24

commits/s 4840.69
aborts/s 516.97
ops/s 5357.66

commits/s 5057.28
aborts/s 568.92
ops/s 5626.19

commits/s 524.81
aborts/s 54.98
ops/s 579.79

