waitdie
Starting KVS server on :8080
commits/s 0.00
aborts/s 0.00
ops/s 0.00

commits/s 0.00
aborts/s 0.00
ops/s 0.00

commits/s 0.00
aborts/s 0.00
ops/s 0.00

commits/s 0.00
aborts/s 0.00
ops/s 0.00

commits/s 275.98
aborts/s 26.00
ops/s 301.97

commits/s 5017.35
aborts/s 587.92
ops/s 5605.28

commits/s 4830.02
aborts/s 604.88
ops/s 5434.89

commits/s 4902.25
aborts/s 628.90
ops/s 5531.15

commits/s 4865.12
aborts/s 659.88
ops/s 5525.00

commits/s 4868.32
aborts/s 689.90
ops/s 5558.22

commits/s 4931.30
aborts/s 608.91
ops/s 5540.21

commits/s 4993.30
aborts/s 530.93
ops/s 5524.22

commits/s 4993.98
aborts/s 602.88
ops/s 5596.86

commits/s 5011.10
aborts/s 561.90
ops/s 5573.00

commits/s 4970.03
aborts/s 555.89
ops/s 5525.92

commits/s 4852.67
aborts/s 631.96
ops/s 5484.63

commits/s 4831.52
aborts/s 635.94
ops/s 5467.46

commits/s 4850.03
aborts/s 646.87
ops/s 5496.91

commits/s 4889.00
aborts/s 628.87
ops/s 5517.87

commits/s 5052.33
aborts/s 580.92
ops/s 5633.25

commits/s 4871.47
aborts/s 619.93
ops/s 5491.40

commits/s 4916.29
aborts/s 656.90
ops/s 5573.19

commits/s 5086.89
aborts/s 524.89
ops/s 5611.78

commits/s 5055.58
aborts/s 617.95
ops/s 5673.53

commits/s 4991.18
aborts/s 577.91
ops/s 5569.09

commits/s 4942.47
aborts/s 640.93
ops/s 5583.40

commits/s 4770.05
aborts/s 646.87
ops/s 5416.93

commits/s 4915.63
aborts/s 568.96
ops/s 5484.58

commits/s 4900.00
aborts/s 549.89
ops/s 5449.89

commits/s 4942.66
aborts/s 589.84
ops/s 5532.50

commits/s 4946.31
aborts/s 658.91
ops/s 5605.22

commits/s 5023.52
aborts/s 600.94
ops/s 5624.46

commits/s 4949.57
aborts/s 578.95
ops/s 5528.52

commits/s 4867.53
aborts/s 630.94
ops/s 5498.47

commits/s 3995.86
aborts/s 484.50
ops/s 4480.36

commits/s 0.00
aborts/s 0.00
ops/s 0.00

