waitdie
Starting KVS server on :8080
commits/s 0.00
aborts/s 0.00
ops/s 0.00

commits/s 0.00
aborts/s 0.00
ops/s 0.00

commits/s 0.00
aborts/s 0.00
ops/s 0.00

commits/s 0.00
aborts/s 0.00
ops/s 0.00

commits/s 1155.89
aborts/s 109.99
ops/s 1265.88

commits/s 4891.49
aborts/s 580.94
ops/s 5472.43

commits/s 4846.33
aborts/s 604.92
ops/s 5451.25

commits/s 4919.27
aborts/s 613.91
ops/s 5533.18

commits/s 4855.43
aborts/s 667.92
ops/s 5523.35

commits/s 4781.37
aborts/s 604.92
ops/s 5386.29

commits/s 4887.32
aborts/s 591.92
ops/s 5479.23

commits/s 5032.47
aborts/s 594.94
ops/s 5627.41

commits/s 4947.31
aborts/s 591.92
ops/s 5539.22

commits/s 4925.07
aborts/s 623.88
ops/s 5548.95

commits/s 4895.32
aborts/s 681.90
ops/s 5577.22

commits/s 4979.33
aborts/s 586.92
ops/s 5566.25

commits/s 4852.38
aborts/s 638.92
ops/s 5491.30

commits/s 4923.16
aborts/s 642.89
ops/s 5566.05

commits/s 4975.35
aborts/s 632.92
ops/s 5608.27

commits/s 4993.04
aborts/s 602.88
ops/s 5595.92

commits/s 4938.58
aborts/s 599.95
ops/s 5538.53

commits/s 4974.13
aborts/s 614.89
ops/s 5589.03

commits/s 5018.53
aborts/s 684.94
ops/s 5703.47

commits/s 4949.41
aborts/s 682.92
ops/s 5632.33

commits/s 4920.70
aborts/s 660.82
ops/s 5581.52

commits/s 4841.04
aborts/s 695.86
ops/s 5536.90

commits/s 4979.36
aborts/s 580.93
ops/s 5560.29

commits/s 4790.48
aborts/s 554.94
ops/s 5345.42

commits/s 4932.22
aborts/s 550.91
ops/s 5483.14

commits/s 4842.22
aborts/s 655.89
ops/s 5498.11

commits/s 4835.09
aborts/s 575.89
ops/s 5410.98

commits/s 4936.39
aborts/s 709.91
ops/s 5646.31

commits/s 4801.70
aborts/s 667.82
ops/s 5469.52

commits/s 5018.50
aborts/s 553.94
ops/s 5572.44

commits/s 3169.07
aborts/s 358.78
ops/s 3527.85

