waitdie
Starting KVS server on :8080
commits/s 0.00
aborts/s 0.00
ops/s 0.00

commits/s 0.00
aborts/s 0.00
ops/s 0.00

commits/s 0.00
aborts/s 0.00
ops/s 0.00

commits/s 0.00
aborts/s 0.00
ops/s 0.00

commits/s 1124.91
aborts/s 0.00
ops/s 1124.91

commits/s 5413.95
aborts/s 0.00
ops/s 5413.95

commits/s 5380.30
aborts/s 0.00
ops/s 5380.30

commits/s 5488.13
aborts/s 0.00
ops/s 5488.13

commits/s 5423.02
aborts/s 0.00
ops/s 5423.02

commits/s 5569.80
aborts/s 0.00
ops/s 5569.80

commits/s 5557.55
aborts/s 0.00
ops/s 5557.55

commits/s 5476.32
aborts/s 0.00
ops/s 5476.32

commits/s 5325.04
aborts/s 0.00
ops/s 5325.04

commits/s 5491.41
aborts/s 0.00
ops/s 5491.41

commits/s 5438.14
aborts/s 0.00
ops/s 5438.14

commits/s 5578.37
aborts/s 0.00
ops/s 5578.37

commits/s 5319.50
aborts/s 0.00
ops/s 5319.50

commits/s 5634.45
aborts/s 0.00
ops/s 5634.45

commits/s 5709.67
aborts/s 0.00
ops/s 5709.67

commits/s 5442.56
aborts/s 0.00
ops/s 5442.56

commits/s 5174.49
aborts/s 0.00
ops/s 5174.49

commits/s 5485.96
aborts/s 0.00
ops/s 5485.96

commits/s 5581.00
aborts/s 0.00
ops/s 5581.00

commits/s 5685.58
aborts/s 0.00
ops/s 5685.58

commits/s 5404.12
aborts/s 0.00
ops/s 5404.12

commits/s 5692.33
aborts/s 0.00
ops/s 5692.33

commits/s 5504.07
aborts/s 0.00
ops/s 5504.07

commits/s 5610.55
aborts/s 0.00
ops/s 5610.55

commits/s 5583.65
aborts/s 0.00
ops/s 5583.65

commits/s 5509.23
aborts/s 0.00
ops/s 5509.23

commits/s 5330.22
aborts/s 0.00
ops/s 5330.22

commits/s 5621.27
aborts/s 0.00
ops/s 5621.27

commits/s 5724.55
aborts/s 0.00
ops/s 5724.55

commits/s 5585.24
aborts/s 0.00
ops/s 5585.24

commits/s 3804.75
aborts/s 0.00
ops/s 3804.75

commits/s 0.00
aborts/s 0.00
ops/s 0.00

