waitdie
Starting KVS server on :8080
commits/s 0.00
aborts/s 0.00
ops/s 0.00

commits/s 0.00
aborts/s 0.00
ops/s 0.00

commits/s 0.00
aborts/s 0.00
ops/s 0.00

commits/s 0.00
aborts/s 0.00
ops/s 0.00

commits/s 0.00
aborts/s 0.00
ops/s 0.00

commits/s 5388.75
aborts/s 0.00
ops/s 5388.75

commits/s 5486.76
aborts/s 0.00
ops/s 5486.76

commits/s 5520.96
aborts/s 0.00
ops/s 5520.96

commits/s 5415.18
aborts/s 0.00
ops/s 5415.18

commits/s 5687.21
aborts/s 0.00
ops/s 5687.21

commits/s 5588.83
aborts/s 0.00
ops/s 5588.83

commits/s 5453.34
aborts/s 0.00
ops/s 5453.34

commits/s 5252.39
aborts/s 0.00
ops/s 5252.39

commits/s 5426.27
aborts/s 0.00
ops/s 5426.27

commits/s 5463.32
aborts/s 0.00
ops/s 5463.32

commits/s 5476.51
aborts/s 0.00
ops/s 5476.51

commits/s 5505.64
aborts/s 0.00
ops/s 5505.64

commits/s 5592.00
aborts/s 0.00
ops/s 5592.00

commits/s 5634.54
aborts/s 0.00
ops/s 5634.54

commits/s 5455.13
aborts/s 0.00
ops/s 5455.13

commits/s 5273.17
aborts/s 0.00
ops/s 5273.17

commits/s 5333.25
aborts/s 0.00
ops/s 5333.25

commits/s 5368.47
aborts/s 0.00
ops/s 5368.47

commits/s 5610.42
aborts/s 0.00
ops/s 5610.42

commits/s 5515.01
aborts/s 0.00
ops/s 5515.01

commits/s 5577.17
aborts/s 0.00
ops/s 5577.17

commits/s 5570.21
aborts/s 0.00
ops/s 5570.21

commits/s 5443.25
aborts/s 0.00
ops/s 5443.25

commits/s 5479.42
aborts/s 0.00
ops/s 5479.42

commits/s 5448.48
aborts/s 0.00
ops/s 5448.48

commits/s 5527.01
aborts/s 0.00
ops/s 5527.01

commits/s 5596.58
aborts/s 0.00
ops/s 5596.58

commits/s 5557.56
aborts/s 0.00
ops/s 5557.56

commits/s 5423.96
aborts/s 0.00
ops/s 5423.96

commits/s 4982.53
aborts/s 0.00
ops/s 4982.53

commits/s 0.00
aborts/s 0.00
ops/s 0.00

