waitdie
Starting KVS server on :8080
commits/s 0.00
aborts/s 0.00
ops/s 0.00

commits/s 0.00
aborts/s 0.00
ops/s 0.00

commits/s 0.00
aborts/s 0.00
ops/s 0.00

commits/s 0.00
aborts/s 0.00
ops/s 0.00

commits/s 17.00
aborts/s 0.00
ops/s 17.00

commits/s 5635.60
aborts/s 0.00
ops/s 5635.60

commits/s 5526.48
aborts/s 0.00
ops/s 5526.48

commits/s 5561.36
aborts/s 0.00
ops/s 5561.36

commits/s 5403.33
aborts/s 0.00
ops/s 5403.33

commits/s 5518.98
aborts/s 0.00
ops/s 5518.98

commits/s 5435.45
aborts/s 0.00
ops/s 5435.45

commits/s 5530.38
aborts/s 0.00
ops/s 5530.38

commits/s 5273.07
aborts/s 0.00
ops/s 5273.07

commits/s 5578.99
aborts/s 0.00
ops/s 5578.99

commits/s 5483.57
aborts/s 0.00
ops/s 5483.57

commits/s 5489.81
aborts/s 0.00
ops/s 5489.81

commits/s 5465.25
aborts/s 0.00
ops/s 5465.25

commits/s 5423.42
aborts/s 0.00
ops/s 5423.42

commits/s 5626.37
aborts/s 0.00
ops/s 5626.37

commits/s 5438.18
aborts/s 0.00
ops/s 5438.18

commits/s 5273.26
aborts/s 0.00
ops/s 5273.26

commits/s 5421.22
aborts/s 0.00
ops/s 5421.22

commits/s 5553.46
aborts/s 0.00
ops/s 5553.46

commits/s 5450.97
aborts/s 0.00
ops/s 5450.97

commits/s 5508.38
aborts/s 0.00
ops/s 5508.38

commits/s 5563.49
aborts/s 0.00
ops/s 5563.49

commits/s 5670.06
aborts/s 0.00
ops/s 5670.06

commits/s 5665.58
aborts/s 0.00
ops/s 5665.58

commits/s 5648.46
aborts/s 0.00
ops/s 5648.46

commits/s 5329.19
aborts/s 0.00
ops/s 5329.19

commits/s 5591.28
aborts/s 0.00
ops/s 5591.28

commits/s 5396.52
aborts/s 0.00
ops/s 5396.52

commits/s 5555.37
aborts/s 0.00
ops/s 5555.37

commits/s 5716.29
aborts/s 0.00
ops/s 5716.29

commits/s 4750.30
aborts/s 0.00
ops/s 4750.30

commits/s 0.00
aborts/s 0.00
ops/s 0.00

