waitdie
Starting KVS server on :8080
commits/s 0.00
aborts/s 0.00
ops/s 0.00

commits/s 0.00
aborts/s 0.00
ops/s 0.00

commits/s 0.00
aborts/s 0.00
ops/s 0.00

commits/s 0.00
aborts/s 0.00
ops/s 0.00

commits/s 129.99
aborts/s 0.00
ops/s 129.99

commits/s 5521.59
aborts/s 2.00
ops/s 5523.59

commits/s 5389.07
aborts/s 1.00
ops/s 5390.07

commits/s 5494.19
aborts/s 0.00
ops/s 5494.19

commits/s 5353.46
aborts/s 0.00
ops/s 5353.46

commits/s 5335.71
aborts/s 0.00
ops/s 5335.71

commits/s 5340.34
aborts/s 1.00
ops/s 5341.34

commits/s 5476.75
aborts/s 2.00
ops/s 5478.75

commits/s 5376.58
aborts/s 1.00
ops/s 5377.58

commits/s 5181.08
aborts/s 2.00
ops/s 5183.08

commits/s 5558.97
aborts/s 2.00
ops/s 5560.97

commits/s 5520.43
aborts/s 3.00
ops/s 5523.43

commits/s 5393.63
aborts/s 0.00
ops/s 5393.63

commits/s 5574.20
aborts/s 1.00
ops/s 5575.20

commits/s 5413.63
aborts/s 1.00
ops/s 5414.63

commits/s 5407.65
aborts/s 1.00
ops/s 5408.65

commits/s 5593.31
aborts/s 2.00
ops/s 5595.31

commits/s 5372.47
aborts/s 1.00
ops/s 5373.47

commits/s 5279.64
aborts/s 2.00
ops/s 5281.64

commits/s 5473.37
aborts/s 1.00
ops/s 5474.37

commits/s 5234.51
aborts/s 2.00
ops/s 5236.51

commits/s 5320.22
aborts/s 0.00
ops/s 5320.22

commits/s 5394.20
aborts/s 1.00
ops/s 5395.20

commits/s 5548.44
aborts/s 0.00
ops/s 5548.44

commits/s 5544.29
aborts/s 2.00
ops/s 5546.29

commits/s 5474.22
aborts/s 0.00
ops/s 5474.22

commits/s 5435.33
aborts/s 1.00
ops/s 5436.33

commits/s 5427.19
aborts/s 1.00
ops/s 5428.19

commits/s 5443.27
aborts/s 0.00
ops/s 5443.27

commits/s 5534.49
aborts/s 1.00
ops/s 5535.49

commits/s 4766.26
aborts/s 1.00
ops/s 4767.26

commits/s 0.00
aborts/s 0.00
ops/s 0.00

