waitdie
Starting KVS server on :8080
commits/s 0.00
aborts/s 0.00
ops/s 0.00

commits/s 0.00
aborts/s 0.00
ops/s 0.00

commits/s 0.00
aborts/s 0.00
ops/s 0.00

commits/s 0.00
aborts/s 0.00
ops/s 0.00

commits/s 1089.69
aborts/s 0.00
ops/s 1089.69

commits/s 5276.43
aborts/s 2.00
ops/s 5278.43

commits/s 5309.22
aborts/s 2.00
ops/s 5311.22

commits/s 5415.36
aborts/s 0.00
ops/s 5415.36

commits/s 5336.04
aborts/s 2.00
ops/s 5338.04

commits/s 5538.42
aborts/s 1.00
ops/s 5539.42

commits/s 5483.19
aborts/s 0.00
ops/s 5483.19

commits/s 5556.28
aborts/s 0.00
ops/s 5556.28

commits/s 5253.13
aborts/s 0.00
ops/s 5253.13

commits/s 5140.30
aborts/s 0.00
ops/s 5140.30

commits/s 5524.43
aborts/s 1.00
ops/s 5525.43

commits/s 5500.65
aborts/s 2.00
ops/s 5502.65

commits/s 5428.82
aborts/s 1.00
ops/s 5429.82

commits/s 5523.59
aborts/s 2.00
ops/s 5525.59

commits/s 5355.11
aborts/s 1.00
ops/s 5356.11

commits/s 5485.19
aborts/s 0.00
ops/s 5485.19

commits/s 5443.65
aborts/s 1.00
ops/s 5444.65

commits/s 5302.05
aborts/s 3.00
ops/s 5305.05

commits/s 5303.39
aborts/s 0.00
ops/s 5303.39

commits/s 5352.39
aborts/s 3.00
ops/s 5355.39

commits/s 5164.40
aborts/s 0.00
ops/s 5164.40

commits/s 5416.38
aborts/s 1.00
ops/s 5417.38

commits/s 5546.56
aborts/s 1.00
ops/s 5547.56

commits/s 5457.37
aborts/s 1.00
ops/s 5458.37

commits/s 5400.27
aborts/s 0.00
ops/s 5400.27

commits/s 5357.86
aborts/s 2.00
ops/s 5359.86

commits/s 5459.36
aborts/s 0.00
ops/s 5459.36

commits/s 5357.33
aborts/s 3.00
ops/s 5360.33

commits/s 5593.39
aborts/s 1.00
ops/s 5594.39

commits/s 5439.23
aborts/s 0.00
ops/s 5439.23

commits/s 3879.61
aborts/s 3.00
ops/s 3882.60

