waitdie
Starting KVS server on :8080
commits/s 0.00
aborts/s 0.00
ops/s 0.00

commits/s 0.00
aborts/s 0.00
ops/s 0.00

commits/s 0.00
aborts/s 0.00
ops/s 0.00

commits/s 0.00
aborts/s 0.00
ops/s 0.00

commits/s 0.00
aborts/s 0.00
ops/s 0.00

commits/s 5122.71
aborts/s 1.00
ops/s 5123.71

commits/s 5331.03
aborts/s 2.00
ops/s 5333.03

commits/s 5468.30
aborts/s 2.00
ops/s 5470.30

commits/s 5308.43
aborts/s 0.00
ops/s 5308.43

commits/s 5365.29
aborts/s 2.00
ops/s 5367.29

commits/s 5470.39
aborts/s 0.00
ops/s 5470.39

commits/s 5500.54
aborts/s 2.00
ops/s 5502.54

commits/s 5400.09
aborts/s 2.00
ops/s 5402.09

commits/s 5229.12
aborts/s 4.00
ops/s 5233.12

commits/s 5500.31
aborts/s 0.00
ops/s 5500.31

commits/s 5457.57
aborts/s 4.00
ops/s 5461.57

commits/s 5501.48
aborts/s 1.00
ops/s 5502.48

commits/s 5493.45
aborts/s 0.00
ops/s 5493.45

commits/s 5451.44
aborts/s 1.00
ops/s 5452.44

commits/s 5470.07
aborts/s 3.00
ops/s 5473.07

commits/s 5534.02
aborts/s 0.00
ops/s 5534.02

commits/s 5387.53
aborts/s 1.00
ops/s 5388.53

commits/s 5308.31
aborts/s 3.00
ops/s 5311.31

commits/s 5447.23
aborts/s 2.00
ops/s 5449.23

commits/s 5274.56
aborts/s 2.00
ops/s 5276.56

commits/s 5234.48
aborts/s 2.00
ops/s 5236.48

commits/s 5506.76
aborts/s 2.00
ops/s 5508.76

commits/s 5570.39
aborts/s 1.00
ops/s 5571.39

commits/s 5519.59
aborts/s 1.00
ops/s 5520.59

commits/s 5503.98
aborts/s 2.00
ops/s 5505.98

commits/s 5384.47
aborts/s 0.00
ops/s 5384.47

commits/s 5551.48
aborts/s 1.00
ops/s 5552.48

commits/s 5507.85
aborts/s 1.00
ops/s 5508.85

commits/s 5689.24
aborts/s 1.00
ops/s 5690.24

commits/s 5169.88
aborts/s 1.00
ops/s 5170.87

commits/s 0.00
aborts/s 0.00
ops/s 0.00

