woundwait
Starting KVS server on :8080
commits/s 0.00
aborts/s 0.00
ops/s 0.00

commits/s 0.00
aborts/s 0.00
ops/s 0.00

commits/s 0.00
aborts/s 0.00
ops/s 0.00

commits/s 0.00
aborts/s 0.00
ops/s 0.00

commits/s 0.00
aborts/s 0.00
ops/s 0.00

commits/s 0.00
aborts/s 0.00
ops/s 0.00

commits/s 2800.03
aborts/s 0.00
ops/s 2800.03

commits/s 2915.63
aborts/s 0.00
ops/s 2915.63

commits/s 2873.75
aborts/s 0.00
ops/s 2873.75

commits/s 2914.54
aborts/s 0.00
ops/s 2914.54

commits/s 2928.40
aborts/s 0.00
ops/s 2928.40

commits/s 2944.68
aborts/s 0.00
ops/s 2944.68

commits/s 2932.60
aborts/s 0.00
ops/s 2932.60

commits/s 2940.15
aborts/s 0.00
ops/s 2940.15

commits/s 2905.59
aborts/s 0.00
ops/s 2905.59

commits/s 2892.66
aborts/s 0.00
ops/s 2892.66

commits/s 2923.65
aborts/s 0.00
ops/s 2923.65

commits/s 2898.11
aborts/s 0.00
ops/s 2898.11

commits/s 2909.66
aborts/s 0.00
ops/s 2909.66

commits/s 2925.70
aborts/s 0.00
ops/s 2925.70

commits/s 2861.59
aborts/s 0.00
ops/s 2861.59

commits/s 2898.67
aborts/s 0.00
ops/s 2898.67

commits/s 2856.71
aborts/s 0.00
ops/s 2856.71

commits/s 2953.66
aborts/s 0.00
ops/s 2953.66

commits/s 2937.11
aborts/s 0.00
ops/s 2937.11

commits/s 2900.70
aborts/s 0.00
ops/s 2900.70

commits/s 2920.80
aborts/s 0.00
ops/s 2920.80

commits/s 2941.28
aborts/s 0.00
ops/s 2941.28

commits/s 2852.61
aborts/s 0.00
ops/s 2852.61

commits/s 2872.54
aborts/s 0.00
ops/s 2872.54

commits/s 2884.42
aborts/s 0.00
ops/s 2884.42

commits/s 2967.66
aborts/s 0.00
ops/s 2967.66

commits/s 2924.60
aborts/s 0.00
ops/s 2924.60

commits/s 2890.75
aborts/s 0.00
ops/s 2890.75

commits/s 3010.54
aborts/s 0.00
ops/s 3010.54

commits/s 2726.20
aborts/s 0.00
ops/s 2726.20

commits/s 0.00
aborts/s 0.00
ops/s 0.00

