woundwait
Starting KVS server on :8080
commits/s 0.00
aborts/s 0.00
ops/s 0.00

commits/s 0.00
aborts/s 0.00
ops/s 0.00

commits/s 0.00
aborts/s 0.00
ops/s 0.00

commits/s 0.00
aborts/s 0.00
ops/s 0.00

commits/s 0.00
aborts/s 0.00
ops/s 0.00

commits/s 129.99
aborts/s 0.00
ops/s 129.99

commits/s 2953.68
aborts/s 0.00
ops/s 2953.68

commits/s 2927.09
aborts/s 0.00
ops/s 2927.09

commits/s 2937.94
aborts/s 0.00
ops/s 2937.94

commits/s 2884.19
aborts/s 0.00
ops/s 2884.19

commits/s 2868.11
aborts/s 0.00
ops/s 2868.11

commits/s 2896.28
aborts/s 0.00
ops/s 2896.28

commits/s 2968.40
aborts/s 0.00
ops/s 2968.40

commits/s 2902.47
aborts/s 0.00
ops/s 2902.47

commits/s 2963.67
aborts/s 0.00
ops/s 2963.67

commits/s 2897.64
aborts/s 0.00
ops/s 2897.64

commits/s 3001.24
aborts/s 0.00
ops/s 3001.24

commits/s 2923.36
aborts/s 0.00
ops/s 2923.36

commits/s 2907.70
aborts/s 0.00
ops/s 2907.70

commits/s 2972.47
aborts/s 0.00
ops/s 2972.47

commits/s 2900.64
aborts/s 0.00
ops/s 2900.64

commits/s 2934.27
aborts/s 0.00
ops/s 2934.27

commits/s 2895.66
aborts/s 0.00
ops/s 2895.66

commits/s 2888.70
aborts/s 0.00
ops/s 2888.70

commits/s 2964.66
aborts/s 0.00
ops/s 2964.66

commits/s 2905.65
aborts/s 0.00
ops/s 2905.65

commits/s 2890.99
aborts/s 0.00
ops/s 2890.99

commits/s 2944.57
aborts/s 0.00
ops/s 2944.57

commits/s 2929.66
aborts/s 0.00
ops/s 2929.66

commits/s 2923.59
aborts/s 0.00
ops/s 2923.59

commits/s 2924.33
aborts/s 0.00
ops/s 2924.33

commits/s 2945.65
aborts/s 0.00
ops/s 2945.65

commits/s 2959.59
aborts/s 0.00
ops/s 2959.59

commits/s 2936.90
aborts/s 0.00
ops/s 2936.90

commits/s 2879.42
aborts/s 0.00
ops/s 2879.42

commits/s 2241.65
aborts/s 0.00
ops/s 2241.65

commits/s 0.00
aborts/s 0.00
ops/s 0.00

