woundwait
Starting KVS server on :8080
commits/s 0.00
aborts/s 0.00
ops/s 0.00

commits/s 0.00
aborts/s 0.00
ops/s 0.00

commits/s 0.00
aborts/s 0.00
ops/s 0.00

commits/s 0.00
aborts/s 0.00
ops/s 0.00

commits/s 0.00
aborts/s 0.00
ops/s 0.00

commits/s 70.00
aborts/s 0.00
ops/s 70.00

commits/s 3073.80
aborts/s 0.00
ops/s 3073.80

commits/s 2935.39
aborts/s 0.00
ops/s 2935.39

commits/s 2932.48
aborts/s 0.00
ops/s 2932.48

commits/s 2961.20
aborts/s 0.00
ops/s 2961.20

commits/s 2964.54
aborts/s 0.00
ops/s 2964.54

commits/s 2954.59
aborts/s 0.00
ops/s 2954.59

commits/s 2940.66
aborts/s 0.00
ops/s 2940.66

commits/s 2949.53
aborts/s 0.00
ops/s 2949.53

commits/s 2926.38
aborts/s 0.00
ops/s 2926.38

commits/s 2935.62
aborts/s 0.00
ops/s 2935.62

commits/s 2938.66
aborts/s 0.00
ops/s 2938.66

commits/s 2943.52
aborts/s 0.00
ops/s 2943.52

commits/s 2936.51
aborts/s 0.00
ops/s 2936.51

commits/s 2862.54
aborts/s 0.00
ops/s 2862.54

commits/s 2975.65
aborts/s 0.00
ops/s 2975.65

commits/s 2912.77
aborts/s 0.00
ops/s 2912.77

commits/s 2926.40
aborts/s 0.00
ops/s 2926.40

commits/s 2922.49
aborts/s 0.00
ops/s 2922.49

commits/s 2974.45
aborts/s 0.00
ops/s 2974.45

commits/s 2917.46
aborts/s 0.00
ops/s 2917.46

commits/s 2900.47
aborts/s 0.00
ops/s 2900.47

commits/s 2946.49
aborts/s 0.00
ops/s 2946.49

commits/s 2991.72
aborts/s 0.00
ops/s 2991.72

commits/s 2928.61
aborts/s 0.00
ops/s 2928.61

commits/s 2915.74
aborts/s 0.00
ops/s 2915.74

commits/s 2987.56
aborts/s 0.00
ops/s 2987.56

commits/s 2815.49
aborts/s 0.00
ops/s 2815.49

commits/s 2959.43
aborts/s 0.00
ops/s 2959.43

commits/s 2974.50
aborts/s 0.00
ops/s 2974.50

commits/s 2524.17
aborts/s 0.00
ops/s 2524.17

