woundwait
Starting KVS server on :8080
commits/s 0.00
aborts/s 0.00
ops/s 0.00

commits/s 0.00
aborts/s 0.00
ops/s 0.00

commits/s 0.00
aborts/s 0.00
ops/s 0.00

commits/s 0.00
aborts/s 0.00
ops/s 0.00

commits/s 0.00
aborts/s 0.00
ops/s 0.00

commits/s 4177.00
aborts/s 2.00
ops/s 4179.00

commits/s 4213.47
aborts/s 2.00
ops/s 4215.47

commits/s 4294.17
aborts/s 1.00
ops/s 4295.17

commits/s 4311.53
aborts/s 1.00
ops/s 4312.53

commits/s 4244.19
aborts/s 2.00
ops/s 4246.19

commits/s 4237.44
aborts/s 2.00
ops/s 4239.44

commits/s 4208.31
aborts/s 3.00
ops/s 4211.31

commits/s 4285.54
aborts/s 1.00
ops/s 4286.54

commits/s 4308.14
aborts/s 0.00
ops/s 4308.14

commits/s 4340.37
aborts/s 0.00
ops/s 4340.37

commits/s 4322.38
aborts/s 1.00
ops/s 4323.38

commits/s 4238.58
aborts/s 0.00
ops/s 4238.58

commits/s 4348.01
aborts/s 1.00
ops/s 4349.01

commits/s 4266.26
aborts/s 1.00
ops/s 4267.26

commits/s 4186.21
aborts/s 0.00
ops/s 4186.21

commits/s 4219.26
aborts/s 3.00
ops/s 4222.26

commits/s 4323.52
aborts/s 1.00
ops/s 4324.52

commits/s 4271.59
aborts/s 0.00
ops/s 4271.59

commits/s 4273.19
aborts/s 0.00
ops/s 4273.19

commits/s 4307.46
aborts/s 1.00
ops/s 4308.46

commits/s 4273.46
aborts/s 2.00
ops/s 4275.46

commits/s 4258.25
aborts/s 0.00
ops/s 4258.25

commits/s 4243.54
aborts/s 2.00
ops/s 4245.54

commits/s 4288.67
aborts/s 2.00
ops/s 4290.67

commits/s 4316.66
aborts/s 2.00
ops/s 4318.66

commits/s 4196.49
aborts/s 1.00
ops/s 4197.49

commits/s 4299.64
aborts/s 2.00
ops/s 4301.64

commits/s 4247.61
aborts/s 0.00
ops/s 4247.61

commits/s 4269.49
aborts/s 1.00
ops/s 4270.49

commits/s 3699.45
aborts/s 0.00
ops/s 3699.45

commits/s 0.00
aborts/s 0.00
ops/s 0.00

