woundwait
Starting KVS server on :8080
commits/s 0.00
aborts/s 0.00
ops/s 0.00

commits/s 0.00
aborts/s 0.00
ops/s 0.00

commits/s 0.00
aborts/s 0.00
ops/s 0.00

commits/s 0.00
aborts/s 0.00
ops/s 0.00

commits/s 865.90
aborts/s 1.00
ops/s 866.90

commits/s 4267.45
aborts/s 1.00
ops/s 4268.45

commits/s 4211.12
aborts/s 0.00
ops/s 4211.12

commits/s 4196.11
aborts/s 1.00
ops/s 4197.11

commits/s 4233.21
aborts/s 1.00
ops/s 4234.21

commits/s 4260.05
aborts/s 2.00
ops/s 4262.05

commits/s 4304.38
aborts/s 1.00
ops/s 4305.38

commits/s 4176.89
aborts/s 0.00
ops/s 4176.89

commits/s 4326.26
aborts/s 0.00
ops/s 4326.26

commits/s 4298.49
aborts/s 2.00
ops/s 4300.49

commits/s 4360.50
aborts/s 3.00
ops/s 4363.49

commits/s 4319.40
aborts/s 0.00
ops/s 4319.40

commits/s 4331.63
aborts/s 2.00
ops/s 4333.63

commits/s 4278.54
aborts/s 1.00
ops/s 4279.54

commits/s 4292.37
aborts/s 3.00
ops/s 4295.37

commits/s 4112.50
aborts/s 1.00
ops/s 4113.50

commits/s 4232.40
aborts/s 0.00
ops/s 4232.40

commits/s 4275.74
aborts/s 1.00
ops/s 4276.74

commits/s 4269.71
aborts/s 0.00
ops/s 4269.71

commits/s 4297.42
aborts/s 1.00
ops/s 4298.42

commits/s 4213.52
aborts/s 2.00
ops/s 4215.52

commits/s 4216.47
aborts/s 0.00
ops/s 4216.47

commits/s 4268.43
aborts/s 1.00
ops/s 4269.43

commits/s 4298.61
aborts/s 1.00
ops/s 4299.61

commits/s 4342.65
aborts/s 2.00
ops/s 4344.65

commits/s 4259.32
aborts/s 0.00
ops/s 4259.32

commits/s 4394.63
aborts/s 1.00
ops/s 4395.63

commits/s 4307.69
aborts/s 0.00
ops/s 4307.69

commits/s 4175.57
aborts/s 5.00
ops/s 4180.57

commits/s 4330.06
aborts/s 1.00
ops/s 4331.06

commits/s 2900.07
aborts/s 1.00
ops/s 2901.07

commits/s 0.00
aborts/s 0.00
ops/s 0.00

