woundwait
Starting KVS server on :8080
commits/s 0.00
aborts/s 0.00
ops/s 0.00

commits/s 0.00
aborts/s 0.00
ops/s 0.00

commits/s 0.00
aborts/s 0.00
ops/s 0.00

commits/s 0.00
aborts/s 0.00
ops/s 0.00

commits/s 942.79
aborts/s 0.00
ops/s 942.79

commits/s 4294.55
aborts/s 1.00
ops/s 4295.55

commits/s 4264.39
aborts/s 2.00
ops/s 4266.39

commits/s 4280.46
aborts/s 1.00
ops/s 4281.46

commits/s 4296.02
aborts/s 0.00
ops/s 4296.02

commits/s 4252.46
aborts/s 2.00
ops/s 4254.46

commits/s 4325.27
aborts/s 1.00
ops/s 4326.27

commits/s 4190.22
aborts/s 0.00
ops/s 4190.22

commits/s 4347.15
aborts/s 0.00
ops/s 4347.15

commits/s 4270.32
aborts/s 3.00
ops/s 4273.32

commits/s 4388.50
aborts/s 1.00
ops/s 4389.50

commits/s 4366.68
aborts/s 2.00
ops/s 4368.68

commits/s 4338.43
aborts/s 0.00
ops/s 4338.43

commits/s 4245.47
aborts/s 0.00
ops/s 4245.47

commits/s 4260.69
aborts/s 0.00
ops/s 4260.69

commits/s 4194.51
aborts/s 1.00
ops/s 4195.51

commits/s 4179.32
aborts/s 1.00
ops/s 4180.32

commits/s 4383.37
aborts/s 1.00
ops/s 4384.37

commits/s 4384.61
aborts/s 2.00
ops/s 4386.61

commits/s 4351.44
aborts/s 0.00
ops/s 4351.44

commits/s 4362.46
aborts/s 1.00
ops/s 4363.46

commits/s 4393.51
aborts/s 1.00
ops/s 4394.51

commits/s 4244.73
aborts/s 2.00
ops/s 4246.73

commits/s 4313.44
aborts/s 0.00
ops/s 4313.44

commits/s 4358.69
aborts/s 1.00
ops/s 4359.69

commits/s 4271.55
aborts/s 2.00
ops/s 4273.55

commits/s 4228.02
aborts/s 1.00
ops/s 4229.02

commits/s 4325.37
aborts/s 1.00
ops/s 4326.37

commits/s 4296.55
aborts/s 2.00
ops/s 4298.55

commits/s 4257.56
aborts/s 1.00
ops/s 4258.56

commits/s 2764.99
aborts/s 2.00
ops/s 2766.99

