nowait
Starting KVS server on :8080
commits/s 0.00
aborts/s 0.00
ops/s 0.00

commits/s 0.00
aborts/s 0.00
ops/s 0.00

commits/s 0.00
aborts/s 0.00
ops/s 0.00

commits/s 0.00
aborts/s 0.00
ops/s 0.00

commits/s 1170.94
aborts/s 173.99
ops/s 1344.93

commits/s 4830.39
aborts/s 914.88
ops/s 5745.27

commits/s 4647.50
aborts/s 974.90
ops/s 5622.40

commits/s 4750.49
aborts/s 954.90
ops/s 5705.39

commits/s 4719.44
aborts/s 906.89
ops/s 5626.33

commits/s 4658.98
aborts/s 982.79
ops/s 5641.77

commits/s 4751.06
aborts/s 846.83
ops/s 5597.89

commits/s 4786.55
aborts/s 901.73
ops/s 5688.27

commits/s 4692.09
aborts/s 1009.80
ops/s 5701.89

commits/s 4635.38
aborts/s 1001.87
ops/s 5637.24

commits/s 4767.97
aborts/s 851.82
ops/s 5619.79

commits/s 4691.44
aborts/s 918.89
ops/s 5610.32

commits/s 4601.45
aborts/s 939.89
ops/s 5541.34

commits/s 4741.31
aborts/s 916.87
ops/s 5658.17

commits/s 4810.43
aborts/s 951.89
ops/s 5762.32

commits/s 4700.59
aborts/s 904.73
ops/s 5605.32

commits/s 4680.53
aborts/s 971.90
ops/s 5652.43

commits/s 4767.35
aborts/s 820.89
ops/s 5588.24

commits/s 4866.41
aborts/s 853.90
ops/s 5720.31

commits/s 4685.55
aborts/s 831.92
ops/s 5517.47

commits/s 4719.52
aborts/s 901.91
ops/s 5621.43

commits/s 4652.42
aborts/s 908.89
ops/s 5561.31

commits/s 4669.63
aborts/s 957.92
ops/s 5627.56

commits/s 4758.35
aborts/s 910.88
ops/s 5669.22

commits/s 4773.39
aborts/s 827.89
ops/s 5601.28

commits/s 4744.21
aborts/s 926.85
ops/s 5671.05

commits/s 4659.46
aborts/s 876.90
ops/s 5536.36

commits/s 4683.00
aborts/s 921.80
ops/s 5604.81

commits/s 4545.67
aborts/s 954.93
ops/s 5500.61

commits/s 4653.22
aborts/s 931.84
ops/s 5585.06

commits/s 2927.48
aborts/s 602.28
ops/s 3529.76

