nowait
Starting KVS server on :8080
commits/s 0.00
aborts/s 0.00
ops/s 0.00

commits/s 0.00
aborts/s 0.00
ops/s 0.00

commits/s 0.00
aborts/s 0.00
ops/s 0.00

commits/s 0.00
aborts/s 0.00
ops/s 0.00

commits/s 9.00
aborts/s 1.00
ops/s 10.00

commits/s 4946.22
aborts/s 936.85
ops/s 5883.07

commits/s 4728.29
aborts/s 953.86
ops/s 5682.15

commits/s 4724.50
aborts/s 957.90
ops/s 5682.40

commits/s 4729.16
aborts/s 989.82
ops/s 5718.98

commits/s 4763.32
aborts/s 902.87
ops/s 5666.19

commits/s 4800.75
aborts/s 929.76
ops/s 5730.50

commits/s 4665.48
aborts/s 989.89
ops/s 5655.37

commits/s 4842.19
aborts/s 876.85
ops/s 5719.04

commits/s 4803.38
aborts/s 968.87
ops/s 5772.25

commits/s 4684.11
aborts/s 978.81
ops/s 5662.92

commits/s 4631.69
aborts/s 942.73
ops/s 5574.42

commits/s 4763.07
aborts/s 817.84
ops/s 5580.91

commits/s 4798.49
aborts/s 923.90
ops/s 5722.39

commits/s 4662.22
aborts/s 1047.82
ops/s 5710.04

commits/s 4771.26
aborts/s 879.86
ops/s 5651.12

commits/s 4688.94
aborts/s 1073.76
ops/s 5762.70

commits/s 4619.47
aborts/s 1012.88
ops/s 5632.35

commits/s 4829.40
aborts/s 869.89
ops/s 5699.29

commits/s 4808.52
aborts/s 831.74
ops/s 5640.27

commits/s 4652.85
aborts/s 969.76
ops/s 5622.61

commits/s 4790.55
aborts/s 906.91
ops/s 5697.46

commits/s 4837.44
aborts/s 938.89
ops/s 5776.33

commits/s 4852.06
aborts/s 891.83
ops/s 5743.88

commits/s 4743.05
aborts/s 930.81
ops/s 5673.86

commits/s 4638.70
aborts/s 978.94
ops/s 5617.64

commits/s 4662.34
aborts/s 946.87
ops/s 5609.21

commits/s 4759.31
aborts/s 905.87
ops/s 5665.18

commits/s 4716.43
aborts/s 912.89
ops/s 5629.32

commits/s 4725.37
aborts/s 893.88
ops/s 5619.25

commits/s 3947.27
aborts/s 783.46
ops/s 4730.73

commits/s 0.00
aborts/s 0.00
ops/s 0.00

