nowait
Starting KVS server on :8080
commits/s 0.00
aborts/s 0.00
ops/s 0.00

commits/s 0.00
aborts/s 0.00
ops/s 0.00

commits/s 0.00
aborts/s 0.00
ops/s 0.00

commits/s 0.00
aborts/s 0.00
ops/s 0.00

commits/s 0.00
aborts/s 0.00
ops/s 0.00

commits/s 4419.47
aborts/s 891.89
ops/s 5311.36

commits/s 4653.45
aborts/s 978.88
ops/s 5632.33

commits/s 4758.35
aborts/s 854.88
ops/s 5613.23

commits/s 4721.05
aborts/s 982.80
ops/s 5703.85

commits/s 4728.98
aborts/s 870.81
ops/s 5599.80

commits/s 4666.76
aborts/s 975.74
ops/s 5642.50

commits/s 4677.43
aborts/s 946.88
ops/s 5624.31

commits/s 4581.92
aborts/s 1041.75
ops/s 5623.68

commits/s 4803.38
aborts/s 895.88
ops/s 5699.26

commits/s 4674.16
aborts/s 932.83
ops/s 5606.99

commits/s 4714.57
aborts/s 871.55
ops/s 5586.13

commits/s 4629.30
aborts/s 929.86
ops/s 5559.16

commits/s 4754.24
aborts/s 896.86
ops/s 5651.10

commits/s 4745.41
aborts/s 951.68
ops/s 5697.09

commits/s 4754.36
aborts/s 882.88
ops/s 5637.24

commits/s 4692.26
aborts/s 962.85
ops/s 5655.10

commits/s 4730.09
aborts/s 810.84
ops/s 5540.93

commits/s 4823.40
aborts/s 835.90
ops/s 5659.29

commits/s 4676.21
aborts/s 977.42
ops/s 5653.63

commits/s 4763.31
aborts/s 913.87
ops/s 5677.18

commits/s 4678.57
aborts/s 926.92
ops/s 5605.49

commits/s 4696.36
aborts/s 900.88
ops/s 5597.24

commits/s 4710.48
aborts/s 920.31
ops/s 5630.79

commits/s 4589.47
aborts/s 965.89
ops/s 5555.36

commits/s 4639.38
aborts/s 916.88
ops/s 5556.26

commits/s 4765.17
aborts/s 884.85
ops/s 5650.02

commits/s 4701.43
aborts/s 862.90
ops/s 5564.32

commits/s 4697.09
aborts/s 860.83
ops/s 5557.92

commits/s 4679.11
aborts/s 952.82
ops/s 5631.93

commits/s 4175.50
aborts/s 885.26
ops/s 5060.76

commits/s 0.00
aborts/s 0.00
ops/s 0.00

