nowait
Starting KVS server on :8080
commits/s 0.00
aborts/s 0.00
ops/s 0.00

commits/s 0.00
aborts/s 0.00
ops/s 0.00

commits/s 0.00
aborts/s 0.00
ops/s 0.00

commits/s 0.00
aborts/s 0.00
ops/s 0.00

commits/s 0.00
aborts/s 0.00
ops/s 0.00

commits/s 9496.68
aborts/s 0.00
ops/s 9496.68

commits/s 9489.56
aborts/s 0.00
ops/s 9489.56

commits/s 9414.76
aborts/s 0.00
ops/s 9414.76

commits/s 9496.23
aborts/s 0.00
ops/s 9496.23

commits/s 9460.53
aborts/s 0.00
ops/s 9460.53

commits/s 9349.52
aborts/s 0.00
ops/s 9349.52

commits/s 9553.76
aborts/s 0.00
ops/s 9553.76

commits/s 9461.86
aborts/s 0.00
ops/s 9461.86

commits/s 9543.79
aborts/s 0.00
ops/s 9543.79

commits/s 9566.42
aborts/s 0.00
ops/s 9566.42

commits/s 9568.72
aborts/s 0.00
ops/s 9568.72

commits/s 9424.73
aborts/s 0.00
ops/s 9424.73

commits/s 9410.71
aborts/s 0.00
ops/s 9410.71

commits/s 9497.98
aborts/s 0.00
ops/s 9497.98

commits/s 9228.19
aborts/s 0.00
ops/s 9228.19

commits/s 9530.91
aborts/s 0.00
ops/s 9530.91

commits/s 9421.75
aborts/s 0.00
ops/s 9421.75

commits/s 9468.05
aborts/s 0.00
ops/s 9468.05

commits/s 9550.76
aborts/s 0.00
ops/s 9550.76

commits/s 9574.79
aborts/s 0.00
ops/s 9574.79

commits/s 9417.99
aborts/s 0.00
ops/s 9417.99

commits/s 9544.81
aborts/s 0.00
ops/s 9544.81

commits/s 9486.09
aborts/s 0.00
ops/s 9486.09

commits/s 9506.41
aborts/s 0.00
ops/s 9506.41

commits/s 9300.71
aborts/s 0.00
ops/s 9300.71

commits/s 9581.79
aborts/s 0.00
ops/s 9581.79

commits/s 9418.21
aborts/s 0.00
ops/s 9418.21

commits/s 9647.70
aborts/s 0.00
ops/s 9647.70

commits/s 9602.84
aborts/s 0.00
ops/s 9602.84

commits/s 8596.79
aborts/s 0.00
ops/s 8596.79

commits/s 0.00
aborts/s 0.00
ops/s 0.00

