nowait
Starting KVS server on :8080
commits/s 0.00
aborts/s 0.00
ops/s 0.00

commits/s 0.00
aborts/s 0.00
ops/s 0.00

commits/s 0.00
aborts/s 0.00
ops/s 0.00

commits/s 0.00
aborts/s 0.00
ops/s 0.00

commits/s 20.00
aborts/s 0.00
ops/s 20.00

commits/s 9822.21
aborts/s 0.00
ops/s 9822.21

commits/s 9393.45
aborts/s 0.00
ops/s 9393.45

commits/s 9269.71
aborts/s 0.00
ops/s 9269.71

commits/s 9591.88
aborts/s 0.00
ops/s 9591.88

commits/s 9495.57
aborts/s 0.00
ops/s 9495.57

commits/s 9230.72
aborts/s 0.00
ops/s 9230.72

commits/s 9536.95
aborts/s 0.00
ops/s 9536.95

commits/s 9510.61
aborts/s 0.00
ops/s 9510.61

commits/s 9599.69
aborts/s 0.00
ops/s 9599.69

commits/s 9567.74
aborts/s 0.00
ops/s 9567.74

commits/s 9522.79
aborts/s 0.00
ops/s 9522.79

commits/s 9580.75
aborts/s 0.00
ops/s 9580.75

commits/s 9427.64
aborts/s 0.00
ops/s 9427.64

commits/s 9442.96
aborts/s 0.00
ops/s 9442.96

commits/s 9396.60
aborts/s 0.00
ops/s 9396.60

commits/s 9383.30
aborts/s 0.00
ops/s 9383.30

commits/s 9373.82
aborts/s 0.00
ops/s 9373.82

commits/s 9640.96
aborts/s 0.00
ops/s 9640.96

commits/s 9630.15
aborts/s 0.00
ops/s 9630.15

commits/s 9268.34
aborts/s 0.00
ops/s 9268.34

commits/s 9571.42
aborts/s 0.00
ops/s 9571.42

commits/s 9231.09
aborts/s 0.00
ops/s 9231.09

commits/s 9531.83
aborts/s 0.00
ops/s 9531.83

commits/s 9371.25
aborts/s 0.00
ops/s 9371.25

commits/s 9454.59
aborts/s 0.00
ops/s 9454.59

commits/s 9494.81
aborts/s 0.00
ops/s 9494.81

commits/s 9592.86
aborts/s 0.00
ops/s 9592.86

commits/s 9387.93
aborts/s 0.00
ops/s 9387.93

commits/s 9783.12
aborts/s 0.00
ops/s 9783.12

commits/s 8198.25
aborts/s 0.00
ops/s 8198.25

commits/s 0.00
aborts/s 0.00
ops/s 0.00

