nowait
Starting KVS server on :8080
commits/s 0.00
aborts/s 0.00
ops/s 0.00

commits/s 0.00
aborts/s 0.00
ops/s 0.00

commits/s 0.00
aborts/s 0.00
ops/s 0.00

commits/s 0.00
aborts/s 0.00
ops/s 0.00

commits/s 886.88
aborts/s 0.00
ops/s 886.88

commits/s 9629.03
aborts/s 0.00
ops/s 9629.03

commits/s 9367.26
aborts/s 0.00
ops/s 9367.26

commits/s 9324.48
aborts/s 0.00
ops/s 9324.48

commits/s 9311.35
aborts/s 0.00
ops/s 9311.35

commits/s 9570.47
aborts/s 0.00
ops/s 9570.47

commits/s 9220.16
aborts/s 0.00
ops/s 9220.16

commits/s 9352.36
aborts/s 0.00
ops/s 9352.36

commits/s 9569.87
aborts/s 0.00
ops/s 9569.87

commits/s 9357.89
aborts/s 0.00
ops/s 9357.89

commits/s 9411.77
aborts/s 0.00
ops/s 9411.77

commits/s 9395.59
aborts/s 0.00
ops/s 9395.59

commits/s 9460.99
aborts/s 0.00
ops/s 9460.99

commits/s 9607.89
aborts/s 0.00
ops/s 9607.89

commits/s 9447.99
aborts/s 0.00
ops/s 9447.99

commits/s 9340.37
aborts/s 0.00
ops/s 9340.37

commits/s 9436.75
aborts/s 0.00
ops/s 9436.75

commits/s 9564.66
aborts/s 0.00
ops/s 9564.66

commits/s 9582.21
aborts/s 0.00
ops/s 9582.21

commits/s 9266.07
aborts/s 0.00
ops/s 9266.07

commits/s 9595.02
aborts/s 0.00
ops/s 9595.02

commits/s 9595.83
aborts/s 0.00
ops/s 9595.83

commits/s 9546.21
aborts/s 0.00
ops/s 9546.21

commits/s 9542.41
aborts/s 0.00
ops/s 9542.41

commits/s 9568.18
aborts/s 0.00
ops/s 9568.18

commits/s 9562.66
aborts/s 0.00
ops/s 9562.66

commits/s 9536.95
aborts/s 0.00
ops/s 9536.95

commits/s 9475.02
aborts/s 0.00
ops/s 9475.02

commits/s 9379.39
aborts/s 0.00
ops/s 9379.39

commits/s 9598.83
aborts/s 0.00
ops/s 9598.83

commits/s 7548.61
aborts/s 0.00
ops/s 7548.61

commits/s 0.00
aborts/s 0.00
ops/s 0.00

