nowait
Starting KVS server on :8080
commits/s 0.00
aborts/s 0.00
ops/s 0.00

commits/s 0.00
aborts/s 0.00
ops/s 0.00

commits/s 0.00
aborts/s 0.00
ops/s 0.00

commits/s 0.00
aborts/s 0.00
ops/s 0.00

commits/s 1127.79
aborts/s 18.00
ops/s 1145.78

commits/s 5507.94
aborts/s 110.98
ops/s 5618.91

commits/s 5455.26
aborts/s 97.99
ops/s 5553.25

commits/s 5346.90
aborts/s 147.97
ops/s 5494.87

commits/s 5401.27
aborts/s 144.98
ops/s 5546.25

commits/s 5415.43
aborts/s 135.99
ops/s 5551.41

commits/s 5367.21
aborts/s 90.99
ops/s 5458.20

commits/s 5381.00
aborts/s 108.98
ops/s 5489.98

commits/s 5379.95
aborts/s 110.98
ops/s 5490.93

commits/s 5500.93
aborts/s 113.98
ops/s 5614.91

commits/s 5443.45
aborts/s 111.99
ops/s 5555.44

commits/s 5446.27
aborts/s 130.98
ops/s 5577.26

commits/s 5427.42
aborts/s 117.99
ops/s 5545.40

commits/s 5477.47
aborts/s 116.99
ops/s 5594.46

commits/s 5474.37
aborts/s 104.99
ops/s 5579.36

commits/s 5412.02
aborts/s 92.98
ops/s 5505.01

commits/s 5402.04
aborts/s 123.98
ops/s 5526.02

commits/s 5407.44
aborts/s 106.99
ops/s 5514.43

commits/s 5416.41
aborts/s 99.99
ops/s 5516.39

commits/s 5430.01
aborts/s 115.98
ops/s 5545.99

commits/s 5464.56
aborts/s 81.99
ops/s 5546.56

commits/s 5490.14
aborts/s 124.98
ops/s 5615.12

commits/s 5369.55
aborts/s 128.99
ops/s 5498.54

commits/s 5446.66
aborts/s 96.98
ops/s 5543.63

commits/s 5310.47
aborts/s 125.99
ops/s 5436.45

commits/s 5369.38
aborts/s 117.99
ops/s 5487.37

commits/s 5322.57
aborts/s 132.99
ops/s 5455.56

commits/s 5419.29
aborts/s 88.99
ops/s 5508.28

commits/s 5518.26
aborts/s 86.99
ops/s 5605.25

commits/s 5498.36
aborts/s 111.99
ops/s 5610.34

commits/s 3661.01
aborts/s 65.98
ops/s 3726.99

commits/s 0.00
aborts/s 0.00
ops/s 0.00

