nowait
Starting KVS server on :8080
commits/s 0.00
aborts/s 0.00
ops/s 0.00

commits/s 0.00
aborts/s 0.00
ops/s 0.00

commits/s 0.00
aborts/s 0.00
ops/s 0.00

commits/s 0.00
aborts/s 0.00
ops/s 0.00

commits/s 1423.92
aborts/s 34.00
ops/s 1457.92

commits/s 5365.11
aborts/s 164.97
ops/s 5530.08

commits/s 5431.18
aborts/s 128.98
ops/s 5560.16

commits/s 5417.36
aborts/s 91.99
ops/s 5509.35

commits/s 5448.23
aborts/s 93.99
ops/s 5542.22

commits/s 5392.27
aborts/s 116.98
ops/s 5509.25

commits/s 5489.12
aborts/s 105.98
ops/s 5595.11

commits/s 5458.30
aborts/s 115.99
ops/s 5574.29

commits/s 5394.32
aborts/s 116.99
ops/s 5511.31

commits/s 5424.42
aborts/s 123.99
ops/s 5548.41

commits/s 5318.33
aborts/s 146.98
ops/s 5465.31

commits/s 5401.21
aborts/s 86.99
ops/s 5488.20

commits/s 5463.14
aborts/s 105.98
ops/s 5569.12

commits/s 5420.56
aborts/s 113.99
ops/s 5534.55

commits/s 5486.08
aborts/s 90.98
ops/s 5577.06

commits/s 5426.24
aborts/s 135.98
ops/s 5562.22

commits/s 5404.28
aborts/s 127.98
ops/s 5532.27

commits/s 5442.48
aborts/s 120.99
ops/s 5563.47

commits/s 5364.34
aborts/s 91.99
ops/s 5456.33

commits/s 5422.23
aborts/s 121.98
ops/s 5544.21

commits/s 5503.26
aborts/s 117.98
ops/s 5621.25

commits/s 5414.25
aborts/s 136.98
ops/s 5551.23

commits/s 5477.19
aborts/s 101.98
ops/s 5579.17

commits/s 5349.44
aborts/s 130.99
ops/s 5480.42

commits/s 5368.17
aborts/s 146.98
ops/s 5515.15

commits/s 5401.53
aborts/s 107.99
ops/s 5509.52

commits/s 5521.24
aborts/s 95.99
ops/s 5617.23

commits/s 5357.82
aborts/s 107.98
ops/s 5465.80

commits/s 5416.31
aborts/s 115.99
ops/s 5532.29

commits/s 5382.68
aborts/s 125.99
ops/s 5508.67

commits/s 3318.20
aborts/s 75.94
ops/s 3394.14

commits/s 0.00
aborts/s 0.00
ops/s 0.00

