nowait
Starting KVS server on :8080
commits/s 0.00
aborts/s 0.00
ops/s 0.00

commits/s 0.00
aborts/s 0.00
ops/s 0.00

commits/s 0.00
aborts/s 0.00
ops/s 0.00

commits/s 0.00
aborts/s 0.00
ops/s 0.00

commits/s 1103.92
aborts/s 29.00
ops/s 1132.92

commits/s 5488.22
aborts/s 108.98
ops/s 5597.21

commits/s 5432.35
aborts/s 110.99
ops/s 5543.34

commits/s 5439.31
aborts/s 125.98
ops/s 5565.30

commits/s 5459.14
aborts/s 109.98
ops/s 5569.13

commits/s 5322.29
aborts/s 106.99
ops/s 5429.27

commits/s 5442.27
aborts/s 158.98
ops/s 5601.24

commits/s 5489.31
aborts/s 104.99
ops/s 5594.30

commits/s 5457.26
aborts/s 123.98
ops/s 5581.24

commits/s 5429.04
aborts/s 113.98
ops/s 5543.02

commits/s 5367.27
aborts/s 123.98
ops/s 5491.26

commits/s 5353.30
aborts/s 116.98
ops/s 5470.28

commits/s 5525.29
aborts/s 126.98
ops/s 5652.27

commits/s 5508.69
aborts/s 101.98
ops/s 5610.67

commits/s 5436.89
aborts/s 126.97
ops/s 5563.87

commits/s 5370.40
aborts/s 123.99
ops/s 5494.39

commits/s 5506.33
aborts/s 93.99
ops/s 5600.32

commits/s 5417.35
aborts/s 98.99
ops/s 5516.34

commits/s 5448.97
aborts/s 139.97
ops/s 5588.94

commits/s 5668.30
aborts/s 122.98
ops/s 5791.28

commits/s 5453.63
aborts/s 134.99
ops/s 5588.62

commits/s 5484.39
aborts/s 104.99
ops/s 5589.37

commits/s 5398.25
aborts/s 114.98
ops/s 5513.23

commits/s 5544.31
aborts/s 74.99
ops/s 5619.30

commits/s 5472.33
aborts/s 91.99
ops/s 5564.32

commits/s 5373.56
aborts/s 138.99
ops/s 5512.55

commits/s 5475.17
aborts/s 99.98
ops/s 5575.16

commits/s 5377.33
aborts/s 93.99
ops/s 5471.32

commits/s 5339.24
aborts/s 115.98
ops/s 5455.22

commits/s 5375.50
aborts/s 146.99
ops/s 5522.49

commits/s 3801.13
aborts/s 101.98
ops/s 3903.10

