waitdie
Starting KVS server on :8080
commits/s 0.00
aborts/s 0.00
ops/s 0.00

commits/s 0.00
aborts/s 0.00
ops/s 0.00

commits/s 0.00
aborts/s 0.00
ops/s 0.00

commits/s 0.00
aborts/s 0.00
ops/s 0.00

commits/s 790.90
aborts/s 7.00
ops/s 797.90

commits/s 5350.49
aborts/s 41.00
ops/s 5391.49

commits/s 5445.20
aborts/s 29.00
ops/s 5474.20

commits/s 5316.42
aborts/s 48.99
ops/s 5365.41

commits/s 5350.27
aborts/s 49.99
ops/s 5400.26

commits/s 5258.04
aborts/s 44.99
ops/s 5303.03

commits/s 5358.17
aborts/s 33.99
ops/s 5392.16

commits/s 5508.21
aborts/s 31.00
ops/s 5539.21

commits/s 5406.63
aborts/s 45.00
ops/s 5451.62

commits/s 5351.62
aborts/s 30.99
ops/s 5382.62

commits/s 5442.32
aborts/s 35.00
ops/s 5477.31

commits/s 5273.96
aborts/s 29.99
ops/s 5303.95

commits/s 5339.21
aborts/s 36.97
ops/s 5376.18

commits/s 5331.11
aborts/s 28.00
ops/s 5359.10

commits/s 5584.44
aborts/s 46.00
ops/s 5630.43

commits/s 5314.40
aborts/s 42.00
ops/s 5356.39

commits/s 5410.28
aborts/s 43.99
ops/s 5454.28

commits/s 5517.52
aborts/s 40.00
ops/s 5557.52

commits/s 5286.30
aborts/s 34.00
ops/s 5320.29

commits/s 5479.24
aborts/s 35.00
ops/s 5514.24

commits/s 5470.40
aborts/s 40.00
ops/s 5510.40

commits/s 5423.22
aborts/s 27.00
ops/s 5450.21

commits/s 5505.42
aborts/s 21.00
ops/s 5526.41

commits/s 5415.64
aborts/s 52.00
ops/s 5467.64

commits/s 5322.34
aborts/s 43.99
ops/s 5366.34

commits/s 5215.30
aborts/s 50.99
ops/s 5266.29

commits/s 5457.98
aborts/s 33.99
ops/s 5491.97

commits/s 5399.54
aborts/s 35.00
ops/s 5434.54

commits/s 5420.55
aborts/s 49.00
ops/s 5469.55

commits/s 5252.32
aborts/s 37.00
ops/s 5289.31

commits/s 3952.29
aborts/s 20.99
ops/s 3973.27

commits/s 0.00
aborts/s 0.00
ops/s 0.00

