waitdie
Starting KVS server on :8080
commits/s 0.00
aborts/s 0.00
ops/s 0.00

commits/s 0.00
aborts/s 0.00
ops/s 0.00

commits/s 0.00
aborts/s 0.00
ops/s 0.00

commits/s 0.00
aborts/s 0.00
ops/s 0.00

commits/s 582.93
aborts/s 4.00
ops/s 586.93

commits/s 5412.51
aborts/s 33.00
ops/s 5445.51

commits/s 5407.80
aborts/s 34.99
ops/s 5442.78

commits/s 5414.09
aborts/s 37.99
ops/s 5452.08

commits/s 5387.33
aborts/s 45.99
ops/s 5433.33

commits/s 5352.17
aborts/s 32.00
ops/s 5384.16

commits/s 5409.27
aborts/s 38.99
ops/s 5448.26

commits/s 5445.42
aborts/s 33.00
ops/s 5478.41

commits/s 5451.64
aborts/s 57.99
ops/s 5509.63

commits/s 5469.17
aborts/s 41.99
ops/s 5511.17

commits/s 5485.64
aborts/s 38.00
ops/s 5523.64

commits/s 5349.15
aborts/s 31.99
ops/s 5381.14

commits/s 5403.26
aborts/s 34.00
ops/s 5437.25

commits/s 5472.45
aborts/s 33.99
ops/s 5506.44

commits/s 5480.80
aborts/s 34.99
ops/s 5515.79

commits/s 5351.54
aborts/s 31.00
ops/s 5382.54

commits/s 5398.50
aborts/s 44.00
ops/s 5442.49

commits/s 5566.35
aborts/s 27.00
ops/s 5593.34

commits/s 5413.41
aborts/s 43.00
ops/s 5456.40

commits/s 5483.51
aborts/s 44.00
ops/s 5527.50

commits/s 5465.93
aborts/s 48.99
ops/s 5514.92

commits/s 5394.17
aborts/s 31.00
ops/s 5425.16

commits/s 5397.33
aborts/s 34.00
ops/s 5431.33

commits/s 5379.31
aborts/s 39.99
ops/s 5419.30

commits/s 5365.14
aborts/s 33.99
ops/s 5399.14

commits/s 5369.44
aborts/s 39.00
ops/s 5408.44

commits/s 5402.51
aborts/s 39.00
ops/s 5441.51

commits/s 5382.26
aborts/s 37.99
ops/s 5420.26

commits/s 5394.82
aborts/s 34.99
ops/s 5429.81

commits/s 5206.77
aborts/s 40.99
ops/s 5247.76

commits/s 4064.90
aborts/s 31.97
ops/s 4096.86

