waitdie
Starting KVS server on :8080
commits/s 0.00
aborts/s 0.00
ops/s 0.00

commits/s 0.00
aborts/s 0.00
ops/s 0.00

commits/s 0.00
aborts/s 0.00
ops/s 0.00

commits/s 0.00
aborts/s 0.00
ops/s 0.00

commits/s 629.94
aborts/s 8.00
ops/s 637.94

commits/s 5302.65
aborts/s 34.00
ops/s 5336.65

commits/s 5534.43
aborts/s 27.00
ops/s 5561.43

commits/s 5277.41
aborts/s 33.00
ops/s 5310.41

commits/s 5528.26
aborts/s 35.00
ops/s 5563.25

commits/s 5333.59
aborts/s 25.99
ops/s 5359.58

commits/s 5401.35
aborts/s 28.00
ops/s 5429.34

commits/s 5330.35
aborts/s 47.99
ops/s 5378.35

commits/s 5440.36
aborts/s 39.00
ops/s 5479.36

commits/s 5552.08
aborts/s 47.99
ops/s 5600.07

commits/s 5426.37
aborts/s 52.99
ops/s 5479.37

commits/s 5242.22
aborts/s 34.99
ops/s 5277.21

commits/s 5262.45
aborts/s 41.00
ops/s 5303.45

commits/s 5399.21
aborts/s 37.99
ops/s 5437.20

commits/s 5516.50
aborts/s 29.00
ops/s 5545.49

commits/s 5375.85
aborts/s 26.99
ops/s 5402.84

commits/s 5405.53
aborts/s 37.00
ops/s 5442.53

commits/s 5473.43
aborts/s 30.00
ops/s 5503.42

commits/s 5412.49
aborts/s 38.00
ops/s 5450.49

commits/s 5476.87
aborts/s 33.99
ops/s 5510.86

commits/s 5434.39
aborts/s 31.00
ops/s 5465.39

commits/s 5393.56
aborts/s 33.00
ops/s 5426.55

commits/s 5516.40
aborts/s 32.00
ops/s 5548.40

commits/s 5379.52
aborts/s 39.00
ops/s 5418.52

commits/s 5378.72
aborts/s 30.99
ops/s 5409.71

commits/s 5395.26
aborts/s 42.99
ops/s 5438.25

commits/s 5391.48
aborts/s 36.00
ops/s 5427.48

commits/s 5314.95
aborts/s 30.99
ops/s 5345.95

commits/s 5323.08
aborts/s 49.99
ops/s 5373.07

commits/s 5231.45
aborts/s 27.00
ops/s 5258.44

commits/s 4038.26
aborts/s 35.96
ops/s 4074.21

