woundwait
Starting KVS server on :8080
commits/s 0.00
aborts/s 0.00
ops/s 0.00

commits/s 0.00
aborts/s 0.00
ops/s 0.00

commits/s 0.00
aborts/s 0.00
ops/s 0.00

commits/s 1169.67
aborts/s 66.98
ops/s 1236.66

commits/s 5788.74
aborts/s 261.94
ops/s 6050.68

commits/s 5707.12
aborts/s 214.97
ops/s 5922.09

commits/s 5731.25
aborts/s 243.97
ops/s 5975.22

commits/s 5648.11
aborts/s 306.95
ops/s 5955.06

commits/s 5798.99
aborts/s 258.95
ops/s 6057.95

commits/s 5775.25
aborts/s 278.96
ops/s 6054.21

commits/s 5821.95
aborts/s 275.95
ops/s 6097.90

commits/s 5715.78
aborts/s 251.95
ops/s 5967.72

commits/s 5701.18
aborts/s 221.97
ops/s 5923.14

commits/s 5580.05
aborts/s 262.96
ops/s 5843.00

commits/s 5740.26
aborts/s 243.97
ops/s 5984.23

commits/s 5739.24
aborts/s 262.92
ops/s 6002.16

commits/s 5896.11
aborts/s 256.96
ops/s 6153.07

commits/s 5768.03
aborts/s 288.95
ops/s 6056.98

commits/s 5751.63
aborts/s 255.94
ops/s 6007.57

commits/s 6076.13
aborts/s 247.96
ops/s 6324.10

commits/s 5796.13
aborts/s 235.96
ops/s 6032.09

commits/s 5712.05
aborts/s 230.96
ops/s 5943.01

commits/s 5696.32
aborts/s 240.97
ops/s 5937.29

commits/s 5795.18
aborts/s 264.96
ops/s 6060.14

commits/s 5613.38
aborts/s 239.97
ops/s 5853.36

commits/s 5701.26
aborts/s 268.97
ops/s 5970.23

commits/s 5443.11
aborts/s 265.96
ops/s 5709.07

commits/s 5694.27
aborts/s 247.97
ops/s 5942.24

commits/s 5768.42
aborts/s 251.97
ops/s 6020.39

commits/s 5701.51
aborts/s 249.98
ops/s 5951.49

commits/s 5750.09
aborts/s 235.96
ops/s 5986.05

commits/s 5597.12
aborts/s 255.96
ops/s 5853.08

commits/s 5750.35
aborts/s 285.97
ops/s 6036.32

commits/s 4072.76
aborts/s 184.85
ops/s 4257.62

commits/s 0.00
aborts/s 0.00
ops/s 0.00

