woundwait
Starting KVS server on :8080
commits/s 0.00
aborts/s 0.00
ops/s 0.00

commits/s 0.00
aborts/s 0.00
ops/s 0.00

commits/s 0.00
aborts/s 0.00
ops/s 0.00

commits/s 794.65
aborts/s 11.99
ops/s 806.64

commits/s 5754.95
aborts/s 226.96
ops/s 5981.91

commits/s 5576.23
aborts/s 240.97
ops/s 5817.20

commits/s 5833.07
aborts/s 280.96
ops/s 6114.02

commits/s 5640.27
aborts/s 241.97
ops/s 5882.24

commits/s 5796.66
aborts/s 242.94
ops/s 6039.60

commits/s 5692.35
aborts/s 243.93
ops/s 5936.28

commits/s 5716.11
aborts/s 267.96
ops/s 5984.07

commits/s 5852.84
aborts/s 217.96
ops/s 6070.80

commits/s 5680.43
aborts/s 235.93
ops/s 5916.37

commits/s 5823.85
aborts/s 228.95
ops/s 6052.81

commits/s 5784.00
aborts/s 247.96
ops/s 6031.96

commits/s 5631.53
aborts/s 253.93
ops/s 5885.47

commits/s 5811.25
aborts/s 254.97
ops/s 6066.21

commits/s 5746.46
aborts/s 245.98
ops/s 5992.44

commits/s 5729.66
aborts/s 223.95
ops/s 5953.61

commits/s 5707.19
aborts/s 254.96
ops/s 5962.16

commits/s 5841.14
aborts/s 246.96
ops/s 6088.10

commits/s 5814.59
aborts/s 238.94
ops/s 6053.53

commits/s 5631.29
aborts/s 260.97
ops/s 5892.26

commits/s 5628.28
aborts/s 254.97
ops/s 5883.24

commits/s 5858.57
aborts/s 238.98
ops/s 6097.55

commits/s 5798.04
aborts/s 238.96
ops/s 6037.00

commits/s 5686.31
aborts/s 245.97
ops/s 5932.28

commits/s 5561.69
aborts/s 285.93
ops/s 5847.62

commits/s 5652.85
aborts/s 240.95
ops/s 5893.80

commits/s 5608.28
aborts/s 282.96
ops/s 5891.25

commits/s 5780.00
aborts/s 236.96
ops/s 6016.95

commits/s 5881.30
aborts/s 253.97
ops/s 6135.27

commits/s 5732.48
aborts/s 249.98
ops/s 5982.46

commits/s 4392.85
aborts/s 174.95
ops/s 4567.80

