woundwait
Starting KVS server on :8080
commits/s 0.00
aborts/s 0.00
ops/s 0.00

commits/s 0.00
aborts/s 0.00
ops/s 0.00

commits/s 0.00
aborts/s 0.00
ops/s 0.00

commits/s 1141.91
aborts/s 44.00
ops/s 1185.91

commits/s 5790.95
aborts/s 253.95
ops/s 6044.91

commits/s 5726.53
aborts/s 259.93
ops/s 5986.46

commits/s 5740.05
aborts/s 281.95
ops/s 6022.00

commits/s 5739.89
aborts/s 257.95
ops/s 5997.84

commits/s 5787.87
aborts/s 250.95
ops/s 6038.82

commits/s 5844.11
aborts/s 215.97
ops/s 6060.08

commits/s 5750.87
aborts/s 229.96
ops/s 5980.83

commits/s 5789.29
aborts/s 240.97
ops/s 6030.26

commits/s 5819.96
aborts/s 238.96
ops/s 6058.92

commits/s 5515.76
aborts/s 264.94
ops/s 5780.70

commits/s 5848.19
aborts/s 277.96
ops/s 6126.15

commits/s 5898.16
aborts/s 228.97
ops/s 6127.12

commits/s 5890.96
aborts/s 268.95
ops/s 6159.91

commits/s 5739.14
aborts/s 258.96
ops/s 5998.10

commits/s 5821.11
aborts/s 286.96
ops/s 6108.06

commits/s 5837.24
aborts/s 260.97
ops/s 6098.21

commits/s 5844.04
aborts/s 266.96
ops/s 6111.00

commits/s 5668.33
aborts/s 221.97
ops/s 5890.31

commits/s 5722.88
aborts/s 272.95
ops/s 5995.83

commits/s 5702.44
aborts/s 229.98
ops/s 5932.42

commits/s 5774.82
aborts/s 232.95
ops/s 6007.77

commits/s 5702.13
aborts/s 252.96
ops/s 5955.09

commits/s 5671.22
aborts/s 251.97
ops/s 5923.19

commits/s 5719.44
aborts/s 221.98
ops/s 5941.42

commits/s 5895.68
aborts/s 240.95
ops/s 6136.63

commits/s 5827.34
aborts/s 273.97
ops/s 6101.31

commits/s 5569.57
aborts/s 258.93
ops/s 5828.51

commits/s 5907.54
aborts/s 223.94
ops/s 6131.49

commits/s 5750.16
aborts/s 233.97
ops/s 5984.12

commits/s 4240.61
aborts/s 152.88
ops/s 4393.49

