nowait
Starting KVS server on :8080
commits/s 0.00
aborts/s 0.00
ops/s 0.00

commits/s 0.00
aborts/s 0.00
ops/s 0.00

commits/s 0.00
aborts/s 0.00
ops/s 0.00

commits/s 0.00
aborts/s 0.00
ops/s 0.00

commits/s 393.98
aborts/s 0.00
ops/s 393.98

commits/s 5489.55
aborts/s 2.00
ops/s 5491.55

commits/s 5513.88
aborts/s 2.00
ops/s 5515.88

commits/s 5607.40
aborts/s 2.00
ops/s 5609.40

commits/s 5309.25
aborts/s 5.00
ops/s 5314.25

commits/s 5454.29
aborts/s 1.00
ops/s 5455.29

commits/s 5492.17
aborts/s 3.00
ops/s 5495.17

commits/s 5518.27
aborts/s 1.00
ops/s 5519.27

commits/s 5372.33
aborts/s 2.00
ops/s 5374.33

commits/s 5392.43
aborts/s 4.00
ops/s 5396.43

commits/s 5520.92
aborts/s 2.00
ops/s 5522.92

commits/s 5525.32
aborts/s 3.00
ops/s 5528.32

commits/s 5429.22
aborts/s 2.00
ops/s 5431.22

commits/s 5577.28
aborts/s 0.00
ops/s 5577.28

commits/s 5623.47
aborts/s 2.00
ops/s 5625.47

commits/s 5653.21
aborts/s 0.00
ops/s 5653.21

commits/s 5421.96
aborts/s 1.00
ops/s 5422.96

commits/s 5445.55
aborts/s 1.00
ops/s 5446.55

commits/s 5460.38
aborts/s 1.00
ops/s 5461.38

commits/s 5356.64
aborts/s 1.00
ops/s 5357.64

commits/s 5441.51
aborts/s 2.00
ops/s 5443.51

commits/s 5437.26
aborts/s 2.00
ops/s 5439.26

commits/s 5482.50
aborts/s 2.00
ops/s 5484.50

commits/s 5573.27
aborts/s 4.00
ops/s 5577.27

commits/s 5726.45
aborts/s 0.00
ops/s 5726.45

commits/s 5622.43
aborts/s 0.00
ops/s 5622.43

commits/s 5548.42
aborts/s 3.00
ops/s 5551.42

commits/s 5599.17
aborts/s 1.00
ops/s 5600.17

commits/s 5709.97
aborts/s 1.00
ops/s 5710.97

commits/s 5616.49
aborts/s 2.00
ops/s 5618.49

commits/s 4535.10
aborts/s 2.00
ops/s 4537.09

