nowait
Starting KVS server on :8080
commits/s 0.00
aborts/s 0.00
ops/s 0.00

commits/s 0.00
aborts/s 0.00
ops/s 0.00

commits/s 0.00
aborts/s 0.00
ops/s 0.00

commits/s 0.00
aborts/s 0.00
ops/s 0.00

commits/s 558.95
aborts/s 0.00
ops/s 558.95

commits/s 5585.34
aborts/s 4.00
ops/s 5589.34

commits/s 5541.47
aborts/s 2.00
ops/s 5543.47

commits/s 5549.11
aborts/s 0.00
ops/s 5549.11

commits/s 5399.77
aborts/s 0.00
ops/s 5399.77

commits/s 5501.50
aborts/s 2.00
ops/s 5503.50

commits/s 5674.34
aborts/s 1.00
ops/s 5675.34

commits/s 5607.13
aborts/s 1.00
ops/s 5608.13

commits/s 5426.16
aborts/s 1.00
ops/s 5427.16

commits/s 5365.01
aborts/s 4.00
ops/s 5369.01

commits/s 5594.36
aborts/s 1.00
ops/s 5595.36

commits/s 5558.51
aborts/s 1.00
ops/s 5559.51

commits/s 5585.44
aborts/s 2.00
ops/s 5587.44

commits/s 5490.55
aborts/s 1.00
ops/s 5491.55

commits/s 5490.12
aborts/s 2.00
ops/s 5492.12

commits/s 5610.97
aborts/s 2.00
ops/s 5612.97

commits/s 5525.32
aborts/s 3.00
ops/s 5528.32

commits/s 5561.63
aborts/s 1.00
ops/s 5562.63

commits/s 5371.32
aborts/s 1.00
ops/s 5372.32

commits/s 5488.33
aborts/s 2.00
ops/s 5490.33

commits/s 5394.08
aborts/s 0.00
ops/s 5394.08

commits/s 5399.46
aborts/s 1.00
ops/s 5400.46

commits/s 5613.46
aborts/s 1.00
ops/s 5614.45

commits/s 5597.16
aborts/s 1.00
ops/s 5598.16

commits/s 5530.48
aborts/s 1.00
ops/s 5531.48

commits/s 5498.43
aborts/s 1.00
ops/s 5499.43

commits/s 5703.02
aborts/s 3.00
ops/s 5706.02

commits/s 5804.34
aborts/s 1.00
ops/s 5805.34

commits/s 5623.38
aborts/s 1.00
ops/s 5624.38

commits/s 5507.54
aborts/s 0.00
ops/s 5507.54

commits/s 4357.30
aborts/s 1.00
ops/s 4358.30

commits/s 0.00
aborts/s 0.00
ops/s 0.00

