nowait
Starting KVS server on :8080
commits/s 0.00
aborts/s 0.00
ops/s 0.00

commits/s 0.00
aborts/s 0.00
ops/s 0.00

commits/s 0.00
aborts/s 0.00
ops/s 0.00

commits/s 0.00
aborts/s 0.00
ops/s 0.00

commits/s 1167.93
aborts/s 0.00
ops/s 1167.93

commits/s 5489.40
aborts/s 0.00
ops/s 5489.40

commits/s 5449.19
aborts/s 1.00
ops/s 5450.19

commits/s 5515.00
aborts/s 0.00
ops/s 5515.00

commits/s 5363.22
aborts/s 0.00
ops/s 5363.22

commits/s 5493.29
aborts/s 0.00
ops/s 5493.29

commits/s 5586.09
aborts/s 1.00
ops/s 5587.09

commits/s 5529.88
aborts/s 3.00
ops/s 5532.88

commits/s 5414.13
aborts/s 2.00
ops/s 5416.13

commits/s 5315.03
aborts/s 2.00
ops/s 5317.03

commits/s 5613.34
aborts/s 1.00
ops/s 5614.34

commits/s 5546.55
aborts/s 2.00
ops/s 5548.55

commits/s 5667.94
aborts/s 1.00
ops/s 5668.94

commits/s 5512.45
aborts/s 2.00
ops/s 5514.45

commits/s 5488.50
aborts/s 1.00
ops/s 5489.50

commits/s 5573.78
aborts/s 1.00
ops/s 5574.78

commits/s 5486.64
aborts/s 1.00
ops/s 5487.64

commits/s 5371.15
aborts/s 1.00
ops/s 5372.15

commits/s 5372.43
aborts/s 3.00
ops/s 5375.43

commits/s 5479.15
aborts/s 3.00
ops/s 5482.15

commits/s 5269.51
aborts/s 1.00
ops/s 5270.51

commits/s 5338.42
aborts/s 1.00
ops/s 5339.42

commits/s 5500.05
aborts/s 3.00
ops/s 5503.05

commits/s 5731.17
aborts/s 5.00
ops/s 5736.17

commits/s 5619.53
aborts/s 0.00
ops/s 5619.53

commits/s 5380.62
aborts/s 3.00
ops/s 5383.62

commits/s 5333.34
aborts/s 1.00
ops/s 5334.34

commits/s 5622.33
aborts/s 3.00
ops/s 5625.33

commits/s 5639.43
aborts/s 2.00
ops/s 5641.43

commits/s 5579.48
aborts/s 1.00
ops/s 5580.48

commits/s 3453.45
aborts/s 1.00
ops/s 3454.45

