waitdie
Starting KVS server on :8080
commits/s 0.00
aborts/s 0.00
ops/s 0.00

commits/s 0.00
aborts/s 0.00
ops/s 0.00

commits/s 0.00
aborts/s 0.00
ops/s 0.00

commits/s 0.00
aborts/s 0.00
ops/s 0.00

commits/s 0.00
aborts/s 0.00
ops/s 0.00

commits/s 4845.71
aborts/s 0.00
ops/s 4845.71

commits/s 5438.63
aborts/s 1.00
ops/s 5439.63

commits/s 5543.39
aborts/s 0.00
ops/s 5543.39

commits/s 5461.29
aborts/s 0.00
ops/s 5461.29

commits/s 5529.07
aborts/s 0.00
ops/s 5529.07

commits/s 5411.85
aborts/s 0.00
ops/s 5411.85

commits/s 5439.33
aborts/s 0.00
ops/s 5439.33

commits/s 5157.66
aborts/s 1.00
ops/s 5158.66

commits/s 5482.93
aborts/s 0.00
ops/s 5482.93

commits/s 5548.42
aborts/s 1.00
ops/s 5549.42

commits/s 5332.40
aborts/s 0.00
ops/s 5332.40

commits/s 5473.71
aborts/s 0.00
ops/s 5473.71

commits/s 5509.50
aborts/s 0.00
ops/s 5509.50

commits/s 5314.43
aborts/s 0.00
ops/s 5314.43

commits/s 5343.20
aborts/s 0.00
ops/s 5343.20

commits/s 5156.13
aborts/s 0.00
ops/s 5156.13

commits/s 5086.55
aborts/s 0.00
ops/s 5086.55

commits/s 5494.16
aborts/s 0.00
ops/s 5494.16

commits/s 5565.43
aborts/s 1.00
ops/s 5566.43

commits/s 5551.50
aborts/s 0.00
ops/s 5551.50

commits/s 5426.41
aborts/s 0.00
ops/s 5426.41

commits/s 5397.36
aborts/s 0.00
ops/s 5397.36

commits/s 5463.00
aborts/s 0.00
ops/s 5463.00

commits/s 5394.34
aborts/s 0.00
ops/s 5394.34

commits/s 5564.37
aborts/s 0.00
ops/s 5564.37

commits/s 5434.65
aborts/s 2.00
ops/s 5436.65

commits/s 5319.71
aborts/s 0.00
ops/s 5319.71

commits/s 5460.54
aborts/s 0.00
ops/s 5460.54

commits/s 5642.28
aborts/s 0.00
ops/s 5642.28

commits/s 5534.88
aborts/s 1.00
ops/s 5535.88

commits/s 45.99
aborts/s 0.00
ops/s 45.99

