waitdie
Starting KVS server on :8080
commits/s 0.00
aborts/s 0.00
ops/s 0.00

commits/s 0.00
aborts/s 0.00
ops/s 0.00

commits/s 0.00
aborts/s 0.00
ops/s 0.00

commits/s 0.00
aborts/s 0.00
ops/s 0.00

commits/s 136.98
aborts/s 1.00
ops/s 137.98

commits/s 5548.37
aborts/s 0.00
ops/s 5548.37

commits/s 5434.18
aborts/s 0.00
ops/s 5434.18

commits/s 5554.33
aborts/s 0.00
ops/s 5554.33

commits/s 5232.30
aborts/s 0.00
ops/s 5232.30

commits/s 5459.37
aborts/s 0.00
ops/s 5459.37

commits/s 5544.16
aborts/s 0.00
ops/s 5544.16

commits/s 5430.17
aborts/s 0.00
ops/s 5430.17

commits/s 5222.89
aborts/s 1.00
ops/s 5223.89

commits/s 5489.31
aborts/s 0.00
ops/s 5489.31

commits/s 5363.45
aborts/s 0.00
ops/s 5363.45

commits/s 5554.42
aborts/s 0.00
ops/s 5554.42

commits/s 5460.44
aborts/s 1.00
ops/s 5461.44

commits/s 5402.63
aborts/s 0.00
ops/s 5402.63

commits/s 5556.26
aborts/s 0.00
ops/s 5556.26

commits/s 5470.08
aborts/s 0.00
ops/s 5470.08

commits/s 5088.46
aborts/s 0.00
ops/s 5088.46

commits/s 5376.30
aborts/s 0.00
ops/s 5376.30

commits/s 5545.48
aborts/s 1.00
ops/s 5546.48

commits/s 5444.31
aborts/s 0.00
ops/s 5444.31

commits/s 5233.33
aborts/s 1.00
ops/s 5234.33

commits/s 5642.15
aborts/s 0.00
ops/s 5642.15

commits/s 5646.78
aborts/s 0.00
ops/s 5646.78

commits/s 5511.49
aborts/s 0.00
ops/s 5511.49

commits/s 5446.55
aborts/s 0.00
ops/s 5446.55

commits/s 5306.46
aborts/s 0.00
ops/s 5306.46

commits/s 5421.58
aborts/s 0.00
ops/s 5421.58

commits/s 5569.33
aborts/s 0.00
ops/s 5569.33

commits/s 5657.59
aborts/s 0.00
ops/s 5657.59

commits/s 5502.40
aborts/s 0.00
ops/s 5502.40

commits/s 4659.62
aborts/s 0.00
ops/s 4659.62

commits/s 0.00
aborts/s 0.00
ops/s 0.00

