waitdie
Starting KVS server on :8080
commits/s 0.00
aborts/s 0.00
ops/s 0.00

commits/s 0.00
aborts/s 0.00
ops/s 0.00

commits/s 0.00
aborts/s 0.00
ops/s 0.00

commits/s 0.00
aborts/s 0.00
ops/s 0.00

commits/s 150.95
aborts/s 0.00
ops/s 150.95

commits/s 5459.67
aborts/s 0.00
ops/s 5459.67

commits/s 5382.45
aborts/s 0.00
ops/s 5382.45

commits/s 5452.19
aborts/s 0.00
ops/s 5452.19

commits/s 5314.35
aborts/s 0.00
ops/s 5314.35

commits/s 5420.94
aborts/s 0.00
ops/s 5420.94

commits/s 5438.02
aborts/s 0.00
ops/s 5438.02

commits/s 5416.14
aborts/s 0.00
ops/s 5416.14

commits/s 5265.03
aborts/s 0.00
ops/s 5265.03

commits/s 5560.49
aborts/s 0.00
ops/s 5560.49

commits/s 5467.89
aborts/s 0.00
ops/s 5467.89

commits/s 5367.67
aborts/s 0.00
ops/s 5367.67

commits/s 5526.39
aborts/s 0.00
ops/s 5526.39

commits/s 5415.08
aborts/s 0.00
ops/s 5415.08

commits/s 5527.39
aborts/s 0.00
ops/s 5527.39

commits/s 5481.27
aborts/s 0.00
ops/s 5481.27

commits/s 5052.55
aborts/s 0.00
ops/s 5052.55

commits/s 5308.28
aborts/s 0.00
ops/s 5308.28

commits/s 5516.92
aborts/s 0.00
ops/s 5516.92

commits/s 5588.51
aborts/s 0.00
ops/s 5588.51

commits/s 5447.61
aborts/s 0.00
ops/s 5447.61

commits/s 5443.31
aborts/s 0.00
ops/s 5443.31

commits/s 5565.12
aborts/s 0.00
ops/s 5565.12

commits/s 5612.45
aborts/s 0.00
ops/s 5612.45

commits/s 5472.56
aborts/s 0.00
ops/s 5472.56

commits/s 5470.37
aborts/s 0.00
ops/s 5470.37

commits/s 5349.43
aborts/s 1.00
ops/s 5350.43

commits/s 5414.59
aborts/s 0.00
ops/s 5414.59

commits/s 5616.42
aborts/s 1.00
ops/s 5617.42

commits/s 5608.53
aborts/s 0.00
ops/s 5608.53

commits/s 4513.02
aborts/s 0.00
ops/s 4513.02

