woundwait
Starting KVS server on :8080
commits/s 0.00
aborts/s 0.00
ops/s 0.00

commits/s 0.00
aborts/s 0.00
ops/s 0.00

commits/s 0.00
aborts/s 0.00
ops/s 0.00

commits/s 838.94
aborts/s 8.00
ops/s 846.94

commits/s 6278.10
aborts/s 55.99
ops/s 6334.10

commits/s 6373.35
aborts/s 50.99
ops/s 6424.35

commits/s 6456.59
aborts/s 45.99
ops/s 6502.58

commits/s 6264.03
aborts/s 49.99
ops/s 6314.03

commits/s 6338.08
aborts/s 49.97
ops/s 6388.05

commits/s 6506.77
aborts/s 40.99
ops/s 6547.76

commits/s 6421.26
aborts/s 48.99
ops/s 6470.25

commits/s 6496.19
aborts/s 29.00
ops/s 6525.19

commits/s 6155.18
aborts/s 43.99
ops/s 6199.17

commits/s 6338.91
aborts/s 41.99
ops/s 6380.90

commits/s 6398.45
aborts/s 34.00
ops/s 6432.45

commits/s 6343.74
aborts/s 62.99
ops/s 6406.72

commits/s 6532.64
aborts/s 37.99
ops/s 6570.63

commits/s 6386.55
aborts/s 47.00
ops/s 6433.54

commits/s 6528.27
aborts/s 33.00
ops/s 6561.26

commits/s 6398.39
aborts/s 41.00
ops/s 6439.38

commits/s 6432.45
aborts/s 45.99
ops/s 6478.44

commits/s 6331.36
aborts/s 37.00
ops/s 6368.36

commits/s 6531.50
aborts/s 28.99
ops/s 6560.50

commits/s 6317.38
aborts/s 43.00
ops/s 6360.38

commits/s 6225.12
aborts/s 36.99
ops/s 6262.12

commits/s 6375.35
aborts/s 31.00
ops/s 6406.35

commits/s 6309.32
aborts/s 44.00
ops/s 6353.31

commits/s 6423.96
aborts/s 43.99
ops/s 6467.95

commits/s 6446.05
aborts/s 33.00
ops/s 6479.04

commits/s 6382.24
aborts/s 53.99
ops/s 6436.23

commits/s 6445.03
aborts/s 38.99
ops/s 6484.02

commits/s 6468.38
aborts/s 37.00
ops/s 6505.37

commits/s 6367.30
aborts/s 45.99
ops/s 6413.30

commits/s 4964.49
aborts/s 26.99
ops/s 4991.48

commits/s 0.00
aborts/s 0.00
ops/s 0.00

