woundwait
Starting KVS server on :8080
commits/s 0.00
aborts/s 0.00
ops/s 0.00

commits/s 0.00
aborts/s 0.00
ops/s 0.00

commits/s 0.00
aborts/s 0.00
ops/s 0.00

commits/s 1511.91
aborts/s 8.00
ops/s 1519.91

commits/s 6328.40
aborts/s 47.00
ops/s 6375.39

commits/s 6212.29
aborts/s 46.99
ops/s 6259.28

commits/s 6368.66
aborts/s 50.99
ops/s 6419.65

commits/s 6347.08
aborts/s 41.99
ops/s 6389.07

commits/s 6486.77
aborts/s 37.99
ops/s 6524.76

commits/s 6469.03
aborts/s 46.99
ops/s 6516.03

commits/s 6440.12
aborts/s 38.99
ops/s 6479.12

commits/s 6406.03
aborts/s 61.99
ops/s 6468.02

commits/s 6318.39
aborts/s 34.00
ops/s 6352.39

commits/s 6338.24
aborts/s 36.00
ops/s 6374.24

commits/s 6499.07
aborts/s 33.00
ops/s 6532.06

commits/s 6529.77
aborts/s 45.99
ops/s 6575.76

commits/s 6355.23
aborts/s 37.00
ops/s 6392.22

commits/s 6403.51
aborts/s 35.99
ops/s 6439.50

commits/s 6276.52
aborts/s 43.00
ops/s 6319.52

commits/s 6431.25
aborts/s 46.99
ops/s 6478.24

commits/s 6316.11
aborts/s 51.99
ops/s 6368.11

commits/s 6419.85
aborts/s 31.99
ops/s 6451.85

commits/s 6301.26
aborts/s 43.99
ops/s 6345.25

commits/s 6486.83
aborts/s 44.99
ops/s 6531.82

commits/s 6347.06
aborts/s 38.99
ops/s 6386.06

commits/s 6368.30
aborts/s 53.99
ops/s 6422.29

commits/s 6363.77
aborts/s 55.99
ops/s 6419.76

commits/s 6399.43
aborts/s 37.00
ops/s 6436.43

commits/s 6410.11
aborts/s 48.99
ops/s 6459.11

commits/s 6427.45
aborts/s 32.00
ops/s 6459.45

commits/s 6366.47
aborts/s 49.00
ops/s 6415.46

commits/s 6417.21
aborts/s 43.99
ops/s 6461.20

commits/s 6400.20
aborts/s 36.00
ops/s 6436.20

commits/s 4380.24
aborts/s 22.99
ops/s 4403.22

