woundwait
Starting KVS server on :8080
commits/s 0.00
aborts/s 0.00
ops/s 0.00

commits/s 0.00
aborts/s 0.00
ops/s 0.00

commits/s 0.00
aborts/s 0.00
ops/s 0.00

commits/s 1521.56
aborts/s 4.00
ops/s 1525.56

commits/s 6304.37
aborts/s 53.99
ops/s 6358.37

commits/s 6260.11
aborts/s 47.99
ops/s 6308.10

commits/s 6457.21
aborts/s 37.00
ops/s 6494.21

commits/s 6321.34
aborts/s 43.00
ops/s 6364.33

commits/s 6496.15
aborts/s 57.99
ops/s 6554.15

commits/s 6295.10
aborts/s 42.99
ops/s 6338.10

commits/s 6496.98
aborts/s 27.00
ops/s 6523.98

commits/s 6340.06
aborts/s 43.99
ops/s 6384.05

commits/s 6346.06
aborts/s 36.99
ops/s 6383.06

commits/s 6405.09
aborts/s 36.99
ops/s 6442.09

commits/s 6492.02
aborts/s 50.99
ops/s 6543.01

commits/s 6294.99
aborts/s 41.99
ops/s 6336.99

commits/s 6368.46
aborts/s 20.99
ops/s 6389.46

commits/s 6372.34
aborts/s 46.00
ops/s 6418.34

commits/s 6337.32
aborts/s 42.00
ops/s 6379.32

commits/s 6483.26
aborts/s 52.99
ops/s 6536.26

commits/s 6408.47
aborts/s 35.00
ops/s 6443.47

commits/s 6442.96
aborts/s 30.00
ops/s 6472.95

commits/s 6404.47
aborts/s 48.00
ops/s 6452.46

commits/s 6289.55
aborts/s 45.00
ops/s 6334.55

commits/s 6139.11
aborts/s 48.99
ops/s 6188.10

commits/s 6189.31
aborts/s 33.00
ops/s 6222.30

commits/s 6433.23
aborts/s 34.00
ops/s 6467.23

commits/s 6397.48
aborts/s 48.00
ops/s 6445.47

commits/s 6364.36
aborts/s 57.99
ops/s 6422.35

commits/s 6393.14
aborts/s 38.99
ops/s 6432.13

commits/s 6489.45
aborts/s 32.00
ops/s 6521.45

commits/s 6252.31
aborts/s 34.00
ops/s 6286.31

commits/s 6328.02
aborts/s 37.99
ops/s 6366.02

commits/s 4108.72
aborts/s 16.99
ops/s 4125.71

