waitdie
Starting KVS server on :8080
commits/s 0.00
aborts/s 0.00
ops/s 0.00

commits/s 0.00
aborts/s 0.00
ops/s 0.00

commits/s 0.00
aborts/s 0.00
ops/s 0.00

commits/s 0.00
aborts/s 0.00
ops/s 0.00

commits/s 350.92
aborts/s 0.00
ops/s 350.92

commits/s 1631.39
aborts/s 0.00
ops/s 1631.39

commits/s 1611.79
aborts/s 0.00
ops/s 1611.79

commits/s 1616.78
aborts/s 0.00
ops/s 1616.78

commits/s 1652.83
aborts/s 0.00
ops/s 1652.83

commits/s 1654.70
aborts/s 0.00
ops/s 1654.70

commits/s 1661.84
aborts/s 0.00
ops/s 1661.84

commits/s 1672.67
aborts/s 0.00
ops/s 1672.67

commits/s 1667.74
aborts/s 0.00
ops/s 1667.74

commits/s 1662.81
aborts/s 0.00
ops/s 1662.81

commits/s 1687.66
aborts/s 0.00
ops/s 1687.66

commits/s 1675.83
aborts/s 0.00
ops/s 1675.83

commits/s 1611.84
aborts/s 0.00
ops/s 1611.84

commits/s 1631.86
aborts/s 0.00
ops/s 1631.86

commits/s 1628.83
aborts/s 0.00
ops/s 1628.83

commits/s 1667.86
aborts/s 0.00
ops/s 1667.86

commits/s 1660.79
aborts/s 0.00
ops/s 1660.79

commits/s 1653.82
aborts/s 0.00
ops/s 1653.82

commits/s 1696.87
aborts/s 0.00
ops/s 1696.87

commits/s 1656.77
aborts/s 0.00
ops/s 1656.77

commits/s 1666.88
aborts/s 0.00
ops/s 1666.88

commits/s 1663.66
aborts/s 0.00
ops/s 1663.66

commits/s 1672.88
aborts/s 0.00
ops/s 1672.88

commits/s 1671.85
aborts/s 0.00
ops/s 1671.85

commits/s 1662.82
aborts/s 0.00
ops/s 1662.82

commits/s 1661.75
aborts/s 0.00
ops/s 1661.75

commits/s 1636.83
aborts/s 0.00
ops/s 1636.83

commits/s 1659.90
aborts/s 0.00
ops/s 1659.90

commits/s 1668.71
aborts/s 0.00
ops/s 1668.71

commits/s 1702.73
aborts/s 0.00
ops/s 1702.73

commits/s 1116.79
aborts/s 0.00
ops/s 1116.79

commits/s 0.00
aborts/s 0.00
ops/s 0.00

