waitdie
Starting KVS server on :8080
commits/s 0.00
aborts/s 0.00
ops/s 0.00

commits/s 0.00
aborts/s 0.00
ops/s 0.00

commits/s 0.00
aborts/s 0.00
ops/s 0.00

commits/s 0.00
aborts/s 0.00
ops/s 0.00

commits/s 302.98
aborts/s 0.00
ops/s 302.98

commits/s 1641.47
aborts/s 0.00
ops/s 1641.47

commits/s 1637.77
aborts/s 0.00
ops/s 1637.77

commits/s 1661.64
aborts/s 0.00
ops/s 1661.64

commits/s 1667.82
aborts/s 0.00
ops/s 1667.82

commits/s 1627.67
aborts/s 0.00
ops/s 1627.67

commits/s 1641.82
aborts/s 0.00
ops/s 1641.82

commits/s 1650.75
aborts/s 0.00
ops/s 1650.75

commits/s 1647.81
aborts/s 0.00
ops/s 1647.81

commits/s 1650.85
aborts/s 0.00
ops/s 1650.85

commits/s 1684.69
aborts/s 0.00
ops/s 1684.69

commits/s 1640.72
aborts/s 0.00
ops/s 1640.72

commits/s 1636.70
aborts/s 0.00
ops/s 1636.70

commits/s 1589.84
aborts/s 0.00
ops/s 1589.84

commits/s 1673.76
aborts/s 0.00
ops/s 1673.76

commits/s 1644.84
aborts/s 0.00
ops/s 1644.84

commits/s 1663.78
aborts/s 0.00
ops/s 1663.78

commits/s 1655.87
aborts/s 0.00
ops/s 1655.87

commits/s 1635.89
aborts/s 0.00
ops/s 1635.89

commits/s 1666.85
aborts/s 0.00
ops/s 1666.85

commits/s 1666.80
aborts/s 0.00
ops/s 1666.80

commits/s 1682.88
aborts/s 0.00
ops/s 1682.88

commits/s 1671.87
aborts/s 0.00
ops/s 1671.87

commits/s 1631.87
aborts/s 0.00
ops/s 1631.87

commits/s 1659.82
aborts/s 0.00
ops/s 1659.82

commits/s 1674.85
aborts/s 0.00
ops/s 1674.85

commits/s 1691.86
aborts/s 0.00
ops/s 1691.86

commits/s 1639.85
aborts/s 0.00
ops/s 1639.85

commits/s 1653.71
aborts/s 0.00
ops/s 1653.71

commits/s 1624.84
aborts/s 0.00
ops/s 1624.84

commits/s 1106.85
aborts/s 0.00
ops/s 1106.85

commits/s 0.00
aborts/s 0.00
ops/s 0.00

