waitdie
Starting KVS server on :8080
commits/s 0.00
aborts/s 0.00
ops/s 0.00

commits/s 0.00
aborts/s 0.00
ops/s 0.00

commits/s 0.00
aborts/s 0.00
ops/s 0.00

commits/s 0.00
aborts/s 0.00
ops/s 0.00

commits/s 243.97
aborts/s 0.00
ops/s 243.97

commits/s 1632.70
aborts/s 0.00
ops/s 1632.70

commits/s 1641.83
aborts/s 0.00
ops/s 1641.83

commits/s 1655.82
aborts/s 0.00
ops/s 1655.82

commits/s 1642.74
aborts/s 0.00
ops/s 1642.74

commits/s 1620.68
aborts/s 0.00
ops/s 1620.68

commits/s 1656.79
aborts/s 0.00
ops/s 1656.79

commits/s 1653.74
aborts/s 0.00
ops/s 1653.74

commits/s 1668.79
aborts/s 0.00
ops/s 1668.79

commits/s 1643.80
aborts/s 0.00
ops/s 1643.80

commits/s 1641.84
aborts/s 0.00
ops/s 1641.84

commits/s 1649.87
aborts/s 0.00
ops/s 1649.87

commits/s 1623.79
aborts/s 0.00
ops/s 1623.79

commits/s 1639.73
aborts/s 0.00
ops/s 1639.73

commits/s 1663.75
aborts/s 0.00
ops/s 1663.75

commits/s 1660.83
aborts/s 0.00
ops/s 1660.83

commits/s 1644.84
aborts/s 0.00
ops/s 1644.84

commits/s 1679.82
aborts/s 0.00
ops/s 1679.82

commits/s 1630.84
aborts/s 0.00
ops/s 1630.84

commits/s 1638.76
aborts/s 0.00
ops/s 1638.76

commits/s 1684.83
aborts/s 0.00
ops/s 1684.83

commits/s 1642.86
aborts/s 0.00
ops/s 1642.86

commits/s 1676.84
aborts/s 0.00
ops/s 1676.84

commits/s 1638.84
aborts/s 0.00
ops/s 1638.84

commits/s 1671.77
aborts/s 0.00
ops/s 1671.77

commits/s 1695.79
aborts/s 0.00
ops/s 1695.79

commits/s 1668.81
aborts/s 0.00
ops/s 1668.81

commits/s 1678.85
aborts/s 0.00
ops/s 1678.85

commits/s 1653.75
aborts/s 0.00
ops/s 1653.75

commits/s 1674.82
aborts/s 0.00
ops/s 1674.82

commits/s 1200.10
aborts/s 0.00
ops/s 1200.10

