waitdie
Starting KVS server on :8080
commits/s 0.00
aborts/s 0.00
ops/s 0.00

commits/s 0.00
aborts/s 0.00
ops/s 0.00

commits/s 0.00
aborts/s 0.00
ops/s 0.00

commits/s 0.00
aborts/s 0.00
ops/s 0.00

commits/s 1090.95
aborts/s 0.00
ops/s 1090.95

commits/s 5516.93
aborts/s 0.00
ops/s 5516.93

commits/s 5438.04
aborts/s 0.00
ops/s 5438.04

commits/s 5594.66
aborts/s 0.00
ops/s 5594.66

commits/s 5370.45
aborts/s 0.00
ops/s 5370.45

commits/s 5505.35
aborts/s 0.00
ops/s 5505.35

commits/s 5415.19
aborts/s 0.00
ops/s 5415.19

commits/s 5507.28
aborts/s 0.00
ops/s 5507.28

commits/s 5283.71
aborts/s 0.00
ops/s 5283.71

commits/s 5482.94
aborts/s 0.00
ops/s 5482.94

commits/s 5414.23
aborts/s 0.00
ops/s 5414.23

commits/s 5607.31
aborts/s 0.00
ops/s 5607.31

commits/s 5311.31
aborts/s 0.00
ops/s 5311.31

commits/s 5424.31
aborts/s 0.00
ops/s 5424.31

commits/s 5553.56
aborts/s 0.00
ops/s 5553.56

commits/s 5467.65
aborts/s 0.00
ops/s 5467.65

commits/s 5189.50
aborts/s 0.00
ops/s 5189.50

commits/s 5335.50
aborts/s 0.00
ops/s 5335.50

commits/s 5630.41
aborts/s 0.00
ops/s 5630.41

commits/s 5534.44
aborts/s 0.00
ops/s 5534.44

commits/s 5454.32
aborts/s 0.00
ops/s 5454.32

commits/s 5629.04
aborts/s 0.00
ops/s 5629.04

commits/s 5466.93
aborts/s 0.00
ops/s 5466.93

commits/s 5608.40
aborts/s 0.00
ops/s 5608.40

commits/s 5595.75
aborts/s 0.00
ops/s 5595.75

commits/s 5443.57
aborts/s 0.00
ops/s 5443.57

commits/s 5354.47
aborts/s 0.00
ops/s 5354.47

commits/s 5410.33
aborts/s 0.00
ops/s 5410.33

commits/s 5509.11
aborts/s 0.00
ops/s 5509.11

commits/s 5577.64
aborts/s 0.00
ops/s 5577.64

commits/s 3865.32
aborts/s 0.00
ops/s 3865.32

