waitdie
Starting KVS server on :8080
commits/s 0.00
aborts/s 0.00
ops/s 0.00

commits/s 0.00
aborts/s 0.00
ops/s 0.00

commits/s 0.00
aborts/s 0.00
ops/s 0.00

commits/s 0.00
aborts/s 0.00
ops/s 0.00

commits/s 1563.45
aborts/s 0.00
ops/s 1563.45

commits/s 5352.30
aborts/s 0.00
ops/s 5352.30

commits/s 5328.87
aborts/s 0.00
ops/s 5328.87

commits/s 5431.36
aborts/s 0.00
ops/s 5431.36

commits/s 5353.88
aborts/s 0.00
ops/s 5353.88

commits/s 5493.15
aborts/s 0.00
ops/s 5493.15

commits/s 5460.48
aborts/s 0.00
ops/s 5460.48

commits/s 5500.24
aborts/s 0.00
ops/s 5500.24

commits/s 5388.22
aborts/s 0.00
ops/s 5388.22

commits/s 5532.45
aborts/s 0.00
ops/s 5532.45

commits/s 5601.08
aborts/s 0.00
ops/s 5601.08

commits/s 5461.51
aborts/s 0.00
ops/s 5461.51

commits/s 5351.24
aborts/s 0.00
ops/s 5351.24

commits/s 5494.07
aborts/s 0.00
ops/s 5494.07

commits/s 5576.52
aborts/s 0.00
ops/s 5576.52

commits/s 5393.24
aborts/s 0.00
ops/s 5393.24

commits/s 5228.06
aborts/s 0.00
ops/s 5228.06

commits/s 5395.58
aborts/s 0.00
ops/s 5395.58

commits/s 5459.51
aborts/s 0.00
ops/s 5459.51

commits/s 5388.42
aborts/s 0.00
ops/s 5388.42

commits/s 5458.09
aborts/s 0.00
ops/s 5458.09

commits/s 5483.23
aborts/s 0.00
ops/s 5483.23

commits/s 5548.33
aborts/s 0.00
ops/s 5548.33

commits/s 5615.39
aborts/s 0.00
ops/s 5615.39

commits/s 5562.44
aborts/s 0.00
ops/s 5562.44

commits/s 5501.57
aborts/s 0.00
ops/s 5501.57

commits/s 5459.07
aborts/s 0.00
ops/s 5459.07

commits/s 5407.34
aborts/s 0.00
ops/s 5407.34

commits/s 5586.51
aborts/s 0.00
ops/s 5586.51

commits/s 5562.19
aborts/s 0.00
ops/s 5562.19

commits/s 3370.94
aborts/s 0.00
ops/s 3370.94

