waitdie
Starting KVS server on :8080
commits/s 0.00
aborts/s 0.00
ops/s 0.00

commits/s 0.00
aborts/s 0.00
ops/s 0.00

commits/s 0.00
aborts/s 0.00
ops/s 0.00

commits/s 0.00
aborts/s 0.00
ops/s 0.00

commits/s 1001.83
aborts/s 0.00
ops/s 1001.83

commits/s 5547.02
aborts/s 0.00
ops/s 5547.02

commits/s 5348.33
aborts/s 0.00
ops/s 5348.33

commits/s 5615.29
aborts/s 0.00
ops/s 5615.29

commits/s 5404.38
aborts/s 0.00
ops/s 5404.38

commits/s 5542.20
aborts/s 0.00
ops/s 5542.20

commits/s 5545.40
aborts/s 0.00
ops/s 5545.40

commits/s 5445.56
aborts/s 0.00
ops/s 5445.56

commits/s 5332.35
aborts/s 0.00
ops/s 5332.35

commits/s 5518.12
aborts/s 0.00
ops/s 5518.12

commits/s 5540.71
aborts/s 0.00
ops/s 5540.71

commits/s 5401.48
aborts/s 0.00
ops/s 5401.48

commits/s 5503.34
aborts/s 0.00
ops/s 5503.34

commits/s 5499.60
aborts/s 0.00
ops/s 5499.60

commits/s 5567.67
aborts/s 0.00
ops/s 5567.67

commits/s 5422.00
aborts/s 0.00
ops/s 5422.00

commits/s 5115.41
aborts/s 0.00
ops/s 5115.41

commits/s 5362.58
aborts/s 0.00
ops/s 5362.58

commits/s 5445.45
aborts/s 0.00
ops/s 5445.45

commits/s 5607.77
aborts/s 0.00
ops/s 5607.77

commits/s 5620.18
aborts/s 0.00
ops/s 5620.18

commits/s 5514.52
aborts/s 0.00
ops/s 5514.52

commits/s 5498.46
aborts/s 0.00
ops/s 5498.46

commits/s 5491.36
aborts/s 0.00
ops/s 5491.36

commits/s 5409.00
aborts/s 0.00
ops/s 5409.00

commits/s 5491.09
aborts/s 0.00
ops/s 5491.09

commits/s 5528.54
aborts/s 0.00
ops/s 5528.54

commits/s 5528.42
aborts/s 0.00
ops/s 5528.42

commits/s 5521.43
aborts/s 0.00
ops/s 5521.43

commits/s 5534.23
aborts/s 0.00
ops/s 5534.23

commits/s 3783.36
aborts/s 0.00
ops/s 3783.36

commits/s 0.00
aborts/s 0.00
ops/s 0.00

