woundwait
Starting KVS server on :8080
commits/s 0.00
aborts/s 0.00
ops/s 0.00

commits/s 0.00
aborts/s 0.00
ops/s 0.00

commits/s 0.00
aborts/s 0.00
ops/s 0.00

commits/s 0.00
aborts/s 0.00
ops/s 0.00

commits/s 0.00
aborts/s 0.00
ops/s 0.00

commits/s 3404.81
aborts/s 0.00
ops/s 3404.81

commits/s 4278.57
aborts/s 0.00
ops/s 4278.57

commits/s 4221.19
aborts/s 0.00
ops/s 4221.19

commits/s 4289.30
aborts/s 0.00
ops/s 4289.30

commits/s 4265.45
aborts/s 0.00
ops/s 4265.45

commits/s 4299.62
aborts/s 0.00
ops/s 4299.62

commits/s 4282.86
aborts/s 0.00
ops/s 4282.86

commits/s 4250.02
aborts/s 0.00
ops/s 4250.02

commits/s 4255.20
aborts/s 0.00
ops/s 4255.20

commits/s 4183.55
aborts/s 0.00
ops/s 4183.55

commits/s 4326.30
aborts/s 0.00
ops/s 4326.30

commits/s 4193.33
aborts/s 0.00
ops/s 4193.33

commits/s 4302.06
aborts/s 0.00
ops/s 4302.06

commits/s 4210.37
aborts/s 0.00
ops/s 4210.37

commits/s 4351.96
aborts/s 0.00
ops/s 4351.96

commits/s 4327.33
aborts/s 0.00
ops/s 4327.33

commits/s 4255.68
aborts/s 0.00
ops/s 4255.68

commits/s 4360.42
aborts/s 0.00
ops/s 4360.42

commits/s 4323.59
aborts/s 0.00
ops/s 4323.59

commits/s 4264.53
aborts/s 0.00
ops/s 4264.53

commits/s 4009.55
aborts/s 0.00
ops/s 4009.55

commits/s 4236.48
aborts/s 0.00
ops/s 4236.48

commits/s 4264.16
aborts/s 0.00
ops/s 4264.16

commits/s 4265.53
aborts/s 0.00
ops/s 4265.53

commits/s 4190.69
aborts/s 0.00
ops/s 4190.69

commits/s 4280.39
aborts/s 0.00
ops/s 4280.39

commits/s 4340.18
aborts/s 0.00
ops/s 4340.18

commits/s 4333.17
aborts/s 0.00
ops/s 4333.17

commits/s 4335.61
aborts/s 0.00
ops/s 4335.61

commits/s 4244.72
aborts/s 0.00
ops/s 4244.72

commits/s 325.76
aborts/s 0.00
ops/s 325.76

