woundwait
Starting KVS server on :8080
commits/s 0.00
aborts/s 0.00
ops/s 0.00

commits/s 0.00
aborts/s 0.00
ops/s 0.00

commits/s 0.00
aborts/s 0.00
ops/s 0.00

commits/s 0.00
aborts/s 0.00
ops/s 0.00

commits/s 0.00
aborts/s 0.00
ops/s 0.00

commits/s 4057.65
aborts/s 0.00
ops/s 4057.65

commits/s 4253.52
aborts/s 0.00
ops/s 4253.52

commits/s 4279.19
aborts/s 0.00
ops/s 4279.19

commits/s 4297.43
aborts/s 0.00
ops/s 4297.43

commits/s 4262.78
aborts/s 0.00
ops/s 4262.78

commits/s 4360.51
aborts/s 0.00
ops/s 4360.51

commits/s 4355.41
aborts/s 0.00
ops/s 4355.41

commits/s 4311.46
aborts/s 0.00
ops/s 4311.46

commits/s 4233.65
aborts/s 0.00
ops/s 4233.65

commits/s 4120.51
aborts/s 0.00
ops/s 4120.51

commits/s 4329.05
aborts/s 0.00
ops/s 4329.05

commits/s 4341.43
aborts/s 0.00
ops/s 4341.43

commits/s 4286.36
aborts/s 0.00
ops/s 4286.36

commits/s 4360.67
aborts/s 0.00
ops/s 4360.67

commits/s 4228.20
aborts/s 0.00
ops/s 4228.20

commits/s 4307.94
aborts/s 0.00
ops/s 4307.94

commits/s 4314.50
aborts/s 0.00
ops/s 4314.50

commits/s 4183.58
aborts/s 0.00
ops/s 4183.58

commits/s 4368.59
aborts/s 0.00
ops/s 4368.59

commits/s 4316.64
aborts/s 0.00
ops/s 4316.64

commits/s 4176.55
aborts/s 0.00
ops/s 4176.55

commits/s 4130.75
aborts/s 0.00
ops/s 4130.75

commits/s 4342.43
aborts/s 0.00
ops/s 4342.43

commits/s 4413.55
aborts/s 0.00
ops/s 4413.55

commits/s 4395.06
aborts/s 0.00
ops/s 4395.06

commits/s 4344.44
aborts/s 0.00
ops/s 4344.44

commits/s 4246.70
aborts/s 0.00
ops/s 4246.70

commits/s 4372.42
aborts/s 0.00
ops/s 4372.42

commits/s 4288.57
aborts/s 0.00
ops/s 4288.57

commits/s 4085.35
aborts/s 0.00
ops/s 4085.35

commits/s 0.00
aborts/s 0.00
ops/s 0.00

