woundwait
Starting KVS server on :8080
commits/s 0.00
aborts/s 0.00
ops/s 0.00

commits/s 0.00
aborts/s 0.00
ops/s 0.00

commits/s 0.00
aborts/s 0.00
ops/s 0.00

commits/s 0.00
aborts/s 0.00
ops/s 0.00

commits/s 454.98
aborts/s 0.00
ops/s 454.98

commits/s 4273.26
aborts/s 0.00
ops/s 4273.26

commits/s 4290.59
aborts/s 0.00
ops/s 4290.59

commits/s 4278.10
aborts/s 0.00
ops/s 4278.10

commits/s 4309.51
aborts/s 0.00
ops/s 4309.51

commits/s 4190.37
aborts/s 0.00
ops/s 4190.37

commits/s 4276.16
aborts/s 0.00
ops/s 4276.16

commits/s 4312.51
aborts/s 0.00
ops/s 4312.51

commits/s 4257.60
aborts/s 0.00
ops/s 4257.60

commits/s 4291.45
aborts/s 0.00
ops/s 4291.45

commits/s 4198.55
aborts/s 0.00
ops/s 4198.55

commits/s 4289.67
aborts/s 0.00
ops/s 4289.67

commits/s 4315.43
aborts/s 0.00
ops/s 4315.43

commits/s 4358.58
aborts/s 0.00
ops/s 4358.58

commits/s 4226.69
aborts/s 0.00
ops/s 4226.69

commits/s 4395.54
aborts/s 0.00
ops/s 4395.54

commits/s 4326.51
aborts/s 0.00
ops/s 4326.51

commits/s 4296.43
aborts/s 0.00
ops/s 4296.43

commits/s 4308.26
aborts/s 0.00
ops/s 4308.26

commits/s 4400.59
aborts/s 0.00
ops/s 4400.59

commits/s 4171.36
aborts/s 0.00
ops/s 4171.36

commits/s 4051.31
aborts/s 0.00
ops/s 4051.31

commits/s 4228.68
aborts/s 0.00
ops/s 4228.68

commits/s 4325.49
aborts/s 0.00
ops/s 4325.49

commits/s 4351.34
aborts/s 0.00
ops/s 4351.34

commits/s 4317.59
aborts/s 0.00
ops/s 4317.59

commits/s 4269.67
aborts/s 0.00
ops/s 4269.67

commits/s 4278.54
aborts/s 0.00
ops/s 4278.54

commits/s 4289.57
aborts/s 0.00
ops/s 4289.57

commits/s 4258.55
aborts/s 0.00
ops/s 4258.55

commits/s 3306.39
aborts/s 0.00
ops/s 3306.39

commits/s 0.00
aborts/s 0.00
ops/s 0.00

