waitdie
Starting KVS server on :8080
commits/s 0.00
aborts/s 0.00
ops/s 0.00

commits/s 0.00
aborts/s 0.00
ops/s 0.00

commits/s 0.00
aborts/s 0.00
ops/s 0.00

commits/s 0.00
aborts/s 0.00
ops/s 0.00

commits/s 859.85
aborts/s 106.98
ops/s 966.84

commits/s 4974.16
aborts/s 577.90
ops/s 5552.06

commits/s 4910.27
aborts/s 573.92
ops/s 5484.19

commits/s 4952.32
aborts/s 595.92
ops/s 5548.24

commits/s 4990.31
aborts/s 574.92
ops/s 5565.23

commits/s 4859.31
aborts/s 633.91
ops/s 5493.22

commits/s 4989.16
aborts/s 579.90
ops/s 5569.06

commits/s 4879.89
aborts/s 613.86
ops/s 5493.75

commits/s 4899.82
aborts/s 594.86
ops/s 5494.68

commits/s 4906.12
aborts/s 639.89
ops/s 5546.01

commits/s 4901.03
aborts/s 631.75
ops/s 5532.78

commits/s 4724.47
aborts/s 707.92
ops/s 5432.39

commits/s 4824.03
aborts/s 604.88
ops/s 5428.91

commits/s 4893.42
aborts/s 639.92
ops/s 5533.34

commits/s 4938.38
aborts/s 563.93
ops/s 5502.31

commits/s 4929.45
aborts/s 558.94
ops/s 5488.39

commits/s 4971.33
aborts/s 605.92
ops/s 5577.25

commits/s 4977.10
aborts/s 590.89
ops/s 5567.99

commits/s 4828.66
aborts/s 625.96
ops/s 5454.61

commits/s 4884.37
aborts/s 623.92
ops/s 5508.29

commits/s 4927.21
aborts/s 592.91
ops/s 5520.12

commits/s 4879.33
aborts/s 678.91
ops/s 5558.23

commits/s 4930.81
aborts/s 612.85
ops/s 5543.66

commits/s 4803.42
aborts/s 527.94
ops/s 5331.36

commits/s 4855.43
aborts/s 635.93
ops/s 5491.35

commits/s 4961.34
aborts/s 553.93
ops/s 5515.27

commits/s 4884.47
aborts/s 548.94
ops/s 5433.41

commits/s 4911.44
aborts/s 642.93
ops/s 5554.37

commits/s 4762.68
aborts/s 587.84
ops/s 5350.52

commits/s 4787.07
aborts/s 653.87
ops/s 5440.94

commits/s 3417.20
aborts/s 358.60
ops/s 3775.80

