waitdie
Starting KVS server on :8080
commits/s 0.00
aborts/s 0.00
ops/s 0.00

commits/s 0.00
aborts/s 0.00
ops/s 0.00

commits/s 0.00
aborts/s 0.00
ops/s 0.00

commits/s 0.00
aborts/s 0.00
ops/s 0.00

commits/s 0.00
aborts/s 0.00
ops/s 0.00

commits/s 4545.50
aborts/s 596.93
ops/s 5142.44

commits/s 4899.35
aborts/s 575.92
ops/s 5475.27

commits/s 4899.50
aborts/s 612.94
ops/s 5512.44

commits/s 4885.44
aborts/s 670.92
ops/s 5556.36

commits/s 4893.28
aborts/s 584.91
ops/s 5478.20

commits/s 4870.21
aborts/s 613.90
ops/s 5484.12

commits/s 4889.31
aborts/s 581.92
ops/s 5471.23

commits/s 4843.28
aborts/s 618.91
ops/s 5462.19

commits/s 4888.21
aborts/s 579.91
ops/s 5468.12

commits/s 4865.32
aborts/s 524.93
ops/s 5390.25

commits/s 5005.40
aborts/s 581.93
ops/s 5587.33

commits/s 4814.49
aborts/s 647.93
ops/s 5462.42

commits/s 4917.25
aborts/s 549.92
ops/s 5467.16

commits/s 4930.55
aborts/s 565.95
ops/s 5496.50

commits/s 4825.25
aborts/s 695.89
ops/s 5521.14

commits/s 4905.09
aborts/s 640.88
ops/s 5545.97

commits/s 4936.36
aborts/s 563.93
ops/s 5500.29

commits/s 4934.38
aborts/s 602.92
ops/s 5537.30

commits/s 4911.14
aborts/s 636.89
ops/s 5548.03

commits/s 4958.41
aborts/s 606.93
ops/s 5565.33

commits/s 5074.54
aborts/s 556.95
ops/s 5631.49

commits/s 4955.54
aborts/s 576.95
ops/s 5532.49

commits/s 4912.21
aborts/s 595.90
ops/s 5508.12

commits/s 4891.37
aborts/s 600.92
ops/s 5492.29

commits/s 4889.61
aborts/s 586.95
ops/s 5476.56

commits/s 4911.26
aborts/s 587.91
ops/s 5499.17

commits/s 4930.46
aborts/s 611.93
ops/s 5542.39

commits/s 4968.17
aborts/s 587.90
ops/s 5556.07

commits/s 4830.47
aborts/s 596.93
ops/s 5427.41

commits/s 4628.78
aborts/s 555.49
ops/s 5184.27

commits/s 0.00
aborts/s 0.00
ops/s 0.00

