waitdie
Starting KVS server on :8080
commits/s 0.00
aborts/s 0.00
ops/s 0.00

commits/s 0.00
aborts/s 0.00
ops/s 0.00

commits/s 0.00
aborts/s 0.00
ops/s 0.00

commits/s 0.00
aborts/s 0.00
ops/s 0.00

commits/s 5.00
aborts/s 1.00
ops/s 6.00

commits/s 4855.79
aborts/s 648.97
ops/s 5504.76

commits/s 4867.41
aborts/s 600.93
ops/s 5468.33

commits/s 4878.28
aborts/s 597.91
ops/s 5476.19

commits/s 4953.32
aborts/s 600.92
ops/s 5554.23

commits/s 4902.52
aborts/s 515.95
ops/s 5418.47

commits/s 4773.33
aborts/s 594.92
ops/s 5368.24

commits/s 4818.08
aborts/s 672.73
ops/s 5490.82

commits/s 4990.36
aborts/s 601.92
ops/s 5592.29

commits/s 4859.34
aborts/s 652.91
ops/s 5512.25

commits/s 4912.38
aborts/s 633.92
ops/s 5546.30

commits/s 4735.46
aborts/s 643.93
ops/s 5379.38

commits/s 4849.34
aborts/s 649.91
ops/s 5499.25

commits/s 4912.06
aborts/s 605.88
ops/s 5517.95

commits/s 4886.31
aborts/s 592.92
ops/s 5479.23

commits/s 4894.10
aborts/s 603.89
ops/s 5497.99

commits/s 4945.30
aborts/s 567.92
ops/s 5513.22

commits/s 5040.03
aborts/s 576.77
ops/s 5616.80

commits/s 4828.57
aborts/s 604.95
ops/s 5433.51

commits/s 4994.21
aborts/s 635.90
ops/s 5630.11

commits/s 4805.30
aborts/s 607.91
ops/s 5413.21

commits/s 4951.25
aborts/s 611.91
ops/s 5563.16

commits/s 4897.33
aborts/s 584.92
ops/s 5482.26

commits/s 4793.53
aborts/s 550.95
ops/s 5344.47

commits/s 4848.70
aborts/s 584.84
ops/s 5433.54

commits/s 4969.22
aborts/s 562.91
ops/s 5532.13

commits/s 4808.23
aborts/s 651.90
ops/s 5460.13

commits/s 4804.92
aborts/s 580.75
ops/s 5385.67

commits/s 4748.23
aborts/s 671.89
ops/s 5420.12

commits/s 4926.38
aborts/s 600.80
ops/s 5527.18

commits/s 4280.70
aborts/s 533.59
ops/s 4814.29

commits/s 0.00
aborts/s 0.00
ops/s 0.00

