waitdie
Starting KVS server on :8080
commits/s 0.00
aborts/s 0.00
ops/s 0.00

commits/s 0.00
aborts/s 0.00
ops/s 0.00

commits/s 0.00
aborts/s 0.00
ops/s 0.00

commits/s 0.00
aborts/s 0.00
ops/s 0.00

commits/s 0.00
aborts/s 0.00
ops/s 0.00

commits/s 0.00
aborts/s 0.00
ops/s 0.00

commits/s 3368.68
aborts/s 366.97
ops/s 3735.65

commits/s 3595.30
aborts/s 336.93
ops/s 3932.23

commits/s 3513.68
aborts/s 385.97
ops/s 3899.65

commits/s 3481.51
aborts/s 383.95
ops/s 3865.46

commits/s 3470.68
aborts/s 388.96
ops/s 3859.64

commits/s 3597.65
aborts/s 342.87
ops/s 3940.52

commits/s 3536.47
aborts/s 335.95
ops/s 3872.42

commits/s 3559.52
aborts/s 394.84
ops/s 3954.35

commits/s 3477.28
aborts/s 377.92
ops/s 3855.20

commits/s 3525.53
aborts/s 340.86
ops/s 3866.38

commits/s 3547.57
aborts/s 360.96
ops/s 3908.53

commits/s 3523.53
aborts/s 354.95
ops/s 3878.49

commits/s 3514.43
aborts/s 309.95
ops/s 3824.38

commits/s 3524.29
aborts/s 385.92
ops/s 3910.21

commits/s 3527.51
aborts/s 360.95
ops/s 3888.46

commits/s 3475.56
aborts/s 359.95
ops/s 3835.52

commits/s 3588.27
aborts/s 362.93
ops/s 3951.19

commits/s 3640.57
aborts/s 373.96
ops/s 4014.53

commits/s 3562.68
aborts/s 359.97
ops/s 3922.65

commits/s 3550.51
aborts/s 353.95
ops/s 3904.47

commits/s 3488.34
aborts/s 327.94
ops/s 3816.28

commits/s 3476.48
aborts/s 362.95
ops/s 3839.42

commits/s 3536.63
aborts/s 367.96
ops/s 3904.59

commits/s 3520.24
aborts/s 343.93
ops/s 3864.17

commits/s 3491.23
aborts/s 401.91
ops/s 3893.15

commits/s 3536.67
aborts/s 327.97
ops/s 3864.63

commits/s 3547.59
aborts/s 367.96
ops/s 3915.55

commits/s 3512.72
aborts/s 399.97
ops/s 3912.69

commits/s 3565.18
aborts/s 340.92
ops/s 3906.10

commits/s 3347.70
aborts/s 318.69
ops/s 3666.39

commits/s 0.00
aborts/s 0.00
ops/s 0.00

