waitdie
Starting KVS server on :8080
commits/s 0.00
aborts/s 0.00
ops/s 0.00

commits/s 0.00
aborts/s 0.00
ops/s 0.00

commits/s 0.00
aborts/s 0.00
ops/s 0.00

commits/s 0.00
aborts/s 0.00
ops/s 0.00

commits/s 0.00
aborts/s 0.00
ops/s 0.00

commits/s 215.97
aborts/s 20.00
ops/s 235.97

commits/s 3574.09
aborts/s 389.90
ops/s 3963.99

commits/s 3487.55
aborts/s 410.95
ops/s 3898.49

commits/s 3531.55
aborts/s 350.96
ops/s 3882.50

commits/s 3489.31
aborts/s 350.93
ops/s 3840.24

commits/s 3468.03
aborts/s 385.89
ops/s 3853.92

commits/s 3601.63
aborts/s 337.96
ops/s 3939.59

commits/s 3543.39
aborts/s 393.93
ops/s 3937.32

commits/s 3555.48
aborts/s 375.95
ops/s 3931.43

commits/s 3562.41
aborts/s 318.95
ops/s 3881.36

commits/s 3515.20
aborts/s 364.92
ops/s 3880.12

commits/s 3552.47
aborts/s 332.95
ops/s 3885.43

commits/s 3467.48
aborts/s 343.95
ops/s 3811.43

commits/s 3552.40
aborts/s 374.94
ops/s 3927.33

commits/s 3369.27
aborts/s 418.91
ops/s 3788.17

commits/s 3559.46
aborts/s 368.94
ops/s 3928.41

commits/s 3508.53
aborts/s 361.95
ops/s 3870.49

commits/s 3503.15
aborts/s 348.92
ops/s 3852.07

commits/s 3554.38
aborts/s 361.94
ops/s 3916.31

commits/s 3543.18
aborts/s 383.91
ops/s 3927.09

commits/s 3562.44
aborts/s 346.95
ops/s 3909.39

commits/s 3572.46
aborts/s 355.95
ops/s 3928.41

commits/s 3584.68
aborts/s 329.97
ops/s 3914.65

commits/s 3520.63
aborts/s 376.96
ops/s 3897.59

commits/s 3491.64
aborts/s 321.97
ops/s 3813.61

commits/s 3492.19
aborts/s 375.91
ops/s 3868.10

commits/s 3415.79
aborts/s 363.87
ops/s 3779.66

commits/s 3521.62
aborts/s 317.97
ops/s 3839.59

commits/s 3533.51
aborts/s 358.95
ops/s 3892.46

commits/s 3480.83
aborts/s 323.61
ops/s 3804.44

commits/s 2903.35
aborts/s 294.83
ops/s 3198.18

