waitdie
Starting KVS server on :8080
commits/s 0.00
aborts/s 0.00
ops/s 0.00

commits/s 0.00
aborts/s 0.00
ops/s 0.00

commits/s 0.00
aborts/s 0.00
ops/s 0.00

commits/s 0.00
aborts/s 0.00
ops/s 0.00

commits/s 0.00
aborts/s 0.00
ops/s 0.00

commits/s 0.00
aborts/s 0.00
ops/s 0.00

commits/s 3293.66
aborts/s 343.96
ops/s 3637.63

commits/s 3527.64
aborts/s 449.95
ops/s 3977.59

commits/s 3563.42
aborts/s 359.94
ops/s 3923.36

commits/s 3511.53
aborts/s 391.95
ops/s 3903.47

commits/s 3476.30
aborts/s 410.92
ops/s 3887.21

commits/s 3511.30
aborts/s 364.93
ops/s 3876.23

commits/s 3499.40
aborts/s 354.94
ops/s 3854.34

commits/s 3552.18
aborts/s 384.91
ops/s 3937.09

commits/s 3534.26
aborts/s 353.93
ops/s 3888.18

commits/s 3581.13
aborts/s 355.91
ops/s 3937.05

commits/s 3549.35
aborts/s 356.93
ops/s 3906.29

commits/s 3538.39
aborts/s 339.94
ops/s 3878.33

commits/s 3555.53
aborts/s 405.95
ops/s 3961.47

commits/s 3550.62
aborts/s 354.96
ops/s 3905.58

commits/s 3429.09
aborts/s 349.91
ops/s 3779.00

commits/s 3526.54
aborts/s 358.95
ops/s 3885.50

commits/s 3556.63
aborts/s 390.96
ops/s 3947.59

commits/s 3405.58
aborts/s 366.96
ops/s 3772.54

commits/s 3526.62
aborts/s 408.96
ops/s 3935.57

commits/s 3550.28
aborts/s 391.92
ops/s 3942.20

commits/s 3599.70
aborts/s 378.97
ops/s 3978.66

commits/s 3520.35
aborts/s 401.93
ops/s 3922.27

commits/s 3600.64
aborts/s 337.97
ops/s 3938.61

commits/s 3563.50
aborts/s 360.95
ops/s 3924.45

commits/s 3497.45
aborts/s 331.95
ops/s 3829.40

commits/s 3480.58
aborts/s 338.96
ops/s 3819.54

commits/s 3559.51
aborts/s 329.95
ops/s 3889.47

commits/s 3463.58
aborts/s 385.95
ops/s 3849.54

commits/s 3491.55
aborts/s 368.95
ops/s 3860.50

commits/s 3387.32
aborts/s 315.94
ops/s 3703.26

commits/s 0.00
aborts/s 0.00
ops/s 0.00

