nowait
Starting KVS server on :8080
commits/s 0.00
aborts/s 0.00
ops/s 0.00

commits/s 0.00
aborts/s 0.00
ops/s 0.00

commits/s 0.00
aborts/s 0.00
ops/s 0.00

commits/s 0.00
aborts/s 0.00
ops/s 0.00

commits/s 347.98
aborts/s 3.00
ops/s 350.98

commits/s 5523.71
aborts/s 141.99
ops/s 5665.70

commits/s 5429.24
aborts/s 118.98
ops/s 5548.22

commits/s 5457.00
aborts/s 119.98
ops/s 5576.98

commits/s 5362.98
aborts/s 132.97
ops/s 5495.96

commits/s 5344.80
aborts/s 101.98
ops/s 5446.78

commits/s 5453.41
aborts/s 119.99
ops/s 5573.39

commits/s 5393.29
aborts/s 111.99
ops/s 5505.27

commits/s 5396.40
aborts/s 81.99
ops/s 5478.40

commits/s 5545.24
aborts/s 120.98
ops/s 5666.22

commits/s 5275.42
aborts/s 125.99
ops/s 5401.41

commits/s 5418.06
aborts/s 118.98
ops/s 5537.04

commits/s 5350.16
aborts/s 121.98
ops/s 5472.14

commits/s 5534.42
aborts/s 98.99
ops/s 5633.41

commits/s 5476.25
aborts/s 122.98
ops/s 5599.23

commits/s 5449.46
aborts/s 147.99
ops/s 5597.44

commits/s 5467.98
aborts/s 127.98
ops/s 5595.95

commits/s 5424.66
aborts/s 115.99
ops/s 5540.65

commits/s 5343.16
aborts/s 116.96
ops/s 5460.12

commits/s 5387.32
aborts/s 99.99
ops/s 5487.31

commits/s 5355.60
aborts/s 142.99
ops/s 5498.59

commits/s 5519.28
aborts/s 110.99
ops/s 5630.27

commits/s 5423.61
aborts/s 126.99
ops/s 5550.60

commits/s 5513.20
aborts/s 105.98
ops/s 5619.18

commits/s 5412.44
aborts/s 103.99
ops/s 5516.42

commits/s 5383.43
aborts/s 131.99
ops/s 5515.42

commits/s 5308.03
aborts/s 117.98
ops/s 5426.01

commits/s 5380.37
aborts/s 138.98
ops/s 5519.35

commits/s 5503.80
aborts/s 111.91
ops/s 5615.71

commits/s 5449.66
aborts/s 115.99
ops/s 5565.65

commits/s 4425.45
aborts/s 89.91
ops/s 4515.35

commits/s 0.00
aborts/s 0.00
ops/s 0.00

