nowait
Starting KVS server on :8080
commits/s 0.00
aborts/s 0.00
ops/s 0.00

commits/s 0.00
aborts/s 0.00
ops/s 0.00

commits/s 0.00
aborts/s 0.00
ops/s 0.00

commits/s 0.00
aborts/s 0.00
ops/s 0.00

commits/s 670.83
aborts/s 14.00
ops/s 684.82

commits/s 5515.84
aborts/s 103.98
ops/s 5619.81

commits/s 5491.58
aborts/s 58.98
ops/s 5550.56

commits/s 5468.28
aborts/s 124.98
ops/s 5593.26

commits/s 5506.38
aborts/s 100.99
ops/s 5607.37

commits/s 5416.27
aborts/s 113.98
ops/s 5530.26

commits/s 5417.37
aborts/s 95.99
ops/s 5513.36

commits/s 5390.40
aborts/s 121.99
ops/s 5512.38

commits/s 5504.40
aborts/s 139.98
ops/s 5644.39

commits/s 5488.19
aborts/s 101.99
ops/s 5590.18

commits/s 5494.40
aborts/s 91.99
ops/s 5586.39

commits/s 5429.07
aborts/s 120.98
ops/s 5550.05

commits/s 5479.86
aborts/s 109.98
ops/s 5589.84

commits/s 5428.40
aborts/s 125.99
ops/s 5554.39

commits/s 5380.13
aborts/s 141.98
ops/s 5522.11

commits/s 5426.44
aborts/s 87.99
ops/s 5514.43

commits/s 5325.49
aborts/s 125.99
ops/s 5451.48

commits/s 5413.29
aborts/s 125.98
ops/s 5539.27

commits/s 5369.08
aborts/s 120.98
ops/s 5490.05

commits/s 5350.31
aborts/s 110.99
ops/s 5461.29

commits/s 5405.93
aborts/s 115.98
ops/s 5521.91

commits/s 5395.14
aborts/s 153.98
ops/s 5549.11

commits/s 5407.51
aborts/s 111.99
ops/s 5519.50

commits/s 5434.93
aborts/s 121.98
ops/s 5556.90

commits/s 5325.32
aborts/s 90.99
ops/s 5416.31

commits/s 5291.66
aborts/s 120.97
ops/s 5412.63

commits/s 5333.32
aborts/s 106.99
ops/s 5440.31

commits/s 5363.37
aborts/s 103.99
ops/s 5467.36

commits/s 5432.49
aborts/s 105.95
ops/s 5538.44

commits/s 5317.38
aborts/s 131.98
ops/s 5449.37

commits/s 3939.79
aborts/s 78.94
ops/s 4018.73

