nowait
Starting KVS server on :8080
commits/s 0.00
aborts/s 0.00
ops/s 0.00

commits/s 0.00
aborts/s 0.00
ops/s 0.00

commits/s 0.00
aborts/s 0.00
ops/s 0.00

commits/s 0.00
aborts/s 0.00
ops/s 0.00

commits/s 1001.86
aborts/s 32.00
ops/s 1033.85

commits/s 5452.38
aborts/s 98.99
ops/s 5551.37

commits/s 5512.34
aborts/s 93.99
ops/s 5606.33

commits/s 5517.44
aborts/s 91.97
ops/s 5609.41

commits/s 5371.90
aborts/s 104.98
ops/s 5476.88

commits/s 5411.06
aborts/s 94.98
ops/s 5506.04

commits/s 5383.90
aborts/s 109.98
ops/s 5493.87

commits/s 5380.43
aborts/s 121.99
ops/s 5502.42

commits/s 5419.15
aborts/s 113.98
ops/s 5533.14

commits/s 5416.12
aborts/s 130.98
ops/s 5547.10

commits/s 5453.71
aborts/s 108.95
ops/s 5562.66

commits/s 5379.95
aborts/s 112.98
ops/s 5492.93

commits/s 5373.35
aborts/s 117.99
ops/s 5491.33

commits/s 5486.54
aborts/s 99.97
ops/s 5586.51

commits/s 5534.09
aborts/s 128.98
ops/s 5663.07

commits/s 5400.82
aborts/s 101.98
ops/s 5502.80

commits/s 5477.00
aborts/s 97.98
ops/s 5574.98

commits/s 5400.46
aborts/s 107.99
ops/s 5508.45

commits/s 5481.18
aborts/s 120.98
ops/s 5602.17

commits/s 5505.20
aborts/s 110.98
ops/s 5616.18

commits/s 5483.40
aborts/s 150.98
ops/s 5634.39

commits/s 5427.37
aborts/s 122.99
ops/s 5550.35

commits/s 5410.32
aborts/s 109.99
ops/s 5520.31

commits/s 5368.40
aborts/s 126.99
ops/s 5495.39

commits/s 5357.40
aborts/s 146.98
ops/s 5504.38

commits/s 5250.18
aborts/s 124.98
ops/s 5375.16

commits/s 5361.35
aborts/s 172.98
ops/s 5534.32

commits/s 5519.65
aborts/s 78.98
ops/s 5598.63

commits/s 5396.34
aborts/s 126.98
ops/s 5523.33

commits/s 5366.55
aborts/s 114.99
ops/s 5481.54

commits/s 3595.69
aborts/s 82.90
ops/s 3678.59

commits/s 0.00
aborts/s 0.00
ops/s 0.00

