nowait
Starting KVS server on :8080
commits/s 0.00
aborts/s 0.00
ops/s 0.00

commits/s 0.00
aborts/s 0.00
ops/s 0.00

commits/s 0.00
aborts/s 0.00
ops/s 0.00

commits/s 0.00
aborts/s 0.00
ops/s 0.00

commits/s 84.99
aborts/s 0.00
ops/s 84.99

commits/s 5732.20
aborts/s 0.00
ops/s 5732.20

commits/s 5680.76
aborts/s 0.00
ops/s 5680.76

commits/s 5497.97
aborts/s 0.00
ops/s 5497.97

commits/s 5555.19
aborts/s 0.00
ops/s 5555.19

commits/s 5547.93
aborts/s 0.00
ops/s 5547.93

commits/s 5597.36
aborts/s 0.00
ops/s 5597.36

commits/s 5502.66
aborts/s 0.00
ops/s 5502.66

commits/s 5437.36
aborts/s 0.00
ops/s 5437.36

commits/s 5555.54
aborts/s 0.00
ops/s 5555.54

commits/s 5662.26
aborts/s 0.00
ops/s 5662.26

commits/s 5575.19
aborts/s 0.00
ops/s 5575.19

commits/s 5599.20
aborts/s 0.00
ops/s 5599.20

commits/s 5536.48
aborts/s 0.00
ops/s 5536.48

commits/s 5556.27
aborts/s 0.00
ops/s 5556.27

commits/s 5500.54
aborts/s 0.00
ops/s 5500.54

commits/s 5316.59
aborts/s 0.00
ops/s 5316.59

commits/s 5491.19
aborts/s 0.00
ops/s 5491.19

commits/s 5585.45
aborts/s 0.00
ops/s 5585.45

commits/s 5446.23
aborts/s 0.00
ops/s 5446.23

commits/s 5539.37
aborts/s 0.00
ops/s 5539.37

commits/s 5585.42
aborts/s 0.00
ops/s 5585.42

commits/s 5648.46
aborts/s 0.00
ops/s 5648.46

commits/s 5594.45
aborts/s 0.00
ops/s 5594.45

commits/s 5586.47
aborts/s 0.00
ops/s 5586.47

commits/s 5645.22
aborts/s 0.00
ops/s 5645.22

commits/s 5608.41
aborts/s 0.00
ops/s 5608.41

commits/s 5555.47
aborts/s 0.00
ops/s 5555.47

commits/s 5630.58
aborts/s 0.00
ops/s 5630.58

commits/s 5554.30
aborts/s 0.00
ops/s 5554.30

commits/s 5443.88
aborts/s 0.00
ops/s 5443.88

commits/s 0.00
aborts/s 0.00
ops/s 0.00

