nowait
Starting KVS server on :8080
commits/s 0.00
aborts/s 0.00
ops/s 0.00

commits/s 0.00
aborts/s 0.00
ops/s 0.00

commits/s 0.00
aborts/s 0.00
ops/s 0.00

commits/s 0.00
aborts/s 0.00
ops/s 0.00

commits/s 1002.85
aborts/s 0.00
ops/s 1002.85

commits/s 5479.52
aborts/s 0.00
ops/s 5479.52

commits/s 5560.27
aborts/s 0.00
ops/s 5560.27

commits/s 5631.37
aborts/s 0.00
ops/s 5631.37

commits/s 5516.61
aborts/s 0.00
ops/s 5516.61

commits/s 5556.41
aborts/s 0.00
ops/s 5556.41

commits/s 5623.33
aborts/s 0.00
ops/s 5623.33

commits/s 5514.00
aborts/s 0.00
ops/s 5514.00

commits/s 5501.31
aborts/s 0.00
ops/s 5501.31

commits/s 5598.27
aborts/s 0.00
ops/s 5598.27

commits/s 5633.22
aborts/s 0.00
ops/s 5633.22

commits/s 5613.88
aborts/s 0.00
ops/s 5613.88

commits/s 5473.28
aborts/s 0.00
ops/s 5473.28

commits/s 5673.84
aborts/s 0.00
ops/s 5673.84

commits/s 5571.24
aborts/s 0.00
ops/s 5571.24

commits/s 5422.45
aborts/s 0.00
ops/s 5422.45

commits/s 5374.76
aborts/s 0.00
ops/s 5374.76

commits/s 5513.43
aborts/s 0.00
ops/s 5513.43

commits/s 5725.47
aborts/s 0.00
ops/s 5725.47

commits/s 5591.52
aborts/s 0.00
ops/s 5591.52

commits/s 5556.13
aborts/s 0.00
ops/s 5556.13

commits/s 5499.34
aborts/s 0.00
ops/s 5499.34

commits/s 5505.95
aborts/s 0.00
ops/s 5505.95

commits/s 5499.35
aborts/s 0.00
ops/s 5499.35

commits/s 5623.54
aborts/s 0.00
ops/s 5623.54

commits/s 5518.45
aborts/s 0.00
ops/s 5518.45

commits/s 5716.03
aborts/s 0.00
ops/s 5716.03

commits/s 5678.23
aborts/s 0.00
ops/s 5678.23

commits/s 5699.60
aborts/s 0.00
ops/s 5699.60

commits/s 5538.42
aborts/s 0.00
ops/s 5538.42

commits/s 4577.30
aborts/s 0.00
ops/s 4577.30

