nowait
Starting KVS server on :8080
commits/s 0.00
aborts/s 0.00
ops/s 0.00

commits/s 0.00
aborts/s 0.00
ops/s 0.00

commits/s 0.00
aborts/s 0.00
ops/s 0.00

commits/s 0.00
aborts/s 0.00
ops/s 0.00

commits/s 0.00
aborts/s 0.00
ops/s 0.00

commits/s 4975.30
aborts/s 0.00
ops/s 4975.30

commits/s 5515.78
aborts/s 0.00
ops/s 5515.78

commits/s 5564.17
aborts/s 0.00
ops/s 5564.17

commits/s 5573.92
aborts/s 0.00
ops/s 5573.92

commits/s 5623.71
aborts/s 0.00
ops/s 5623.71

commits/s 5658.20
aborts/s 0.00
ops/s 5658.20

commits/s 5557.25
aborts/s 0.00
ops/s 5557.25

commits/s 5410.02
aborts/s 0.00
ops/s 5410.02

commits/s 5559.52
aborts/s 0.00
ops/s 5559.52

commits/s 5560.18
aborts/s 0.00
ops/s 5560.18

commits/s 5500.05
aborts/s 0.00
ops/s 5500.05

commits/s 5623.43
aborts/s 0.00
ops/s 5623.43

commits/s 5522.43
aborts/s 0.00
ops/s 5522.43

commits/s 5709.20
aborts/s 0.00
ops/s 5709.20

commits/s 5603.50
aborts/s 0.00
ops/s 5603.50

commits/s 5337.37
aborts/s 0.00
ops/s 5337.37

commits/s 5425.22
aborts/s 0.00
ops/s 5425.22

commits/s 5599.48
aborts/s 0.00
ops/s 5599.48

commits/s 5522.64
aborts/s 0.00
ops/s 5522.64

commits/s 5648.35
aborts/s 0.00
ops/s 5648.35

commits/s 5626.70
aborts/s 0.00
ops/s 5626.70

commits/s 5581.40
aborts/s 0.00
ops/s 5581.40

commits/s 5651.14
aborts/s 0.00
ops/s 5651.14

commits/s 5701.27
aborts/s 0.00
ops/s 5701.27

commits/s 5561.52
aborts/s 0.00
ops/s 5561.52

commits/s 5576.93
aborts/s 0.00
ops/s 5576.93

commits/s 5653.47
aborts/s 0.00
ops/s 5653.47

commits/s 5556.54
aborts/s 0.00
ops/s 5556.54

commits/s 5529.51
aborts/s 0.00
ops/s 5529.51

commits/s 5518.40
aborts/s 0.00
ops/s 5518.40

commits/s 666.41
aborts/s 0.00
ops/s 666.41

