nowait
Starting KVS server on :8080
commits/s 0.00
aborts/s 0.00
ops/s 0.00

commits/s 0.00
aborts/s 0.00
ops/s 0.00

commits/s 0.00
aborts/s 0.00
ops/s 0.00

commits/s 0.00
aborts/s 0.00
ops/s 0.00

commits/s 0.00
aborts/s 0.00
ops/s 0.00

commits/s 0.00
aborts/s 0.00
ops/s 0.00

commits/s 3742.72
aborts/s 0.00
ops/s 3742.72

commits/s 3978.37
aborts/s 0.00
ops/s 3978.37

commits/s 3957.96
aborts/s 0.00
ops/s 3957.96

commits/s 3965.48
aborts/s 0.00
ops/s 3965.48

commits/s 3972.34
aborts/s 0.00
ops/s 3972.34

commits/s 3907.93
aborts/s 0.00
ops/s 3907.93

commits/s 3918.13
aborts/s 0.00
ops/s 3918.13

commits/s 3996.21
aborts/s 0.00
ops/s 3996.21

commits/s 3979.36
aborts/s 0.00
ops/s 3979.36

commits/s 3904.43
aborts/s 0.00
ops/s 3904.43

commits/s 3982.28
aborts/s 0.00
ops/s 3982.28

commits/s 3948.34
aborts/s 0.00
ops/s 3948.34

commits/s 3976.36
aborts/s 0.00
ops/s 3976.36

commits/s 4012.23
aborts/s 0.00
ops/s 4012.23

commits/s 3924.69
aborts/s 0.00
ops/s 3924.69

commits/s 3976.65
aborts/s 0.00
ops/s 3976.65

commits/s 4034.42
aborts/s 0.00
ops/s 4034.42

commits/s 3998.44
aborts/s 0.00
ops/s 3998.44

commits/s 3941.32
aborts/s 0.00
ops/s 3941.32

commits/s 4009.93
aborts/s 0.00
ops/s 4009.93

commits/s 3950.41
aborts/s 0.00
ops/s 3950.41

commits/s 3872.67
aborts/s 0.00
ops/s 3872.67

commits/s 4044.23
aborts/s 0.00
ops/s 4044.23

commits/s 3979.60
aborts/s 0.00
ops/s 3979.60

commits/s 4026.67
aborts/s 0.00
ops/s 4026.67

commits/s 3976.43
aborts/s 0.00
ops/s 3976.43

commits/s 3927.34
aborts/s 0.00
ops/s 3927.34

commits/s 3887.69
aborts/s 0.00
ops/s 3887.69

commits/s 4032.38
aborts/s 0.00
ops/s 4032.38

commits/s 3858.11
aborts/s 0.00
ops/s 3858.11

commits/s 0.00
aborts/s 0.00
ops/s 0.00

