nowait
Starting KVS server on :8080
commits/s 0.00
aborts/s 0.00
ops/s 0.00

commits/s 0.00
aborts/s 0.00
ops/s 0.00

commits/s 0.00
aborts/s 0.00
ops/s 0.00

commits/s 0.00
aborts/s 0.00
ops/s 0.00

commits/s 0.00
aborts/s 0.00
ops/s 0.00

commits/s 0.00
aborts/s 0.00
ops/s 0.00

commits/s 3996.65
aborts/s 0.00
ops/s 3996.65

commits/s 3967.25
aborts/s 0.00
ops/s 3967.25

commits/s 3989.87
aborts/s 0.00
ops/s 3989.87

commits/s 3954.09
aborts/s 0.00
ops/s 3954.09

commits/s 3976.31
aborts/s 0.00
ops/s 3976.31

commits/s 4001.39
aborts/s 0.00
ops/s 4001.39

commits/s 3999.32
aborts/s 0.00
ops/s 3999.32

commits/s 4015.56
aborts/s 0.00
ops/s 4015.56

commits/s 4035.28
aborts/s 0.00
ops/s 4035.28

commits/s 3960.02
aborts/s 0.00
ops/s 3960.02

commits/s 4082.45
aborts/s 0.00
ops/s 4082.45

commits/s 3993.06
aborts/s 0.00
ops/s 3993.06

commits/s 3928.29
aborts/s 0.00
ops/s 3928.29

commits/s 3884.17
aborts/s 0.00
ops/s 3884.17

commits/s 4004.41
aborts/s 0.00
ops/s 4004.41

commits/s 3894.73
aborts/s 0.00
ops/s 3894.73

commits/s 4025.46
aborts/s 0.00
ops/s 4025.46

commits/s 4034.48
aborts/s 0.00
ops/s 4034.48

commits/s 4046.58
aborts/s 0.00
ops/s 4046.58

commits/s 4024.25
aborts/s 0.00
ops/s 4024.25

commits/s 4016.63
aborts/s 0.00
ops/s 4016.63

commits/s 3960.46
aborts/s 0.00
ops/s 3960.46

commits/s 3962.36
aborts/s 0.00
ops/s 3962.36

commits/s 3931.42
aborts/s 0.00
ops/s 3931.42

commits/s 4000.60
aborts/s 0.00
ops/s 4000.60

commits/s 4026.44
aborts/s 0.00
ops/s 4026.44

commits/s 4030.30
aborts/s 0.00
ops/s 4030.30

commits/s 3855.43
aborts/s 0.00
ops/s 3855.43

commits/s 3976.52
aborts/s 0.00
ops/s 3976.52

commits/s 3590.47
aborts/s 0.00
ops/s 3590.47

commits/s 0.00
aborts/s 0.00
ops/s 0.00

