nowait
Starting KVS server on :8080
commits/s 0.00
aborts/s 0.00
ops/s 0.00

commits/s 0.00
aborts/s 0.00
ops/s 0.00

commits/s 0.00
aborts/s 0.00
ops/s 0.00

commits/s 0.00
aborts/s 0.00
ops/s 0.00

commits/s 0.00
aborts/s 0.00
ops/s 0.00

commits/s 0.00
aborts/s 0.00
ops/s 0.00

commits/s 3727.47
aborts/s 0.00
ops/s 3727.47

commits/s 4011.03
aborts/s 0.00
ops/s 4011.03

commits/s 3998.53
aborts/s 0.00
ops/s 3998.53

commits/s 3936.20
aborts/s 0.00
ops/s 3936.20

commits/s 3981.47
aborts/s 0.00
ops/s 3981.47

commits/s 3990.39
aborts/s 0.00
ops/s 3990.39

commits/s 3953.01
aborts/s 0.00
ops/s 3953.01

commits/s 3895.50
aborts/s 0.00
ops/s 3895.50

commits/s 3989.56
aborts/s 0.00
ops/s 3989.56

commits/s 4021.88
aborts/s 0.00
ops/s 4021.88

commits/s 3935.59
aborts/s 0.00
ops/s 3935.59

commits/s 3887.52
aborts/s 0.00
ops/s 3887.52

commits/s 3959.17
aborts/s 0.00
ops/s 3959.17

commits/s 3990.99
aborts/s 0.00
ops/s 3990.99

commits/s 3965.59
aborts/s 0.00
ops/s 3965.59

commits/s 3933.95
aborts/s 0.00
ops/s 3933.95

commits/s 3940.52
aborts/s 0.00
ops/s 3940.52

commits/s 3960.93
aborts/s 0.00
ops/s 3960.93

commits/s 3944.52
aborts/s 0.00
ops/s 3944.52

commits/s 3938.32
aborts/s 0.00
ops/s 3938.32

commits/s 4007.76
aborts/s 0.00
ops/s 4007.76

commits/s 3970.47
aborts/s 0.00
ops/s 3970.47

commits/s 3954.43
aborts/s 0.00
ops/s 3954.43

commits/s 3907.85
aborts/s 0.00
ops/s 3907.85

commits/s 4002.91
aborts/s 0.00
ops/s 4002.91

commits/s 3945.23
aborts/s 0.00
ops/s 3945.23

commits/s 3982.61
aborts/s 0.00
ops/s 3982.61

commits/s 3998.44
aborts/s 0.00
ops/s 3998.44

commits/s 3993.17
aborts/s 0.00
ops/s 3993.17

commits/s 3815.66
aborts/s 0.00
ops/s 3815.66

commits/s 0.00
aborts/s 0.00
ops/s 0.00

