waitdie
Starting KVS server on :8080
commits/s 0.00
aborts/s 0.00
ops/s 0.00

commits/s 0.00
aborts/s 0.00
ops/s 0.00

commits/s 0.00
aborts/s 0.00
ops/s 0.00

commits/s 0.00
aborts/s 0.00
ops/s 0.00

commits/s 606.83
aborts/s 0.00
ops/s 606.83

commits/s 5515.35
aborts/s 2.00
ops/s 5517.34

commits/s 5458.00
aborts/s 3.00
ops/s 5461.00

commits/s 5499.13
aborts/s 4.00
ops/s 5503.13

commits/s 5540.95
aborts/s 4.00
ops/s 5544.95

commits/s 5446.24
aborts/s 5.00
ops/s 5451.23

commits/s 5439.21
aborts/s 5.00
ops/s 5444.21

commits/s 5520.04
aborts/s 9.00
ops/s 5529.04

commits/s 5494.32
aborts/s 6.00
ops/s 5500.32

commits/s 5474.36
aborts/s 7.00
ops/s 5481.36

commits/s 5523.10
aborts/s 4.00
ops/s 5527.10

commits/s 5472.64
aborts/s 2.00
ops/s 5474.64

commits/s 5373.35
aborts/s 9.00
ops/s 5382.35

commits/s 5531.50
aborts/s 5.00
ops/s 5536.50

commits/s 5560.66
aborts/s 4.00
ops/s 5564.66

commits/s 5497.44
aborts/s 1.00
ops/s 5498.44

commits/s 5427.58
aborts/s 3.00
ops/s 5430.58

commits/s 5484.96
aborts/s 5.00
ops/s 5489.96

commits/s 5587.84
aborts/s 4.00
ops/s 5591.84

commits/s 5457.99
aborts/s 6.00
ops/s 5463.99

commits/s 5595.32
aborts/s 6.00
ops/s 5601.32

commits/s 5536.35
aborts/s 4.00
ops/s 5540.35

commits/s 5528.53
aborts/s 4.00
ops/s 5532.53

commits/s 5324.14
aborts/s 3.00
ops/s 5327.14

commits/s 5491.36
aborts/s 5.00
ops/s 5496.35

commits/s 5507.48
aborts/s 2.00
ops/s 5509.48

commits/s 5508.52
aborts/s 4.00
ops/s 5512.52

commits/s 5526.53
aborts/s 7.00
ops/s 5533.53

commits/s 5370.26
aborts/s 4.00
ops/s 5374.26

commits/s 5327.15
aborts/s 8.00
ops/s 5335.15

commits/s 4126.37
aborts/s 5.99
ops/s 4132.37

commits/s 0.00
aborts/s 0.00
ops/s 0.00

