waitdie
Starting KVS server on :8080
commits/s 0.00
aborts/s 0.00
ops/s 0.00

commits/s 0.00
aborts/s 0.00
ops/s 0.00

commits/s 0.00
aborts/s 0.00
ops/s 0.00

commits/s 0.00
aborts/s 0.00
ops/s 0.00

commits/s 907.95
aborts/s 1.00
ops/s 908.95

commits/s 5458.41
aborts/s 4.00
ops/s 5462.41

commits/s 5397.33
aborts/s 4.00
ops/s 5401.33

commits/s 5458.22
aborts/s 7.00
ops/s 5465.22

commits/s 5498.31
aborts/s 7.00
ops/s 5505.31

commits/s 5503.19
aborts/s 5.00
ops/s 5508.19

commits/s 5449.09
aborts/s 3.00
ops/s 5452.09

commits/s 5590.75
aborts/s 3.00
ops/s 5593.75

commits/s 5470.42
aborts/s 6.00
ops/s 5476.42

commits/s 5473.50
aborts/s 2.00
ops/s 5475.50

commits/s 5396.89
aborts/s 2.00
ops/s 5398.89

commits/s 5573.62
aborts/s 7.00
ops/s 5580.62

commits/s 5217.11
aborts/s 6.00
ops/s 5223.11

commits/s 5399.53
aborts/s 6.00
ops/s 5405.53

commits/s 5473.29
aborts/s 5.00
ops/s 5478.29

commits/s 5535.53
aborts/s 4.00
ops/s 5539.53

commits/s 5395.45
aborts/s 7.00
ops/s 5402.45

commits/s 5482.78
aborts/s 5.00
ops/s 5487.78

commits/s 5383.25
aborts/s 7.00
ops/s 5390.25

commits/s 5495.25
aborts/s 3.00
ops/s 5498.25

commits/s 5545.39
aborts/s 5.00
ops/s 5550.39

commits/s 5594.60
aborts/s 1.00
ops/s 5595.60

commits/s 5508.04
aborts/s 6.00
ops/s 5514.04

commits/s 5432.93
aborts/s 5.00
ops/s 5437.93

commits/s 5523.42
aborts/s 7.00
ops/s 5530.42

commits/s 5456.52
aborts/s 8.00
ops/s 5464.52

commits/s 5408.50
aborts/s 7.00
ops/s 5415.50

commits/s 5401.05
aborts/s 7.00
ops/s 5408.05

commits/s 5398.61
aborts/s 4.00
ops/s 5402.61

commits/s 5262.14
aborts/s 2.00
ops/s 5264.14

commits/s 3854.56
aborts/s 2.00
ops/s 3856.56

commits/s 0.00
aborts/s 0.00
ops/s 0.00

