waitdie
Starting KVS server on :8080
commits/s 0.00
aborts/s 0.00
ops/s 0.00

commits/s 0.00
aborts/s 0.00
ops/s 0.00

commits/s 0.00
aborts/s 0.00
ops/s 0.00

commits/s 0.00
aborts/s 0.00
ops/s 0.00

commits/s 655.87
aborts/s 0.00
ops/s 655.87

commits/s 5566.62
aborts/s 9.00
ops/s 5575.62

commits/s 5562.94
aborts/s 4.00
ops/s 5566.94

commits/s 5471.89
aborts/s 2.00
ops/s 5473.89

commits/s 5401.08
aborts/s 5.00
ops/s 5406.08

commits/s 5482.31
aborts/s 4.00
ops/s 5486.31

commits/s 5406.05
aborts/s 3.00
ops/s 5409.05

commits/s 5587.34
aborts/s 7.00
ops/s 5594.34

commits/s 5520.19
aborts/s 5.00
ops/s 5525.19

commits/s 5544.08
aborts/s 4.00
ops/s 5548.08

commits/s 5516.12
aborts/s 4.00
ops/s 5520.12

commits/s 5398.24
aborts/s 6.00
ops/s 5404.24

commits/s 5290.02
aborts/s 5.00
ops/s 5295.02

commits/s 5501.61
aborts/s 4.00
ops/s 5505.61

commits/s 5580.92
aborts/s 5.00
ops/s 5585.92

commits/s 5526.84
aborts/s 3.00
ops/s 5529.84

commits/s 5456.48
aborts/s 3.00
ops/s 5459.48

commits/s 5582.29
aborts/s 6.00
ops/s 5588.28

commits/s 5552.59
aborts/s 6.00
ops/s 5558.59

commits/s 5528.56
aborts/s 6.00
ops/s 5534.56

commits/s 5580.45
aborts/s 5.00
ops/s 5585.45

commits/s 5594.25
aborts/s 5.00
ops/s 5599.25

commits/s 5354.23
aborts/s 8.00
ops/s 5362.22

commits/s 5522.43
aborts/s 9.00
ops/s 5531.43

commits/s 5474.59
aborts/s 3.00
ops/s 5477.58

commits/s 5514.24
aborts/s 4.00
ops/s 5518.24

commits/s 5342.56
aborts/s 5.00
ops/s 5347.56

commits/s 5572.56
aborts/s 5.00
ops/s 5577.56

commits/s 5289.24
aborts/s 4.00
ops/s 5293.24

commits/s 5433.03
aborts/s 4.00
ops/s 5437.03

commits/s 4194.87
aborts/s 2.00
ops/s 4196.87

