waitdie
Starting KVS server on :8080
commits/s 0.00
aborts/s 0.00
ops/s 0.00

commits/s 0.00
aborts/s 0.00
ops/s 0.00

commits/s 0.00
aborts/s 0.00
ops/s 0.00

commits/s 0.00
aborts/s 0.00
ops/s 0.00

commits/s 0.00
aborts/s 0.00
ops/s 0.00

commits/s 5680.61
aborts/s 0.00
ops/s 5680.61

commits/s 5523.35
aborts/s 0.00
ops/s 5523.35

commits/s 5590.12
aborts/s 0.00
ops/s 5590.12

commits/s 5464.13
aborts/s 0.00
ops/s 5464.13

commits/s 5574.23
aborts/s 0.00
ops/s 5574.23

commits/s 5591.78
aborts/s 0.00
ops/s 5591.78

commits/s 5488.22
aborts/s 0.00
ops/s 5488.22

commits/s 5539.90
aborts/s 0.00
ops/s 5539.90

commits/s 5599.80
aborts/s 0.00
ops/s 5599.80

commits/s 5588.42
aborts/s 0.00
ops/s 5588.42

commits/s 5586.17
aborts/s 0.00
ops/s 5586.17

commits/s 5536.97
aborts/s 0.00
ops/s 5536.97

commits/s 5613.49
aborts/s 0.00
ops/s 5613.49

commits/s 5504.50
aborts/s 0.00
ops/s 5504.50

commits/s 5605.32
aborts/s 0.00
ops/s 5605.32

commits/s 5596.70
aborts/s 0.00
ops/s 5596.70

commits/s 5557.40
aborts/s 0.00
ops/s 5557.40

commits/s 5406.53
aborts/s 0.00
ops/s 5406.53

commits/s 5618.45
aborts/s 0.00
ops/s 5618.45

commits/s 5410.47
aborts/s 0.00
ops/s 5410.47

commits/s 5664.76
aborts/s 0.00
ops/s 5664.76

commits/s 5561.25
aborts/s 0.00
ops/s 5561.25

commits/s 5526.06
aborts/s 0.00
ops/s 5526.06

commits/s 5644.04
aborts/s 0.00
ops/s 5644.04

commits/s 5469.10
aborts/s 0.00
ops/s 5469.10

commits/s 5610.39
aborts/s 0.00
ops/s 5610.39

commits/s 5626.22
aborts/s 0.00
ops/s 5626.22

commits/s 5577.32
aborts/s 0.00
ops/s 5577.32

commits/s 5588.40
aborts/s 0.00
ops/s 5588.40

commits/s 4867.81
aborts/s 0.00
ops/s 4867.81

commits/s 0.00
aborts/s 0.00
ops/s 0.00

