waitdie
Starting KVS server on :8080
commits/s 0.00
aborts/s 0.00
ops/s 0.00

commits/s 0.00
aborts/s 0.00
ops/s 0.00

commits/s 0.00
aborts/s 0.00
ops/s 0.00

commits/s 0.00
aborts/s 0.00
ops/s 0.00

commits/s 0.00
aborts/s 0.00
ops/s 0.00

commits/s 5027.66
aborts/s 0.00
ops/s 5027.66

commits/s 5506.08
aborts/s 0.00
ops/s 5506.08

commits/s 5515.63
aborts/s 0.00
ops/s 5515.63

commits/s 5593.44
aborts/s 0.00
ops/s 5593.44

commits/s 5498.31
aborts/s 0.00
ops/s 5498.31

commits/s 5622.41
aborts/s 0.00
ops/s 5622.41

commits/s 5671.34
aborts/s 0.00
ops/s 5671.34

commits/s 5686.23
aborts/s 0.00
ops/s 5686.23

commits/s 5563.37
aborts/s 0.00
ops/s 5563.37

commits/s 5512.24
aborts/s 0.00
ops/s 5512.24

commits/s 5581.42
aborts/s 0.00
ops/s 5581.42

commits/s 5704.94
aborts/s 0.00
ops/s 5704.94

commits/s 5615.60
aborts/s 0.00
ops/s 5615.60

commits/s 5521.41
aborts/s 0.00
ops/s 5521.41

commits/s 5565.17
aborts/s 0.00
ops/s 5565.17

commits/s 5526.42
aborts/s 0.00
ops/s 5526.42

commits/s 5583.72
aborts/s 0.00
ops/s 5583.72

commits/s 5508.46
aborts/s 0.00
ops/s 5508.46

commits/s 5621.26
aborts/s 0.00
ops/s 5621.26

commits/s 5602.56
aborts/s 0.00
ops/s 5602.56

commits/s 5544.42
aborts/s 0.00
ops/s 5544.42

commits/s 5502.32
aborts/s 0.00
ops/s 5502.32

commits/s 5596.47
aborts/s 0.00
ops/s 5596.47

commits/s 5480.45
aborts/s 0.00
ops/s 5480.45

commits/s 5512.53
aborts/s 0.00
ops/s 5512.53

commits/s 5491.42
aborts/s 0.00
ops/s 5491.42

commits/s 5654.98
aborts/s 0.00
ops/s 5654.98

commits/s 5612.53
aborts/s 0.00
ops/s 5612.53

commits/s 5647.58
aborts/s 0.00
ops/s 5647.58

commits/s 5488.05
aborts/s 0.00
ops/s 5488.05

commits/s 0.00
aborts/s 0.00
ops/s 0.00

