waitdie
Starting KVS server on :8080
commits/s 0.00
aborts/s 0.00
ops/s 0.00

commits/s 0.00
aborts/s 0.00
ops/s 0.00

commits/s 0.00
aborts/s 0.00
ops/s 0.00

commits/s 0.00
aborts/s 0.00
ops/s 0.00

commits/s 758.80
aborts/s 0.00
ops/s 758.80

commits/s 5557.29
aborts/s 0.00
ops/s 5557.29

commits/s 5524.35
aborts/s 0.00
ops/s 5524.35

commits/s 5607.30
aborts/s 0.00
ops/s 5607.30

commits/s 5486.20
aborts/s 0.00
ops/s 5486.20

commits/s 5455.24
aborts/s 0.00
ops/s 5455.24

commits/s 5561.34
aborts/s 0.00
ops/s 5561.34

commits/s 5545.14
aborts/s 0.00
ops/s 5545.14

commits/s 5591.39
aborts/s 0.00
ops/s 5591.39

commits/s 5599.35
aborts/s 0.00
ops/s 5599.35

commits/s 5590.09
aborts/s 0.00
ops/s 5590.09

commits/s 5674.97
aborts/s 0.00
ops/s 5674.97

commits/s 5565.20
aborts/s 0.00
ops/s 5565.20

commits/s 5516.52
aborts/s 0.00
ops/s 5516.52

commits/s 5677.06
aborts/s 0.00
ops/s 5677.06

commits/s 5587.44
aborts/s 0.00
ops/s 5587.44

commits/s 5664.24
aborts/s 0.00
ops/s 5664.24

commits/s 5502.39
aborts/s 0.00
ops/s 5502.39

commits/s 5605.29
aborts/s 0.00
ops/s 5605.29

commits/s 5551.48
aborts/s 0.00
ops/s 5551.48

commits/s 5663.45
aborts/s 0.00
ops/s 5663.45

commits/s 5549.34
aborts/s 0.00
ops/s 5549.34

commits/s 5572.21
aborts/s 0.00
ops/s 5572.21

commits/s 5558.53
aborts/s 0.00
ops/s 5558.53

commits/s 5492.54
aborts/s 0.00
ops/s 5492.54

commits/s 5461.28
aborts/s 0.00
ops/s 5461.28

commits/s 5590.47
aborts/s 0.00
ops/s 5590.47

commits/s 5591.88
aborts/s 0.00
ops/s 5591.88

commits/s 5627.22
aborts/s 0.00
ops/s 5627.22

commits/s 5582.29
aborts/s 0.00
ops/s 5582.29

commits/s 4103.39
aborts/s 0.00
ops/s 4103.39

