nowait
Starting KVS server on :8080
commits/s 0.00
aborts/s 0.00
ops/s 0.00

commits/s 0.00
aborts/s 0.00
ops/s 0.00

commits/s 0.00
aborts/s 0.00
ops/s 0.00

commits/s 0.00
aborts/s 0.00
ops/s 0.00

commits/s 453.95
aborts/s 0.00
ops/s 453.95

commits/s 5606.15
aborts/s 0.00
ops/s 5606.15

commits/s 5510.05
aborts/s 0.00
ops/s 5510.05

commits/s 5574.83
aborts/s 0.00
ops/s 5574.83

commits/s 5535.16
aborts/s 0.00
ops/s 5535.16

commits/s 5596.61
aborts/s 0.00
ops/s 5596.61

commits/s 5623.86
aborts/s 0.00
ops/s 5623.86

commits/s 5578.25
aborts/s 0.00
ops/s 5578.25

commits/s 5484.34
aborts/s 0.00
ops/s 5484.34

commits/s 5588.19
aborts/s 0.00
ops/s 5588.19

commits/s 5649.33
aborts/s 0.00
ops/s 5649.33

commits/s 5591.39
aborts/s 0.00
ops/s 5591.39

commits/s 5604.07
aborts/s 0.00
ops/s 5604.07

commits/s 5690.19
aborts/s 0.00
ops/s 5690.19

commits/s 5577.56
aborts/s 0.00
ops/s 5577.56

commits/s 5622.49
aborts/s 0.00
ops/s 5622.49

commits/s 5413.20
aborts/s 0.00
ops/s 5413.20

commits/s 5283.20
aborts/s 0.00
ops/s 5283.20

commits/s 5506.43
aborts/s 0.00
ops/s 5506.43

commits/s 5531.61
aborts/s 0.00
ops/s 5531.61

commits/s 5609.95
aborts/s 0.00
ops/s 5609.95

commits/s 5648.76
aborts/s 0.00
ops/s 5648.76

commits/s 5621.50
aborts/s 0.00
ops/s 5621.50

commits/s 5597.88
aborts/s 0.00
ops/s 5597.88

commits/s 5472.30
aborts/s 0.00
ops/s 5472.30

commits/s 5606.51
aborts/s 0.00
ops/s 5606.51

commits/s 5658.35
aborts/s 0.00
ops/s 5658.35

commits/s 5539.27
aborts/s 0.00
ops/s 5539.27

commits/s 5519.29
aborts/s 0.00
ops/s 5519.29

commits/s 5615.38
aborts/s 0.00
ops/s 5615.38

commits/s 4454.10
aborts/s 0.00
ops/s 4454.10

