nowait
Starting KVS server on :8080
commits/s 0.00
aborts/s 0.00
ops/s 0.00

commits/s 0.00
aborts/s 0.00
ops/s 0.00

commits/s 0.00
aborts/s 0.00
ops/s 0.00

commits/s 0.00
aborts/s 0.00
ops/s 0.00

commits/s 0.00
aborts/s 0.00
ops/s 0.00

commits/s 2725.60
aborts/s 0.00
ops/s 2725.60

commits/s 2667.70
aborts/s 0.00
ops/s 2667.70

commits/s 2707.40
aborts/s 0.00
ops/s 2707.40

commits/s 2609.72
aborts/s 0.00
ops/s 2609.72

commits/s 2650.66
aborts/s 0.00
ops/s 2650.66

commits/s 2687.58
aborts/s 0.00
ops/s 2687.58

commits/s 2606.71
aborts/s 0.00
ops/s 2606.71

commits/s 2617.84
aborts/s 0.00
ops/s 2617.84

commits/s 2671.50
aborts/s 0.00
ops/s 2671.50

commits/s 2677.67
aborts/s 0.00
ops/s 2677.67

commits/s 2616.80
aborts/s 0.00
ops/s 2616.80

commits/s 2703.66
aborts/s 0.00
ops/s 2703.66

commits/s 2659.73
aborts/s 0.00
ops/s 2659.73

commits/s 2659.47
aborts/s 0.00
ops/s 2659.47

commits/s 2665.73
aborts/s 0.00
ops/s 2665.73

commits/s 2578.56
aborts/s 0.00
ops/s 2578.56

commits/s 2615.60
aborts/s 0.00
ops/s 2615.60

commits/s 2610.77
aborts/s 0.00
ops/s 2610.77

commits/s 2664.78
aborts/s 0.00
ops/s 2664.78

commits/s 2712.62
aborts/s 0.00
ops/s 2712.62

commits/s 2621.76
aborts/s 0.00
ops/s 2621.76

commits/s 2684.80
aborts/s 0.00
ops/s 2684.80

commits/s 2635.78
aborts/s 0.00
ops/s 2635.78

commits/s 2624.39
aborts/s 0.00
ops/s 2624.39

commits/s 2702.66
aborts/s 0.00
ops/s 2702.66

commits/s 2668.81
aborts/s 0.00
ops/s 2668.81

commits/s 2617.77
aborts/s 0.00
ops/s 2617.77

commits/s 2627.67
aborts/s 0.00
ops/s 2627.67

commits/s 2566.68
aborts/s 0.00
ops/s 2566.68

commits/s 2359.65
aborts/s 0.00
ops/s 2359.65

commits/s 0.00
aborts/s 0.00
ops/s 0.00

