nowait
Starting KVS server on :8080
commits/s 0.00
aborts/s 0.00
ops/s 0.00

commits/s 0.00
aborts/s 0.00
ops/s 0.00

commits/s 0.00
aborts/s 0.00
ops/s 0.00

commits/s 0.00
aborts/s 0.00
ops/s 0.00

commits/s 1167.82
aborts/s 0.00
ops/s 1167.82

commits/s 5584.24
aborts/s 0.00
ops/s 5584.24

commits/s 5612.28
aborts/s 0.00
ops/s 5612.28

commits/s 5518.24
aborts/s 0.00
ops/s 5518.24

commits/s 5538.23
aborts/s 0.00
ops/s 5538.23

commits/s 5682.99
aborts/s 0.00
ops/s 5682.99

commits/s 5633.38
aborts/s 0.00
ops/s 5633.38

commits/s 5545.35
aborts/s 0.00
ops/s 5545.35

commits/s 5437.40
aborts/s 0.00
ops/s 5437.40

commits/s 5585.31
aborts/s 2.00
ops/s 5587.31

commits/s 5561.43
aborts/s 0.00
ops/s 5561.43

commits/s 5623.39
aborts/s 1.00
ops/s 5624.39

commits/s 5529.48
aborts/s 1.00
ops/s 5530.48

commits/s 5577.46
aborts/s 0.00
ops/s 5577.46

commits/s 5563.43
aborts/s 0.00
ops/s 5563.43

commits/s 5585.62
aborts/s 0.00
ops/s 5585.62

commits/s 5380.23
aborts/s 0.00
ops/s 5380.23

commits/s 5444.35
aborts/s 0.00
ops/s 5444.35

commits/s 5529.41
aborts/s 0.00
ops/s 5529.41

commits/s 5541.17
aborts/s 0.00
ops/s 5541.17

commits/s 5554.59
aborts/s 0.00
ops/s 5554.59

commits/s 5584.97
aborts/s 0.00
ops/s 5584.97

commits/s 5446.56
aborts/s 0.00
ops/s 5446.56

commits/s 5519.96
aborts/s 0.00
ops/s 5519.96

commits/s 5637.34
aborts/s 0.00
ops/s 5637.34

commits/s 5620.45
aborts/s 0.00
ops/s 5620.45

commits/s 5532.03
aborts/s 0.00
ops/s 5532.03

commits/s 5554.96
aborts/s 0.00
ops/s 5554.96

commits/s 5608.16
aborts/s 0.00
ops/s 5608.16

commits/s 5473.43
aborts/s 0.00
ops/s 5473.43

commits/s 3851.71
aborts/s 0.00
ops/s 3851.71

