woundwait
Starting KVS server on :8080
commits/s 0.00
aborts/s 0.00
ops/s 0.00

commits/s 0.00
aborts/s 0.00
ops/s 0.00

commits/s 0.00
aborts/s 0.00
ops/s 0.00

commits/s 0.00
aborts/s 0.00
ops/s 0.00

commits/s 0.00
aborts/s 0.00
ops/s 0.00

commits/s 4765.73
aborts/s 344.98
ops/s 5110.71

commits/s 5398.46
aborts/s 486.95
ops/s 5885.41

commits/s 5382.66
aborts/s 547.86
ops/s 5930.52

commits/s 5293.83
aborts/s 481.89
ops/s 5775.72

commits/s 5315.85
aborts/s 543.88
ops/s 5859.74

commits/s 5404.25
aborts/s 504.93
ops/s 5909.18

commits/s 5374.27
aborts/s 474.94
ops/s 5849.21

commits/s 5629.28
aborts/s 506.94
ops/s 6136.22

commits/s 5437.30
aborts/s 543.93
ops/s 5981.23

commits/s 5524.13
aborts/s 493.92
ops/s 6018.05

commits/s 4978.49
aborts/s 451.95
ops/s 5430.44

commits/s 5181.13
aborts/s 348.94
ops/s 5530.07

commits/s 5050.40
aborts/s 454.86
ops/s 5505.25

commits/s 5027.50
aborts/s 429.96
ops/s 5457.46

commits/s 5351.41
aborts/s 515.94
ops/s 5867.36

commits/s 5457.42
aborts/s 487.95
ops/s 5945.37

commits/s 5230.39
aborts/s 396.95
ops/s 5627.34

commits/s 5413.17
aborts/s 558.91
ops/s 5972.08

commits/s 5110.25
aborts/s 454.93
ops/s 5565.18

commits/s 5194.66
aborts/s 535.96
ops/s 5730.62

commits/s 5483.39
aborts/s 531.84
ops/s 6015.23

commits/s 5310.14
aborts/s 601.90
ops/s 5912.04

commits/s 5244.38
aborts/s 558.93
ops/s 5803.31

commits/s 5546.18
aborts/s 518.92
ops/s 6065.11

commits/s 5397.21
aborts/s 467.93
ops/s 5865.14

commits/s 5290.87
aborts/s 479.90
ops/s 5770.76

commits/s 5281.83
aborts/s 502.89
ops/s 5784.72

commits/s 5297.43
aborts/s 493.95
ops/s 5791.38

commits/s 5435.09
aborts/s 510.91
ops/s 5946.00

commits/s 5231.35
aborts/s 478.94
ops/s 5710.29

commits/s 20.98
aborts/s 0.00
ops/s 20.98

