woundwait
Starting KVS server on :8080
commits/s 0.00
aborts/s 0.00
ops/s 0.00

commits/s 0.00
aborts/s 0.00
ops/s 0.00

commits/s 0.00
aborts/s 0.00
ops/s 0.00

commits/s 0.00
aborts/s 0.00
ops/s 0.00

commits/s 1113.81
aborts/s 60.99
ops/s 1174.80

commits/s 5341.44
aborts/s 512.95
ops/s 5854.39

commits/s 5385.05
aborts/s 391.93
ops/s 5776.99

commits/s 5224.86
aborts/s 522.59
ops/s 5747.44

commits/s 5300.17
aborts/s 449.93
ops/s 5750.10

commits/s 5299.56
aborts/s 427.88
ops/s 5727.45

commits/s 5394.35
aborts/s 505.85
ops/s 5900.19

commits/s 5251.39
aborts/s 578.93
ops/s 5830.32

commits/s 5484.05
aborts/s 562.90
ops/s 6046.96

commits/s 5518.53
aborts/s 544.95
ops/s 6063.48

commits/s 5293.39
aborts/s 498.94
ops/s 5792.34

commits/s 5387.05
aborts/s 482.92
ops/s 5869.97

commits/s 5438.24
aborts/s 427.94
ops/s 5866.19

commits/s 5278.17
aborts/s 463.93
ops/s 5742.10

commits/s 5480.08
aborts/s 447.93
ops/s 5928.01

commits/s 5288.08
aborts/s 584.90
ops/s 5872.98

commits/s 5512.78
aborts/s 474.89
ops/s 5987.67

commits/s 5217.56
aborts/s 520.96
ops/s 5738.51

commits/s 5301.35
aborts/s 368.95
ops/s 5670.30

commits/s 5493.34
aborts/s 439.95
ops/s 5933.29

commits/s 5390.06
aborts/s 398.93
ops/s 5788.99

commits/s 5270.45
aborts/s 462.95
ops/s 5733.40

commits/s 5412.22
aborts/s 453.93
ops/s 5866.16

commits/s 5243.59
aborts/s 532.96
ops/s 5776.55

commits/s 5075.57
aborts/s 473.96
ops/s 5549.53

commits/s 5312.41
aborts/s 504.94
ops/s 5817.36

commits/s 5464.20
aborts/s 494.93
ops/s 5959.13

commits/s 5233.01
aborts/s 445.92
ops/s 5678.93

commits/s 5566.90
aborts/s 529.90
ops/s 6096.80

commits/s 5337.37
aborts/s 544.94
ops/s 5882.30

commits/s 3987.04
aborts/s 383.81
ops/s 4370.85

commits/s 0.00
aborts/s 0.00
ops/s 0.00

