woundwait
Starting KVS server on :8080
commits/s 0.00
aborts/s 0.00
ops/s 0.00

commits/s 0.00
aborts/s 0.00
ops/s 0.00

commits/s 0.00
aborts/s 0.00
ops/s 0.00

commits/s 0.00
aborts/s 0.00
ops/s 0.00

commits/s 73.99
aborts/s 5.00
ops/s 78.99

commits/s 5330.74
aborts/s 419.98
ops/s 5750.72

commits/s 5122.20
aborts/s 420.93
ops/s 5543.14

commits/s 5234.24
aborts/s 563.92
ops/s 5798.16

commits/s 5514.44
aborts/s 502.68
ops/s 6017.11

commits/s 5209.91
aborts/s 522.89
ops/s 5732.80

commits/s 5737.72
aborts/s 516.88
ops/s 6254.60

commits/s 5435.04
aborts/s 518.91
ops/s 5953.95

commits/s 5353.35
aborts/s 506.94
ops/s 5860.29

commits/s 5074.94
aborts/s 451.91
ops/s 5526.85

commits/s 5090.40
aborts/s 514.94
ops/s 5605.34

commits/s 5225.10
aborts/s 419.93
ops/s 5645.02

commits/s 5360.38
aborts/s 469.95
ops/s 5830.33

commits/s 5330.05
aborts/s 509.91
ops/s 5839.96

commits/s 5800.30
aborts/s 551.93
ops/s 6352.23

commits/s 5326.06
aborts/s 466.92
ops/s 5792.97

commits/s 5314.29
aborts/s 501.93
ops/s 5816.22

commits/s 5064.61
aborts/s 529.96
ops/s 5594.57

commits/s 5345.46
aborts/s 486.95
ops/s 5832.41

commits/s 4982.46
aborts/s 509.94
ops/s 5492.40

commits/s 5433.79
aborts/s 525.50
ops/s 5959.29

commits/s 5329.70
aborts/s 523.87
ops/s 5853.58

commits/s 5340.49
aborts/s 484.95
ops/s 5825.44

commits/s 5249.36
aborts/s 435.95
ops/s 5685.30

commits/s 5284.96
aborts/s 588.88
ops/s 5873.84

commits/s 5290.63
aborts/s 425.97
ops/s 5716.60

commits/s 4863.48
aborts/s 484.95
ops/s 5348.43

commits/s 5295.38
aborts/s 485.94
ops/s 5781.32

commits/s 5432.25
aborts/s 583.81
ops/s 6016.06

commits/s 4965.38
aborts/s 454.94
ops/s 5420.33

commits/s 4464.79
aborts/s 467.77
ops/s 4932.56

