woundwait
Starting KVS server on :8080
commits/s 0.00
aborts/s 0.00
ops/s 0.00

commits/s 0.00
aborts/s 0.00
ops/s 0.00

commits/s 0.00
aborts/s 0.00
ops/s 0.00

commits/s 0.00
aborts/s 0.00
ops/s 0.00

commits/s 2062.87
aborts/s 77.00
ops/s 2139.86

commits/s 8491.24
aborts/s 245.98
ops/s 8737.22

commits/s 8457.73
aborts/s 179.97
ops/s 8637.71

commits/s 8413.41
aborts/s 207.96
ops/s 8621.37

commits/s 8525.50
aborts/s 225.96
ops/s 8751.46

commits/s 8383.00
aborts/s 263.97
ops/s 8646.97

commits/s 8520.21
aborts/s 219.95
ops/s 8740.17

commits/s 8371.70
aborts/s 238.96
ops/s 8610.66

commits/s 8587.50
aborts/s 259.95
ops/s 8847.46

commits/s 8591.86
aborts/s 225.97
ops/s 8817.83

commits/s 8337.45
aborts/s 222.96
ops/s 8560.41

commits/s 8556.67
aborts/s 207.97
ops/s 8764.63

commits/s 8680.56
aborts/s 212.96
ops/s 8893.52

commits/s 8455.02
aborts/s 246.97
ops/s 8701.99

commits/s 8574.17
aborts/s 206.98
ops/s 8781.15

commits/s 8314.84
aborts/s 309.92
ops/s 8624.76

commits/s 8389.90
aborts/s 273.96
ops/s 8663.86

commits/s 8403.93
aborts/s 253.97
ops/s 8657.89

commits/s 8407.05
aborts/s 224.95
ops/s 8632.00

commits/s 8514.87
aborts/s 231.97
ops/s 8746.83

commits/s 8449.71
aborts/s 271.96
ops/s 8721.67

commits/s 8518.59
aborts/s 227.96
ops/s 8746.56

commits/s 8430.95
aborts/s 224.97
ops/s 8655.92

commits/s 8483.25
aborts/s 201.98
ops/s 8685.23

commits/s 8663.56
aborts/s 194.97
ops/s 8858.53

commits/s 8366.09
aborts/s 334.96
ops/s 8701.06

commits/s 8465.81
aborts/s 267.96
ops/s 8733.77

commits/s 8331.29
aborts/s 224.98
ops/s 8556.27

commits/s 8457.94
aborts/s 184.98
ops/s 8642.91

commits/s 8559.36
aborts/s 233.98
ops/s 8793.35

commits/s 5534.50
aborts/s 160.87
ops/s 5695.37

commits/s 0.00
aborts/s 0.00
ops/s 0.00

