woundwait
Starting KVS server on :8080
commits/s 0.00
aborts/s 0.00
ops/s 0.00

commits/s 0.00
aborts/s 0.00
ops/s 0.00

commits/s 0.00
aborts/s 0.00
ops/s 0.00

commits/s 0.00
aborts/s 0.00
ops/s 0.00

commits/s 1491.87
aborts/s 61.99
ops/s 1553.86

commits/s 8421.01
aborts/s 214.95
ops/s 8635.96

commits/s 8257.04
aborts/s 260.97
ops/s 8518.01

commits/s 8518.12
aborts/s 202.98
ops/s 8721.10

commits/s 8445.10
aborts/s 219.95
ops/s 8665.05

commits/s 8462.87
aborts/s 227.97
ops/s 8690.84

commits/s 8408.46
aborts/s 220.83
ops/s 8629.28

commits/s 8372.85
aborts/s 223.97
ops/s 8596.82

commits/s 8506.03
aborts/s 201.98
ops/s 8708.01

commits/s 8564.03
aborts/s 209.98
ops/s 8774.00

commits/s 8466.50
aborts/s 223.96
ops/s 8690.46

commits/s 8486.04
aborts/s 242.97
ops/s 8729.01

commits/s 8441.55
aborts/s 267.95
ops/s 8709.50

commits/s 8663.89
aborts/s 273.96
ops/s 8937.85

commits/s 8331.04
aborts/s 261.97
ops/s 8593.01

commits/s 8306.79
aborts/s 227.97
ops/s 8534.76

commits/s 8310.17
aborts/s 238.98
ops/s 8549.15

commits/s 8406.03
aborts/s 263.97
ops/s 8670.00

commits/s 8384.33
aborts/s 319.94
ops/s 8704.26

commits/s 8416.28
aborts/s 196.96
ops/s 8613.24

commits/s 8419.21
aborts/s 311.97
ops/s 8731.18

commits/s 8392.69
aborts/s 235.96
ops/s 8628.65

commits/s 8622.47
aborts/s 184.97
ops/s 8807.44

commits/s 8526.19
aborts/s 204.98
ops/s 8731.17

commits/s 8440.51
aborts/s 286.95
ops/s 8727.46

commits/s 8303.06
aborts/s 282.97
ops/s 8586.03

commits/s 8509.73
aborts/s 265.96
ops/s 8775.69

commits/s 8351.10
aborts/s 260.97
ops/s 8612.07

commits/s 8294.78
aborts/s 210.97
ops/s 8505.75

commits/s 8360.19
aborts/s 227.98
ops/s 8588.16

commits/s 6049.88
aborts/s 193.90
ops/s 6243.78

