woundwait
Starting KVS server on :8080
commits/s 0.00
aborts/s 0.00
ops/s 0.00

commits/s 0.00
aborts/s 0.00
ops/s 0.00

commits/s 0.00
aborts/s 0.00
ops/s 0.00

commits/s 0.00
aborts/s 0.00
ops/s 0.00

commits/s 2130.86
aborts/s 45.00
ops/s 2175.86

commits/s 8333.87
aborts/s 234.97
ops/s 8568.84

commits/s 8433.72
aborts/s 233.96
ops/s 8667.68

commits/s 8462.66
aborts/s 220.96
ops/s 8683.62

commits/s 8381.07
aborts/s 279.97
ops/s 8661.04

commits/s 8427.84
aborts/s 231.97
ops/s 8659.81

commits/s 8302.74
aborts/s 268.96
ops/s 8571.70

commits/s 8176.99
aborts/s 224.97
ops/s 8401.96

commits/s 8422.03
aborts/s 222.97
ops/s 8645.00

commits/s 8485.12
aborts/s 238.98
ops/s 8724.09

commits/s 8537.94
aborts/s 210.97
ops/s 8748.91

commits/s 8504.97
aborts/s 269.97
ops/s 8774.94

commits/s 8418.01
aborts/s 271.97
ops/s 8689.98

commits/s 8467.98
aborts/s 198.98
ops/s 8666.95

commits/s 8368.35
aborts/s 197.98
ops/s 8566.34

commits/s 8374.50
aborts/s 238.96
ops/s 8613.46

commits/s 8329.86
aborts/s 271.96
ops/s 8601.82

commits/s 8296.03
aborts/s 214.97
ops/s 8511.01

commits/s 8260.74
aborts/s 221.97
ops/s 8482.71

commits/s 8563.37
aborts/s 210.98
ops/s 8774.36

commits/s 8340.86
aborts/s 259.96
ops/s 8600.82

commits/s 8508.58
aborts/s 273.95
ops/s 8782.53

commits/s 8416.24
aborts/s 229.98
ops/s 8646.22

commits/s 8539.88
aborts/s 289.96
ops/s 8829.84

commits/s 8380.12
aborts/s 326.97
ops/s 8707.09

commits/s 8501.95
aborts/s 226.97
ops/s 8728.93

commits/s 8447.19
aborts/s 254.98
ops/s 8702.17

commits/s 8487.14
aborts/s 217.98
ops/s 8705.12

commits/s 8411.66
aborts/s 243.96
ops/s 8655.63

commits/s 8250.87
aborts/s 236.97
ops/s 8487.83

commits/s 5334.77
aborts/s 194.85
ops/s 5529.61

commits/s 0.00
aborts/s 0.00
ops/s 0.00

