woundwait
Starting KVS server on :8080
commits/s 0.00
aborts/s 0.00
ops/s 0.00

commits/s 0.00
aborts/s 0.00
ops/s 0.00

commits/s 0.00
aborts/s 0.00
ops/s 0.00

commits/s 0.00
aborts/s 0.00
ops/s 0.00

commits/s 0.00
aborts/s 0.00
ops/s 0.00

commits/s 3914.73
aborts/s 0.00
ops/s 3914.73

commits/s 4238.62
aborts/s 0.00
ops/s 4238.62

commits/s 4285.31
aborts/s 0.00
ops/s 4285.31

commits/s 4278.96
aborts/s 0.00
ops/s 4278.96

commits/s 4245.54
aborts/s 0.00
ops/s 4245.54

commits/s 4256.21
aborts/s 0.00
ops/s 4256.21

commits/s 4336.42
aborts/s 0.00
ops/s 4336.42

commits/s 4336.57
aborts/s 0.00
ops/s 4336.57

commits/s 4158.35
aborts/s 0.00
ops/s 4158.35

commits/s 4214.53
aborts/s 0.00
ops/s 4214.53

commits/s 4321.50
aborts/s 0.00
ops/s 4321.50

commits/s 4343.23
aborts/s 0.00
ops/s 4343.23

commits/s 4196.56
aborts/s 0.00
ops/s 4196.56

commits/s 4369.95
aborts/s 0.00
ops/s 4369.95

commits/s 4279.63
aborts/s 0.00
ops/s 4279.63

commits/s 4238.62
aborts/s 0.00
ops/s 4238.62

commits/s 4287.47
aborts/s 0.00
ops/s 4287.47

commits/s 4333.50
aborts/s 0.00
ops/s 4333.50

commits/s 4245.67
aborts/s 0.00
ops/s 4245.67

commits/s 4139.59
aborts/s 0.00
ops/s 4139.59

commits/s 4142.15
aborts/s 0.00
ops/s 4142.15

commits/s 4247.27
aborts/s 0.00
ops/s 4247.27

commits/s 4216.53
aborts/s 0.00
ops/s 4216.53

commits/s 4441.11
aborts/s 0.00
ops/s 4441.11

commits/s 4383.55
aborts/s 0.00
ops/s 4383.55

commits/s 4375.63
aborts/s 0.00
ops/s 4375.63

commits/s 4332.07
aborts/s 0.00
ops/s 4332.07

commits/s 4257.62
aborts/s 0.00
ops/s 4257.62

commits/s 4268.31
aborts/s 0.00
ops/s 4268.31

commits/s 4255.05
aborts/s 0.00
ops/s 4255.05

commits/s 452.61
aborts/s 0.00
ops/s 452.61

