woundwait
Starting KVS server on :8080
commits/s 0.00
aborts/s 0.00
ops/s 0.00

commits/s 0.00
aborts/s 0.00
ops/s 0.00

commits/s 0.00
aborts/s 0.00
ops/s 0.00

commits/s 0.00
aborts/s 0.00
ops/s 0.00

commits/s 1456.89
aborts/s 0.00
ops/s 1456.89

commits/s 4263.23
aborts/s 0.00
ops/s 4263.23

commits/s 4257.49
aborts/s 0.00
ops/s 4257.49

commits/s 4296.43
aborts/s 0.00
ops/s 4296.43

commits/s 4351.52
aborts/s 0.00
ops/s 4351.52

commits/s 4179.18
aborts/s 0.00
ops/s 4179.18

commits/s 4264.51
aborts/s 0.00
ops/s 4264.51

commits/s 4348.73
aborts/s 0.00
ops/s 4348.73

commits/s 4322.02
aborts/s 0.00
ops/s 4322.02

commits/s 4223.37
aborts/s 0.00
ops/s 4223.37

commits/s 4186.04
aborts/s 0.00
ops/s 4186.04

commits/s 4306.32
aborts/s 0.00
ops/s 4306.32

commits/s 4289.68
aborts/s 0.00
ops/s 4289.68

commits/s 4363.50
aborts/s 0.00
ops/s 4363.50

commits/s 4236.39
aborts/s 0.00
ops/s 4236.39

commits/s 4324.37
aborts/s 0.00
ops/s 4324.37

commits/s 4308.57
aborts/s 0.00
ops/s 4308.57

commits/s 4382.12
aborts/s 0.00
ops/s 4382.12

commits/s 4214.67
aborts/s 0.00
ops/s 4214.67

commits/s 4235.70
aborts/s 0.00
ops/s 4235.70

commits/s 4147.57
aborts/s 0.00
ops/s 4147.57

commits/s 4138.19
aborts/s 0.00
ops/s 4138.19

commits/s 4170.54
aborts/s 0.00
ops/s 4170.54

commits/s 4258.43
aborts/s 0.00
ops/s 4258.43

commits/s 4384.51
aborts/s 0.00
ops/s 4384.51

commits/s 4323.56
aborts/s 0.00
ops/s 4323.56

commits/s 4253.56
aborts/s 0.00
ops/s 4253.56

commits/s 4268.66
aborts/s 0.00
ops/s 4268.66

commits/s 4325.55
aborts/s 0.00
ops/s 4325.55

commits/s 4386.10
aborts/s 0.00
ops/s 4386.10

commits/s 2840.86
aborts/s 0.00
ops/s 2840.86

