woundwait
Starting KVS server on :8080
commits/s 0.00
aborts/s 0.00
ops/s 0.00

commits/s 0.00
aborts/s 0.00
ops/s 0.00

commits/s 0.00
aborts/s 0.00
ops/s 0.00

commits/s 0.00
aborts/s 0.00
ops/s 0.00

commits/s 0.00
aborts/s 0.00
ops/s 0.00

commits/s 4274.16
aborts/s 0.00
ops/s 4274.16

commits/s 4232.54
aborts/s 0.00
ops/s 4232.54

commits/s 4218.20
aborts/s 0.00
ops/s 4218.20

commits/s 4280.33
aborts/s 0.00
ops/s 4280.33

commits/s 4174.07
aborts/s 0.00
ops/s 4174.07

commits/s 4290.47
aborts/s 0.00
ops/s 4290.47

commits/s 4305.68
aborts/s 0.00
ops/s 4305.68

commits/s 4321.35
aborts/s 0.00
ops/s 4321.35

commits/s 4279.35
aborts/s 0.00
ops/s 4279.35

commits/s 4092.18
aborts/s 0.00
ops/s 4092.18

commits/s 4214.37
aborts/s 0.00
ops/s 4214.37

commits/s 4346.55
aborts/s 0.00
ops/s 4346.55

commits/s 4244.68
aborts/s 0.00
ops/s 4244.68

commits/s 4279.63
aborts/s 0.00
ops/s 4279.63

commits/s 4344.55
aborts/s 0.00
ops/s 4344.55

commits/s 4199.50
aborts/s 0.00
ops/s 4199.50

commits/s 4249.74
aborts/s 0.00
ops/s 4249.74

commits/s 4328.26
aborts/s 0.00
ops/s 4328.26

commits/s 4257.52
aborts/s 0.00
ops/s 4257.52

commits/s 4136.96
aborts/s 0.00
ops/s 4136.96

commits/s 4181.17
aborts/s 0.00
ops/s 4181.17

commits/s 4271.02
aborts/s 0.00
ops/s 4271.02

commits/s 4249.65
aborts/s 0.00
ops/s 4249.65

commits/s 4281.50
aborts/s 0.00
ops/s 4281.50

commits/s 4423.94
aborts/s 0.00
ops/s 4423.94

commits/s 4321.52
aborts/s 0.00
ops/s 4321.52

commits/s 4349.57
aborts/s 0.00
ops/s 4349.57

commits/s 4244.31
aborts/s 0.00
ops/s 4244.31

commits/s 4305.57
aborts/s 0.00
ops/s 4305.57

commits/s 4266.52
aborts/s 0.00
ops/s 4266.52

commits/s 52.96
aborts/s 0.00
ops/s 52.96

