woundwait
Starting KVS server on :8080
commits/s 0.00
aborts/s 0.00
ops/s 0.00

commits/s 0.00
aborts/s 0.00
ops/s 0.00

commits/s 0.00
aborts/s 0.00
ops/s 0.00

commits/s 0.00
aborts/s 0.00
ops/s 0.00

commits/s 149.96
aborts/s 0.00
ops/s 149.96

commits/s 7405.53
aborts/s 0.00
ops/s 7405.53

commits/s 7372.13
aborts/s 0.00
ops/s 7372.13

commits/s 7359.40
aborts/s 0.00
ops/s 7359.40

commits/s 7321.01
aborts/s 0.00
ops/s 7321.01

commits/s 7350.07
aborts/s 0.00
ops/s 7350.07

commits/s 7369.20
aborts/s 0.00
ops/s 7369.20

commits/s 7281.22
aborts/s 0.00
ops/s 7281.22

commits/s 7290.00
aborts/s 0.00
ops/s 7290.00

commits/s 7434.14
aborts/s 0.00
ops/s 7434.14

commits/s 7348.05
aborts/s 0.00
ops/s 7348.05

commits/s 7382.70
aborts/s 0.00
ops/s 7382.70

commits/s 7454.00
aborts/s 0.00
ops/s 7454.00

commits/s 7321.14
aborts/s 0.00
ops/s 7321.14

commits/s 7383.38
aborts/s 0.00
ops/s 7383.38

commits/s 7308.12
aborts/s 0.00
ops/s 7308.12

commits/s 7392.99
aborts/s 0.00
ops/s 7392.99

commits/s 7524.04
aborts/s 0.00
ops/s 7524.04

commits/s 7234.02
aborts/s 0.00
ops/s 7234.02

commits/s 7339.26
aborts/s 0.00
ops/s 7339.26

commits/s 7380.79
aborts/s 0.00
ops/s 7380.79

commits/s 7369.64
aborts/s 0.00
ops/s 7369.64

commits/s 7470.19
aborts/s 0.00
ops/s 7470.19

commits/s 7342.25
aborts/s 0.00
ops/s 7342.25

commits/s 7477.46
aborts/s 0.00
ops/s 7477.46

commits/s 7303.62
aborts/s 0.00
ops/s 7303.62

commits/s 7328.30
aborts/s 0.00
ops/s 7328.30

commits/s 7443.10
aborts/s 0.00
ops/s 7443.10

commits/s 7542.87
aborts/s 0.00
ops/s 7542.87

commits/s 7511.53
aborts/s 0.00
ops/s 7511.53

commits/s 6176.20
aborts/s 0.00
ops/s 6176.20

