woundwait
Starting KVS server on :8080
commits/s 0.00
aborts/s 0.00
ops/s 0.00

commits/s 0.00
aborts/s 0.00
ops/s 0.00

commits/s 0.00
aborts/s 0.00
ops/s 0.00

commits/s 0.00
aborts/s 0.00
ops/s 0.00

commits/s 0.00
aborts/s 0.00
ops/s 0.00

commits/s 7585.32
aborts/s 0.00
ops/s 7585.32

commits/s 7351.88
aborts/s 0.00
ops/s 7351.88

commits/s 7399.67
aborts/s 0.00
ops/s 7399.67

commits/s 7296.13
aborts/s 0.00
ops/s 7296.13

commits/s 7361.07
aborts/s 0.00
ops/s 7361.07

commits/s 7458.22
aborts/s 0.00
ops/s 7458.22

commits/s 7386.05
aborts/s 0.00
ops/s 7386.05

commits/s 7305.02
aborts/s 0.00
ops/s 7305.02

commits/s 7408.89
aborts/s 0.00
ops/s 7408.89

commits/s 7410.12
aborts/s 0.00
ops/s 7410.12

commits/s 7401.88
aborts/s 0.00
ops/s 7401.88

commits/s 7264.04
aborts/s 0.00
ops/s 7264.04

commits/s 7372.13
aborts/s 0.00
ops/s 7372.13

commits/s 7292.16
aborts/s 0.00
ops/s 7292.16

commits/s 7428.00
aborts/s 0.00
ops/s 7428.00

commits/s 7355.06
aborts/s 0.00
ops/s 7355.06

commits/s 7507.31
aborts/s 0.00
ops/s 7507.31

commits/s 7310.79
aborts/s 0.00
ops/s 7310.79

commits/s 7265.38
aborts/s 0.00
ops/s 7265.38

commits/s 7308.00
aborts/s 0.00
ops/s 7308.00

commits/s 7512.13
aborts/s 0.00
ops/s 7512.13

commits/s 7558.04
aborts/s 0.00
ops/s 7558.04

commits/s 7531.40
aborts/s 0.00
ops/s 7531.40

commits/s 7512.28
aborts/s 0.00
ops/s 7512.28

commits/s 7379.44
aborts/s 0.00
ops/s 7379.44

commits/s 7363.04
aborts/s 0.00
ops/s 7363.04

commits/s 7400.94
aborts/s 0.00
ops/s 7400.94

commits/s 7466.17
aborts/s 0.00
ops/s 7466.17

commits/s 7384.80
aborts/s 0.00
ops/s 7384.80

commits/s 6616.10
aborts/s 0.00
ops/s 6616.10

commits/s 0.00
aborts/s 0.00
ops/s 0.00

