woundwait
Starting KVS server on :8080
commits/s 0.00
aborts/s 0.00
ops/s 0.00

commits/s 0.00
aborts/s 0.00
ops/s 0.00

commits/s 0.00
aborts/s 0.00
ops/s 0.00

commits/s 0.00
aborts/s 0.00
ops/s 0.00

commits/s 0.00
aborts/s 0.00
ops/s 0.00

commits/s 6485.53
aborts/s 0.00
ops/s 6485.53

commits/s 7264.50
aborts/s 0.00
ops/s 7264.50

commits/s 7359.98
aborts/s 0.00
ops/s 7359.98

commits/s 7401.65
aborts/s 0.00
ops/s 7401.65

commits/s 7365.65
aborts/s 0.00
ops/s 7365.65

commits/s 7383.04
aborts/s 0.00
ops/s 7383.04

commits/s 7324.84
aborts/s 0.00
ops/s 7324.84

commits/s 7255.99
aborts/s 0.00
ops/s 7255.99

commits/s 7372.08
aborts/s 0.00
ops/s 7372.08

commits/s 7326.31
aborts/s 0.00
ops/s 7326.31

commits/s 7377.26
aborts/s 0.00
ops/s 7377.26

commits/s 7355.90
aborts/s 0.00
ops/s 7355.90

commits/s 7465.13
aborts/s 0.00
ops/s 7465.13

commits/s 7380.44
aborts/s 0.00
ops/s 7380.44

commits/s 7452.02
aborts/s 0.00
ops/s 7452.02

commits/s 7280.29
aborts/s 0.00
ops/s 7280.29

commits/s 7271.07
aborts/s 0.00
ops/s 7271.07

commits/s 7426.64
aborts/s 0.00
ops/s 7426.64

commits/s 7272.05
aborts/s 0.00
ops/s 7272.05

commits/s 7309.22
aborts/s 0.00
ops/s 7309.22

commits/s 7340.22
aborts/s 0.00
ops/s 7340.22

commits/s 7369.67
aborts/s 0.00
ops/s 7369.67

commits/s 7362.21
aborts/s 0.00
ops/s 7362.21

commits/s 7456.15
aborts/s 0.00
ops/s 7456.15

commits/s 7398.38
aborts/s 0.00
ops/s 7398.38

commits/s 7555.16
aborts/s 0.00
ops/s 7555.16

commits/s 7507.99
aborts/s 0.00
ops/s 7507.99

commits/s 7373.92
aborts/s 0.00
ops/s 7373.92

commits/s 7404.15
aborts/s 0.00
ops/s 7404.15

commits/s 7095.90
aborts/s 0.00
ops/s 7095.90

commits/s 0.00
aborts/s 0.00
ops/s 0.00

