waitdie
Starting KVS server on :8080
commits/s 0.00
aborts/s 0.00
ops/s 0.00

commits/s 0.00
aborts/s 0.00
ops/s 0.00

commits/s 0.00
aborts/s 0.00
ops/s 0.00

commits/s 0.00
aborts/s 0.00
ops/s 0.00

commits/s 934.59
aborts/s 6.99
ops/s 941.58

commits/s 5392.95
aborts/s 89.87
ops/s 5482.81

commits/s 5323.98
aborts/s 81.98
ops/s 5405.97

commits/s 5355.38
aborts/s 93.99
ops/s 5449.37

commits/s 5406.23
aborts/s 87.97
ops/s 5494.20

commits/s 5331.49
aborts/s 124.99
ops/s 5456.48

commits/s 5319.10
aborts/s 79.99
ops/s 5399.08

commits/s 5361.38
aborts/s 71.99
ops/s 5433.37

commits/s 5519.44
aborts/s 91.99
ops/s 5611.43

commits/s 5463.21
aborts/s 72.99
ops/s 5536.20

commits/s 5375.47
aborts/s 57.99
ops/s 5433.46

commits/s 5425.22
aborts/s 89.99
ops/s 5515.21

commits/s 5350.34
aborts/s 109.99
ops/s 5460.32

commits/s 5346.26
aborts/s 74.99
ops/s 5421.25

commits/s 5360.50
aborts/s 77.99
ops/s 5438.50

commits/s 5511.23
aborts/s 70.99
ops/s 5582.22

commits/s 5369.52
aborts/s 96.99
ops/s 5466.51

commits/s 5526.26
aborts/s 80.99
ops/s 5607.25

commits/s 5389.61
aborts/s 75.99
ops/s 5465.60

commits/s 5377.43
aborts/s 100.99
ops/s 5478.41

commits/s 5350.57
aborts/s 90.99
ops/s 5441.56

commits/s 5397.32
aborts/s 79.99
ops/s 5477.31

commits/s 5441.55
aborts/s 87.99
ops/s 5529.55

commits/s 5290.56
aborts/s 98.99
ops/s 5389.55

commits/s 5487.42
aborts/s 83.99
ops/s 5571.41

commits/s 5286.56
aborts/s 76.99
ops/s 5363.55

commits/s 5345.44
aborts/s 67.99
ops/s 5413.44

commits/s 5449.57
aborts/s 72.99
ops/s 5522.57

commits/s 5354.56
aborts/s 73.99
ops/s 5428.55

commits/s 5312.20
aborts/s 105.98
ops/s 5418.19

commits/s 3849.91
aborts/s 51.97
ops/s 3901.89

