waitdie
Starting KVS server on :8080
commits/s 0.00
aborts/s 0.00
ops/s 0.00

commits/s 0.00
aborts/s 0.00
ops/s 0.00

commits/s 0.00
aborts/s 0.00
ops/s 0.00

commits/s 0.00
aborts/s 0.00
ops/s 0.00

commits/s 0.00
aborts/s 0.00
ops/s 0.00

commits/s 4571.77
aborts/s 59.00
ops/s 4630.76

commits/s 5354.62
aborts/s 79.98
ops/s 5434.60

commits/s 5387.84
aborts/s 76.98
ops/s 5464.82

commits/s 5413.97
aborts/s 64.99
ops/s 5478.96

commits/s 5379.24
aborts/s 86.99
ops/s 5466.23

commits/s 5336.40
aborts/s 69.99
ops/s 5406.39

commits/s 5401.99
aborts/s 74.99
ops/s 5476.98

commits/s 5466.84
aborts/s 83.98
ops/s 5550.83

commits/s 5378.30
aborts/s 102.99
ops/s 5481.28

commits/s 5397.10
aborts/s 97.98
ops/s 5495.09

commits/s 5394.60
aborts/s 73.99
ops/s 5468.60

commits/s 5366.09
aborts/s 73.99
ops/s 5440.08

commits/s 5351.01
aborts/s 63.99
ops/s 5415.00

commits/s 5496.40
aborts/s 86.99
ops/s 5583.39

commits/s 5384.52
aborts/s 71.99
ops/s 5456.51

commits/s 5423.21
aborts/s 69.99
ops/s 5493.20

commits/s 5267.64
aborts/s 61.98
ops/s 5329.63

commits/s 5436.58
aborts/s 86.98
ops/s 5523.55

commits/s 5281.44
aborts/s 67.99
ops/s 5349.43

commits/s 5428.45
aborts/s 82.99
ops/s 5511.44

commits/s 5376.50
aborts/s 94.99
ops/s 5471.49

commits/s 5581.15
aborts/s 72.99
ops/s 5654.14

commits/s 5476.32
aborts/s 79.99
ops/s 5556.31

commits/s 5287.43
aborts/s 91.99
ops/s 5379.42

commits/s 5392.32
aborts/s 96.99
ops/s 5489.31

commits/s 5264.14
aborts/s 73.99
ops/s 5338.13

commits/s 5318.30
aborts/s 95.99
ops/s 5414.29

commits/s 5465.41
aborts/s 78.99
ops/s 5544.40

commits/s 5413.57
aborts/s 84.99
ops/s 5498.57

commits/s 5268.85
aborts/s 69.98
ops/s 5338.83

commits/s 132.97
aborts/s 3.00
ops/s 135.97

