waitdie
Starting KVS server on :8080
commits/s 0.00
aborts/s 0.00
ops/s 0.00

commits/s 0.00
aborts/s 0.00
ops/s 0.00

commits/s 0.00
aborts/s 0.00
ops/s 0.00

commits/s 0.00
aborts/s 0.00
ops/s 0.00

commits/s 148.98
aborts/s 1.00
ops/s 149.98

commits/s 5431.26
aborts/s 73.99
ops/s 5505.25

commits/s 5421.97
aborts/s 73.99
ops/s 5495.96

commits/s 5527.23
aborts/s 85.99
ops/s 5613.22

commits/s 5359.92
aborts/s 106.98
ops/s 5466.90

commits/s 5343.91
aborts/s 95.98
ops/s 5439.89

commits/s 5427.45
aborts/s 88.99
ops/s 5516.44

commits/s 5386.11
aborts/s 86.99
ops/s 5473.10

commits/s 5467.19
aborts/s 80.99
ops/s 5548.18

commits/s 5498.34
aborts/s 73.99
ops/s 5572.33

commits/s 5321.03
aborts/s 90.98
ops/s 5412.02

commits/s 5286.18
aborts/s 79.99
ops/s 5366.17

commits/s 5436.15
aborts/s 78.99
ops/s 5515.13

commits/s 5321.26
aborts/s 69.99
ops/s 5391.26

commits/s 5370.26
aborts/s 90.99
ops/s 5461.25

commits/s 5273.28
aborts/s 85.99
ops/s 5359.27

commits/s 5361.00
aborts/s 86.98
ops/s 5447.99

commits/s 5411.39
aborts/s 89.99
ops/s 5501.38

commits/s 5340.62
aborts/s 90.99
ops/s 5431.62

commits/s 5381.40
aborts/s 77.98
ops/s 5459.38

commits/s 5568.61
aborts/s 82.99
ops/s 5651.61

commits/s 5400.34
aborts/s 69.99
ops/s 5470.33

commits/s 5413.86
aborts/s 70.99
ops/s 5484.84

commits/s 5337.54
aborts/s 84.99
ops/s 5422.54

commits/s 5244.15
aborts/s 85.99
ops/s 5330.13

commits/s 5436.40
aborts/s 85.99
ops/s 5522.39

commits/s 5389.23
aborts/s 67.99
ops/s 5457.22

commits/s 5397.29
aborts/s 69.99
ops/s 5467.28

commits/s 5427.76
aborts/s 79.98
ops/s 5507.74

commits/s 5331.55
aborts/s 86.99
ops/s 5418.54

commits/s 4452.16
aborts/s 51.94
ops/s 4504.10

commits/s 0.00
aborts/s 0.00
ops/s 0.00

