waitdie
Starting KVS server on :8080
commits/s 0.00
aborts/s 0.00
ops/s 0.00

commits/s 0.00
aborts/s 0.00
ops/s 0.00

commits/s 0.00
aborts/s 0.00
ops/s 0.00

commits/s 0.00
aborts/s 0.00
ops/s 0.00

commits/s 0.00
aborts/s 0.00
ops/s 0.00

commits/s 5267.26
aborts/s 0.00
ops/s 5267.26

commits/s 5468.62
aborts/s 0.00
ops/s 5468.62

commits/s 5514.17
aborts/s 0.00
ops/s 5514.17

commits/s 5545.18
aborts/s 0.00
ops/s 5545.18

commits/s 5505.96
aborts/s 0.00
ops/s 5505.96

commits/s 5584.39
aborts/s 0.00
ops/s 5584.39

commits/s 5556.22
aborts/s 0.00
ops/s 5556.22

commits/s 5556.22
aborts/s 0.00
ops/s 5556.22

commits/s 5624.25
aborts/s 0.00
ops/s 5624.25

commits/s 5580.11
aborts/s 0.00
ops/s 5580.11

commits/s 5512.18
aborts/s 0.00
ops/s 5512.18

commits/s 5523.26
aborts/s 0.00
ops/s 5523.26

commits/s 5671.44
aborts/s 0.00
ops/s 5671.44

commits/s 5648.65
aborts/s 0.00
ops/s 5648.65

commits/s 5519.35
aborts/s 0.00
ops/s 5519.35

commits/s 5444.57
aborts/s 0.00
ops/s 5444.57

commits/s 5486.16
aborts/s 0.00
ops/s 5486.16

commits/s 5531.52
aborts/s 0.00
ops/s 5531.52

commits/s 5672.20
aborts/s 0.00
ops/s 5672.20

commits/s 5491.55
aborts/s 0.00
ops/s 5491.55

commits/s 5418.33
aborts/s 0.00
ops/s 5418.33

commits/s 5717.50
aborts/s 0.00
ops/s 5717.50

commits/s 5545.36
aborts/s 0.00
ops/s 5545.36

commits/s 5534.30
aborts/s 0.00
ops/s 5534.30

commits/s 5420.40
aborts/s 0.00
ops/s 5420.40

commits/s 5646.74
aborts/s 0.00
ops/s 5646.74

commits/s 5582.38
aborts/s 0.00
ops/s 5582.38

commits/s 5502.63
aborts/s 0.00
ops/s 5502.63

commits/s 5538.48
aborts/s 0.00
ops/s 5538.48

commits/s 5351.21
aborts/s 0.00
ops/s 5351.21

commits/s 0.00
aborts/s 0.00
ops/s 0.00

