waitdie
Starting KVS server on :8080
commits/s 0.00
aborts/s 0.00
ops/s 0.00

commits/s 0.00
aborts/s 0.00
ops/s 0.00

commits/s 0.00
aborts/s 0.00
ops/s 0.00

commits/s 0.00
aborts/s 0.00
ops/s 0.00

commits/s 20.00
aborts/s 0.00
ops/s 20.00

commits/s 5615.43
aborts/s 0.00
ops/s 5615.43

commits/s 5581.37
aborts/s 0.00
ops/s 5581.37

commits/s 5576.24
aborts/s 0.00
ops/s 5576.24

commits/s 5580.23
aborts/s 0.00
ops/s 5580.23

commits/s 5502.02
aborts/s 0.00
ops/s 5502.02

commits/s 5518.31
aborts/s 0.00
ops/s 5518.31

commits/s 5615.21
aborts/s 0.00
ops/s 5615.21

commits/s 5602.15
aborts/s 0.00
ops/s 5602.15

commits/s 5588.11
aborts/s 0.00
ops/s 5588.11

commits/s 5473.23
aborts/s 0.00
ops/s 5473.23

commits/s 5574.42
aborts/s 0.00
ops/s 5574.42

commits/s 5596.29
aborts/s 0.00
ops/s 5596.29

commits/s 5504.10
aborts/s 0.00
ops/s 5504.10

commits/s 5574.40
aborts/s 0.00
ops/s 5574.40

commits/s 5469.22
aborts/s 0.00
ops/s 5469.22

commits/s 5515.16
aborts/s 0.00
ops/s 5515.16

commits/s 5504.22
aborts/s 0.00
ops/s 5504.22

commits/s 5547.30
aborts/s 0.00
ops/s 5547.30

commits/s 5552.56
aborts/s 0.00
ops/s 5552.56

commits/s 5604.29
aborts/s 0.00
ops/s 5604.29

commits/s 5534.42
aborts/s 0.00
ops/s 5534.42

commits/s 5537.58
aborts/s 0.00
ops/s 5537.58

commits/s 5562.43
aborts/s 0.00
ops/s 5562.43

commits/s 5522.42
aborts/s 0.00
ops/s 5522.42

commits/s 5570.34
aborts/s 0.00
ops/s 5570.34

commits/s 5636.55
aborts/s 0.00
ops/s 5636.55

commits/s 5497.42
aborts/s 0.00
ops/s 5497.42

commits/s 5683.40
aborts/s 0.00
ops/s 5683.40

commits/s 5570.92
aborts/s 0.00
ops/s 5570.92

commits/s 4844.93
aborts/s 0.00
ops/s 4844.93

