waitdie
Starting KVS server on :8080
commits/s 0.00
aborts/s 0.00
ops/s 0.00

commits/s 0.00
aborts/s 0.00
ops/s 0.00

commits/s 0.00
aborts/s 0.00
ops/s 0.00

commits/s 0.00
aborts/s 0.00
ops/s 0.00

commits/s 982.87
aborts/s 0.00
ops/s 982.87

commits/s 5608.56
aborts/s 0.00
ops/s 5608.56

commits/s 5526.62
aborts/s 0.00
ops/s 5526.62

commits/s 5519.00
aborts/s 0.00
ops/s 5519.00

commits/s 5577.15
aborts/s 0.00
ops/s 5577.15

commits/s 5512.16
aborts/s 0.00
ops/s 5512.16

commits/s 5542.23
aborts/s 0.00
ops/s 5542.23

commits/s 5585.07
aborts/s 0.00
ops/s 5585.07

commits/s 5631.30
aborts/s 0.00
ops/s 5631.30

commits/s 5581.19
aborts/s 0.00
ops/s 5581.19

commits/s 5505.14
aborts/s 0.00
ops/s 5505.14

commits/s 5565.38
aborts/s 0.00
ops/s 5565.38

commits/s 5492.04
aborts/s 0.00
ops/s 5492.04

commits/s 5568.18
aborts/s 0.00
ops/s 5568.18

commits/s 5612.50
aborts/s 0.00
ops/s 5612.50

commits/s 5487.39
aborts/s 0.00
ops/s 5487.39

commits/s 5611.99
aborts/s 0.00
ops/s 5611.99

commits/s 5562.57
aborts/s 0.00
ops/s 5562.57

commits/s 5679.32
aborts/s 0.00
ops/s 5679.32

commits/s 5486.44
aborts/s 0.00
ops/s 5486.44

commits/s 5608.31
aborts/s 0.00
ops/s 5608.31

commits/s 5612.41
aborts/s 0.00
ops/s 5612.41

commits/s 5607.53
aborts/s 0.00
ops/s 5607.53

commits/s 5531.38
aborts/s 0.00
ops/s 5531.38

commits/s 5475.58
aborts/s 0.00
ops/s 5475.58

commits/s 5455.31
aborts/s 0.00
ops/s 5455.31

commits/s 5684.78
aborts/s 0.00
ops/s 5684.78

commits/s 5564.35
aborts/s 0.00
ops/s 5564.35

commits/s 5477.37
aborts/s 0.00
ops/s 5477.37

commits/s 5683.20
aborts/s 0.00
ops/s 5683.20

commits/s 4021.10
aborts/s 0.00
ops/s 4021.10

commits/s 0.00
aborts/s 0.00
ops/s 0.00

