waitdie
Starting KVS server on :8080
commits/s 0.00
aborts/s 0.00
ops/s 0.00

commits/s 0.00
aborts/s 0.00
ops/s 0.00

commits/s 0.00
aborts/s 0.00
ops/s 0.00

commits/s 0.00
aborts/s 0.00
ops/s 0.00

commits/s 593.90
aborts/s 0.00
ops/s 593.90

commits/s 5536.26
aborts/s 0.00
ops/s 5536.26

commits/s 5435.86
aborts/s 0.00
ops/s 5435.86

commits/s 5370.35
aborts/s 0.00
ops/s 5370.35

commits/s 5438.39
aborts/s 0.00
ops/s 5438.39

commits/s 5535.32
aborts/s 0.00
ops/s 5535.32

commits/s 5403.93
aborts/s 0.00
ops/s 5403.93

commits/s 5521.89
aborts/s 0.00
ops/s 5521.89

commits/s 5305.57
aborts/s 0.00
ops/s 5305.57

commits/s 5479.08
aborts/s 0.00
ops/s 5479.08

commits/s 5465.17
aborts/s 0.00
ops/s 5465.17

commits/s 5468.41
aborts/s 0.00
ops/s 5468.41

commits/s 5465.50
aborts/s 0.00
ops/s 5465.50

commits/s 5496.23
aborts/s 0.00
ops/s 5496.23

commits/s 5484.49
aborts/s 0.00
ops/s 5484.49

commits/s 5494.87
aborts/s 0.00
ops/s 5494.87

commits/s 5140.13
aborts/s 0.00
ops/s 5140.13

commits/s 5219.95
aborts/s 0.00
ops/s 5219.95

commits/s 5553.22
aborts/s 0.00
ops/s 5553.22

commits/s 5443.51
aborts/s 0.00
ops/s 5443.51

commits/s 5378.48
aborts/s 0.00
ops/s 5378.48

commits/s 5555.35
aborts/s 0.00
ops/s 5555.35

commits/s 5690.56
aborts/s 0.00
ops/s 5690.56

commits/s 5562.65
aborts/s 0.00
ops/s 5562.65

commits/s 5519.08
aborts/s 0.00
ops/s 5519.08

commits/s 5493.57
aborts/s 0.00
ops/s 5493.57

commits/s 5258.65
aborts/s 0.00
ops/s 5258.65

commits/s 5603.38
aborts/s 0.00
ops/s 5603.38

commits/s 5631.32
aborts/s 0.00
ops/s 5631.32

commits/s 5547.22
aborts/s 0.00
ops/s 5547.22

commits/s 4955.70
aborts/s 0.00
ops/s 4955.70

commits/s 0.00
aborts/s 0.00
ops/s 0.00

