waitdie
Starting KVS server on :8080
commits/s 0.00
aborts/s 0.00
ops/s 0.00

commits/s 0.00
aborts/s 0.00
ops/s 0.00

commits/s 0.00
aborts/s 0.00
ops/s 0.00

commits/s 0.00
aborts/s 0.00
ops/s 0.00

commits/s 15.00
aborts/s 0.00
ops/s 15.00

commits/s 5510.47
aborts/s 0.00
ops/s 5510.47

commits/s 5451.50
aborts/s 0.00
ops/s 5451.50

commits/s 5478.40
aborts/s 0.00
ops/s 5478.40

commits/s 5353.20
aborts/s 0.00
ops/s 5353.20

commits/s 5482.45
aborts/s 0.00
ops/s 5482.45

commits/s 5530.20
aborts/s 0.00
ops/s 5530.20

commits/s 5587.14
aborts/s 0.00
ops/s 5587.14

commits/s 5232.02
aborts/s 0.00
ops/s 5232.02

commits/s 5443.90
aborts/s 0.00
ops/s 5443.90

commits/s 5426.22
aborts/s 0.00
ops/s 5426.22

commits/s 5465.35
aborts/s 0.00
ops/s 5465.35

commits/s 5498.63
aborts/s 0.00
ops/s 5498.63

commits/s 5374.18
aborts/s 0.00
ops/s 5374.18

commits/s 5586.46
aborts/s 0.00
ops/s 5586.46

commits/s 5540.52
aborts/s 0.00
ops/s 5540.52

commits/s 5200.32
aborts/s 0.00
ops/s 5200.32

commits/s 5395.47
aborts/s 0.00
ops/s 5395.47

commits/s 5532.27
aborts/s 0.00
ops/s 5532.27

commits/s 5602.55
aborts/s 0.00
ops/s 5602.55

commits/s 5466.31
aborts/s 0.00
ops/s 5466.31

commits/s 5392.48
aborts/s 0.00
ops/s 5392.48

commits/s 5609.51
aborts/s 0.00
ops/s 5609.51

commits/s 5578.42
aborts/s 0.00
ops/s 5578.42

commits/s 5483.23
aborts/s 1.00
ops/s 5484.23

commits/s 5613.60
aborts/s 0.00
ops/s 5613.60

commits/s 5507.95
aborts/s 0.00
ops/s 5507.95

commits/s 5432.65
aborts/s 0.00
ops/s 5432.65

commits/s 5457.59
aborts/s 0.00
ops/s 5457.59

commits/s 5534.20
aborts/s 1.00
ops/s 5535.20

commits/s 5433.79
aborts/s 0.00
ops/s 5433.79

commits/s 0.00
aborts/s 0.00
ops/s 0.00

