waitdie
Starting KVS server on :8080
commits/s 0.00
aborts/s 0.00
ops/s 0.00

commits/s 0.00
aborts/s 0.00
ops/s 0.00

commits/s 0.00
aborts/s 0.00
ops/s 0.00

commits/s 0.00
aborts/s 0.00
ops/s 0.00

commits/s 841.92
aborts/s 0.00
ops/s 841.92

commits/s 5458.79
aborts/s 0.00
ops/s 5458.79

commits/s 5438.17
aborts/s 0.00
ops/s 5438.17

commits/s 5419.23
aborts/s 0.00
ops/s 5419.23

commits/s 5515.39
aborts/s 0.00
ops/s 5515.39

commits/s 5419.21
aborts/s 0.00
ops/s 5419.21

commits/s 5465.27
aborts/s 0.00
ops/s 5465.27

commits/s 5521.24
aborts/s 0.00
ops/s 5521.24

commits/s 5241.51
aborts/s 0.00
ops/s 5241.51

commits/s 5467.14
aborts/s 0.00
ops/s 5467.14

commits/s 5466.59
aborts/s 0.00
ops/s 5466.59

commits/s 5590.14
aborts/s 0.00
ops/s 5590.14

commits/s 5454.50
aborts/s 0.00
ops/s 5454.50

commits/s 5311.51
aborts/s 0.00
ops/s 5311.51

commits/s 5578.31
aborts/s 0.00
ops/s 5578.31

commits/s 5622.56
aborts/s 0.00
ops/s 5622.56

commits/s 5174.34
aborts/s 1.00
ops/s 5175.34

commits/s 5307.20
aborts/s 0.00
ops/s 5307.20

commits/s 5504.59
aborts/s 0.00
ops/s 5504.59

commits/s 5612.45
aborts/s 0.00
ops/s 5612.45

commits/s 5523.64
aborts/s 0.00
ops/s 5523.64

commits/s 5305.50
aborts/s 0.00
ops/s 5305.50

commits/s 5546.25
aborts/s 0.00
ops/s 5546.25

commits/s 5509.36
aborts/s 0.00
ops/s 5509.36

commits/s 5610.61
aborts/s 0.00
ops/s 5610.61

commits/s 5529.54
aborts/s 0.00
ops/s 5529.54

commits/s 5425.40
aborts/s 0.00
ops/s 5425.40

commits/s 5361.48
aborts/s 0.00
ops/s 5361.48

commits/s 5470.96
aborts/s 0.00
ops/s 5470.96

commits/s 5561.58
aborts/s 0.00
ops/s 5561.58

commits/s 4874.31
aborts/s 0.00
ops/s 4874.31

commits/s 0.00
aborts/s 0.00
ops/s 0.00

