waitdie
Starting KVS server on :8080
commits/s 0.00
aborts/s 0.00
ops/s 0.00

commits/s 0.00
aborts/s 0.00
ops/s 0.00

commits/s 0.00
aborts/s 0.00
ops/s 0.00

commits/s 0.00
aborts/s 0.00
ops/s 0.00

commits/s 0.00
aborts/s 0.00
ops/s 0.00

commits/s 6132.61
aborts/s 2127.86
ops/s 8260.48

commits/s 6949.05
aborts/s 2396.33
ops/s 9345.38

commits/s 6848.26
aborts/s 2518.73
ops/s 9366.99

commits/s 7068.16
aborts/s 2342.72
ops/s 9410.88

commits/s 7065.24
aborts/s 2468.73
ops/s 9533.97

commits/s 7169.24
aborts/s 2406.74
ops/s 9575.98

commits/s 7068.09
aborts/s 2409.69
ops/s 9477.78

commits/s 7068.09
aborts/s 2423.69
ops/s 9491.78

commits/s 7111.91
aborts/s 2508.62
ops/s 9620.53

commits/s 7076.24
aborts/s 2190.76
ops/s 9267.00

commits/s 7080.01
aborts/s 2333.67
ops/s 9413.69

commits/s 7070.71
aborts/s 2466.55
ops/s 9537.25

commits/s 7313.56
aborts/s 2288.55
ops/s 9602.11

commits/s 7148.34
aborts/s 2323.78
ops/s 9472.12

commits/s 6988.26
aborts/s 2558.73
ops/s 9546.99

commits/s 6952.29
aborts/s 2530.74
ops/s 9483.03

commits/s 7096.29
aborts/s 2356.43
ops/s 9452.72

commits/s 7003.01
aborts/s 2440.65
ops/s 9443.66

commits/s 6826.97
aborts/s 2521.62
ops/s 9348.59

commits/s 7199.26
aborts/s 2271.76
ops/s 9471.02

commits/s 7018.72
aborts/s 2509.54
ops/s 9528.26

commits/s 7024.33
aborts/s 2529.76
ops/s 9554.08

commits/s 7168.20
aborts/s 2356.74
ops/s 9524.93

commits/s 7031.36
aborts/s 2429.78
ops/s 9461.14

commits/s 7086.07
aborts/s 2526.67
ops/s 9612.74

commits/s 7215.52
aborts/s 2339.84
ops/s 9555.36

commits/s 7263.52
aborts/s 2443.50
ops/s 9707.02

commits/s 7111.33
aborts/s 2397.78
ops/s 9509.11

commits/s 6886.25
aborts/s 2609.71
ops/s 9495.96

commits/s 7126.72
aborts/s 2470.56
ops/s 9597.28

commits/s 152.94
aborts/s 35.99
ops/s 188.92

