waitdie
Starting KVS server on :8080
commits/s 0.00
aborts/s 0.00
ops/s 0.00

commits/s 0.00
aborts/s 0.00
ops/s 0.00

commits/s 0.00
aborts/s 0.00
ops/s 0.00

commits/s 0.00
aborts/s 0.00
ops/s 0.00

commits/s 0.00
aborts/s 0.00
ops/s 0.00

commits/s 6732.61
aborts/s 2507.85
ops/s 9240.46

commits/s 6940.12
aborts/s 2371.70
ops/s 9311.82

commits/s 7134.75
aborts/s 2395.58
ops/s 9530.34

commits/s 6841.06
aborts/s 2593.64
ops/s 9434.70

commits/s 7180.78
aborts/s 2380.60
ops/s 9561.38

commits/s 7033.31
aborts/s 2430.42
ops/s 9463.73

commits/s 7019.00
aborts/s 2547.64
ops/s 9566.63

commits/s 7031.16
aborts/s 2366.72
ops/s 9397.87

commits/s 6991.67
aborts/s 2537.52
ops/s 9529.19

commits/s 7041.84
aborts/s 2627.57
ops/s 9669.40

commits/s 7067.07
aborts/s 2519.67
ops/s 9586.73

commits/s 7165.94
aborts/s 2406.64
ops/s 9572.58

commits/s 7049.65
aborts/s 2456.53
ops/s 9506.18

commits/s 7337.23
aborts/s 2230.76
ops/s 9567.99

commits/s 7066.64
aborts/s 2348.55
ops/s 9415.18

commits/s 6966.22
aborts/s 2420.73
ops/s 9386.95

commits/s 7165.88
aborts/s 2387.63
ops/s 9553.51

commits/s 6940.07
aborts/s 2547.66
ops/s 9487.72

commits/s 6548.16
aborts/s 2598.67
ops/s 9146.83

commits/s 6697.23
aborts/s 2734.68
ops/s 9431.91

commits/s 7156.20
aborts/s 2315.74
ops/s 9471.94

commits/s 7254.91
aborts/s 2398.64
ops/s 9653.55

commits/s 7113.40
aborts/s 2422.80
ops/s 9536.20

commits/s 7011.23
aborts/s 2544.72
ops/s 9555.96

commits/s 6873.22
aborts/s 2412.73
ops/s 9285.95

commits/s 7142.19
aborts/s 2379.73
ops/s 9521.92

commits/s 6774.43
aborts/s 2684.78
ops/s 9459.21

commits/s 7306.31
aborts/s 2319.78
ops/s 9626.09

commits/s 7164.47
aborts/s 2408.82
ops/s 9573.29

commits/s 6816.30
aborts/s 2083.95
ops/s 8900.25

commits/s 0.00
aborts/s 0.00
ops/s 0.00

