waitdie
Starting KVS server on :8080
commits/s 0.00
aborts/s 0.00
ops/s 0.00

commits/s 0.00
aborts/s 0.00
ops/s 0.00

commits/s 0.00
aborts/s 0.00
ops/s 0.00

commits/s 0.00
aborts/s 0.00
ops/s 0.00

commits/s 8.00
aborts/s 1.00
ops/s 9.00

commits/s 7097.52
aborts/s 2509.83
ops/s 9607.35

commits/s 6979.20
aborts/s 2426.72
ops/s 9405.93

commits/s 6808.14
aborts/s 2518.68
ops/s 9326.82

commits/s 7021.03
aborts/s 2348.68
ops/s 9369.71

commits/s 7041.13
aborts/s 2456.70
ops/s 9497.82

commits/s 7242.85
aborts/s 2308.63
ops/s 9551.48

commits/s 7135.09
aborts/s 2454.69
ops/s 9589.78

commits/s 6913.88
aborts/s 2521.59
ops/s 9435.48

commits/s 7100.76
aborts/s 2365.59
ops/s 9466.34

commits/s 6970.22
aborts/s 2615.71
ops/s 9585.92

commits/s 7082.72
aborts/s 2437.56
ops/s 9520.28

commits/s 6815.24
aborts/s 2730.70
ops/s 9545.94

commits/s 7128.05
aborts/s 2484.67
ops/s 9612.72

commits/s 7150.41
aborts/s 2374.47
ops/s 9524.89

commits/s 7213.23
aborts/s 2452.74
ops/s 9665.97

commits/s 7058.32
aborts/s 2377.43
ops/s 9435.75

commits/s 7131.70
aborts/s 2300.58
ops/s 9432.28

commits/s 6801.25
aborts/s 2624.71
ops/s 9425.96

commits/s 7232.09
aborts/s 2404.70
ops/s 9636.79

commits/s 7027.16
aborts/s 2348.72
ops/s 9375.88

commits/s 7344.10
aborts/s 2382.71
ops/s 9726.81

commits/s 6902.09
aborts/s 2467.68
ops/s 9369.77

commits/s 7043.25
aborts/s 2483.74
ops/s 9526.99

commits/s 7086.21
aborts/s 2327.74
ops/s 9413.95

commits/s 7211.39
aborts/s 2340.80
ops/s 9552.19

commits/s 7014.99
aborts/s 2522.64
ops/s 9537.63

commits/s 7094.22
aborts/s 2559.72
ops/s 9653.94

commits/s 6953.19
aborts/s 2591.70
ops/s 9544.89

commits/s 6744.70
aborts/s 2649.49
ops/s 9394.19

commits/s 6302.51
aborts/s 2139.80
ops/s 8442.31

commits/s 0.00
aborts/s 0.00
ops/s 0.00

