woundwait
Starting KVS server on :8080
commits/s 0.00
aborts/s 0.00
ops/s 0.00

commits/s 0.00
aborts/s 0.00
ops/s 0.00

commits/s 0.00
aborts/s 0.00
ops/s 0.00

commits/s 0.00
aborts/s 0.00
ops/s 0.00

commits/s 0.00
aborts/s 0.00
ops/s 0.00

commits/s 3783.79
aborts/s 109.99
ops/s 3893.78

commits/s 3850.51
aborts/s 103.99
ops/s 3954.50

commits/s 3843.23
aborts/s 114.98
ops/s 3958.20

commits/s 3850.44
aborts/s 130.98
ops/s 3981.42

commits/s 3956.88
aborts/s 106.97
ops/s 4063.85

commits/s 3909.53
aborts/s 111.99
ops/s 4021.52

commits/s 3889.29
aborts/s 130.98
ops/s 4020.27

commits/s 3889.15
aborts/s 127.97
ops/s 4017.12

commits/s 3920.39
aborts/s 130.98
ops/s 4051.37

commits/s 3868.34
aborts/s 120.98
ops/s 3989.32

commits/s 3885.21
aborts/s 118.98
ops/s 4004.18

commits/s 3835.16
aborts/s 122.97
ops/s 3958.13

commits/s 3926.54
aborts/s 89.99
ops/s 4016.53

commits/s 3909.51
aborts/s 126.98
ops/s 4036.49

commits/s 3848.45
aborts/s 112.98
ops/s 3961.44

commits/s 3953.78
aborts/s 108.97
ops/s 4062.75

commits/s 4019.51
aborts/s 109.99
ops/s 4129.49

commits/s 3901.40
aborts/s 116.98
ops/s 4018.39

commits/s 3867.36
aborts/s 110.98
ops/s 3978.35

commits/s 3872.46
aborts/s 163.98
ops/s 4036.44

commits/s 3813.47
aborts/s 121.98
ops/s 3935.45

commits/s 3940.74
aborts/s 125.96
ops/s 4066.70

commits/s 3939.53
aborts/s 113.99
ops/s 4053.51

commits/s 3929.69
aborts/s 122.99
ops/s 4052.68

commits/s 3855.30
aborts/s 128.98
ops/s 3984.27

commits/s 3844.76
aborts/s 94.99
ops/s 3939.75

commits/s 3934.43
aborts/s 120.98
ops/s 4055.41

commits/s 3970.50
aborts/s 134.98
ops/s 4105.48

commits/s 3850.40
aborts/s 98.98
ops/s 3949.38

commits/s 3557.60
aborts/s 99.99
ops/s 3657.58

