woundwait
Starting KVS server on :8080
commits/s 0.00
aborts/s 0.00
ops/s 0.00

commits/s 0.00
aborts/s 0.00
ops/s 0.00

commits/s 0.00
aborts/s 0.00
ops/s 0.00

commits/s 0.00
aborts/s 0.00
ops/s 0.00

commits/s 0.00
aborts/s 0.00
ops/s 0.00

commits/s 3447.72
aborts/s 123.99
ops/s 3571.71

commits/s 3851.65
aborts/s 99.99
ops/s 3951.64

commits/s 3851.34
aborts/s 100.98
ops/s 3952.33

commits/s 3915.40
aborts/s 110.98
ops/s 4026.38

commits/s 3907.38
aborts/s 110.98
ops/s 4018.36

commits/s 3931.25
aborts/s 109.98
ops/s 4041.23

commits/s 3897.36
aborts/s 106.98
ops/s 4004.34

commits/s 3908.33
aborts/s 119.98
ops/s 4028.31

commits/s 3797.58
aborts/s 103.99
ops/s 3901.56

commits/s 3855.40
aborts/s 170.97
ops/s 4026.37

commits/s 3888.34
aborts/s 114.98
ops/s 4003.32

commits/s 3902.55
aborts/s 112.99
ops/s 4015.54

commits/s 3892.31
aborts/s 108.98
ops/s 4001.29

commits/s 3836.26
aborts/s 135.97
ops/s 3972.23

commits/s 3858.57
aborts/s 118.99
ops/s 3977.56

commits/s 3817.47
aborts/s 133.98
ops/s 3951.45

commits/s 3760.02
aborts/s 138.96
ops/s 3898.98

commits/s 3901.43
aborts/s 107.98
ops/s 4009.41

commits/s 3883.34
aborts/s 115.98
ops/s 3999.32

commits/s 3897.63
aborts/s 119.99
ops/s 4017.62

commits/s 3944.84
aborts/s 132.96
ops/s 4077.80

commits/s 3875.23
aborts/s 108.98
ops/s 3984.20

commits/s 3848.68
aborts/s 97.99
ops/s 3946.67

commits/s 3846.44
aborts/s 135.98
ops/s 3982.43

commits/s 3926.53
aborts/s 118.99
ops/s 4045.52

commits/s 3822.50
aborts/s 130.98
ops/s 3953.49

commits/s 3873.67
aborts/s 116.99
ops/s 3990.66

commits/s 3933.51
aborts/s 121.98
ops/s 4055.50

commits/s 3843.45
aborts/s 112.98
ops/s 3956.44

commits/s 3880.53
aborts/s 143.87
ops/s 4024.40

commits/s 0.00
aborts/s 0.00
ops/s 0.00

