woundwait
Starting KVS server on :8080
commits/s 0.00
aborts/s 0.00
ops/s 0.00

commits/s 0.00
aborts/s 0.00
ops/s 0.00

commits/s 0.00
aborts/s 0.00
ops/s 0.00

commits/s 0.00
aborts/s 0.00
ops/s 0.00

commits/s 0.00
aborts/s 0.00
ops/s 0.00

commits/s 3879.81
aborts/s 151.99
ops/s 4031.80

commits/s 3936.58
aborts/s 103.99
ops/s 4040.57

commits/s 3821.43
aborts/s 111.98
ops/s 3933.41

commits/s 3947.40
aborts/s 103.98
ops/s 4051.39

commits/s 3906.40
aborts/s 130.98
ops/s 4037.38

commits/s 3765.40
aborts/s 138.98
ops/s 3904.38

commits/s 3818.33
aborts/s 140.98
ops/s 3959.30

commits/s 3877.30
aborts/s 135.98
ops/s 4013.28

commits/s 3978.49
aborts/s 104.99
ops/s 4083.47

commits/s 3859.26
aborts/s 107.98
ops/s 3967.23

commits/s 3884.02
aborts/s 127.97
ops/s 4011.99

commits/s 3858.36
aborts/s 129.98
ops/s 3988.34

commits/s 3859.59
aborts/s 125.99
ops/s 3985.57

commits/s 3823.44
aborts/s 132.98
ops/s 3956.42

commits/s 3775.49
aborts/s 116.98
ops/s 3892.47

commits/s 3922.35
aborts/s 107.98
ops/s 4030.33

commits/s 3891.56
aborts/s 107.99
ops/s 3999.55

commits/s 3963.32
aborts/s 122.98
ops/s 4086.30

commits/s 3955.48
aborts/s 123.98
ops/s 4079.47

commits/s 3929.26
aborts/s 124.98
ops/s 4054.24

commits/s 3897.46
aborts/s 130.98
ops/s 4028.44

commits/s 3847.63
aborts/s 121.99
ops/s 3969.61

commits/s 3800.44
aborts/s 118.98
ops/s 3919.42

commits/s 3849.56
aborts/s 137.98
ops/s 3987.55

commits/s 3881.30
aborts/s 110.95
ops/s 3992.26

commits/s 3926.47
aborts/s 116.98
ops/s 4043.45

commits/s 3855.59
aborts/s 142.98
ops/s 3998.57

commits/s 3987.54
aborts/s 114.96
ops/s 4102.49

commits/s 3825.62
aborts/s 138.99
ops/s 3964.61

commits/s 3483.40
aborts/s 89.98
ops/s 3573.38

commits/s 0.00
aborts/s 0.00
ops/s 0.00

