nowait
Starting KVS server on :8080
commits/s 0.00
aborts/s 0.00
ops/s 0.00

commits/s 0.00
aborts/s 0.00
ops/s 0.00

commits/s 0.00
aborts/s 0.00
ops/s 0.00

commits/s 0.00
aborts/s 0.00
ops/s 0.00

commits/s 872.95
aborts/s 31.00
ops/s 903.95

commits/s 5466.44
aborts/s 92.99
ops/s 5559.43

commits/s 5448.20
aborts/s 100.99
ops/s 5549.19

commits/s 5463.36
aborts/s 129.98
ops/s 5593.34

commits/s 5547.26
aborts/s 107.99
ops/s 5655.25

commits/s 5527.35
aborts/s 101.99
ops/s 5629.33

commits/s 5498.33
aborts/s 124.98
ops/s 5623.31

commits/s 5416.26
aborts/s 120.98
ops/s 5537.25

commits/s 5414.25
aborts/s 104.99
ops/s 5519.24

commits/s 5523.33
aborts/s 123.98
ops/s 5647.31

commits/s 5416.39
aborts/s 109.99
ops/s 5526.38

commits/s 5465.20
aborts/s 102.98
ops/s 5568.18

commits/s 5427.79
aborts/s 115.97
ops/s 5543.76

commits/s 5403.51
aborts/s 104.99
ops/s 5508.50

commits/s 5366.08
aborts/s 87.98
ops/s 5454.07

commits/s 5378.97
aborts/s 115.98
ops/s 5494.95

commits/s 5488.40
aborts/s 125.99
ops/s 5614.39

commits/s 5470.68
aborts/s 127.99
ops/s 5598.67

commits/s 5465.97
aborts/s 97.98
ops/s 5563.95

commits/s 5402.06
aborts/s 134.98
ops/s 5537.04

commits/s 5502.54
aborts/s 138.99
ops/s 5641.53

commits/s 5407.23
aborts/s 103.99
ops/s 5511.21

commits/s 5340.23
aborts/s 120.98
ops/s 5461.21

commits/s 5412.28
aborts/s 131.98
ops/s 5544.26

commits/s 5401.42
aborts/s 92.99
ops/s 5494.41

commits/s 5348.68
aborts/s 123.99
ops/s 5472.68

commits/s 5429.30
aborts/s 104.99
ops/s 5534.29

commits/s 5541.16
aborts/s 134.98
ops/s 5676.14

commits/s 5417.51
aborts/s 161.96
ops/s 5579.47

commits/s 5408.45
aborts/s 132.99
ops/s 5541.44

commits/s 4010.66
aborts/s 85.91
ops/s 4096.56

commits/s 0.00
aborts/s 0.00
ops/s 0.00

