nowait
Starting KVS server on :8080
commits/s 0.00
aborts/s 0.00
ops/s 0.00

commits/s 0.00
aborts/s 0.00
ops/s 0.00

commits/s 0.00
aborts/s 0.00
ops/s 0.00

commits/s 0.00
aborts/s 0.00
ops/s 0.00

commits/s 1598.83
aborts/s 30.00
ops/s 1628.83

commits/s 5428.30
aborts/s 118.98
ops/s 5547.28

commits/s 5442.31
aborts/s 94.94
ops/s 5537.24

commits/s 5458.24
aborts/s 122.98
ops/s 5581.23

commits/s 5442.10
aborts/s 96.98
ops/s 5539.08

commits/s 5450.00
aborts/s 117.98
ops/s 5567.97

commits/s 5396.38
aborts/s 122.99
ops/s 5519.37

commits/s 5478.25
aborts/s 159.98
ops/s 5638.23

commits/s 5462.38
aborts/s 148.98
ops/s 5611.37

commits/s 5411.27
aborts/s 139.96
ops/s 5551.23

commits/s 5273.34
aborts/s 126.98
ops/s 5400.32

commits/s 5428.03
aborts/s 141.97
ops/s 5570.01

commits/s 5398.35
aborts/s 99.99
ops/s 5498.34

commits/s 5461.42
aborts/s 103.97
ops/s 5565.39

commits/s 5463.42
aborts/s 121.99
ops/s 5585.41

commits/s 5438.36
aborts/s 88.99
ops/s 5527.35

commits/s 5464.39
aborts/s 98.99
ops/s 5563.38

commits/s 5471.17
aborts/s 143.98
ops/s 5615.15

commits/s 5438.40
aborts/s 108.99
ops/s 5547.39

commits/s 5424.71
aborts/s 96.98
ops/s 5521.69

commits/s 5449.40
aborts/s 131.99
ops/s 5581.39

commits/s 5458.51
aborts/s 93.99
ops/s 5552.50

commits/s 5478.24
aborts/s 122.98
ops/s 5601.22

commits/s 5441.51
aborts/s 131.99
ops/s 5573.50

commits/s 5375.44
aborts/s 145.98
ops/s 5521.43

commits/s 5356.81
aborts/s 112.97
ops/s 5469.78

commits/s 5480.86
aborts/s 111.98
ops/s 5592.84

commits/s 5574.34
aborts/s 92.99
ops/s 5667.33

commits/s 5316.41
aborts/s 105.99
ops/s 5422.39

commits/s 5290.54
aborts/s 118.99
ops/s 5409.53

commits/s 3183.25
aborts/s 88.92
ops/s 3272.18

