nowait
Starting KVS server on :8080
commits/s 0.00
aborts/s 0.00
ops/s 0.00

commits/s 0.00
aborts/s 0.00
ops/s 0.00

commits/s 0.00
aborts/s 0.00
ops/s 0.00

commits/s 0.00
aborts/s 0.00
ops/s 0.00

commits/s 867.81
aborts/s 8.00
ops/s 875.81

commits/s 5358.22
aborts/s 140.98
ops/s 5499.20

commits/s 5378.39
aborts/s 113.99
ops/s 5492.38

commits/s 5463.27
aborts/s 102.99
ops/s 5566.26

commits/s 5493.28
aborts/s 88.99
ops/s 5582.27

commits/s 5395.35
aborts/s 88.99
ops/s 5484.34

commits/s 5369.50
aborts/s 120.97
ops/s 5490.47

commits/s 5346.42
aborts/s 96.99
ops/s 5443.41

commits/s 5443.32
aborts/s 142.98
ops/s 5586.30

commits/s 5437.30
aborts/s 102.99
ops/s 5540.28

commits/s 5319.95
aborts/s 107.98
ops/s 5427.93

commits/s 5456.21
aborts/s 156.98
ops/s 5613.18

commits/s 5422.03
aborts/s 116.98
ops/s 5539.01

commits/s 5432.61
aborts/s 135.99
ops/s 5568.60

commits/s 5486.49
aborts/s 117.99
ops/s 5604.48

commits/s 5476.39
aborts/s 130.99
ops/s 5607.38

commits/s 5460.35
aborts/s 85.99
ops/s 5546.34

commits/s 5491.09
aborts/s 135.98
ops/s 5627.07

commits/s 5316.54
aborts/s 107.99
ops/s 5424.53

commits/s 5442.29
aborts/s 113.99
ops/s 5556.28

commits/s 5528.75
aborts/s 78.98
ops/s 5607.73

commits/s 5424.53
aborts/s 122.99
ops/s 5547.52

commits/s 5383.17
aborts/s 106.98
ops/s 5490.15

commits/s 5390.52
aborts/s 112.99
ops/s 5503.51

commits/s 5261.88
aborts/s 103.98
ops/s 5365.86

commits/s 5361.52
aborts/s 124.99
ops/s 5486.51

commits/s 5564.36
aborts/s 104.99
ops/s 5669.35

commits/s 5490.62
aborts/s 124.99
ops/s 5615.61

commits/s 5443.35
aborts/s 112.99
ops/s 5556.34

commits/s 5486.56
aborts/s 123.99
ops/s 5610.55

commits/s 3905.85
aborts/s 73.96
ops/s 3979.81

