waitdie
Starting KVS server on :8080
commits/s 0.00
aborts/s 0.00
ops/s 0.00

commits/s 0.00
aborts/s 0.00
ops/s 0.00

commits/s 0.00
aborts/s 0.00
ops/s 0.00

commits/s 0.00
aborts/s 0.00
ops/s 0.00

commits/s 1694.91
aborts/s 1015.94
ops/s 2710.85

commits/s 6855.16
aborts/s 4801.71
ops/s 11656.86

commits/s 6757.03
aborts/s 4923.30
ops/s 11680.33

commits/s 6811.46
aborts/s 5002.60
ops/s 11814.06

commits/s 6840.27
aborts/s 5020.47
ops/s 11860.74

commits/s 7146.06
aborts/s 4743.37
ops/s 11889.43

commits/s 7065.19
aborts/s 4834.76
ops/s 11899.96

commits/s 6906.91
aborts/s 4759.25
ops/s 11666.16

commits/s 6829.24
aborts/s 5223.65
ops/s 12052.89

commits/s 6917.94
aborts/s 4817.26
ops/s 11735.21

commits/s 7216.25
aborts/s 4825.83
ops/s 12042.07

commits/s 6952.29
aborts/s 4968.50
ops/s 11920.79

commits/s 7209.18
aborts/s 4570.48
ops/s 11779.66

commits/s 6988.21
aborts/s 4880.45
ops/s 11868.65

commits/s 6988.46
aborts/s 4788.95
ops/s 11777.41

commits/s 6925.55
aborts/s 4811.30
ops/s 11736.86

commits/s 6803.84
aborts/s 5025.14
ops/s 11828.99

commits/s 6976.35
aborts/s 4787.87
ops/s 11764.21

commits/s 7230.97
aborts/s 4488.36
ops/s 11719.33

commits/s 7039.58
aborts/s 4700.05
ops/s 11739.63

commits/s 6921.31
aborts/s 4587.54
ops/s 11508.85

commits/s 7083.26
aborts/s 4775.50
ops/s 11858.76

commits/s 7203.26
aborts/s 4875.50
ops/s 12078.76

commits/s 7149.10
aborts/s 4606.42
ops/s 11755.52

commits/s 7160.99
aborts/s 4833.32
ops/s 11994.31

commits/s 7047.15
aborts/s 4915.41
ops/s 11962.56

commits/s 7194.92
aborts/s 4512.32
ops/s 11707.24

commits/s 7005.44
aborts/s 4816.93
ops/s 11822.37

commits/s 7349.03
aborts/s 4531.40
ops/s 11880.44

commits/s 7407.18
aborts/s 4615.49
ops/s 12022.67

commits/s 4654.81
aborts/s 3450.12
ops/s 8104.93

