waitdie
Starting KVS server on :8080
commits/s 0.00
aborts/s 0.00
ops/s 0.00

commits/s 0.00
aborts/s 0.00
ops/s 0.00

commits/s 0.00
aborts/s 0.00
ops/s 0.00

commits/s 0.00
aborts/s 0.00
ops/s 0.00

commits/s 1958.89
aborts/s 1242.93
ops/s 3201.83

commits/s 6587.12
aborts/s 5085.23
ops/s 11672.35

commits/s 7018.25
aborts/s 4731.50
ops/s 11749.75

commits/s 7015.96
aborts/s 5014.26
ops/s 12030.21

commits/s 6849.23
aborts/s 5039.44
ops/s 11888.67

commits/s 6823.39
aborts/s 5251.76
ops/s 12075.14

commits/s 6908.55
aborts/s 4981.96
ops/s 11890.51

commits/s 7022.75
aborts/s 4846.14
ops/s 11868.89

commits/s 6767.01
aborts/s 5127.25
ops/s 11894.26

commits/s 6870.84
aborts/s 5048.15
ops/s 11918.99

commits/s 7023.06
aborts/s 4881.34
ops/s 11904.40

commits/s 6815.95
aborts/s 5033.23
ops/s 11849.18

commits/s 6927.88
aborts/s 4821.22
ops/s 11749.10

commits/s 6950.40
aborts/s 4832.89
ops/s 11783.29

commits/s 7073.04
aborts/s 4841.34
ops/s 11914.38

commits/s 7099.91
aborts/s 4523.30
ops/s 11623.21

commits/s 7014.08
aborts/s 4763.38
ops/s 11777.46

commits/s 7059.29
aborts/s 4837.52
ops/s 11896.81

commits/s 7130.68
aborts/s 4985.08
ops/s 12115.76

commits/s 6972.28
aborts/s 4827.50
ops/s 11799.78

commits/s 6640.15
aborts/s 5157.34
ops/s 11797.49

commits/s 7225.97
aborts/s 4666.33
ops/s 11892.30

commits/s 7239.00
aborts/s 4557.37
ops/s 11796.37

commits/s 7203.07
aborts/s 4730.39
ops/s 11933.46

commits/s 7331.27
aborts/s 4617.54
ops/s 11948.81

commits/s 7102.33
aborts/s 4781.55
ops/s 11883.88

commits/s 6928.22
aborts/s 5305.41
ops/s 12233.63

commits/s 7178.24
aborts/s 4842.49
ops/s 12020.73

commits/s 6824.48
aborts/s 5134.86
ops/s 11959.34

commits/s 7477.23
aborts/s 4452.54
ops/s 11929.77

commits/s 4302.57
aborts/s 3126.51
ops/s 7429.07

commits/s 0.00
aborts/s 0.00
ops/s 0.00

