waitdie
Starting KVS server on :8080
commits/s 0.00
aborts/s 0.00
ops/s 0.00

commits/s 0.00
aborts/s 0.00
ops/s 0.00

commits/s 0.00
aborts/s 0.00
ops/s 0.00

commits/s 0.00
aborts/s 0.00
ops/s 0.00

commits/s 1285.82
aborts/s 741.90
ops/s 2027.72

commits/s 7099.27
aborts/s 4834.50
ops/s 11933.77

commits/s 7002.23
aborts/s 4872.46
ops/s 11874.69

commits/s 6780.75
aborts/s 4932.09
ops/s 11712.84

commits/s 6896.82
aborts/s 5044.14
ops/s 11940.96

commits/s 7100.57
aborts/s 4729.05
ops/s 11829.61

commits/s 6727.16
aborts/s 4895.39
ops/s 11622.54

commits/s 7056.02
aborts/s 4824.33
ops/s 11880.36

commits/s 6818.84
aborts/s 4820.18
ops/s 11639.02

commits/s 6725.38
aborts/s 4883.55
ops/s 11608.93

commits/s 7093.15
aborts/s 4800.43
ops/s 11893.58

commits/s 6735.39
aborts/s 5013.54
ops/s 11748.93

commits/s 6975.22
aborts/s 4774.78
ops/s 11750.00

commits/s 7156.20
aborts/s 4652.48
ops/s 11808.68

commits/s 7107.91
aborts/s 4755.27
ops/s 11863.18

commits/s 7161.11
aborts/s 4710.42
ops/s 11871.53

commits/s 7296.19
aborts/s 4839.46
ops/s 12135.65

commits/s 7009.01
aborts/s 4971.30
ops/s 11980.31

commits/s 7116.06
aborts/s 4801.36
ops/s 11917.42

commits/s 6776.84
aborts/s 5160.12
ops/s 11936.96

commits/s 7000.10
aborts/s 5038.35
ops/s 12038.46

commits/s 7363.34
aborts/s 4821.57
ops/s 12184.90

commits/s 7053.96
aborts/s 4632.31
ops/s 11686.27

commits/s 7093.75
aborts/s 5225.08
ops/s 12318.83

commits/s 7191.51
aborts/s 4724.68
ops/s 11916.19

commits/s 7135.01
aborts/s 4713.34
ops/s 11848.35

commits/s 6678.18
aborts/s 5164.04
ops/s 11842.22

commits/s 7219.92
aborts/s 4654.30
ops/s 11874.22

commits/s 7416.11
aborts/s 4753.43
ops/s 12169.54

commits/s 6884.35
aborts/s 5292.50
ops/s 12176.84

commits/s 5054.34
aborts/s 3516.06
ops/s 8570.40

