woundwait
Starting KVS server on :8080
commits/s 0.00
aborts/s 0.00
ops/s 0.00

commits/s 0.00
aborts/s 0.00
ops/s 0.00

commits/s 0.00
aborts/s 0.00
ops/s 0.00

commits/s 0.00
aborts/s 0.00
ops/s 0.00

commits/s 0.00
aborts/s 0.00
ops/s 0.00

commits/s 82.99
aborts/s 1.00
ops/s 83.99

commits/s 2902.44
aborts/s 8.00
ops/s 2910.44

commits/s 2905.56
aborts/s 11.00
ops/s 2916.55

commits/s 2845.73
aborts/s 14.00
ops/s 2859.73

commits/s 2861.36
aborts/s 12.00
ops/s 2873.36

commits/s 2878.56
aborts/s 7.00
ops/s 2885.56

commits/s 2891.49
aborts/s 11.00
ops/s 2902.48

commits/s 2838.47
aborts/s 9.00
ops/s 2847.47

commits/s 2918.49
aborts/s 10.00
ops/s 2928.49

commits/s 2867.17
aborts/s 11.00
ops/s 2878.17

commits/s 2843.48
aborts/s 6.00
ops/s 2849.48

commits/s 2861.37
aborts/s 14.99
ops/s 2876.36

commits/s 2841.60
aborts/s 15.00
ops/s 2856.60

commits/s 2831.68
aborts/s 10.00
ops/s 2841.68

commits/s 2858.66
aborts/s 13.00
ops/s 2871.65

commits/s 2793.05
aborts/s 15.99
ops/s 2809.04

commits/s 2849.63
aborts/s 7.00
ops/s 2856.63

commits/s 2862.71
aborts/s 4.00
ops/s 2866.71

commits/s 2884.50
aborts/s 11.00
ops/s 2895.50

commits/s 2855.65
aborts/s 12.00
ops/s 2867.65

commits/s 2890.69
aborts/s 6.00
ops/s 2896.69

commits/s 2911.67
aborts/s 8.00
ops/s 2919.67

commits/s 2872.46
aborts/s 8.00
ops/s 2880.46

commits/s 2839.65
aborts/s 11.00
ops/s 2850.65

commits/s 2850.65
aborts/s 4.00
ops/s 2854.65

commits/s 2885.67
aborts/s 11.00
ops/s 2896.67

commits/s 2874.20
aborts/s 12.00
ops/s 2886.20

commits/s 2821.50
aborts/s 16.00
ops/s 2837.49

commits/s 2854.38
aborts/s 15.00
ops/s 2869.38

commits/s 2810.66
aborts/s 11.00
ops/s 2821.66

commits/s 2340.25
aborts/s 9.99
ops/s 2350.24

