woundwait
Starting KVS server on :8080
commits/s 0.00
aborts/s 0.00
ops/s 0.00

commits/s 0.00
aborts/s 0.00
ops/s 0.00

commits/s 0.00
aborts/s 0.00
ops/s 0.00

commits/s 0.00
aborts/s 0.00
ops/s 0.00

commits/s 0.00
aborts/s 0.00
ops/s 0.00

commits/s 670.96
aborts/s 1.00
ops/s 671.96

commits/s 2872.60
aborts/s 6.00
ops/s 2878.60

commits/s 2860.65
aborts/s 9.00
ops/s 2869.65

commits/s 2870.47
aborts/s 9.00
ops/s 2879.47

commits/s 2887.65
aborts/s 12.00
ops/s 2899.65

commits/s 2821.72
aborts/s 9.00
ops/s 2830.72

commits/s 2856.68
aborts/s 15.00
ops/s 2871.68

commits/s 2879.34
aborts/s 8.00
ops/s 2887.33

commits/s 2845.66
aborts/s 13.00
ops/s 2858.66

commits/s 2845.30
aborts/s 5.00
ops/s 2850.30

commits/s 2867.70
aborts/s 18.00
ops/s 2885.70

commits/s 2865.45
aborts/s 16.00
ops/s 2881.45

commits/s 2861.39
aborts/s 16.00
ops/s 2877.39

commits/s 2858.65
aborts/s 18.00
ops/s 2876.65

commits/s 2842.67
aborts/s 15.00
ops/s 2857.67

commits/s 2891.61
aborts/s 10.00
ops/s 2901.61

commits/s 2824.27
aborts/s 9.00
ops/s 2833.26

commits/s 2865.59
aborts/s 13.99
ops/s 2879.58

commits/s 2853.56
aborts/s 15.00
ops/s 2868.56

commits/s 2862.40
aborts/s 18.99
ops/s 2881.39

commits/s 2874.62
aborts/s 22.00
ops/s 2896.62

commits/s 2838.65
aborts/s 16.00
ops/s 2854.65

commits/s 2881.78
aborts/s 8.00
ops/s 2889.78

commits/s 2870.48
aborts/s 11.00
ops/s 2881.48

commits/s 2854.78
aborts/s 10.00
ops/s 2864.78

commits/s 2862.27
aborts/s 11.00
ops/s 2873.26

commits/s 2844.73
aborts/s 14.00
ops/s 2858.73

commits/s 2847.30
aborts/s 11.00
ops/s 2858.29

commits/s 2856.36
aborts/s 14.00
ops/s 2870.36

commits/s 2863.59
aborts/s 6.00
ops/s 2869.59

commits/s 1878.10
aborts/s 1.00
ops/s 1879.10

commits/s 0.00
aborts/s 0.00
ops/s 0.00

