woundwait
Starting KVS server on :8080
commits/s 0.00
aborts/s 0.00
ops/s 0.00

commits/s 0.00
aborts/s 0.00
ops/s 0.00

commits/s 0.00
aborts/s 0.00
ops/s 0.00

commits/s 0.00
aborts/s 0.00
ops/s 0.00

commits/s 0.00
aborts/s 0.00
ops/s 0.00

commits/s 422.96
aborts/s 4.00
ops/s 426.96

commits/s 2889.05
aborts/s 9.00
ops/s 2898.04

commits/s 2892.59
aborts/s 20.00
ops/s 2912.59

commits/s 2860.65
aborts/s 10.00
ops/s 2870.65

commits/s 2921.67
aborts/s 8.00
ops/s 2929.67

commits/s 2876.01
aborts/s 8.99
ops/s 2885.01

commits/s 2845.68
aborts/s 12.00
ops/s 2857.68

commits/s 2836.43
aborts/s 12.00
ops/s 2848.43

commits/s 2870.57
aborts/s 7.00
ops/s 2877.57

commits/s 2862.69
aborts/s 12.00
ops/s 2874.69

commits/s 2871.67
aborts/s 7.00
ops/s 2878.67

commits/s 2889.67
aborts/s 7.00
ops/s 2896.67

commits/s 2845.60
aborts/s 7.00
ops/s 2852.60

commits/s 2862.71
aborts/s 10.00
ops/s 2872.71

commits/s 2869.56
aborts/s 10.00
ops/s 2879.56

commits/s 2802.69
aborts/s 16.00
ops/s 2818.69

commits/s 2813.61
aborts/s 14.00
ops/s 2827.61

commits/s 2839.68
aborts/s 10.00
ops/s 2849.68

commits/s 2890.58
aborts/s 7.00
ops/s 2897.58

commits/s 2875.47
aborts/s 11.99
ops/s 2887.46

commits/s 2861.69
aborts/s 7.00
ops/s 2868.69

commits/s 2885.70
aborts/s 6.00
ops/s 2891.70

commits/s 2864.54
aborts/s 11.00
ops/s 2875.54

commits/s 2849.50
aborts/s 11.00
ops/s 2860.50

commits/s 2873.61
aborts/s 9.00
ops/s 2882.61

commits/s 2867.72
aborts/s 18.00
ops/s 2885.72

commits/s 2895.33
aborts/s 12.00
ops/s 2907.32

commits/s 2852.77
aborts/s 13.00
ops/s 2865.77

commits/s 2906.05
aborts/s 13.99
ops/s 2920.04

commits/s 2884.71
aborts/s 5.00
ops/s 2889.71

commits/s 2110.79
aborts/s 7.99
ops/s 2118.78

