waitdie
Starting KVS server on :8080
commits/s 0.00
aborts/s 0.00
ops/s 0.00

commits/s 0.00
aborts/s 0.00
ops/s 0.00

commits/s 0.00
aborts/s 0.00
ops/s 0.00

commits/s 909.94
aborts/s 0.00
ops/s 909.94

commits/s 7955.89
aborts/s 0.00
ops/s 7955.89

commits/s 7893.87
aborts/s 0.00
ops/s 7893.87

commits/s 7828.51
aborts/s 0.00
ops/s 7828.51

commits/s 7808.21
aborts/s 0.00
ops/s 7808.21

commits/s 7952.64
aborts/s 0.00
ops/s 7952.64

commits/s 8004.66
aborts/s 0.00
ops/s 8004.66

commits/s 7807.28
aborts/s 0.00
ops/s 7807.28

commits/s 7801.25
aborts/s 0.00
ops/s 7801.25

commits/s 7974.10
aborts/s 0.00
ops/s 7974.10

commits/s 7721.92
aborts/s 0.00
ops/s 7721.92

commits/s 8036.97
aborts/s 0.00
ops/s 8036.97

commits/s 7895.20
aborts/s 0.00
ops/s 7895.20

commits/s 7952.40
aborts/s 0.00
ops/s 7952.40

commits/s 7931.41
aborts/s 0.00
ops/s 7931.41

commits/s 7888.22
aborts/s 0.00
ops/s 7888.22

commits/s 7869.82
aborts/s 0.00
ops/s 7869.82

commits/s 7599.74
aborts/s 0.00
ops/s 7599.74

commits/s 7745.93
aborts/s 0.00
ops/s 7745.93

commits/s 7842.05
aborts/s 0.00
ops/s 7842.05

commits/s 7926.03
aborts/s 0.00
ops/s 7926.03

commits/s 8072.37
aborts/s 0.00
ops/s 8072.37

commits/s 7981.06
aborts/s 0.00
ops/s 7981.06

commits/s 7868.25
aborts/s 0.00
ops/s 7868.25

commits/s 7967.32
aborts/s 0.00
ops/s 7967.32

commits/s 7893.98
aborts/s 0.00
ops/s 7893.98

commits/s 8071.96
aborts/s 0.00
ops/s 8071.96

commits/s 7891.18
aborts/s 0.00
ops/s 7891.18

commits/s 8084.23
aborts/s 0.00
ops/s 8084.23

commits/s 8038.44
aborts/s 0.00
ops/s 8038.44

commits/s 6071.76
aborts/s 0.00
ops/s 6071.76

