waitdie
Starting KVS server on :8080
commits/s 0.00
aborts/s 0.00
ops/s 0.00

commits/s 0.00
aborts/s 0.00
ops/s 0.00

commits/s 0.00
aborts/s 0.00
ops/s 0.00

commits/s 1495.63
aborts/s 0.00
ops/s 1495.63

commits/s 7773.00
aborts/s 0.00
ops/s 7773.00

commits/s 7722.91
aborts/s 0.00
ops/s 7722.91

commits/s 7880.78
aborts/s 0.00
ops/s 7880.78

commits/s 7885.16
aborts/s 0.00
ops/s 7885.16

commits/s 7790.04
aborts/s 0.00
ops/s 7790.04

commits/s 7918.82
aborts/s 0.00
ops/s 7918.82

commits/s 7635.21
aborts/s 0.00
ops/s 7635.21

commits/s 7901.88
aborts/s 0.00
ops/s 7901.88

commits/s 7741.97
aborts/s 0.00
ops/s 7741.97

commits/s 7966.67
aborts/s 0.00
ops/s 7966.67

commits/s 7951.37
aborts/s 0.00
ops/s 7951.37

commits/s 7885.42
aborts/s 0.00
ops/s 7885.42

commits/s 7817.37
aborts/s 0.00
ops/s 7817.37

commits/s 7856.32
aborts/s 0.00
ops/s 7856.32

commits/s 7950.07
aborts/s 0.00
ops/s 7950.07

commits/s 7861.60
aborts/s 0.00
ops/s 7861.60

commits/s 7726.53
aborts/s 0.00
ops/s 7726.53

commits/s 7636.35
aborts/s 0.00
ops/s 7636.35

commits/s 7809.82
aborts/s 0.00
ops/s 7809.82

commits/s 8064.49
aborts/s 0.00
ops/s 8064.49

commits/s 7818.08
aborts/s 0.00
ops/s 7818.08

commits/s 7863.19
aborts/s 0.00
ops/s 7863.19

commits/s 7908.79
aborts/s 0.00
ops/s 7908.79

commits/s 7897.21
aborts/s 0.00
ops/s 7897.21

commits/s 7856.06
aborts/s 0.00
ops/s 7856.06

commits/s 7723.18
aborts/s 0.00
ops/s 7723.18

commits/s 7846.46
aborts/s 0.00
ops/s 7846.46

commits/s 8096.10
aborts/s 0.00
ops/s 8096.10

commits/s 7918.99
aborts/s 0.00
ops/s 7918.99

commits/s 5238.76
aborts/s 0.00
ops/s 5238.76

