waitdie
Starting KVS server on :8080
commits/s 0.00
aborts/s 0.00
ops/s 0.00

commits/s 0.00
aborts/s 0.00
ops/s 0.00

commits/s 0.00
aborts/s 0.00
ops/s 0.00

commits/s 0.00
aborts/s 0.00
ops/s 0.00

commits/s 7129.35
aborts/s 0.00
ops/s 7129.35

commits/s 7699.27
aborts/s 0.00
ops/s 7699.27

commits/s 7837.61
aborts/s 0.00
ops/s 7837.61

commits/s 7840.82
aborts/s 0.00
ops/s 7840.82

commits/s 7768.42
aborts/s 0.00
ops/s 7768.42

commits/s 7873.61
aborts/s 0.00
ops/s 7873.61

commits/s 7865.00
aborts/s 0.00
ops/s 7865.00

commits/s 7568.31
aborts/s 0.00
ops/s 7568.31

commits/s 7785.72
aborts/s 0.00
ops/s 7785.72

commits/s 7898.71
aborts/s 0.00
ops/s 7898.71

commits/s 7982.76
aborts/s 0.00
ops/s 7982.76

commits/s 7789.81
aborts/s 0.00
ops/s 7789.81

commits/s 7857.18
aborts/s 0.00
ops/s 7857.18

commits/s 8090.90
aborts/s 0.00
ops/s 8090.90

commits/s 7790.41
aborts/s 0.00
ops/s 7790.41

commits/s 7826.42
aborts/s 0.00
ops/s 7826.42

commits/s 7747.77
aborts/s 0.00
ops/s 7747.77

commits/s 7497.74
aborts/s 0.00
ops/s 7497.74

commits/s 7802.73
aborts/s 0.00
ops/s 7802.73

commits/s 7841.02
aborts/s 0.00
ops/s 7841.02

commits/s 7874.28
aborts/s 0.00
ops/s 7874.28

commits/s 7892.74
aborts/s 0.00
ops/s 7892.74

commits/s 8051.17
aborts/s 0.00
ops/s 8051.17

commits/s 7881.66
aborts/s 0.00
ops/s 7881.66

commits/s 8050.68
aborts/s 0.00
ops/s 8050.68

commits/s 7851.70
aborts/s 0.00
ops/s 7851.70

commits/s 7967.97
aborts/s 0.00
ops/s 7967.97

commits/s 7826.94
aborts/s 0.00
ops/s 7826.94

commits/s 7698.05
aborts/s 0.00
ops/s 7698.05

commits/s 7566.21
aborts/s 0.00
ops/s 7566.21

commits/s 0.00
aborts/s 0.00
ops/s 0.00

