nowait
Starting KVS server on :8080
commits/s 0.00
aborts/s 0.00
ops/s 0.00

commits/s 0.00
aborts/s 0.00
ops/s 0.00

commits/s 0.00
aborts/s 0.00
ops/s 0.00

commits/s 0.00
aborts/s 0.00
ops/s 0.00

commits/s 2290.41
aborts/s 0.00
ops/s 2290.41

commits/s 11573.35
aborts/s 0.00
ops/s 11573.35

commits/s 11377.12
aborts/s 0.00
ops/s 11377.12

commits/s 11507.37
aborts/s 0.00
ops/s 11507.37

commits/s 11420.47
aborts/s 0.00
ops/s 11420.47

commits/s 11374.32
aborts/s 0.00
ops/s 11374.32

commits/s 11685.68
aborts/s 0.00
ops/s 11685.68

commits/s 11567.16
aborts/s 0.00
ops/s 11567.16

commits/s 11426.67
aborts/s 0.00
ops/s 11426.67

commits/s 11589.52
aborts/s 0.00
ops/s 11589.52

commits/s 11424.06
aborts/s 0.00
ops/s 11424.06

commits/s 11597.34
aborts/s 0.00
ops/s 11597.34

commits/s 11292.37
aborts/s 0.00
ops/s 11292.37

commits/s 11466.16
aborts/s 0.00
ops/s 11466.16

commits/s 11473.24
aborts/s 0.00
ops/s 11473.24

commits/s 11537.14
aborts/s 0.00
ops/s 11537.14

commits/s 11416.53
aborts/s 0.00
ops/s 11416.53

commits/s 11553.74
aborts/s 0.00
ops/s 11553.74

commits/s 11827.79
aborts/s 0.00
ops/s 11827.79

commits/s 11543.85
aborts/s 0.00
ops/s 11543.85

commits/s 11665.69
aborts/s 0.00
ops/s 11665.69

commits/s 11410.24
aborts/s 0.00
ops/s 11410.24

commits/s 11642.22
aborts/s 0.00
ops/s 11642.22

commits/s 11506.04
aborts/s 0.00
ops/s 11506.04

commits/s 11579.68
aborts/s 0.00
ops/s 11579.68

commits/s 11712.20
aborts/s 0.00
ops/s 11712.20

commits/s 11490.16
aborts/s 0.00
ops/s 11490.16

commits/s 11793.72
aborts/s 0.00
ops/s 11793.72

commits/s 11479.03
aborts/s 0.00
ops/s 11479.03

commits/s 11660.59
aborts/s 0.00
ops/s 11660.59

commits/s 8014.14
aborts/s 0.00
ops/s 8014.14

