nowait
Starting KVS server on :8080
commits/s 0.00
aborts/s 0.00
ops/s 0.00

commits/s 0.00
aborts/s 0.00
ops/s 0.00

commits/s 0.00
aborts/s 0.00
ops/s 0.00

commits/s 0.00
aborts/s 0.00
ops/s 0.00

commits/s 1773.66
aborts/s 0.00
ops/s 1773.66

commits/s 11704.92
aborts/s 0.00
ops/s 11704.92

commits/s 11450.45
aborts/s 0.00
ops/s 11450.45

commits/s 11517.76
aborts/s 0.00
ops/s 11517.76

commits/s 11577.70
aborts/s 0.00
ops/s 11577.70

commits/s 11132.99
aborts/s 0.00
ops/s 11132.99

commits/s 11399.47
aborts/s 0.00
ops/s 11399.47

commits/s 11784.30
aborts/s 0.00
ops/s 11784.30

commits/s 11418.83
aborts/s 0.00
ops/s 11418.83

commits/s 11515.38
aborts/s 0.00
ops/s 11515.38

commits/s 11603.64
aborts/s 0.00
ops/s 11603.64

commits/s 11338.27
aborts/s 0.00
ops/s 11338.27

commits/s 11525.45
aborts/s 0.00
ops/s 11525.45

commits/s 11315.86
aborts/s 0.00
ops/s 11315.86

commits/s 11554.06
aborts/s 0.00
ops/s 11554.06

commits/s 11326.56
aborts/s 0.00
ops/s 11326.56

commits/s 11688.39
aborts/s 0.00
ops/s 11688.39

commits/s 11557.20
aborts/s 0.00
ops/s 11557.20

commits/s 11452.55
aborts/s 0.00
ops/s 11452.55

commits/s 11730.17
aborts/s 0.00
ops/s 11730.17

commits/s 11697.73
aborts/s 0.00
ops/s 11697.73

commits/s 11676.52
aborts/s 0.00
ops/s 11676.52

commits/s 11785.21
aborts/s 0.00
ops/s 11785.21

commits/s 11467.00
aborts/s 0.00
ops/s 11467.00

commits/s 11740.19
aborts/s 0.00
ops/s 11740.19

commits/s 11243.86
aborts/s 0.00
ops/s 11243.86

commits/s 11728.54
aborts/s 0.00
ops/s 11728.54

commits/s 11117.82
aborts/s 0.00
ops/s 11117.82

commits/s 11677.17
aborts/s 0.00
ops/s 11677.17

commits/s 11577.13
aborts/s 0.00
ops/s 11577.13

commits/s 8194.82
aborts/s 0.00
ops/s 8194.82

commits/s 0.00
aborts/s 0.00
ops/s 0.00

