nowait
Starting KVS server on :8080
commits/s 0.00
aborts/s 0.00
ops/s 0.00

commits/s 0.00
aborts/s 0.00
ops/s 0.00

commits/s 0.00
aborts/s 0.00
ops/s 0.00

commits/s 0.00
aborts/s 0.00
ops/s 0.00

commits/s 0.00
aborts/s 0.00
ops/s 0.00

commits/s 11199.12
aborts/s 0.00
ops/s 11199.12

commits/s 11607.88
aborts/s 0.00
ops/s 11607.88

commits/s 11524.66
aborts/s 0.00
ops/s 11524.66

commits/s 11653.83
aborts/s 0.00
ops/s 11653.83

commits/s 11512.59
aborts/s 0.00
ops/s 11512.59

commits/s 11534.05
aborts/s 0.00
ops/s 11534.05

commits/s 11712.84
aborts/s 0.00
ops/s 11712.84

commits/s 11432.54
aborts/s 0.00
ops/s 11432.54

commits/s 11421.80
aborts/s 0.00
ops/s 11421.80

commits/s 11577.52
aborts/s 0.00
ops/s 11577.52

commits/s 11423.51
aborts/s 0.00
ops/s 11423.51

commits/s 11567.41
aborts/s 0.00
ops/s 11567.41

commits/s 11439.80
aborts/s 0.00
ops/s 11439.80

commits/s 11650.35
aborts/s 0.00
ops/s 11650.35

commits/s 11655.47
aborts/s 0.00
ops/s 11655.47

commits/s 11646.77
aborts/s 0.00
ops/s 11646.77

commits/s 11545.32
aborts/s 0.00
ops/s 11545.32

commits/s 11823.89
aborts/s 0.00
ops/s 11823.89

commits/s 11515.35
aborts/s 0.00
ops/s 11515.35

commits/s 11775.45
aborts/s 0.00
ops/s 11775.45

commits/s 11558.38
aborts/s 0.00
ops/s 11558.38

commits/s 11578.05
aborts/s 0.00
ops/s 11578.05

commits/s 11749.93
aborts/s 0.00
ops/s 11749.93

commits/s 11244.82
aborts/s 0.00
ops/s 11244.82

commits/s 11415.89
aborts/s 0.00
ops/s 11415.89

commits/s 11849.25
aborts/s 0.00
ops/s 11849.25

commits/s 11542.25
aborts/s 0.00
ops/s 11542.25

commits/s 11700.11
aborts/s 0.00
ops/s 11700.11

commits/s 11477.03
aborts/s 0.00
ops/s 11477.03

commits/s 10403.93
aborts/s 0.00
ops/s 10403.93

commits/s 0.00
aborts/s 0.00
ops/s 0.00

