nowait
Starting KVS server on :8080
commits/s 0.00
aborts/s 0.00
ops/s 0.00

commits/s 0.00
aborts/s 0.00
ops/s 0.00

commits/s 0.00
aborts/s 0.00
ops/s 0.00

commits/s 0.00
aborts/s 0.00
ops/s 0.00

commits/s 0.00
aborts/s 0.00
ops/s 0.00

commits/s 145.99
aborts/s 3302.78
ops/s 3448.77

commits/s 150.96
aborts/s 3742.12
ops/s 3893.09

commits/s 194.97
aborts/s 3319.45
ops/s 3514.41

commits/s 126.97
aborts/s 3984.90
ops/s 4111.87

commits/s 199.98
aborts/s 3486.63
ops/s 3686.61

commits/s 176.95
aborts/s 3678.98
ops/s 3855.93

commits/s 157.97
aborts/s 3694.31
ops/s 3852.28

commits/s 149.98
aborts/s 3766.54
ops/s 3916.52

commits/s 154.98
aborts/s 3436.60
ops/s 3591.59

commits/s 142.98
aborts/s 3729.53
ops/s 3872.52

commits/s 155.98
aborts/s 3584.59
ops/s 3740.57

commits/s 176.97
aborts/s 3799.39
ops/s 3976.36

commits/s 147.98
aborts/s 3246.63
ops/s 3394.62

commits/s 177.98
aborts/s 3978.45
ops/s 4156.43

commits/s 175.98
aborts/s 3537.52
ops/s 3713.50

commits/s 175.96
aborts/s 3606.13
ops/s 3782.09

commits/s 162.97
aborts/s 3696.41
ops/s 3859.39

commits/s 149.98
aborts/s 3943.56
ops/s 4093.55

commits/s 118.97
aborts/s 4042.99
ops/s 4161.96

commits/s 175.97
aborts/s 3500.41
ops/s 3676.38

commits/s 112.99
aborts/s 3756.59
ops/s 3869.58

commits/s 116.99
aborts/s 4017.52
ops/s 4134.51

commits/s 136.97
aborts/s 3761.25
ops/s 3898.23

commits/s 150.98
aborts/s 3877.52
ops/s 4028.50

commits/s 161.96
aborts/s 3542.09
ops/s 3704.05

commits/s 175.97
aborts/s 3688.45
ops/s 3864.42

commits/s 123.98
aborts/s 3910.50
ops/s 4034.48

commits/s 138.98
aborts/s 3738.57
ops/s 3877.55

commits/s 141.98
aborts/s 3744.56
ops/s 3886.54

commits/s 147.97
aborts/s 3421.33
ops/s 3569.30

commits/s 2.00
aborts/s 99.94
ops/s 101.94

