nowait
Starting KVS server on :8080
commits/s 0.00
aborts/s 0.00
ops/s 0.00

commits/s 0.00
aborts/s 0.00
ops/s 0.00

commits/s 0.00
aborts/s 0.00
ops/s 0.00

commits/s 0.00
aborts/s 0.00
ops/s 0.00

commits/s 44.00
aborts/s 1118.90
ops/s 1162.89

commits/s 141.97
aborts/s 3694.27
ops/s 3836.24

commits/s 132.96
aborts/s 3371.10
ops/s 3504.07

commits/s 177.97
aborts/s 3864.36
ops/s 4042.33

commits/s 180.98
aborts/s 3634.55
ops/s 3815.52

commits/s 148.98
aborts/s 3492.51
ops/s 3641.49

commits/s 198.98
aborts/s 3401.60
ops/s 3600.58

commits/s 179.98
aborts/s 3440.54
ops/s 3620.52

commits/s 131.98
aborts/s 3713.43
ops/s 3845.40

commits/s 157.98
aborts/s 3980.54
ops/s 4138.52

commits/s 190.98
aborts/s 3463.60
ops/s 3654.58

commits/s 172.98
aborts/s 3599.61
ops/s 3772.59

commits/s 163.98
aborts/s 3832.44
ops/s 3996.41

commits/s 209.97
aborts/s 3379.55
ops/s 3589.52

commits/s 141.98
aborts/s 3819.54
ops/s 3961.53

commits/s 169.97
aborts/s 3586.47
ops/s 3756.44

commits/s 144.98
aborts/s 3527.47
ops/s 3672.45

commits/s 153.98
aborts/s 3765.51
ops/s 3919.49

commits/s 178.96
aborts/s 3784.19
ops/s 3963.15

commits/s 159.99
aborts/s 3765.66
ops/s 3925.65

commits/s 167.97
aborts/s 3568.40
ops/s 3736.37

commits/s 134.96
aborts/s 3895.80
ops/s 4030.76

commits/s 86.99
aborts/s 3708.49
ops/s 3795.48

commits/s 157.98
aborts/s 3855.61
ops/s 4013.59

commits/s 167.98
aborts/s 3487.54
ops/s 3655.52

commits/s 150.97
aborts/s 3851.23
ops/s 4002.20

commits/s 163.98
aborts/s 3681.55
ops/s 3845.53

commits/s 161.98
aborts/s 3859.50
ops/s 4021.47

commits/s 203.97
aborts/s 3601.42
ops/s 3805.38

commits/s 204.97
aborts/s 3495.51
ops/s 3700.48

commits/s 91.93
aborts/s 2114.29
ops/s 2206.22

commits/s 0.00
aborts/s 0.00
ops/s 0.00

