nowait
Starting KVS server on :8080
commits/s 0.00
aborts/s 0.00
ops/s 0.00

commits/s 0.00
aborts/s 0.00
ops/s 0.00

commits/s 0.00
aborts/s 0.00
ops/s 0.00

commits/s 0.00
aborts/s 0.00
ops/s 0.00

commits/s 51.99
aborts/s 630.92
ops/s 682.92

commits/s 138.96
aborts/s 3824.81
ops/s 3963.77

commits/s 127.98
aborts/s 3809.48
ops/s 3937.47

commits/s 168.98
aborts/s 3546.56
ops/s 3715.53

commits/s 154.99
aborts/s 3411.71
ops/s 3566.70

commits/s 135.97
aborts/s 3718.24
ops/s 3854.21

commits/s 143.97
aborts/s 3721.22
ops/s 3865.19

commits/s 142.98
aborts/s 3948.34
ops/s 4091.32

commits/s 165.98
aborts/s 3540.48
ops/s 3706.45

commits/s 116.98
aborts/s 3673.52
ops/s 3790.51

commits/s 93.99
aborts/s 4089.59
ops/s 4183.59

commits/s 196.97
aborts/s 3268.57
ops/s 3465.54

commits/s 149.98
aborts/s 3829.55
ops/s 3979.53

commits/s 100.99
aborts/s 3922.62
ops/s 4023.61

commits/s 165.98
aborts/s 3401.58
ops/s 3567.56

commits/s 122.98
aborts/s 3708.35
ops/s 3831.33

commits/s 141.98
aborts/s 3608.45
ops/s 3750.43

commits/s 202.96
aborts/s 3273.38
ops/s 3476.34

commits/s 142.98
aborts/s 4063.45
ops/s 4206.43

commits/s 151.98
aborts/s 3474.66
ops/s 3626.64

commits/s 154.98
aborts/s 3520.52
ops/s 3675.50

commits/s 183.98
aborts/s 3600.53
ops/s 3784.50

commits/s 157.97
aborts/s 3537.28
ops/s 3695.25

commits/s 185.97
aborts/s 3607.45
ops/s 3793.43

commits/s 150.97
aborts/s 3720.15
ops/s 3871.11

commits/s 128.97
aborts/s 3727.07
ops/s 3856.04

commits/s 152.98
aborts/s 3826.51
ops/s 3979.49

commits/s 154.97
aborts/s 3742.36
ops/s 3897.34

commits/s 168.98
aborts/s 3656.58
ops/s 3825.56

commits/s 180.98
aborts/s 3562.64
ops/s 3743.62

commits/s 118.93
aborts/s 2556.56
ops/s 2675.50

